PRISM
=====

Version: 4.5.dev
Date: Wed Jan 29 12:04:56 GMT 2020
Hostname: cca-ug04-039.cs.bham.ac.uk
Memory limits: cudd=1g, java(heap)=910.5m
Command line: prism /home/students/tjw625/work/FYP/prism-benchmarks/models/dtmcs/brp/brp.pm -const 'N=64,MAX=4' -fixdl /home/students/tjw625/work/FYP/prism-benchmarks/models/dtmcs/brp/p1.pctl -ex -mainlog 'logs/standard-dtmc-logs/brp.pm.const.N=64,MAX=4.fixdl.p1.pctl.ex.log'

Parsing model file "/home/students/tjw625/work/FYP/prism-benchmarks/models/dtmcs/brp/brp.pm"...

Type:        DTMC
Modules:     sender receiver checker channelK channelL 
Variables:   s srep nrtr i bs s_ab fs ls r rrep fr lr br r_ab recv T k l 

Parsing properties file "/home/students/tjw625/work/FYP/prism-benchmarks/models/dtmcs/brp/p1.pctl"...

1 property:
(1) "p1": P=? [ F s=5 ]

---------------------------------------------------------------------

Model checking: "p1": P=? [ F s=5 ]
Model constants: N=64,MAX=4

Building model...
Model constants: N=64,MAX=4

Computing reachable states... 4359 states
Reachable states exploration and model construction done in 0.114 secs.
Sorting reachable states list...

Time for model construction: 0.191 seconds.

Warning: Deadlocks detected and fixed in 133 states

Type:        DTMC
States:      4359 (1 initial)
Transitions: 5763

Starting probabilistic reachability...
Calculating predecessor relation for discrete-time Markov chain...  done (0.01 seconds)
Starting Prob0...
Prob0 took 0.01 seconds.
Starting Prob1...
Prob1 took 0.004 seconds.
target=128, yes=448, no=271, maybe=3640
JACOBI
Starting value iteration (with Jacobi)...
Value iteration (with Jacobi) took 421 iterations, 2123524 multiplications and 0.049 seconds.
Probabilistic reachability took 0.085 seconds.

Value in the initial state: 1.504043239976248E-6

Time for model checking: 0.099 seconds.

Result: 1.504043239976248E-6 (value in the initial state)

---------------------------------------------------------------------

Note: There was 1 warning during computation.

