PRISM
=====

Version: 4.5.dev
Date: Wed Jan 29 12:05:25 GMT 2020
Hostname: cca-ug04-039.cs.bham.ac.uk
Memory limits: cudd=1g, java(heap)=910.5m
Command line: prism /home/students/tjw625/work/FYP/prism-benchmarks/models/dtmcs/brp/brp.pm -const 'N=16,MAX=5' -fixdl /home/students/tjw625/work/FYP/prism-benchmarks/models/dtmcs/brp/p4.pctl -ex -mainlog 'logs/standard-dtmc-logs/brp.pm.const.N=16,MAX=5.fixdl.p4.pctl.ex.log'

Parsing model file "/home/students/tjw625/work/FYP/prism-benchmarks/models/dtmcs/brp/brp.pm"...

Type:        DTMC
Modules:     sender receiver checker channelK channelL 
Variables:   s srep nrtr i bs s_ab fs ls r rrep fr lr br r_ab recv T k l 

Parsing properties file "/home/students/tjw625/work/FYP/prism-benchmarks/models/dtmcs/brp/p4.pctl"...

1 property:
(1) "p4": P=? [ F !(srep=0)&!recv ]

---------------------------------------------------------------------

Model checking: "p4": P=? [ F !(srep=0)&!recv ]
Model constants: N=16,MAX=5

Building model...
Model constants: N=16,MAX=5

Computing reachable states... 1304 states
Reachable states exploration and model construction done in 0.109 secs.
Sorting reachable states list...

Time for model construction: 0.181 seconds.

Warning: Deadlocks detected and fixed in 38 states

Type:        DTMC
States:      1304 (1 initial)
Transitions: 1731

Starting probabilistic reachability...
Calculating predecessor relation for discrete-time Markov chain...  done (0.007 seconds)
Starting Prob0...
Prob0 took 0.006 seconds.
Starting Prob1...
Prob1 took 0.003 seconds.
target=3, yes=5, no=1287, maybe=12
JACOBI
Starting value iteration (with Jacobi)...
Value iteration (with Jacobi) took 13 iterations, 234 multiplications and 0.017 seconds.
Probabilistic reachability took 0.046 seconds.

Value in the initial state: 6.400000000000001E-11

Time for model checking: 0.06 seconds.

Result: 6.400000000000001E-11 (value in the initial state)

---------------------------------------------------------------------

Note: There was 1 warning during computation.

