PRISM
=====

Version: 4.5.dev
Date: Mon Jan 27 18:22:10 GMT 2020
Hostname: cca-lg04-050.cs.bham.ac.uk
Memory limits: cudd=1g, java(heap)=910.5m
Command line: prism /home/students/tjw625/work/FYP/prism-benchmarks/models/dtmcs/brp/brp.pm -const 'N=32,MAX=4' -fixdl /home/students/tjw625/work/FYP/prism-benchmarks/models/dtmcs/brp/p1.pctl -mainlog 'logs/standard-dtmc-logs/brp.pm.const.N=32,MAX=4.fixdl.p1.pctl.log'

Parsing model file "/home/students/tjw625/work/FYP/prism-benchmarks/models/dtmcs/brp/brp.pm"...

Type:        DTMC
Modules:     sender receiver checker channelK channelL 
Variables:   s srep nrtr i bs s_ab fs ls r rrep fr lr br r_ab recv T k l 

Parsing properties file "/home/students/tjw625/work/FYP/prism-benchmarks/models/dtmcs/brp/p1.pctl"...

1 property:
(1) "p1": P=? [ F s=5 ]

---------------------------------------------------------------------

Model checking: "p1": P=? [ F s=5 ]
Model constants: N=32,MAX=4

Building model...
Model constants: N=32,MAX=4

Computing reachable states...

Reachability (BFS): 205 iterations in 0.07 seconds (average 0.000356, setup 0.00)

Time for model construction: 0.214 seconds.

Warning: Deadlocks detected and fixed in 69 states

Type:        DTMC
States:      2183 (1 initial)
Transitions: 2883

Transition matrix: 2327 nodes (6 terminal), 2883 minterms, vars: 34r/34c

Prob0: 15 iterations in 0.01 seconds (average 0.000533, setup 0.00)

Prob1: 193 iterations in 0.04 seconds (average 0.000202, setup 0.00)

yes = 224, no = 143, maybe = 1816

Computing remaining probabilities...
Engine: Hybrid

Building hybrid MTBDD matrix... [levels=34, nodes=2214] [103.8 KB]
Adding explicit sparse matrices... [levels=34, num=1, compact] [12.0 KB]
Creating vector for diagonals... [dist=1, compact] [4.3 KB]
Creating vector for RHS... [dist=2, compact] [4.3 KB]
Allocating iteration vectors... [2 x 17.1 KB]
TOTAL: [158.4 KB]

Starting iterations...

Jacobi: 225 iterations in 0.00 seconds (average 0.000013, setup 0.00)

Value in the initial state: 7.520226939735183E-7

Time for model checking: 0.062 seconds.

Result: 7.520226939735183E-7 (value in the initial state)

---------------------------------------------------------------------

Note: There was 1 warning during computation.

