PRISM
=====

Version: 4.5.dev
Date: Wed Jan 29 12:05:18 GMT 2020
Hostname: cca-ug04-039.cs.bham.ac.uk
Memory limits: cudd=1g, java(heap)=910.5m
Command line: prism /home/students/tjw625/work/FYP/prism-benchmarks/models/dtmcs/brp/brp.pm -const 'N=64,MAX=5' -fixdl /home/students/tjw625/work/FYP/prism-benchmarks/models/dtmcs/brp/p2.pctl -ex -mainlog 'logs/standard-dtmc-logs/brp.pm.const.N=64,MAX=5.fixdl.p2.pctl.ex.log'

Parsing model file "/home/students/tjw625/work/FYP/prism-benchmarks/models/dtmcs/brp/brp.pm"...

Type:        DTMC
Modules:     sender receiver checker channelK channelL 
Variables:   s srep nrtr i bs s_ab fs ls r rrep fr lr br r_ab recv T k l 

Parsing properties file "/home/students/tjw625/work/FYP/prism-benchmarks/models/dtmcs/brp/p2.pctl"...

1 property:
(1) "p2": P=? [ F s=5&srep=2 ]

---------------------------------------------------------------------

Model checking: "p2": P=? [ F s=5&srep=2 ]
Model constants: N=64,MAX=5

Building model...
Model constants: N=64,MAX=5

Computing reachable states... 5192 states
Reachable states exploration and model construction done in 0.103 secs.
Sorting reachable states list...

Time for model construction: 0.193 seconds.

Warning: Deadlocks detected and fixed in 134 states

Type:        DTMC
States:      5192 (1 initial)
Transitions: 6915

Starting probabilistic reachability...
Calculating predecessor relation for discrete-time Markov chain...  done (0.008 seconds)
Starting Prob0...
Prob0 took 0.009 seconds.
Starting Prob1...
Prob1 took 0.004 seconds.
target=2, yes=7, no=715, maybe=4470
JACOBI
Starting value iteration (with Jacobi)...
Value iteration (with Jacobi) took 433 iterations, 2681569 multiplications and 0.051 seconds.
Probabilistic reachability took 0.083 seconds.

Value in the initial state: 7.003211884974023E-10

Time for model checking: 0.101 seconds.

Result: 7.003211884974023E-10 (value in the initial state)

---------------------------------------------------------------------

Note: There was 1 warning during computation.

