PRISM
=====

Version: 4.5.dev
Date: Mon Jan 27 18:22:01 GMT 2020
Hostname: cca-lg04-050.cs.bham.ac.uk
Memory limits: cudd=1g, java(heap)=910.5m
Command line: prism /home/students/tjw625/work/FYP/prism-benchmarks/models/dtmcs/brp/brp.pm -const 'N=16,MAX=2' -fixdl /home/students/tjw625/work/FYP/prism-benchmarks/models/dtmcs/brp/p1.pctl -mainlog 'logs/standard-dtmc-logs/brp.pm.const.N=16,MAX=2.fixdl.p1.pctl.log'

Parsing model file "/home/students/tjw625/work/FYP/prism-benchmarks/models/dtmcs/brp/brp.pm"...

Type:        DTMC
Modules:     sender receiver checker channelK channelL 
Variables:   s srep nrtr i bs s_ab fs ls r rrep fr lr br r_ab recv T k l 

Parsing properties file "/home/students/tjw625/work/FYP/prism-benchmarks/models/dtmcs/brp/p1.pctl"...

1 property:
(1) "p1": P=? [ F s=5 ]

---------------------------------------------------------------------

Model checking: "p1": P=? [ F s=5 ]
Model constants: N=16,MAX=2

Building model...
Model constants: N=16,MAX=2

Computing reachable states...

Reachability (BFS): 105 iterations in 0.04 seconds (average 0.000390, setup 0.00)

Time for model construction: 0.215 seconds.

Warning: Deadlocks detected and fixed in 35 states

Type:        DTMC
States:      677 (1 initial)
Transitions: 867

Transition matrix: 2182 nodes (6 terminal), 867 minterms, vars: 32r/32c

Prob0: 11 iterations in 0.01 seconds (average 0.000545, setup 0.00)

Prob1: 97 iterations in 0.03 seconds (average 0.000258, setup 0.00)

yes = 112, no = 73, maybe = 492

Computing remaining probabilities...
Engine: Hybrid

Building hybrid MTBDD matrix... [levels=32, nodes=2091] [98.0 KB]
Adding explicit sparse matrices... [levels=32, num=1, compact] [3.4 KB]
Creating vector for diagonals... [dist=1, compact] [1.3 KB]
Creating vector for RHS... [dist=2, compact] [1.3 KB]
Allocating iteration vectors... [2 x 5.3 KB]
TOTAL: [114.6 KB]

Starting iterations...

Jacobi: 119 iterations in 0.00 seconds (average 0.000008, setup 0.00)

Value in the initial state: 4.2333330028103487E-4

Time for model checking: 0.05 seconds.

Result: 4.2333330028103487E-4 (value in the initial state)

---------------------------------------------------------------------

Note: There was 1 warning during computation.

