PRISM
=====

Version: 4.5.dev
Date: Wed Jan 29 12:04:43 GMT 2020
Hostname: cca-ug04-039.cs.bham.ac.uk
Memory limits: cudd=1g, java(heap)=910.5m
Command line: prism /home/students/tjw625/work/FYP/prism-benchmarks/models/dtmcs/brp/brp.pm -const 'N=16,MAX=4' -fixdl /home/students/tjw625/work/FYP/prism-benchmarks/models/dtmcs/brp/p1.pctl -ex -mainlog 'logs/standard-dtmc-logs/brp.pm.const.N=16,MAX=4.fixdl.p1.pctl.ex.log'

Parsing model file "/home/students/tjw625/work/FYP/prism-benchmarks/models/dtmcs/brp/brp.pm"...

Type:        DTMC
Modules:     sender receiver checker channelK channelL 
Variables:   s srep nrtr i bs s_ab fs ls r rrep fr lr br r_ab recv T k l 

Parsing properties file "/home/students/tjw625/work/FYP/prism-benchmarks/models/dtmcs/brp/p1.pctl"...

1 property:
(1) "p1": P=? [ F s=5 ]

---------------------------------------------------------------------

Model checking: "p1": P=? [ F s=5 ]
Model constants: N=16,MAX=4

Building model...
Model constants: N=16,MAX=4

Computing reachable states... 1095 states
Reachable states exploration and model construction done in 0.098 secs.
Sorting reachable states list...

Time for model construction: 0.2 seconds.

Warning: Deadlocks detected and fixed in 37 states

Type:        DTMC
States:      1095 (1 initial)
Transitions: 1443

Starting probabilistic reachability...
Calculating predecessor relation for discrete-time Markov chain...  done (0.006 seconds)
Starting Prob0...
Prob0 took 0.008 seconds.
Starting Prob1...
Prob1 took 0.002 seconds.
target=32, yes=112, no=79, maybe=904
JACOBI
Starting value iteration (with Jacobi)...
Value iteration (with Jacobi) took 125 iterations, 156500 multiplications and 0.056 seconds.
Probabilistic reachability took 0.088 seconds.

Value in the initial state: 3.7601141805248777E-7

Time for model checking: 0.1 seconds.

Result: 3.7601141805248777E-7 (value in the initial state)

---------------------------------------------------------------------

Note: There was 1 warning during computation.

