PRISM
=====

Version: 4.5.dev
Date: Wed Jan 29 12:05:21 GMT 2020
Hostname: cca-ug04-039.cs.bham.ac.uk
Memory limits: cudd=1g, java(heap)=910.5m
Command line: prism /home/students/tjw625/work/FYP/prism-benchmarks/models/dtmcs/brp/brp.pm -const 'N=16,MAX=3' -fixdl /home/students/tjw625/work/FYP/prism-benchmarks/models/dtmcs/brp/p4.pctl -ex -mainlog 'logs/standard-dtmc-logs/brp.pm.const.N=16,MAX=3.fixdl.p4.pctl.ex.log'

Parsing model file "/home/students/tjw625/work/FYP/prism-benchmarks/models/dtmcs/brp/brp.pm"...

Type:        DTMC
Modules:     sender receiver checker channelK channelL 
Variables:   s srep nrtr i bs s_ab fs ls r rrep fr lr br r_ab recv T k l 

Parsing properties file "/home/students/tjw625/work/FYP/prism-benchmarks/models/dtmcs/brp/p4.pctl"...

1 property:
(1) "p4": P=? [ F !(srep=0)&!recv ]

---------------------------------------------------------------------

Model checking: "p4": P=? [ F !(srep=0)&!recv ]
Model constants: N=16,MAX=3

Building model...
Model constants: N=16,MAX=3

Computing reachable states... 886 states
Reachable states exploration and model construction done in 0.094 secs.
Sorting reachable states list...

Time for model construction: 0.188 seconds.

Warning: Deadlocks detected and fixed in 36 states

Type:        DTMC
States:      886 (1 initial)
Transitions: 1155

Starting probabilistic reachability...
Calculating predecessor relation for discrete-time Markov chain...  done (0.005 seconds)
Starting Prob0...
Prob0 took 0.005 seconds.
Starting Prob1...
Prob1 took 0.001 seconds.
target=3, yes=5, no=873, maybe=8
JACOBI
Starting value iteration (with Jacobi)...
Value iteration (with Jacobi) took 9 iterations, 108 multiplications and 0.016 seconds.
Probabilistic reachability took 0.04 seconds.

Value in the initial state: 1.6000000000000003E-7

Time for model checking: 0.051 seconds.

Result: 1.6000000000000003E-7 (value in the initial state)

---------------------------------------------------------------------

Note: There was 1 warning during computation.

