PRISM
=====

Version: 4.5.dev
Date: Wed Jan 29 12:04:58 GMT 2020
Hostname: cca-ug04-039.cs.bham.ac.uk
Memory limits: cudd=1g, java(heap)=910.5m
Command line: prism /home/students/tjw625/work/FYP/prism-benchmarks/models/dtmcs/brp/brp.pm -const 'N=64,MAX=5' -fixdl /home/students/tjw625/work/FYP/prism-benchmarks/models/dtmcs/brp/p1.pctl -ex -mainlog 'logs/standard-dtmc-logs/brp.pm.const.N=64,MAX=5.fixdl.p1.pctl.ex.log'

Parsing model file "/home/students/tjw625/work/FYP/prism-benchmarks/models/dtmcs/brp/brp.pm"...

Type:        DTMC
Modules:     sender receiver checker channelK channelL 
Variables:   s srep nrtr i bs s_ab fs ls r rrep fr lr br r_ab recv T k l 

Parsing properties file "/home/students/tjw625/work/FYP/prism-benchmarks/models/dtmcs/brp/p1.pctl"...

1 property:
(1) "p1": P=? [ F s=5 ]

---------------------------------------------------------------------

Model checking: "p1": P=? [ F s=5 ]
Model constants: N=64,MAX=5

Building model...
Model constants: N=64,MAX=5

Computing reachable states... 5192 states
Reachable states exploration and model construction done in 0.091 secs.
Sorting reachable states list...

Time for model construction: 0.163 seconds.

Warning: Deadlocks detected and fixed in 134 states

Type:        DTMC
States:      5192 (1 initial)
Transitions: 6915

Starting probabilistic reachability...
Calculating predecessor relation for discrete-time Markov chain...  done (0.009 seconds)
Starting Prob0...
Prob0 took 0.012 seconds.
Starting Prob1...
Prob1 took 0.005 seconds.
target=128, yes=448, no=274, maybe=4470
JACOBI
Starting value iteration (with Jacobi)...
Value iteration (with Jacobi) took 425 iterations, 2632025 multiplications and 0.049 seconds.
Probabilistic reachability took 0.088 seconds.

Value in the initial state: 4.4820549554973446E-8

Time for model checking: 0.101 seconds.

Result: 4.4820549554973446E-8 (value in the initial state)

---------------------------------------------------------------------

Note: There was 1 warning during computation.

