PRISM
=====

Version: 4.5.dev
Date: Wed Jan 29 12:04:55 GMT 2020
Hostname: cca-ug04-039.cs.bham.ac.uk
Memory limits: cudd=1g, java(heap)=910.5m
Command line: prism /home/students/tjw625/work/FYP/prism-benchmarks/models/dtmcs/brp/brp.pm -const 'N=64,MAX=3' -fixdl /home/students/tjw625/work/FYP/prism-benchmarks/models/dtmcs/brp/p1.pctl -ex -mainlog 'logs/standard-dtmc-logs/brp.pm.const.N=64,MAX=3.fixdl.p1.pctl.ex.log'

Parsing model file "/home/students/tjw625/work/FYP/prism-benchmarks/models/dtmcs/brp/brp.pm"...

Type:        DTMC
Modules:     sender receiver checker channelK channelL 
Variables:   s srep nrtr i bs s_ab fs ls r rrep fr lr br r_ab recv T k l 

Parsing properties file "/home/students/tjw625/work/FYP/prism-benchmarks/models/dtmcs/brp/p1.pctl"...

1 property:
(1) "p1": P=? [ F s=5 ]

---------------------------------------------------------------------

Model checking: "p1": P=? [ F s=5 ]
Model constants: N=64,MAX=3

Building model...
Model constants: N=64,MAX=3

Computing reachable states... 3526 states
Reachable states exploration and model construction done in 0.07 secs.
Sorting reachable states list...

Time for model construction: 0.136 seconds.

Warning: Deadlocks detected and fixed in 132 states

Type:        DTMC
States:      3526 (1 initial)
Transitions: 4611

Starting probabilistic reachability...
Calculating predecessor relation for discrete-time Markov chain...  done (0.009 seconds)
Starting Prob0...
Prob0 took 0.009 seconds.
Starting Prob1...
Prob1 took 0.003 seconds.
target=128, yes=448, no=268, maybe=2810
JACOBI
Starting value iteration (with Jacobi)...
Value iteration (with Jacobi) took 419 iterations, 1632005 multiplications and 0.043 seconds.
Probabilistic reachability took 0.077 seconds.

Value in the initial state: 5.047006208889518E-5

Time for model checking: 0.091 seconds.

Result: 5.047006208889518E-5 (value in the initial state)

---------------------------------------------------------------------

Note: There was 1 warning during computation.

