PRISM
=====

Version: 4.5.dev
Date: Wed Jan 29 12:04:48 GMT 2020
Hostname: cca-ug04-039.cs.bham.ac.uk
Memory limits: cudd=1g, java(heap)=910.5m
Command line: prism /home/students/tjw625/work/FYP/prism-benchmarks/models/dtmcs/brp/brp.pm -const 'N=32,MAX=3' -fixdl /home/students/tjw625/work/FYP/prism-benchmarks/models/dtmcs/brp/p1.pctl -ex -mainlog 'logs/standard-dtmc-logs/brp.pm.const.N=32,MAX=3.fixdl.p1.pctl.ex.log'

Parsing model file "/home/students/tjw625/work/FYP/prism-benchmarks/models/dtmcs/brp/brp.pm"...

Type:        DTMC
Modules:     sender receiver checker channelK channelL 
Variables:   s srep nrtr i bs s_ab fs ls r rrep fr lr br r_ab recv T k l 

Parsing properties file "/home/students/tjw625/work/FYP/prism-benchmarks/models/dtmcs/brp/p1.pctl"...

1 property:
(1) "p1": P=? [ F s=5 ]

---------------------------------------------------------------------

Model checking: "p1": P=? [ F s=5 ]
Model constants: N=32,MAX=3

Building model...
Model constants: N=32,MAX=3

Computing reachable states... 1766 states
Reachable states exploration and model construction done in 0.097 secs.
Sorting reachable states list...

Time for model construction: 0.196 seconds.

Warning: Deadlocks detected and fixed in 68 states

Type:        DTMC
States:      1766 (1 initial)
Transitions: 2307

Starting probabilistic reachability...
Calculating predecessor relation for discrete-time Markov chain...  done (0.006 seconds)
Starting Prob0...
Prob0 took 0.007 seconds.
Starting Prob1...
Prob1 took 0.002 seconds.
target=64, yes=224, no=140, maybe=1402
JACOBI
Starting value iteration (with Jacobi)...
Value iteration (with Jacobi) took 221 iterations, 429403 multiplications and 0.032 seconds.
Probabilistic reachability took 0.063 seconds.

Value in the initial state: 2.5235351471250316E-5

Time for model checking: 0.074 seconds.

Result: 2.5235351471250316E-5 (value in the initial state)

---------------------------------------------------------------------

Note: There was 1 warning during computation.

