PRISM
=====

Version: 4.5.dev
Date: Wed Jan 29 12:04:51 GMT 2020
Hostname: cca-ug04-039.cs.bham.ac.uk
Memory limits: cudd=1g, java(heap)=910.5m
Command line: prism /home/students/tjw625/work/FYP/prism-benchmarks/models/dtmcs/brp/brp.pm -const 'N=32,MAX=5' -fixdl /home/students/tjw625/work/FYP/prism-benchmarks/models/dtmcs/brp/p1.pctl -ex -mainlog 'logs/standard-dtmc-logs/brp.pm.const.N=32,MAX=5.fixdl.p1.pctl.ex.log'

Parsing model file "/home/students/tjw625/work/FYP/prism-benchmarks/models/dtmcs/brp/brp.pm"...

Type:        DTMC
Modules:     sender receiver checker channelK channelL 
Variables:   s srep nrtr i bs s_ab fs ls r rrep fr lr br r_ab recv T k l 

Parsing properties file "/home/students/tjw625/work/FYP/prism-benchmarks/models/dtmcs/brp/p1.pctl"...

1 property:
(1) "p1": P=? [ F s=5 ]

---------------------------------------------------------------------

Model checking: "p1": P=? [ F s=5 ]
Model constants: N=32,MAX=5

Building model...
Model constants: N=32,MAX=5

Computing reachable states... 2600 states
Reachable states exploration and model construction done in 0.095 secs.
Sorting reachable states list...

Time for model construction: 0.181 seconds.

Warning: Deadlocks detected and fixed in 70 states

Type:        DTMC
States:      2600 (1 initial)
Transitions: 3459

Starting probabilistic reachability...
Calculating predecessor relation for discrete-time Markov chain...  done (0.007 seconds)
Starting Prob0...
Prob0 took 0.008 seconds.
Starting Prob1...
Prob1 took 0.002 seconds.
target=64, yes=224, no=146, maybe=2230
JACOBI
Starting value iteration (with Jacobi)...
Value iteration (with Jacobi) took 227 iterations, 701203 multiplications and 0.033 seconds.
Probabilistic reachability took 0.062 seconds.

Value in the initial state: 2.241027583194653E-8

Time for model checking: 0.075 seconds.

Result: 2.241027583194653E-8 (value in the initial state)

---------------------------------------------------------------------

Note: There was 1 warning during computation.

