PRISM
=====

Version: 4.5.dev
Date: Wed Jan 29 12:04:39 GMT 2020
Hostname: cca-ug04-039.cs.bham.ac.uk
Memory limits: cudd=1g, java(heap)=910.5m
Command line: prism /home/students/tjw625/work/FYP/prism-benchmarks/models/dtmcs/brp/brp.pm -const 'N=16,MAX=2' -fixdl /home/students/tjw625/work/FYP/prism-benchmarks/models/dtmcs/brp/p1.pctl -ex -mainlog 'logs/standard-dtmc-logs/brp.pm.const.N=16,MAX=2.fixdl.p1.pctl.ex.log'

Parsing model file "/home/students/tjw625/work/FYP/prism-benchmarks/models/dtmcs/brp/brp.pm"...

Type:        DTMC
Modules:     sender receiver checker channelK channelL 
Variables:   s srep nrtr i bs s_ab fs ls r rrep fr lr br r_ab recv T k l 

Parsing properties file "/home/students/tjw625/work/FYP/prism-benchmarks/models/dtmcs/brp/p1.pctl"...

1 property:
(1) "p1": P=? [ F s=5 ]

---------------------------------------------------------------------

Model checking: "p1": P=? [ F s=5 ]
Model constants: N=16,MAX=2

Building model...
Model constants: N=16,MAX=2

Computing reachable states... 677 states
Reachable states exploration and model construction done in 0.082 secs.
Sorting reachable states list...

Time for model construction: 0.187 seconds.

Warning: Deadlocks detected and fixed in 35 states

Type:        DTMC
States:      677 (1 initial)
Transitions: 867

Starting probabilistic reachability...
Calculating predecessor relation for discrete-time Markov chain...  done (0.019 seconds)
Starting Prob0...
Prob0 took 0.011 seconds.
Starting Prob1...
Prob1 took 0.002 seconds.
target=32, yes=112, no=73, maybe=492
JACOBI
Starting value iteration (with Jacobi)...
Value iteration (with Jacobi) took 119 iterations, 81158 multiplications and 0.052 seconds.
Probabilistic reachability took 0.099 seconds.

Value in the initial state: 4.2333330028103487E-4

Time for model checking: 0.121 seconds.

Result: 4.2333330028103487E-4 (value in the initial state)

---------------------------------------------------------------------

Note: There was 1 warning during computation.

