PRISM
=====

Version: 4.5.dev
Date: Mon Jan 27 18:22:04 GMT 2020
Hostname: cca-lg04-050.cs.bham.ac.uk
Memory limits: cudd=1g, java(heap)=910.5m
Command line: prism /home/students/tjw625/work/FYP/prism-benchmarks/models/dtmcs/brp/brp.pm -const 'N=16,MAX=4' -fixdl /home/students/tjw625/work/FYP/prism-benchmarks/models/dtmcs/brp/p1.pctl -mainlog 'logs/standard-dtmc-logs/brp.pm.const.N=16,MAX=4.fixdl.p1.pctl.log'

Parsing model file "/home/students/tjw625/work/FYP/prism-benchmarks/models/dtmcs/brp/brp.pm"...

Type:        DTMC
Modules:     sender receiver checker channelK channelL 
Variables:   s srep nrtr i bs s_ab fs ls r rrep fr lr br r_ab recv T k l 

Parsing properties file "/home/students/tjw625/work/FYP/prism-benchmarks/models/dtmcs/brp/p1.pctl"...

1 property:
(1) "p1": P=? [ F s=5 ]

---------------------------------------------------------------------

Model checking: "p1": P=? [ F s=5 ]
Model constants: N=16,MAX=4

Building model...
Model constants: N=16,MAX=4

Computing reachable states...

Reachability (BFS): 109 iterations in 0.06 seconds (average 0.000523, setup 0.00)

Time for model construction: 0.194 seconds.

Warning: Deadlocks detected and fixed in 37 states

Type:        DTMC
States:      1095 (1 initial)
Transitions: 1443

Transition matrix: 2237 nodes (6 terminal), 1443 minterms, vars: 33r/33c

Prob0: 15 iterations in 0.01 seconds (average 0.000400, setup 0.00)

Prob1: 97 iterations in 0.02 seconds (average 0.000227, setup 0.00)

yes = 112, no = 79, maybe = 904

Computing remaining probabilities...
Engine: Hybrid

Building hybrid MTBDD matrix... [levels=33, nodes=2136] [100.1 KB]
Adding explicit sparse matrices... [levels=33, num=1, compact] [6.0 KB]
Creating vector for diagonals... [dist=1, compact] [2.1 KB]
Creating vector for RHS... [dist=2, compact] [2.2 KB]
Allocating iteration vectors... [2 x 8.6 KB]
TOTAL: [127.5 KB]

Starting iterations...

Jacobi: 125 iterations in 0.00 seconds (average 0.000008, setup 0.00)

Value in the initial state: 3.7601141805248777E-7

Time for model checking: 0.044 seconds.

Result: 3.7601141805248777E-7 (value in the initial state)

---------------------------------------------------------------------

Note: There was 1 warning during computation.

