PRISM
=====

Version: 4.5.dev
Date: Mon Jan 27 18:22:37 GMT 2020
Hostname: cca-lg04-050.cs.bham.ac.uk
Memory limits: cudd=1g, java(heap)=910.5m
Command line: prism /home/students/tjw625/work/FYP/prism-benchmarks/models/dtmcs/brp/brp.pm -const 'N=64,MAX=4' -fixdl /home/students/tjw625/work/FYP/prism-benchmarks/models/dtmcs/brp/p2.pctl -mainlog 'logs/standard-dtmc-logs/brp.pm.const.N=64,MAX=4.fixdl.p2.pctl.log'

Parsing model file "/home/students/tjw625/work/FYP/prism-benchmarks/models/dtmcs/brp/brp.pm"...

Type:        DTMC
Modules:     sender receiver checker channelK channelL 
Variables:   s srep nrtr i bs s_ab fs ls r rrep fr lr br r_ab recv T k l 

Parsing properties file "/home/students/tjw625/work/FYP/prism-benchmarks/models/dtmcs/brp/p2.pctl"...

1 property:
(1) "p2": P=? [ F s=5&srep=2 ]

---------------------------------------------------------------------

Model checking: "p2": P=? [ F s=5&srep=2 ]
Model constants: N=64,MAX=4

Building model...
Model constants: N=64,MAX=4

Computing reachable states...

Reachability (BFS): 397 iterations in 0.11 seconds (average 0.000280, setup 0.00)

Time for model construction: 0.282 seconds.

Warning: Deadlocks detected and fixed in 133 states

Type:        DTMC
States:      4359 (1 initial)
Transitions: 5763

Transition matrix: 2417 nodes (6 terminal), 5763 minterms, vars: 35r/35c

Prob0: 392 iterations in 0.07 seconds (average 0.000189, setup 0.00)

Prob1: 13 iterations in 0.00 seconds (average 0.000308, setup 0.00)

yes = 7, no = 712, maybe = 3640

Computing remaining probabilities...
Engine: Hybrid

Building hybrid MTBDD matrix... [levels=35, nodes=2292] [107.4 KB]
Adding explicit sparse matrices... [levels=35, num=1, compact] [24.0 KB]
Creating vector for diagonals... [dist=1, compact] [8.5 KB]
Creating vector for RHS... [dist=2, compact] [8.5 KB]
Allocating iteration vectors... [2 x 34.1 KB]
TOTAL: [216.6 KB]

Starting iterations...

Jacobi: 429 iterations in 0.01 seconds (average 0.000023, setup 0.00)

Value in the initial state: 2.3500663830158775E-8

Time for model checking: 0.102 seconds.

Result: 2.3500663830158775E-8 (value in the initial state)

---------------------------------------------------------------------

Note: There was 1 warning during computation.

