PRISM
=====

Version: 4.5.dev
Date: Wed Jan 29 12:05:03 GMT 2020
Hostname: cca-ug04-039.cs.bham.ac.uk
Memory limits: cudd=1g, java(heap)=910.5m
Command line: prism /home/students/tjw625/work/FYP/prism-benchmarks/models/dtmcs/brp/brp.pm -const 'N=16,MAX=4' -fixdl /home/students/tjw625/work/FYP/prism-benchmarks/models/dtmcs/brp/p2.pctl -ex -mainlog 'logs/standard-dtmc-logs/brp.pm.const.N=16,MAX=4.fixdl.p2.pctl.ex.log'

Parsing model file "/home/students/tjw625/work/FYP/prism-benchmarks/models/dtmcs/brp/brp.pm"...

Type:        DTMC
Modules:     sender receiver checker channelK channelL 
Variables:   s srep nrtr i bs s_ab fs ls r rrep fr lr br r_ab recv T k l 

Parsing properties file "/home/students/tjw625/work/FYP/prism-benchmarks/models/dtmcs/brp/p2.pctl"...

1 property:
(1) "p2": P=? [ F s=5&srep=2 ]

---------------------------------------------------------------------

Model checking: "p2": P=? [ F s=5&srep=2 ]
Model constants: N=16,MAX=4

Building model...
Model constants: N=16,MAX=4

Computing reachable states... 1095 states
Reachable states exploration and model construction done in 0.091 secs.
Sorting reachable states list...

Time for model construction: 0.172 seconds.

Warning: Deadlocks detected and fixed in 37 states

Type:        DTMC
States:      1095 (1 initial)
Transitions: 1443

Starting probabilistic reachability...
Calculating predecessor relation for discrete-time Markov chain...  done (0.005 seconds)
Starting Prob0...
Prob0 took 0.008 seconds.
Starting Prob1...
Prob1 took 0.002 seconds.
target=2, yes=7, no=184, maybe=904
JACOBI
Starting value iteration (with Jacobi)...
Value iteration (with Jacobi) took 129 iterations, 161508 multiplications and 0.024 seconds.
Probabilistic reachability took 0.056 seconds.

Value in the initial state: 2.3500712435818907E-8

Time for model checking: 0.069 seconds.

Result: 2.3500712435818907E-8 (value in the initial state)

---------------------------------------------------------------------

Note: There was 1 warning during computation.

