PRISM
=====

Version: 4.5.dev
Date: Wed Jan 29 12:04:46 GMT 2020
Hostname: cca-ug04-039.cs.bham.ac.uk
Memory limits: cudd=1g, java(heap)=910.5m
Command line: prism /home/students/tjw625/work/FYP/prism-benchmarks/models/dtmcs/brp/brp.pm -const 'N=32,MAX=2' -fixdl /home/students/tjw625/work/FYP/prism-benchmarks/models/dtmcs/brp/p1.pctl -ex -mainlog 'logs/standard-dtmc-logs/brp.pm.const.N=32,MAX=2.fixdl.p1.pctl.ex.log'

Parsing model file "/home/students/tjw625/work/FYP/prism-benchmarks/models/dtmcs/brp/brp.pm"...

Type:        DTMC
Modules:     sender receiver checker channelK channelL 
Variables:   s srep nrtr i bs s_ab fs ls r rrep fr lr br r_ab recv T k l 

Parsing properties file "/home/students/tjw625/work/FYP/prism-benchmarks/models/dtmcs/brp/p1.pctl"...

1 property:
(1) "p1": P=? [ F s=5 ]

---------------------------------------------------------------------

Model checking: "p1": P=? [ F s=5 ]
Model constants: N=32,MAX=2

Building model...
Model constants: N=32,MAX=2

Computing reachable states... 1349 states
Reachable states exploration and model construction done in 0.087 secs.
Sorting reachable states list...

Time for model construction: 0.157 seconds.

Warning: Deadlocks detected and fixed in 67 states

Type:        DTMC
States:      1349 (1 initial)
Transitions: 1731

Starting probabilistic reachability...
Calculating predecessor relation for discrete-time Markov chain...  done (0.005 seconds)
Starting Prob0...
Prob0 took 0.008 seconds.
Starting Prob1...
Prob1 took 0.001 seconds.
target=64, yes=224, no=137, maybe=988
JACOBI
Starting value iteration (with Jacobi)...
Value iteration (with Jacobi) took 219 iterations, 300030 multiplications and 0.027 seconds.
Probabilistic reachability took 0.053 seconds.

Value in the initial state: 8.464873452387598E-4

Time for model checking: 0.066 seconds.

Result: 8.464873452387598E-4 (value in the initial state)

---------------------------------------------------------------------

Note: There was 1 warning during computation.

