PRISM
=====

Version: 4.5.dev
Date: Wed Jan 29 12:07:12 GMT 2020
Hostname: cca-ug04-039.cs.bham.ac.uk
Memory limits: cudd=1g, java(heap)=910.5m
Command line: prism /home/students/tjw625/work/FYP/prism-benchmarks/models/dtmcs/crowds/crowds.pm -const 'TotalRuns=3,CrowdSize=20' -fixdl /home/students/tjw625/work/FYP/prism-benchmarks/models/dtmcs/crowds/positive.pctl -fixdl -ex -mainlog 'logs/standard-dtmc-logs/crowds.pm.const.TotalRuns=3,CrowdSize=20.fixdl.positive.pctl.fixdl.ex.log'

Parsing model file "/home/students/tjw625/work/FYP/prism-benchmarks/models/dtmcs/crowds/crowds.pm"...

Type:        DTMC
Modules:     crowds 
Variables:   launch new runCount start run lastSeen good bad recordLast badObserve deliver done observe0 observe1 observe2 observe3 observe4 observe5 observe6 observe7 observe8 observe9 observe10 observe11 observe12 observe13 observe14 observe15 observe16 observe17 observe18 observe19 

Parsing properties file "/home/students/tjw625/work/FYP/prism-benchmarks/models/dtmcs/crowds/positive.pctl"...

1 property:
(1) "positive": P=? [ F observe0>1 ]

---------------------------------------------------------------------

Model checking: "positive": P=? [ F observe0>1 ]
Model constants: TotalRuns=3,CrowdSize=20

Building model...
Model constants: TotalRuns=3,CrowdSize=20

Computing reachable states... 42318 states
Reachable states exploration and model construction done in 0.352 secs.
Sorting reachable states list...

Time for model construction: 0.473 seconds.

Warning: Deadlocks detected and fixed in 1771 states

Type:        DTMC
States:      42318 (1 initial)
Transitions: 148578

Starting probabilistic reachability...
Calculating predecessor relation for discrete-time Markov chain...  done (0.051 seconds)
Starting Prob0...
Prob0 took 0.012 seconds.
Starting Prob1...
Prob1 took 0.036 seconds.
target=224, yes=245, no=39212, maybe=2861
JACOBI
Starting value iteration (with Jacobi)...
Value iteration (with Jacobi) took 147 iterations, 3013647 multiplications and 0.038 seconds.
Probabilistic reachability took 0.153 seconds.

Value in the initial state: 0.029712919697695996

Time for model checking: 0.213 seconds.

Result: 0.029712919697695996 (value in the initial state)

---------------------------------------------------------------------

Note: There was 1 warning during computation.

