PRISM
=====

Version: 4.5.dev
Date: Wed Jan 29 12:05:59 GMT 2020
Hostname: cca-ug04-039.cs.bham.ac.uk
Memory limits: cudd=1g, java(heap)=910.5m
Command line: prism /home/students/tjw625/work/FYP/prism-benchmarks/models/dtmcs/crowds/crowds.pm -const 'TotalRuns=4,CrowdSize=15' -fixdl /home/students/tjw625/work/FYP/prism-benchmarks/models/dtmcs/crowds/positive.pctl -fixdl -ex -mainlog 'logs/standard-dtmc-logs/crowds.pm.const.TotalRuns=4,CrowdSize=15.fixdl.positive.pctl.fixdl.ex.log'

Parsing model file "/home/students/tjw625/work/FYP/prism-benchmarks/models/dtmcs/crowds/crowds.pm"...

Type:        DTMC
Modules:     crowds 
Variables:   launch new runCount start run lastSeen good bad recordLast badObserve deliver done observe0 observe1 observe2 observe3 observe4 observe5 observe6 observe7 observe8 observe9 observe10 observe11 observe12 observe13 observe14 observe15 observe16 observe17 observe18 observe19 

Parsing properties file "/home/students/tjw625/work/FYP/prism-benchmarks/models/dtmcs/crowds/positive.pctl"...

1 property:
(1) "positive": P=? [ F observe0>1 ]

---------------------------------------------------------------------

Model checking: "positive": P=? [ F observe0>1 ]
Model constants: TotalRuns=4,CrowdSize=15

Building model...
Model constants: TotalRuns=4,CrowdSize=15

Computing reachable states... 119800 states
Reachable states exploration and model construction done in 0.678 secs.
Sorting reachable states list...

Time for model construction: 0.845 seconds.

Warning: Deadlocks detected and fixed in 3876 states

Type:        DTMC
States:      119800 (1 initial)
Transitions: 352360

Starting probabilistic reachability...
Calculating predecessor relation for discrete-time Markov chain...  done (0.053 seconds)
Starting Prob0...
Prob0 took 0.024 seconds.
Starting Prob1...
Prob1 took 0.073 seconds.
target=2451, yes=2587, no=101760, maybe=15453
JACOBI
Starting value iteration (with Jacobi)...
Value iteration (with Jacobi) took 168 iterations, 13563144 multiplications and 0.076 seconds.
Probabilistic reachability took 0.243 seconds.

Value in the initial state: 0.059462585189729654

Time for model checking: 0.326 seconds.

Result: 0.059462585189729654 (value in the initial state)

---------------------------------------------------------------------

Note: There was 1 warning during computation.

