PRISM
=====

Version: 4.5.dev
Date: Wed Jan 29 12:12:40 GMT 2020
Hostname: cca-ug04-039.cs.bham.ac.uk
Memory limits: cudd=1g, java(heap)=910.5m
Command line: prism /home/students/tjw625/work/FYP/prism-benchmarks/models/dtmcs/egl/egl.pm -const 'N=15,L=4' /home/students/tjw625/work/FYP/prism-benchmarks/models/dtmcs/egl/unfairA.pctl -m -ex -mainlog 'logs/standard-dtmc-logs/egl.pm.const.N=15,L=4.unfairA.pctl.m.ex.log'

Parsing model file "/home/students/tjw625/work/FYP/prism-benchmarks/models/dtmcs/egl/egl.pm"...

Type:        DTMC
Modules:     counter partyA partyB 
Variables:   b n phase party b0 b20 b1 b21 b2 b22 b3 b23 b4 b24 b5 b25 b6 b26 b7 b27 b8 b28 b9 b29 b10 b30 b11 b31 b12 b32 b13 b33 b14 b34 b15 b35 b16 b36 b17 b37 b18 b38 b19 b39 a0 a20 a1 a21 a2 a22 a3 a23 a4 a24 a5 a25 a6 a26 a7 a27 a8 a28 a9 a29 a10 a30 a11 a31 a12 a32 a13 a33 a14 a34 a15 a35 a16 a36 a17 a37 a18 a38 a19 a39 

Parsing properties file "/home/students/tjw625/work/FYP/prism-benchmarks/models/dtmcs/egl/unfairA.pctl"...

1 property:
(1) "unfairA": P=? [ F !"knowA"&"knowB" ]

---------------------------------------------------------------------

Model checking: "unfairA": P=? [ F !"knowA"&"knowB" ]
Model constants: N=15,L=4

Building model...
Model constants: N=15,L=4

Computing reachable states... 175122 379498 557586 619655 649724 665911 671981 674238 675039 675324 675425 675461 675474 675479