PRISM
=====

Version: 4.5.dev
Date: Wed Jan 29 12:29:11 GMT 2020
Hostname: cca-ug04-039.cs.bham.ac.uk
Memory limits: cudd=1g, java(heap)=910.5m
Command line: prism /home/students/tjw625/work/FYP/prism-benchmarks/models/dtmcs/nand/nand.pm -const 'N=20,K=3' /home/students/tjw625/work/FYP/prism-benchmarks/models/dtmcs/nand/reliable.pctl -ex -mainlog 'logs/standard-dtmc-logs/nand.pm.const.N=20,K=3.reliable.pctl.ex.log'

Parsing model file "/home/students/tjw625/work/FYP/prism-benchmarks/models/dtmcs/nand/nand.pm"...

Type:        DTMC
Modules:     multiplex 
Variables:   u c s z zx zy x y 

Parsing properties file "/home/students/tjw625/work/FYP/prism-benchmarks/models/dtmcs/nand/reliable.pctl"...

1 property:
(1) "reliable": P=? [ F s=4&z/N<0.1 ]

---------------------------------------------------------------------

Model checking: "reliable": P=? [ F s=4&z/N<0.1 ]
Model constants: N=20,K=3

Building model...
Model constants: N=20,K=3

Computing reachable states... 231552 states
Reachable states exploration and model construction done in 0.583 secs.
Sorting reachable states list...

Time for model construction: 0.734 seconds.

Type:        DTMC
States:      231552 (1 initial)
Transitions: 358152

Starting probabilistic reachability...
Calculating predecessor relation for discrete-time Markov chain...  done (0.087 seconds)
Starting Prob0...
Prob0 took 0.054 seconds.
Starting Prob1...
Prob1 took 0.08 seconds.
target=2, yes=16, no=29276, maybe=202260
JACOBI
Starting value iteration (with Jacobi)...
Value iteration (with Jacobi) took 561 iterations, 175622733 multiplications and 1.206 seconds.
Probabilistic reachability took 1.44 seconds.

Value in the initial state: 0.46854396382986563

Time for model checking: 1.509 seconds.

Result: 0.46854396382986563 (value in the initial state)

