PRISM
=====

Version: 4.5.dev
Date: Wed Jan 29 12:42:43 GMT 2020
Hostname: cca-ug04-039.cs.bham.ac.uk
Memory limits: cudd=1g, java(heap)=910.5m
Command line: prism /home/students/tjw625/work/FYP/prism-benchmarks/models/dtmcs/nand/nand.pm -const 'N=40,K=4' /home/students/tjw625/work/FYP/prism-benchmarks/models/dtmcs/nand/reliable.pctl -ex -mainlog 'logs/standard-dtmc-logs/nand.pm.const.N=40,K=4.reliable.pctl.ex.log'

Parsing model file "/home/students/tjw625/work/FYP/prism-benchmarks/models/dtmcs/nand/nand.pm"...

Type:        DTMC
Modules:     multiplex 
Variables:   u c s z zx zy x y 

Parsing properties file "/home/students/tjw625/work/FYP/prism-benchmarks/models/dtmcs/nand/reliable.pctl"...

1 property:
(1) "reliable": P=? [ F s=4&z/N<0.1 ]

---------------------------------------------------------------------

Model checking: "reliable": P=? [ F s=4&z/N<0.1 ]
Model constants: N=40,K=4

Building model...
Model constants: N=40,K=4

Computing reachable states... 927849 1734690 1993360 2113534 2165485 2176294 2179898 2181499 2181917 2181999 2182015 2182018 2182021 2182025 2182029 2182033 2182037 2182041 2182045 2182049 2182051 2182055 2182059 2182063 2182067 2182071 2182075 2182079 2182083 2182087 2182091 2182095 2182099 2182103 2182107 2182111 2182115 2182119 2182123 2182127 2182131 2182135 2182139 2182141 2182143 2182145 2182149 2182151 2182153 2182157 2182161 2182163 2182167 2182171 2182175 2182179 2182183 2182187 2182189 2182193 2182197 2182201 2182205 2182209 2182213 2182217 2182221 2182225 2182229 2182233 2182237 2182241 2182245 2182249 2182253 2182257 2182261 2182265 2182269 2182273 2182277 2182281 2182285 2182289 2182293 2182297 2182301 2182305 2182309 2182313 2182317 2182321 2182325 2182329 2182333 2182337 2182341 2182345 2182349 2182353 2182357 2182361 2182365 2182369 2182373 2182377 2182379 2182381 2182383 2182387 2182389 2182393 2182397 2182399 2182403 2182407 2182409 2182413 2182417 2182421 2182425 2182429 2182433 2182437 2182441 2182445 2182447 2182451 2182455 2182459 2182463 2182465 2182467 2182471 2182473 2182477 2182481 2182483 2182487 2182491 2182495 2182497 2182501 2182503 2182507 2182511 2182515 2182517 2182521 2182523 2182527 2182531 2182535 2182537 2182541 2182543 2182547 2182551 2182553 2182555 2182559 2182563 2182567 2182569 2182571 2182575 2182577 2182581 2182583 2182585 2182587 2182589 2182591 2182595 2182599 2182603 2182607 2182611 2182615 2182619 2182623 2182627 2182631 2182635 2182639 2182643 2182647 2182649 2182655 2182659 2182663 2182667 2182671 2182675 2182679 2182683 2182685 2182688