PRISM
=====

Version: 4.5.dev
Date: Mon Jan 27 18:30:00 GMT 2020
Hostname: cca-lg04-050.cs.bham.ac.uk
Memory limits: cudd=1g, java(heap)=910.5m
Command line: prism /home/students/tjw625/work/FYP/prism-benchmarks/models/dtmcs/nand/nand.pm -const 'N=20,K=4' /home/students/tjw625/work/FYP/prism-benchmarks/models/dtmcs/nand/reliable.pctl -mainlog 'logs/standard-dtmc-logs/nand.pm.const.N=20,K=4.reliable.pctl.log'

Parsing model file "/home/students/tjw625/work/FYP/prism-benchmarks/models/dtmcs/nand/nand.pm"...

Type:        DTMC
Modules:     multiplex 
Variables:   u c s z zx zy x y 

Parsing properties file "/home/students/tjw625/work/FYP/prism-benchmarks/models/dtmcs/nand/reliable.pctl"...

1 property:
(1) "reliable": P=? [ F s=4&z/N<0.1 ]

---------------------------------------------------------------------

Model checking: "reliable": P=? [ F s=4&z/N<0.1 ]
Model constants: N=20,K=4

Building model...
Model constants: N=20,K=4

Computing reachable states...

Reachability (BFS): 722 iterations in 0.49 seconds (average 0.000675, setup 0.00)

Time for model construction: 0.666 seconds.

Type:        DTMC
States:      308162 (1 initial)
Transitions: 476472

Transition matrix: 13600 nodes (131 terminal), 476472 minterms, vars: 29r/29c

Prob0: 722 iterations in 0.48 seconds (average 0.000661, setup 0.00)

Prob1: 649 iterations in 0.40 seconds (average 0.000615, setup 0.00)

yes = 16, no = 29276, maybe = 278870

Computing remaining probabilities...
Engine: Hybrid

Building hybrid MTBDD matrix... [levels=29, nodes=17958] [841.8 KB]
Adding explicit sparse matrices... [levels=25, num=6, compact] [452.6 KB]
Creating vector for diagonals... [dist=1, compact] [601.9 KB]
Creating vector for RHS... [dist=2, compact] [601.9 KB]
Allocating iteration vectors... [2 x 2.4 MB]
TOTAL: [7.1 MB]

Starting iterations...

Jacobi: 721 iterations in 1.33 seconds (average 0.001756, setup 0.06)

Value in the initial state: 0.49415805979777205

Time for model checking: 2.235 seconds.

Result: 0.49415805979777205 (value in the initial state)

