PRISM
=====

Version: 4.5.dev
Date: Wed Jan 29 12:29:19 GMT 2020
Hostname: cca-ug04-039.cs.bham.ac.uk
Memory limits: cudd=1g, java(heap)=910.5m
Command line: prism /home/students/tjw625/work/FYP/prism-benchmarks/models/dtmcs/nand/nand.pm -const 'N=40,K=1' /home/students/tjw625/work/FYP/prism-benchmarks/models/dtmcs/nand/reliable.pctl -ex -mainlog 'logs/standard-dtmc-logs/nand.pm.const.N=40,K=1.reliable.pctl.ex.log'

Parsing model file "/home/students/tjw625/work/FYP/prism-benchmarks/models/dtmcs/nand/nand.pm"...

Type:        DTMC
Modules:     multiplex 
Variables:   u c s z zx zy x y 

Parsing properties file "/home/students/tjw625/work/FYP/prism-benchmarks/models/dtmcs/nand/reliable.pctl"...

1 property:
(1) "reliable": P=? [ F s=4&z/N<0.1 ]

---------------------------------------------------------------------

Model checking: "reliable": P=? [ F s=4&z/N<0.1 ]
Model constants: N=40,K=1

Building model...
Model constants: N=40,K=1

Computing reachable states... 920817 1004862 states
Reachable states exploration and model construction done in 3.759 secs.
Sorting reachable states list...

Time for model construction: 4.091 seconds.

Type:        DTMC
States:      1004862 (1 initial)
Transitions: 1581422

Starting probabilistic reachability...
Calculating predecessor relation for discrete-time Markov chain...  done (0.186 seconds)
Starting Prob0...
Prob0 took 0.124 seconds.
Starting Prob1...
Prob1 took 0.158 seconds.
target=4, yes=141, no=375263, maybe=629458
JACOBI
Starting value iteration (with Jacobi)...
Value iteration (with Jacobi) took 481 iterations, 477270326 multiplications and 3.1 seconds.
Probabilistic reachability took 3.582 seconds.

Value in the initial state: 0.2864873082856136

Time for model checking: 3.776 seconds.

Result: 0.2864873082856136 (value in the initial state)

