PRISM
=====

Version: 4.5.dev
Date: Wed Jan 29 12:29:28 GMT 2020
Hostname: cca-ug04-039.cs.bham.ac.uk
Memory limits: cudd=1g, java(heap)=910.5m
Command line: prism /home/students/tjw625/work/FYP/prism-benchmarks/models/dtmcs/nand/nand.pm -const 'N=40,K=2' /home/students/tjw625/work/FYP/prism-benchmarks/models/dtmcs/nand/reliable.pctl -ex -mainlog 'logs/standard-dtmc-logs/nand.pm.const.N=40,K=2.reliable.pctl.ex.log'

Parsing model file "/home/students/tjw625/work/FYP/prism-benchmarks/models/dtmcs/nand/nand.pm"...

Type:        DTMC
Modules:     multiplex 
Variables:   u c s z zx zy x y 

Parsing properties file "/home/students/tjw625/work/FYP/prism-benchmarks/models/dtmcs/nand/reliable.pctl"...

1 property:
(1) "reliable": P=? [ F s=4&z/N<0.1 ]

---------------------------------------------------------------------

Model checking: "reliable": P=? [ F s=4&z/N<0.1 ]
Model constants: N=40,K=2

Building model...
Model constants: N=40,K=2

Computing reachable states... 891268 1466394 1937242 2003082 states
Reachable states exploration and model construction done in 10.388 secs.
Sorting reachable states list...

Time for model construction: 12.284 seconds.

Type:        DTMC
States:      2003082 (1 initial)
Transitions: 3150462

Starting probabilistic reachability...
Calculating predecessor relation for discrete-time Markov chain...  done (0.416 seconds)
Starting Prob0...
Prob0 took 0.243 seconds.
Starting Prob1...
Prob1 took 0.482 seconds.
target=4, yes=141, no=375263, maybe=1627678
JACOBI
Starting value iteration (with Jacobi)...
Iteration 236: 5.01 sec so far
Iteration 536: 10.02 sec so far
Value iteration (with Jacobi) took 801 iterations, 2051590086 multiplications and 13.395 seconds.
Probabilistic reachability took 14.553 seconds.

Value in the initial state: 0.4838054798517702

Time for model checking: 15.512 seconds.

Result: 0.4838054798517702 (value in the initial state)

