PRISM
=====

Version: 4.5.dev
Date: Wed Jan 29 12:29:06 GMT 2020
Hostname: cca-ug04-039.cs.bham.ac.uk
Memory limits: cudd=1g, java(heap)=910.5m
Command line: prism /home/students/tjw625/work/FYP/prism-benchmarks/models/dtmcs/nand/nand.pm -const 'N=20,K=1' /home/students/tjw625/work/FYP/prism-benchmarks/models/dtmcs/nand/reliable.pctl -ex -mainlog 'logs/standard-dtmc-logs/nand.pm.const.N=20,K=1.reliable.pctl.ex.log'

Parsing model file "/home/students/tjw625/work/FYP/prism-benchmarks/models/dtmcs/nand/nand.pm"...

Type:        DTMC
Modules:     multiplex 
Variables:   u c s z zx zy x y 

Parsing properties file "/home/students/tjw625/work/FYP/prism-benchmarks/models/dtmcs/nand/reliable.pctl"...

1 property:
(1) "reliable": P=? [ F s=4&z/N<0.1 ]

---------------------------------------------------------------------

Model checking: "reliable": P=? [ F s=4&z/N<0.1 ]
Model constants: N=20,K=1

Building model...
Model constants: N=20,K=1

Computing reachable states... 78332 states
Reachable states exploration and model construction done in 0.289 secs.
Sorting reachable states list...

Time for model construction: 0.412 seconds.

Type:        DTMC
States:      78332 (1 initial)
Transitions: 121512

Starting probabilistic reachability...
Calculating predecessor relation for discrete-time Markov chain...  done (0.046 seconds)
Starting Prob0...
Prob0 took 0.028 seconds.
Starting Prob1...
Prob1 took 0.04 seconds.
target=2, yes=16, no=29276, maybe=49040
JACOBI
Starting value iteration (with Jacobi)...
Value iteration (with Jacobi) took 241 iterations, 18415533 multiplications and 0.154 seconds.
Probabilistic reachability took 0.289 seconds.

Value in the initial state: 0.28641904638485005

Time for model checking: 0.44 seconds.

Result: 0.28641904638485005 (value in the initial state)

