PRISM
=====

Version: 4.5.dev
Date: Mon Jan 27 18:30:58 GMT 2020
Hostname: cca-lg04-050.cs.bham.ac.uk
Memory limits: cudd=1g, java(heap)=910.5m
Command line: prism /home/students/tjw625/work/FYP/prism-benchmarks/models/dtmcs/nand/nand.pm -const 'N=40,K=4' /home/students/tjw625/work/FYP/prism-benchmarks/models/dtmcs/nand/reliable.pctl -mainlog 'logs/standard-dtmc-logs/nand.pm.const.N=40,K=4.reliable.pctl.log'

Parsing model file "/home/students/tjw625/work/FYP/prism-benchmarks/models/dtmcs/nand/nand.pm"...

Type:        DTMC
Modules:     multiplex 
Variables:   u c s z zx zy x y 

Parsing properties file "/home/students/tjw625/work/FYP/prism-benchmarks/models/dtmcs/nand/reliable.pctl"...

1 property:
(1) "reliable": P=? [ F s=4&z/N<0.1 ]

---------------------------------------------------------------------

Model checking: "reliable": P=? [ F s=4&z/N<0.1 ]
Model constants: N=40,K=4

Building model...
Model constants: N=40,K=4

Computing reachable states...

Reachability (BFS): 1442 iterations in 2.94 seconds (average 0.002040, setup 0.00)

Time for model construction: 3.174 seconds.

Type:        DTMC
States:      3999522 (1 initial)
Transitions: 6288542

Transition matrix: 49073 nodes (493 terminal), 6288542 minterms, vars: 33r/33c

Prob0: 1442 iterations in 2.64 seconds (average 0.001829, setup 0.00)

Prob1: 1297 iterations in 2.44 seconds (average 0.001881, setup 0.00)

yes = 141, no = 375263, maybe = 3624118

Computing remaining probabilities...
Engine: Hybrid

Building hybrid MTBDD matrix... [levels=33, nodes=65919] [3.0 MB]
Adding explicit sparse matrices... [levels=15, num=332, compact] [622.6 KB]
Creating vector for diagonals... [dist=1, compact] [7.6 MB]
Creating vector for RHS... [dist=2, compact] [7.6 MB]
Allocating iteration vectors... [2 x 30.5 MB]
TOTAL: [79.9 MB]

Starting iterations...
Iteration 198: max relative diff=1.000000, 5.01 sec so far
Iteration 396: max relative diff=1.000000, 10.03 sec so far
Iteration 594: max relative diff=1.000000, 15.05 sec so far
Iteration 791: max relative diff=1.000000, 20.05 sec so far
Iteration 988: max relative diff=1.000000, 25.07 sec so far
Iteration 1185: max relative diff=1.000000, 30.08 sec so far
Iteration 1381: max relative diff=1.000000, 35.08 sec so far

Jacobi: 1441 iterations in 37.49 seconds (average 0.025409, setup 0.88)

Value in the initial state: 0.6186822208151961

Time for model checking: 42.678 seconds.

Result: 0.6186822208151961 (value in the initial state)

