PRISM
=====

Version: 4.5.dev
Date: Wed Jan 29 12:29:58 GMT 2020
Hostname: cca-ug04-039.cs.bham.ac.uk
Memory limits: cudd=1g, java(heap)=910.5m
Command line: prism /home/students/tjw625/work/FYP/prism-benchmarks/models/dtmcs/nand/nand.pm -const 'N=40,K=3' /home/students/tjw625/work/FYP/prism-benchmarks/models/dtmcs/nand/reliable.pctl -ex -mainlog 'logs/standard-dtmc-logs/nand.pm.const.N=40,K=3.reliable.pctl.ex.log'

Parsing model file "/home/students/tjw625/work/FYP/prism-benchmarks/models/dtmcs/nand/nand.pm"...

Type:        DTMC
Modules:     multiplex 
Variables:   u c s z zx zy x y 

Parsing properties file "/home/students/tjw625/work/FYP/prism-benchmarks/models/dtmcs/nand/reliable.pctl"...

1 property:
(1) "reliable": P=? [ F s=4&z/N<0.1 ]

---------------------------------------------------------------------

Model checking: "reliable": P=? [ F s=4&z/N<0.1 ]
Model constants: N=40,K=3

Building model...
Model constants: N=40,K=3

Computing reachable states... 925371 1822878 2046943 2132960 2169927 2176386 2179426 2181067 2181856 2182119 2182164 2182180 2182183 2182186 2182188 2182192 2182196 2182200 2182204 2182208 2182212 2182216 2182220 2182224 2182226 2182228 2182230 2182232 2182234 2182236 2182240 2182242 2182246 2182250 2182252 2182256 2182258 2182262 2182264 2182268 2182272 2182274 2182278 2182282 2182286 2182288 2182292 2182294 2182298 2182302 2182306 2182308 2182312 2182314 2182318 2182322 2182324 2182326 2182330 2182332 2182336 2182338 2182340 2182342 2182344 2182348 2182352 2182354 2182356 2182358 2182362 2182364 2182366 2182370 2182374 2182376 2182380 2182382 2182384 2182388 2182392 2182396 2182400 2182404 2182408 2182410 2182412 2182414 2182418 2182422 2182426 2182430 2182434 2182438 2182440 2182444 2182448 2182450 2182454 2182456 2182458 2182460 2182462 2182464 2182468 2182472 2182476 2182480 2182484 2182488 2182492 2182496 2182500 2182504 2182508 2182512 2182516 2182520 2182524 2182528 2182532 2182536 2182540 2182544 2182548 2182552 2182556 2182560 2182564 2182568 2182572 2182576 2182580 2182584 2182588 2182592 2182596 2182600 2182604 2182608 2182612 2182614 2182618 2182622 2182626 2182630 2182634 2182638 2182640 2182644 2182648 2182652 2182656 2182660 2182664 2182668 2182672 2182676 2182678 2182682 2182686 2182689