PRISM
=====

Version: 4.7.dev
Date: Wed Dec 22 18:22:36 EST 2021
Hostname: DESKTOP-4AKQDRC
Memory limits: cudd=1g, java(heap)=1g
Command line: prism prism/tests/gridmap/gridmap_30_60.prism prism/tests/gridmap/gridmap_30_60.props -distrmethod c51 -prop 2 -v -ex

Parsing model file "prism/tests/gridmap/gridmap_30_60.prism"...

Type:        MDP
Modules:     robot 
Variables:   r c 

Parsing properties file "prism/tests/gridmap/gridmap_30_60.props"...

2 properties:
(1) Rmin=? [ F "goal" ]
(2) R(cvar)min=? [ F "goal" ]

---------------------------------------------------------------------

Model checking: R(cvar)min=? [ F "goal" ]

Building model...

Computing reachable states... 900 states
Reachable states exploration and model construction done in 0.072 secs.
Sorting reachable states list...

Time for model construction: 0.097 seconds.

Type:        MDP
States:      900 (1 initial)
Transitions: 12577
Choices:     3406
Max/avg:     5/3.78
Building reward structure...

Starting expected reachability (min)...
Starting Prob1 (max)...
Prob1 (max) took 16 iterations and 0.008 seconds.
target=1, inf=0, rest=899
Max Wp dist :1.4142135623730951 dist:1.22490800769474 at iter:21
Max Wp dist :1.4142135623730951 dist:1.2122346589221138 at iter:22
Max Wp dist :1.4142135623730951 dist:1.208638600866987 at iter:23
Max Wp dist :1.4142135623730951 dist:1.141537925884979 at iter:24
Max Wp dist :1.4142135623730951 dist:1.2097169637906617 at iter:25
Max Wp dist :1.4142135623730951 dist:1.264236394507357 at iter:26
Max Wp dist :1.4142135623730951 dist:1.3026297387453027 at iter:27
Max Wp dist :1.4142135623730951 dist:1.1993582114989145 at iter:28
Max Wp dist :1.4142135623730951 dist:1.1381746731987192 at iter:29
Max Wp dist :1.4142135623730951 dist:1.197595132506656 at iter:30
Max Wp dist :1.4142135623730951 dist:1.2652749368121903 at iter:31
Max Wp dist :1.4142135623730951 dist:1.2482860250063368 at iter:32
Max Wp dist :1.4142135623730951 dist:1.3240169500161016 at iter:33
Max Wp dist :1.4142135623730951 dist:1.2655651431723172 at iter:34
Max Wp dist :1.4142135623730951 dist:1.2353800157252763 at iter:35
Max Wp dist :1.4142135623730951 dist:1.4261330686729181 at iter:36
Max Wp dist :1.4142135623730951 dist:1.8211263363274313 at iter:37
Max Wp dist :1.4142135623730951 dist:1.3132496335103454 at iter:38
Max Wp dist :1.4142135623730951 dist:1.2209886681462407 at iter:39
Max Wp dist :1.4142135623730951 dist:1.536094085110605 at iter:40
Max Wp dist :1.4142135623730951 dist:1.615679616160385 at iter:41
Max Wp dist :1.4142135623730951 dist:1.5907289321982887 at iter:42
Max Wp dist :1.4142135623730951 dist:1.3496850797482978 at iter:43
Max Wp dist :1.4142135623730951 dist:1.5932891695878126 at iter:44
Max Wp dist :1.4142135623730951 dist:2.2040330512455384 at iter:45
Max Wp dist :1.4142135623730951 dist:2.5579853063135545 at iter:46
Max Wp dist :1.4142135623730951 dist:1.1286496690255348 at iter:47
Max Wp dist :1.4142135623730951 dist:1.2113313317429117 at iter:48
Max Wp dist :1.4142135623730951 dist:1.0609755669909262 at iter:49
Max Wp dist :1.414213562373095 dist:1.0937207141865386 at iter:50
Max Wp dist :1.414213562373095 dist:1.15576804368024 at iter:51
Max Wp dist :1.4142135623708474 dist:1.2978215491801066 at iter:52
Max Wp dist :1.414213562369791 dist:1.2119950885936817 at iter:53
Max Wp dist :1.4142135623664287 dist:1.5136993608823417 at iter:54
Max Wp dist :1.414213562340759 dist:2.184780578599792 at iter:55
Max Wp dist :1.4142135623400358 dist:1.0539388081158805 at iter:56
Max Wp dist :1.4142135623393126 dist:1.0875362645729822 at iter:57
Max Wp dist :1.4142135623385894 dist:1.3163917093117945 at iter:58
Max Wp dist :1.414213562337866 dist:1.0327007220308602 at iter:59
Max Wp dist :1.4142135623371428 dist:1.3064176387316948 at iter:60
Max Wp dist :1.4142135623364196 dist:1.0930871172138907 at iter:61
Max Wp dist :1.4142135623335357 dist:1.2750680871858862 at iter:62
Max Wp dist :1.4142135623189922 dist:1.2467989121067973 at iter:63
Max Wp dist :1.4142135531249307 dist:1.2534220753426126 at iter:64
Max Wp dist :1.4142135520300358 dist:1.2539695134340008 at iter:65
Max Wp dist :1.4142135500367636 dist:1.2315310349938073 at iter:66
Max Wp dist :1.4142135489300969 dist:1.223978455569167 at iter:67
Max Wp dist :1.41421354794333 dist:1.1010578279106085 at iter:68
Max Wp dist :1.4142135472733497 dist:1.435194241993031 at iter:69
Max Wp dist :1.4141984671217676 dist:1.6509895352460688 at iter:70
Max Wp dist :1.1059392812347952 dist:1.6994359624095665 at iter:71
Max Wp dist :0.5283789454821403 dist:1.6974886004702228 at iter:72
Max Wp dist :0.9254101606348208 dist:1.0695145310794913 at iter:73
Max Wp dist :0.4458762024504386 dist:0.5793786037835815 at iter:74
Max Wp dist :0.4458761852837645 dist:0.4845427103786619 at iter:75
Max Wp dist :0.44587614435781714 dist:0.7098174683477225 at iter:76
Max Wp dist :0.4458761467935449 dist:0.44137303126164795 at iter:77
Max Wp dist :0.4458761598586192 dist:0.44137056140305475 at iter:78
Max Wp dist :0.4458761600604754 dist:0.44137240205523653 at iter:79
Max Wp dist :0.4458761605504382 dist:0.4413716228205189 at iter:80
Max Wp dist :0.4458761606193105 dist:0.4413721682723377 at iter:81
Max Wp dist :0.4458761605198305 dist:0.441371934596404 at iter:82
Max Wp dist :0.44587616046452094 dist:0.4413720900819982 at iter:83
Max Wp dist :0.44587616044340267 dist:0.4413720225982871 at iter:84
Max Wp dist :0.44587616043469197 dist:0.4413720657553455 at iter:85
Max Wp dist :0.445876160431595 dist:0.4413720468353688 at iter:86
Max Wp dist :0.44587616043144457 dist:0.4413720585630827 at iter:87
Max Wp dist :0.4458761604246117 dist:0.4413720533854715 at iter:88
Max Wp dist :0.4458761604252216 dist:0.4413720565160162 at iter:89
Max Wp dist :0.4458761604262834 dist:0.44137205512768674 at iter:90
Max Wp dist :0.44587616042643985 dist:0.44137205595133366 at iter:91
Max Wp dist :0.4458761604265951 dist:0.44137205558551074 at iter:92
Max Wp dist :0.44587616042657463 dist:0.44137205579934147 at iter:93
Max Wp dist :0.445876160426498 dist:0.44137205570439164 at iter:94
Max Wp dist :0.44587616042649797 dist:0.4413720557591745 at iter:95
Max Wp dist :0.44587616042650424 dist:0.4413720557348739 at iter:96
Max Wp dist :0.44587616042650513 dist:0.44137205574875793 at iter:97
Max Wp dist :0.4458761604265092 dist:0.44137205574260463 at iter:98
Max Wp dist :0.4458761604265093 dist:0.4413720557460863 at iter:99
Max Wp dist :0.44587616042651007 dist:0.4413720557452905 at iter:100
Max Wp dist :0.44587616042651007 dist:0.44137205574526206 at iter:101
Max Wp dist :0.44587616042651007 dist:0.44137205574527627 at iter:102
Max Wp dist :0.44587616042651007 dist:0.44137205574526206 at iter:103
Max Wp dist :0.44587616042651007 dist:0.44137205574526917 at iter:104
Max Wp dist :0.44587616042651007 dist:0.44137205574526917 at iter:105
Max Wp dist :0.44587616042651007 dist:0.44137205574526917 at iter:106
Max Wp dist :0.44587616042651007 dist:0.44137205574526917 at iter:107
Max Wp dist :0.44587616042651007 dist:0.44137205574526917 at iter:108
Max Wp dist :0.44587616042651007 dist:0.44137205574526917 at iter:109
Max Wp dist :0.44587616042651007 dist:0.44137205574526917 at iter:110
Max Wp dist :0.44587616042651007 dist:0.44137205574526917 at iter:111
Max Wp dist :0.44587616042651007 dist:0.44137205574526917 at iter:112
Max Wp dist :0.44587616042651007 dist:0.44137205574526917 at iter:113
Max Wp dist :0.44587616042651007 dist:0.44137205574526917 at iter:114
Max Wp dist :0.44587616042651007 dist:0.44137205574526917 at iter:115
Max Wp dist :0.44587616042651007 dist:0.44137205574526917 at iter:116
Max Wp dist :0.44587616042651007 dist:0.44137205574526917 at iter:117
Max Wp dist :0.44587616042651007 dist:0.44137205574526917 at iter:118
Max Wp dist :0.44587616042651007 dist:0.44137205574526917 at iter:119
Max Wp dist :0.44587616042651007 dist:0.44137205574526917 at iter:120
Max Wp dist :0.44587616042651007 dist:0.44137205574526917 at iter:121
Max Wp dist :0.44587616042651007 dist:0.44137205574526917 at iter:122
Max Wp dist :0.44587616042651007 dist:0.44137205574526917 at iter:123
Max Wp dist :0.44587616042651007 dist:0.44137205574526917 at iter:124
Max Wp dist :0.44587616042651007 dist:0.44137205574526917 at iter:125
Max Wp dist :0.44587616042651007 dist:0.44137205574526917 at iter:126
Max Wp dist :0.44587616042651007 dist:0.44137205574526917 at iter:127
Max Wp dist :0.44587616042651007 dist:0.44137205574526917 at iter:128
Max Wp dist :0.44587616042651007 dist:0.44137205574526917 at iter:129
Max Wp dist :0.44587616042651007 dist:0.44137205574526917 at iter:130
Max Wp dist :0.44587616042651007 dist:0.44137205574526917 at iter:131
Max Wp dist :0.44587616042651007 dist:0.44137205574526917 at iter:132
Max Wp dist :0.44587616042651007 dist:0.44137205574526917 at iter:133
Max Wp dist :0.44587616042651007 dist:0.44137205574526917 at iter:134
Max Wp dist :0.44587616042651007 dist:0.44137205574526917 at iter:135
Max Wp dist :0.44587616042651007 dist:0.44137205574526917 at iter:136
Max Wp dist :0.44587616042651007 dist:0.44137205574526917 at iter:137
Max Wp dist :0.44587616042651007 dist:0.44137205574526917 at iter:138
Max Wp dist :0.44587616042651007 dist:0.44137205574526917 at iter:139
Max Wp dist :0.44587616042651007 dist:0.44137205574526917 at iter:140
Max Wp dist :0.44587616042651007 dist:0.44137205574526917 at iter:141
Max Wp dist :0.44587616042651007 dist:0.44137205574526917 at iter:142
Max Wp dist :0.44587616042651007 dist:0.44137205574526917 at iter:143
Max Wp dist :0.44587616042651007 dist:0.44137205574526917 at iter:144
Max Wp dist :0.44587616042651007 dist:0.44137205574526917 at iter:145
Max Wp dist :0.44587616042651007 dist:0.44137205574526917 at iter:146
Max Wp dist :0.44587616042651007 dist:0.44137205574526917 at iter:147
Max Wp dist :0.44587616042651007 dist:0.44137205574526917 at iter:148
Max Wp dist :0.44587616042651007 dist:0.44137205574526917 at iter:149

Exporting solution to file "gridmap/cvar_out_900_C51_0.7.out"...

Policy
[south, east, south, south, east, east, east, east, east, east, east, east, east, south, south, south, south, south, south, south, west, west, south, south, south, west, west, south, south, south, south, south, south, south, south, east, east, east, east, east, east, east, south, south, south, south, south, south, south, south, south, south, south, south, south, south, south, south, south, south, south, east, south, south, south, east, east, south, east, south, east, east, south, south, south, south, south, south, south, south, south, south, south, south, south, south, south, south, south, south, east, east, east, south, south, east, east, east, east, south, south, east, east, south, south, south, south, south, south, south, south, south, south, south, south, west, west, south, south, south, east, east, east, east, south, east, east, east, east, south, south, east, east, east, south, south, south, south, south, south, west, west, south, south, west, west, west, south, south, south, east, east, east, east, south, east, east, east, east, east, south, south, east, east, south, south, south, south, south, south, west, west, south, south, west, west, south, south, south, south, north, obstacle, south, obstacle, south, west, obstacle, east, south, east, south, south, obstacle, south, south, south, south, south, south, south, west, west, south, south, south, obstacle, south, south, south, south, north, obstacle, east, east, south, obstacle, east, east, south, east, east, east, south, south, south, south, south, south, south, south, obstacle, south, south, south, south, south, south, south, south, south, obstacle, south, obstacle, obstacle, south, south, obstacle, obstacle, south, east, east, east, east, south, south, south, south, south, south, south, south, west, south, south, south, south, south, south, south, south, obstacle, east, south, west, east, east, south, south, west, obstacle, east, east, east, east, south, south, south, west, south, south, south, obstacle, south, south, south, south, south, south, south, south, east, east, south, obstacle, obstacle, obstacle, south, south, west, south, south, obstacle, south, south, south, south, west, west, south, south, south, south, south, south, south, south, south, south, south, south, obstacle, obstacle, south, south, east, south, south, west, obstacle, south, east, south, south, south, south, south, west, west, south, south, south, south, south, south, south, south, south, south, south, south, south, obstacle, south, west, obstacle, south, south, south, obstacle, south, obstacle, south, south, east, south, south, west, obstacle, south, south, south, south, south, south, south, south, south, south, south, south, south, obstacle, south, obstacle, south, east, south, south, south, south, south, south, south, east, south, south, west, south, south, south, south, south, south, south, south, south, south, south, south, south, south, obstacle, south, west, west, east, south, south, west, east, east, south, south, east, south, south, obstacle, south, south, south, south, south, south, south, south, south, south, south, south, south, east, south, south, obstacle, north, obstacle, south, south, west, east, east, south, south, obstacle, east, south, south, south, south, south, south, south, south, south, south, south, south, south, south, south, east, east, south, south, obstacle, south, south, south, obstacle, north, obstacle, south, south, obstacle, south, south, south, south, south, south, south, south, south, south, south, south, south, south, south, south, obstacle, east, south, south, west, west, west, west, south, obstacle, south, south, south, east, south, south, south, south, south, south, south, south, south, south, south, south, south, south, south, south, south, obstacle, south, south, west, west, west, west, west, east, east, east, south, obstacle, south, south, south, south, south, south, south, south, south, south, south, south, south, south, south, south, east, south, south, west, obstacle, north, north, north, west, east, east, east, south, south, south, south, west, west, west, south, south, west, west, south, south, south, south, south, south, south, obstacle, south, south, west, south, obstacle, north, north, north, north, obstacle, obstacle, south, south, south, west, west, west, west, south, west, west, west, south, south, south, south, south, south, south, obstacle, south, south, obstacle, south, south, obstacle, north, obstacle, obstacle, south, south, south, south, west, west, west, west, west, south, west, west, west, south, south, south, south, south, south, south, east, east, south, south, west, west, south, obstacle, east, south, east, south, south, west, west, west, west, west, west, south, west, west, south, south, south, south, south, south, south, south, obstacle, east, south, south, obstacle, obstacle, south, obstacle, obstacle, south, obstacle, south, south, west, west, south, south, west, south, south, south, obstacle, south, south, south, south, south, south, south, south, south, obstacle, south, south, south, obstacle, south, south, south, south, south, south, south, south, obstacle, south, south, obstacle, south, south, south, south, south, south, west, west, west, west, south, south, south, south, south, south, south, south, south, south, west, west, west, west, south, south, south, south, south, south, south, south, west, west, west, west, west, west, west, west, west, south, south, south, south, west, west, west, west, west, west, west, west, west, west, west, west, west, west, west, west, west, west, west, west, west, west, west, west, west, west, west, south, south, west, west, west, west, west, west, west, west, west, west, west, west, west, west, west, west, west, west, west, west, west, west, west, west, west, west, west, west, south, south, west, west, west, west, west, west, west, west, west, west, west, west, west, west, west, west, west, west, west, west, west, west, west, west, west, west, west, west, null, west, west, west, west, west, west, west, west, west, west, west, west, west, west, west, west, west, west, west, west, west, west, west, west, west, west, west, west, west]
Computing distribution on induced DTMC...

CVAR (min) ran 150 iterations and 0.943 seconds.

Rewards (non-zero only) for all states:
0:(1,1)=69.05120994628552
1:(1,2)=68.13335218869209
2:(1,3)=67.10873242194212
3:(1,4)=66.28541143120047
4:(1,5)=65.4461073221355
5:(1,6)=63.924013723300874
6:(1,7)=62.791257626410605
7:(1,8)=61.67283311385504
8:(1,9)=60.55463799693072
9:(1,10)=59.43736124797603
10:(1,11)=58.32052881877727
11:(1,12)=57.19453474561319
12:(1,13)=56.065205552197476
13:(1,14)=54.92424393722421
14:(1,15)=53.82624413540597
15:(1,16)=53.358167973975846
16:(1,17)=54.059546633469054
17:(1,18)=54.931586567981576
18:(1,19)=55.45079958133278
19:(1,20)=56.395949510406474
20:(1,21)=57.5157595307397
21:(1,22)=58.618316515741526
22:(1,23)=59.38735775433325
23:(1,24)=59.77269989640277
24:(1,25)=60.83856630140733
25:(1,26)=61.962365683348274
26:(1,27)=63.08135153392283
27:(1,28)=63.99621959635294
28:(1,29)=64.857090488254
29:(1,30)=65.4182990253095
30:(2,1)=68.1327903094868
31:(2,2)=67.17294095543556
32:(2,3)=66.12017066503509
33:(2,4)=65.05911688253613
34:(2,5)=64.55376034947068
35:(2,6)=63.2955546436783
36:(2,7)=61.96580653637654
37:(2,8)=60.814458631975114
38:(2,9)=59.66330074851868
39:(2,10)=58.514266447712714
40:(2,11)=57.365020061978925
41:(2,12)=56.21075269525996
42:(2,13)=55.025730461196005
43:(2,14)=53.83545106162222
44:(2,15)=52.71263458269337
45:(2,16)=52.247466629847324
46:(2,17)=52.970661082119676
47:(2,18)=53.87003270614733
48:(2,19)=54.34698312844335
49:(2,20)=55.302248161213214
50:(2,21)=56.46156257810736
51:(2,22)=57.57106690814627
52:(2,23)=58.32654673367391
53:(2,24)=58.671907761955765
54:(2,25)=59.759458151567145
55:(2,26)=60.922727260339414
56:(2,27)=62.0622603301082
57:(2,28)=62.91697255306303
58:(2,29)=63.78938545283523
59:(2,30)=64.36518243302515
60:(3,1)=67.18322295298294
61:(3,2)=66.19595273589606
62:(3,3)=65.1060364436879
63:(3,4)=64.03232964271429
64:(3,5)=63.31239618340982
65:(3,6)=62.27079452685462
66:(3,7)=60.937736462683716
67:(3,8)=59.759585270174185
68:(3,9)=58.61600470713095
69:(3,10)=57.449725379849156
70:(3,11)=56.30486813526384
71:(3,12)=55.12998044603603
72:(3,13)=53.938108123469284
73:(3,14)=52.74534734286595
74:(3,15)=51.5983676526828
75:(3,16)=51.135728002926044
76:(3,17)=51.87172083896354
77:(3,18)=52.800882147283666
78:(3,19)=53.24084981791854
79:(3,20)=54.20433023907906
80:(3,21)=55.38291893114897
81:(3,22)=56.51112598795885
82:(3,23)=57.26656308059492
83:(3,24)=57.56923345806932
84:(3,25)=58.67947979956862
85:(3,26)=59.845597480466935
86:(3,27)=60.99365469045312
87:(3,28)=61.83553316260772
88:(3,29)=62.72201328279813
89:(3,30)=63.312813697866034
90:(4,1)=66.23928907836267
91:(4,2)=65.18658331863989
92:(4,3)=64.09935175561623
93:(4,4)=62.96805116048742
94:(4,5)=62.04628758697417
95:(4,6)=61.24505256761342
96:(4,7)=59.8539573603862
97:(4,8)=58.715993402982996
98:(4,9)=57.534497179673
99:(4,10)=56.40132260711203
100:(4,11)=55.21139716878536
101:(4,12)=54.044339521784465
102:(4,13)=52.85005575044941
103:(4,14)=51.65518939349432
104:(4,15)=50.484069746277115
105:(4,16)=50.01972723944791
106:(4,17)=50.7731889927161
107:(4,18)=51.729199616961004
108:(4,19)=52.13300474169238
109:(4,20)=53.106019609546
110:(4,21)=54.29553690954353
111:(4,22)=55.45178117459114
112:(4,23)=56.20854799889893
113:(4,24)=56.464428328664255
114:(4,25)=57.60056368373981
115:(4,26)=58.76833844075362
116:(4,27)=59.92602181357603
117:(4,28)=60.75358088344043
118:(4,29)=61.655051057423314
119:(4,30)=62.26120892885876
120:(5,1)=65.33701544965496
121:(5,2)=64.246307668712
122:(5,3)=63.077352139384274
123:(5,4)=61.91312421279095
124:(5,5)=60.70791478738708
125:(5,6)=60.21756129751243
126:(5,7)=58.87667182248196
127:(5,8)=57.62447476878944
128:(5,9)=56.497987010185525
129:(5,10)=55.29541546523345
130:(5,11)=54.128353430567714
131:(5,12)=53.01916156903116
132:(5,13)=51.799162710765614
133:(5,14)=50.56551897803489
134:(5,15)=49.369830920551415
135:(5,16)=48.876388392102385
136:(5,17)=49.675065242015876
137:(5,18)=50.65952818330768
138:(5,19)=51.023000739622006
139:(5,20)=52.007696407735075
140:(5,21)=53.205143271294155
141:(5,22)=54.386526924001885
142:(5,23)=55.15263293925353
143:(5,24)=55.35753198435183
144:(5,25)=56.52275157566859
145:(5,26)=57.71551142551884
146:(5,27)=58.88184463936702
147:(5,28)=59.67100971732182
148:(5,29)=60.58852847318023
149:(5,30)=61.21038043886415
150:(6,1)=65.6883203783708
151:(6,2)=64.55144748027931
152:(6,3)=62.73111074143753
153:(6,4)=61.442403430450824
154:(6,5)=59.36726266401424
155:(6,6)=60.528186701596205
156:(6,7)=58.53867011880716
157:(6,8)=57.073415270055165
158:(6,9)=55.405021859334695
159:(6,10)=54.24037931505064
160:(6,11)=53.033843522069006
161:(6,12)=52.803495941787794
162:(6,13)=51.8081706750915
163:(6,14)=49.520506300104735
164:(6,15)=48.25606026757449
165:(6,16)=47.722991652586856
166:(6,17)=48.57776172486946
167:(6,18)=49.5920572867881
168:(6,19)=49.911046373866384
169:(6,20)=50.90934560714199
170:(6,21)=52.14371362708403
171:(6,22)=53.359012549814864
172:(6,23)=54.099208910906555
173:(6,24)=54.24827263312498
174:(6,25)=55.45658558113203
175:(6,26)=57.37434740391762
176:(6,27)=58.1574347093981
177:(6,28)=58.58694758344292
178:(6,29)=59.52247498540892
179:(6,30)=60.16033994124521
180:(7,1)=67.39178458648163
181:(7,2)=70.0
182:(7,3)=64.52482350576726
183:(7,4)=70.0
184:(7,5)=57.94795598433012
185:(7,6)=61.09595400470207
186:(7,7)=70.0
187:(7,8)=56.71634380371957
188:(7,9)=54.64327538392101
189:(7,10)=53.11802277315708
190:(7,11)=51.9145618259573
191:(7,12)=51.74203692481125
192:(7,13)=70.0
193:(7,14)=49.32704837974438
194:(7,15)=47.14157464452032
195:(7,16)=46.567040481861554
196:(7,17)=47.48145014030851
197:(7,18)=48.52732461774312
198:(7,19)=48.79701577567379
199:(7,20)=49.810264104879415
200:(7,21)=52.08323241025995
201:(7,22)=53.22451135386583
202:(7,23)=53.04680541979757
203:(7,24)=53.13609282985008
204:(7,25)=54.84746387584522
205:(7,26)=70.0
206:(7,27)=57.09176674743986
207:(7,28)=57.48989074114544
208:(7,29)=58.456954601842256
209:(7,30)=59.11109779466037
210:(8,1)=69.41355100837885
211:(8,2)=70.0
212:(8,3)=61.983282693132125
213:(8,4)=58.99660997825877
214:(8,5)=55.74120791598666
215:(8,6)=70.0
216:(8,7)=59.9613656216531
217:(8,8)=55.798461477656886
218:(8,9)=53.34371653407698
219:(8,10)=52.187614227980426
220:(8,11)=50.785833836441675
221:(8,12)=49.58162682927154
222:(8,13)=48.34871287186584
223:(8,14)=47.151714392474204
224:(8,15)=45.99668981883535
225:(8,16)=45.40844200030694
226:(8,17)=46.38635647905385
227:(8,18)=47.46567483621383
228:(8,19)=47.68089841602932
229:(8,20)=48.67443199201094
230:(8,21)=70.0
231:(8,22)=52.928768641525544
232:(8,23)=51.95518557533476
233:(8,24)=52.00178597709021
234:(8,25)=52.98991189417507
235:(8,26)=54.11332648286961
236:(8,27)=55.26332566410413
237:(8,28)=56.39112005781182
238:(8,29)=57.39244482297608
239:(8,30)=58.0626621241995
240:(9,1)=70.0
241:(9,2)=54.63703583126111
242:(9,3)=70.0
243:(9,4)=70.0
244:(9,5)=53.43395941753549
245:(9,6)=51.08169140798779
246:(9,7)=70.0
247:(9,8)=70.0
248:(9,9)=52.017750037951764
249:(9,10)=52.231906076811136
250:(9,11)=49.82109003244834
251:(9,12)=48.504709520239224
252:(9,13)=47.258927167033704
253:(9,14)=46.06247468929846
254:(9,15)=44.88953168237831
255:(9,16)=44.24812488086837
256:(9,17)=45.29262448877847
257:(9,18)=46.407505008428046
258:(9,19)=46.56384175793545
259:(9,20)=46.44838938293628
260:(9,21)=48.49847831728691
261:(9,22)=50.864027700799035
262:(9,23)=50.828110425546825
263:(9,24)=50.882956248304225
264:(9,25)=51.91060641351207
265:(9,26)=53.03661051480951
266:(9,27)=54.18703311664328
267:(9,28)=55.31772994608091
268:(9,29)=56.32905174613747
269:(9,30)=57.0129624388783
270:(10,1)=70.0
271:(10,2)=51.090716097784934
272:(10,3)=48.45181007035878
273:(10,4)=52.36138643613761
274:(10,5)=51.24407998602016
275:(10,6)=48.611334482605635
276:(10,7)=45.82765550866119
277:(10,8)=46.90683098046855
278:(10,9)=49.49793839999248
279:(10,10)=70.0
280:(10,11)=51.0393101262812
281:(10,12)=48.77736713390326
282:(10,13)=46.29803663499411
283:(10,14)=44.97427038849942
284:(10,15)=43.78409108458385
285:(10,16)=43.08461818066768
286:(10,17)=44.20034760866564
287:(10,18)=45.35312139448441
288:(10,19)=45.48466858804026
289:(10,20)=45.2813576636401
290:(10,21)=47.39629877302222
291:(10,22)=70.0
292:(10,23)=49.73285875831176
293:(10,24)=49.75463215364903
294:(10,25)=50.82973529121778
295:(10,26)=51.96059752194328
296:(10,27)=53.11125318551245
297:(10,28)=54.24464002212315
298:(10,29)=55.265922277441184
299:(10,30)=55.95999669112523
300:(11,1)=53.712788218062805
301:(11,2)=49.93098896114575
302:(11,3)=47.13165161947883
303:(11,4)=70.0
304:(11,5)=70.0
305:(11,6)=70.0
306:(11,7)=44.59747870001813
307:(11,8)=45.770895878644936
308:(11,9)=48.53486162411767
309:(11,10)=49.98964875587148
310:(11,11)=49.21335504506099
311:(11,12)=70.0
312:(11,13)=45.822140694225276
313:(11,14)=43.889993163716056
314:(11,15)=42.680597290522535
315:(11,16)=41.91761316798781
316:(11,17)=43.10964293401471
317:(11,18)=44.30940392475037
318:(11,19)=44.408173497823654
319:(11,20)=44.1092555969156
320:(11,21)=45.14928099383166
321:(11,22)=46.32929921214466
322:(11,23)=47.50327902999019
323:(11,24)=48.62431432125726
324:(11,25)=49.741887562464335
325:(11,26)=50.88527914976643
326:(11,27)=52.03599871451115
327:(11,28)=53.17185549742674
328:(11,29)=54.20303733029458
329:(11,30)=54.907921517323146
330:(12,1)=70.0
331:(12,2)=70.0
332:(12,3)=44.40261773600349
333:(12,4)=47.136653564744115
334:(12,5)=48.51794825349626
335:(12,6)=44.44767022580264
336:(12,7)=41.894902045512936
337:(12,8)=44.63193580632823
338:(12,9)=70.0
339:(12,10)=48.912825785704285
340:(12,11)=46.8126504923463
341:(12,12)=44.0641166596614
342:(12,13)=43.31064265793595
343:(12,14)=42.761806603154
344:(12,15)=41.584589386996406
345:(12,16)=40.74675585850888
346:(12,17)=42.03559660800916
347:(12,18)=44.60352502546261
348:(12,19)=43.33437938546351
349:(12,20)=42.97253864390198
350:(12,21)=44.05449959174214
351:(12,22)=45.23891083815211
352:(12,23)=46.41379410686577
353:(12,24)=47.5323397665689
354:(12,25)=48.64722102684505
355:(12,26)=49.80876893773926
356:(12,27)=50.961284711504895
357:(12,28)=52.09938144277489
358:(12,29)=53.14037611789283
359:(12,30)=53.856768792065424
360:(13,1)=39.81270633691598
361:(13,2)=70.0
362:(13,3)=41.551226349370346
363:(13,4)=46.05042257981644
364:(13,5)=70.0
365:(13,6)=43.31683264450848
366:(13,7)=40.621980812058354
367:(13,8)=42.92859452395104
368:(13,9)=70.0
369:(13,10)=46.612281530454176
370:(13,11)=70.0
371:(13,12)=42.908303895642014
372:(13,13)=42.15410070533923
373:(13,14)=41.67549738523411
374:(13,15)=40.49138240040679
375:(13,16)=39.57130896121045
376:(13,17)=42.24891909650122
377:(13,18)=70.0
378:(13,19)=42.214459253987194
379:(13,20)=41.832506904806216
380:(13,21)=42.96145586821762
381:(13,22)=44.14901295677304
382:(13,23)=45.324767874807755
383:(13,24)=46.44069469026933
384:(13,25)=47.55274406147976
385:(13,26)=48.72438604922332
386:(13,27)=49.88712712479924
387:(13,28)=51.02722438619541
388:(13,29)=52.07791449191609
389:(13,30)=52.80657284523885
390:(14,1)=36.91160462134793
391:(14,2)=70.0
392:(14,3)=38.47422651437013
393:(14,4)=70.0
394:(14,5)=43.01709515007188
395:(14,6)=40.69991145519146
396:(14,7)=39.36500510216695
397:(14,8)=40.28394084185433
398:(14,9)=41.663472295528955
399:(14,10)=42.73765190411587
400:(14,11)=41.46955109256264
401:(14,12)=40.29931200426527
402:(14,13)=40.992837819445086
403:(14,14)=40.638552474727625
404:(14,15)=39.39961885624776
405:(14,16)=38.344959856601974
406:(14,17)=41.14105631219219
407:(14,18)=40.02793404643059
408:(14,19)=39.6283347996087
409:(14,20)=40.690526281425214
410:(14,21)=41.8703925718137
411:(14,22)=43.05957989846469
412:(14,23)=44.23622245670025
413:(14,24)=45.34939320877425
414:(14,25)=46.45846017241089
415:(14,26)=47.630805642410124
416:(14,27)=48.81316207515687
417:(14,28)=49.955391426356016
418:(14,29)=51.01562567279154
419:(14,30)=51.75737015732582
420:(15,1)=33.87916278193191
421:(15,2)=70.0
422:(15,3)=33.52850800657244
423:(15,4)=38.72947962283535
424:(15,5)=40.28219409130337
425:(15,6)=41.11704974971618
426:(15,7)=38.20817279043826
427:(15,8)=39.19215243757514
428:(15,9)=40.51408806071434
429:(15,10)=41.644084757101396
430:(15,11)=40.38740675327172
431:(15,12)=39.150462660796286
432:(15,13)=39.88039568469257
433:(15,14)=41.08407581630336
434:(15,15)=38.3113356026292
435:(15,16)=37.11075530166562
436:(15,17)=70.0
437:(15,18)=38.91705591750612
438:(15,19)=38.489628104451825
439:(15,20)=39.59876714048606
440:(15,21)=40.781520126713794
441:(15,22)=41.970573233125435
442:(15,23)=43.14817871311144
443:(15,24)=44.25844926108407
444:(15,25)=45.36437147367953
445:(15,26)=46.5375355126658
446:(15,27)=47.730151786023946
447:(15,28)=48.88389099973257
448:(15,29)=49.95347923844147
449:(15,30)=50.70919993138754
450:(16,1)=30.706479856823073
451:(16,2)=29.39622407884115
452:(16,3)=30.11163431210268
453:(16,4)=70.0
454:(16,5)=46.35397425310703
455:(16,6)=70.0
456:(16,7)=36.95967655261867
457:(16,8)=38.097392767209
458:(16,9)=41.151973612410984
459:(16,10)=42.272470444999314
460:(16,11)=40.89165069993782
461:(16,12)=37.998427307846285
462:(16,13)=38.7144710292472
463:(16,14)=70.0
464:(16,15)=37.1734862322716
465:(16,16)=34.21434165938836
466:(16,17)=35.01640240774968
467:(16,18)=36.17106860581792
468:(16,19)=37.34876567608941
469:(16,20)=38.50906045449582
470:(16,21)=39.693201573575124
471:(16,22)=40.881942286130865
472:(16,23)=42.06065891730758
473:(16,24)=43.16787621513917
474:(16,25)=44.27047927407555
475:(16,26)=45.44459341903567
476:(16,27)=46.638719779198986
477:(16,28)=47.81273272350841
478:(16,29)=48.891441196782
479:(16,30)=49.66210411253446
480:(17,1)=31.624988916245023
481:(17,2)=28.221838052598688
482:(17,3)=26.76872263826811
483:(17,4)=29.80484696716659
484:(17,5)=70.0
485:(17,6)=34.531975777724696
486:(17,7)=33.856149557727555
487:(17,8)=36.93078487567146
488:(17,9)=70.0
489:(17,10)=47.71665152477241
490:(17,11)=70.0
491:(17,12)=36.78778602998406
492:(17,13)=35.88496215538425
493:(17,14)=70.0
494:(17,15)=35.513119079129154
495:(17,16)=32.988533233171616
496:(17,17)=33.920877146880194
497:(17,18)=35.08601799311824
498:(17,19)=36.26393363788718
499:(17,20)=37.42162626479116
500:(17,21)=38.60540504532646
501:(17,22)=39.793690082658664
502:(17,23)=40.97368772471877
503:(17,24)=42.077687451715896
504:(17,25)=43.17678402447794
505:(17,26)=44.351998113442725
506:(17,27)=45.54637873768482
507:(17,28)=46.73311384333948
508:(17,29)=47.82947334469583
509:(17,30)=48.61612781079118
510:(18,1)=70.0
511:(18,2)=31.164131657955217
512:(18,3)=25.475739586516255
513:(18,4)=26.564473493330993
514:(18,5)=30.06981839145446
515:(18,6)=31.376131984620002
516:(18,7)=32.620163810489245
517:(18,8)=34.00750927579025
518:(18,9)=37.50053221323664
519:(18,10)=70.0
520:(18,11)=36.92791035837927
521:(18,12)=33.90428740870686
522:(18,13)=32.88210159465535
523:(18,14)=37.36967834643986
524:(18,15)=32.64927015438334
525:(18,16)=31.784202836214387
526:(18,17)=32.830264787152274
527:(18,18)=34.001923450759286
528:(18,19)=35.17975082654151
529:(18,20)=36.33462367814371
530:(18,21)=37.518088724678165
531:(18,22)=38.70582009364931
532:(18,23)=39.88729089684081
533:(18,24)=40.98789653028761
534:(18,25)=42.083285312549414
535:(18,26)=43.259769450957116
536:(18,27)=44.454296944946925
537:(18,28)=45.645270266933395
538:(18,29)=46.76462599821167
539:(18,30)=47.571319534712764
540:(19,1)=30.880427735801938
541:(19,2)=70.0
542:(19,3)=24.10104631181134
543:(19,4)=25.376125141862136
544:(19,5)=29.049064027205734
545:(19,6)=30.53243790117308
546:(19,7)=31.87140678506275
547:(19,8)=33.1882494358899
548:(19,9)=34.64099535925664
549:(19,10)=37.134464685758374
550:(19,11)=34.12515900682552
551:(19,12)=32.753331853048465
552:(19,13)=31.569935642837915
553:(19,14)=70.0
554:(19,15)=31.42524153685207
555:(19,16)=30.63578619523647
556:(19,17)=31.744135023742146
557:(19,18)=32.91867417265125
558:(19,19)=34.096232235445
559:(19,20)=35.24806025116523
560:(19,21)=36.43127372395398
561:(19,22)=37.618336937929215
562:(19,23)=38.801495555147575
563:(19,24)=39.89851739384593
564:(19,25)=40.98998183186311
565:(19,26)=42.16792846732983
566:(19,27)=43.36249084997729
567:(19,28)=44.55468012043192
568:(19,29)=45.69350294770223
569:(19,30)=46.527731587320964
570:(20,1)=27.53942260392265
571:(20,2)=23.77957563198902
572:(20,3)=20.426463517800496
573:(20,4)=24.188446466454362
574:(20,5)=70.0
575:(20,6)=35.8294410530226
576:(20,7)=33.361629152220736
577:(20,8)=34.37706332851745
578:(20,9)=35.66305614238741
579:(20,10)=36.323025019048934
580:(20,11)=34.95435860895294
581:(20,12)=31.79611265437844
582:(20,13)=28.373993656878465
583:(20,14)=27.300425096406926
584:(20,15)=28.324479230925306
585:(20,16)=29.48857287684873
586:(20,17)=30.660802429231342
587:(20,18)=31.836166902498256
588:(20,19)=33.01339820406351
589:(20,20)=34.16194326071525
590:(20,21)=35.344982764397024
591:(20,22)=36.531244138731715
592:(20,23)=37.716330490288485
593:(20,24)=38.80956435063019
594:(20,25)=39.89687135431013
595:(20,26)=41.076497519124146
596:(20,27)=42.27097723515992
597:(20,28)=43.4640977276041
598:(20,29)=44.61703729029832
599:(20,30)=45.48542042769406
600:(21,1)=70.0
601:(21,2)=22.66300857074348
602:(21,3)=19.0396999186178
603:(21,4)=23.048468157091037
604:(21,5)=26.19370044360809
605:(21,6)=70.0
606:(21,7)=38.33348383826103
607:(21,8)=35.93429573613981
608:(21,9)=38.73704580520069
609:(21,10)=40.93029186540135
610:(21,11)=70.0
611:(21,12)=70.0
612:(21,13)=27.203035404370656
613:(21,14)=26.15034821465788
614:(21,15)=27.242494259917166
615:(21,16)=28.40959733242664
616:(21,17)=29.580550160173992
617:(21,18)=30.755172360345526
618:(21,19)=31.931930115757943
619:(21,20)=33.0762795694498
620:(21,21)=34.259240258091076
621:(21,22)=35.44704874111678
622:(21,23)=36.634785229172095
623:(21,24)=37.7210522978483
624:(21,25)=38.80395050414563
625:(21,26)=39.98550046659811
626:(21,27)=41.179773130971846
627:(21,28)=42.373540259293335
628:(21,29)=43.53515401428378
629:(21,30)=44.44444710434309
630:(22,1)=70.0
631:(22,2)=19.12731581849905
632:(22,3)=17.634472682729157
633:(22,4)=70.0
634:(22,5)=22.782335796214802
635:(22,6)=26.41378791119831
636:(22,7)=70.0
637:(22,8)=42.39800651401136
638:(22,9)=70.0
639:(22,10)=70.0
640:(22,11)=30.422880894590815
641:(22,12)=25.07193369285912
642:(22,13)=23.850339307740654
643:(22,14)=24.989260663563464
644:(22,15)=26.163663501920205
645:(22,16)=27.334388598553268
646:(22,17)=28.51081968232097
647:(22,18)=29.694465684438406
648:(22,19)=30.87894171059766
649:(22,20)=31.991051892848123
650:(22,21)=33.179167664215
651:(22,22)=34.4337338250604
652:(22,23)=35.66232187540871
653:(22,24)=36.632890900678284
654:(22,25)=37.71121479805175
655:(22,26)=38.894962707019005
656:(22,27)=40.08889573048389
657:(22,28)=41.28302848870078
658:(22,29)=42.452644227179036
659:(22,30)=43.398200810936316
660:(23,1)=21.96392775402072
661:(23,2)=15.37395414849847
662:(23,3)=13.675245166549132
663:(23,4)=14.651750402109872
664:(23,5)=18.96119388687103
665:(23,6)=23.027648524378385
666:(23,7)=25.463432874636094
667:(23,8)=70.0
668:(23,9)=32.15434875640456
669:(23,10)=24.26673671346558
670:(23,11)=27.348476795991104
671:(23,12)=23.793027628378475
672:(23,13)=22.66381389040005
673:(23,14)=23.88944839237073
674:(23,15)=25.167908971044277
675:(23,16)=26.400811975082867
676:(23,17)=27.632892173646773
677:(23,18)=28.929405649633985
678:(23,19)=30.131941875869114
679:(23,20)=30.90509034543759
680:(23,21)=32.208660987397614
681:(23,22)=35.281742449691144
682:(23,23)=36.0454142812701
683:(23,24)=35.54121758432369
684:(23,25)=36.61866208582648
685:(23,26)=37.80491150634233
686:(23,27)=38.99836211488007
687:(23,28)=40.192587397257064
688:(23,29)=41.369416216255615
689:(23,30)=42.35120444759281
690:(24,1)=70.0
691:(24,2)=19.181475671322158
692:(24,3)=12.447048740413571
693:(24,4)=13.43067607688333
694:(24,5)=70.0
695:(24,6)=70.0
696:(24,7)=22.00064981634149
697:(24,8)=70.0
698:(24,9)=70.0
699:(24,10)=22.713020134701804
700:(24,11)=70.0
701:(24,12)=22.57503460507818
702:(24,13)=21.47767135121947
703:(24,14)=22.856075025173627
704:(24,15)=26.414380491772718
705:(24,16)=27.27779732122241
706:(24,17)=28.378368352455176
707:(24,18)=31.527800114332603
708:(24,19)=30.55544541255417
709:(24,20)=29.803522892759275
710:(24,21)=32.66272828811214
711:(24,22)=70.0
712:(24,23)=35.00437498789871
713:(24,24)=34.397377451329746
714:(24,25)=35.52642756990817
715:(24,26)=36.71537587057321
716:(24,27)=37.90818921077939
717:(24,28)=39.10224671095691
718:(24,29)=40.28536805525601
719:(24,30)=41.30556015256175
720:(25,1)=8.911051452003711
721:(25,2)=70.0
722:(25,3)=11.03875088392557
723:(25,4)=9.42506446409492
724:(25,5)=13.25827550803304
725:(25,6)=70.0
726:(25,7)=15.69457378281486
727:(25,8)=14.203456547717124
728:(25,9)=15.33288307456482
729:(25,10)=16.54966443003765
730:(25,11)=17.769458468927386
731:(25,12)=18.9919059571832
732:(25,13)=20.287210287471282
733:(25,14)=23.73995223577027
734:(25,15)=70.0
735:(25,16)=26.19389941290403
736:(25,17)=27.227105369448736
737:(25,18)=70.0
738:(25,19)=29.467053768801982
739:(25,20)=28.592620367922617
740:(25,21)=29.70177694099064
741:(25,22)=30.879863775558995
742:(25,23)=32.06287897152463
743:(25,24)=33.248510486240626
744:(25,25)=34.43639314028106
745:(25,26)=35.62638196622172
746:(25,27)=36.81839336704628
747:(25,28)=38.012041786401596
748:(25,29)=39.20038637243828
749:(25,30)=40.261337558773015
750:(26,1)=4.63236451406507
751:(26,2)=5.6976630007807785
752:(26,3)=6.9089909917127805
753:(26,4)=8.128491595490933
754:(26,5)=9.348277578766707
755:(26,6)=10.56809381121177
756:(26,7)=11.787940298760722
757:(26,8)=13.007824882749684
758:(26,9)=14.227722442930247
759:(26,10)=15.447516017874808
760:(26,11)=16.667322886552075
761:(26,12)=17.88726311078411
762:(26,13)=19.108118127644534
763:(26,14)=20.328466823977053
764:(26,15)=21.54890112178121
765:(26,16)=22.761067382273673
766:(26,17)=23.93027975355635
767:(26,18)=25.09664505496583
768:(26,19)=26.2668173548252
769:(26,20)=27.440511788229404
770:(26,21)=28.616638439073956
771:(26,22)=29.795695011030716
772:(26,23)=30.977565705882142
773:(26,24)=32.16206802889907
774:(26,25)=33.349023463997895
775:(26,26)=34.5382677253459
776:(26,27)=35.72964547067887
777:(26,28)=36.92288411867201
778:(26,29)=38.114345234986274
779:(26,30)=39.218611826051436
780:(27,1)=3.476971200763999
781:(27,2)=4.590406845017952
782:(27,3)=5.80665829635603
783:(27,4)=7.026440587039486
784:(27,5)=8.246235682112701
785:(27,6)=9.466051914345815
786:(27,7)=10.685898121847046
787:(27,8)=11.90578360298774
788:(27,9)=13.125716646940619
789:(27,10)=14.34570154625209
790:(27,11)=15.565746819945364
791:(27,12)=16.785865587504315
792:(27,13)=18.00609539419403
793:(27,14)=19.226422950455348
794:(27,15)=20.4468562572996
795:(27,16)=21.66740360048401
796:(27,17)=22.85462476401743
797:(27,18)=24.01918650181778
798:(27,19)=25.18767840686752
799:(27,20)=26.359847699019657
800:(27,21)=27.535418345264183
801:(27,22)=28.71417014527161
802:(27,23)=29.89590050171985
803:(27,24)=31.080420407922723
804:(27,25)=32.26755318963383
805:(27,26)=33.457133635286425
806:(27,27)=34.64900436560293
807:(27,28)=35.84293833930556
808:(27,29)=37.03660861906708
809:(27,30)=38.177464318092724
810:(28,1)=2.319858703265133
811:(28,2)=3.484694035581275
812:(28,3)=4.704491378624308
813:(28,4)=5.924430617682431
814:(28,5)=7.144559405916688
815:(28,6)=8.364916365986955
816:(28,7)=9.585532352040197
817:(28,8)=10.806431555785936
818:(28,9)=12.027632424081588
819:(28,10)=13.249148368060098
820:(28,11)=14.470988661212353
821:(28,12)=15.693159267340878
822:(28,13)=16.915664170819305
823:(28,14)=18.138504074860556
824:(28,15)=19.361677620151234
825:(28,16)=20.58518176776975
826:(28,17)=21.79152574487377
827:(28,18)=22.960004015612494
828:(28,19)=24.12958779355798
829:(28,20)=25.303179674018615
830:(28,21)=26.480528952796654
831:(28,22)=27.66140017656422
832:(28,23)=28.845572276369523
833:(28,24)=30.032837663231778
834:(28,25)=31.223001380043975
835:(28,26)=32.415880215328755
836:(28,27)=33.611299289171555
837:(28,28)=34.8090186847163
838:(28,29)=36.00677494494801
839:(28,30)=37.15278238569269
840:(29,1)=1.1609105026211897
841:(29,2)=2.380690290300212
842:(29,3)=3.602627769710649
843:(29,4)=4.826365600374727
844:(29,5)=6.05171773768965
845:(29,6)=7.278517039186344
846:(29,7)=8.506613287639382
847:(29,8)=9.735871427137731
848:(29,9)=10.96616998694095
849:(29,10)=12.197399669849942
850:(29,11)=13.429462097175987
851:(29,12)=14.662268694883515
852:(29,13)=15.89573972303519
853:(29,14)=17.129803348804163
854:(29,15)=18.364394843948347
855:(29,16)=19.592834166441225
856:(29,17)=20.794941055487094
857:(29,18)=21.976886660267375
858:(29,19)=23.155319179743366
859:(29,20)=24.33817012046561
860:(29,21)=25.525134534482994
861:(29,22)=26.715925683172614
862:(29,23)=27.91027422518205
863:(29,24)=29.10792740771177
864:(29,25)=30.308648260876428
865:(29,26)=31.5122147108883
866:(29,27)=32.718416106389455
867:(29,28)=33.926979647490555
868:(29,29)=35.13560369857275
869:(29,30)=36.29122042083801
871:(30,2)=1.278572413554702
872:(30,3)=2.5550525599290084
873:(30,4)=3.8295841593964894
874:(30,5)=5.102298761183094
875:(30,6)=6.37331689005771
876:(30,7)=7.642749077686576
877:(30,8)=8.910696790856033
878:(30,9)=10.177253267292475
879:(30,10)=11.442504268570808
880:(30,11)=12.70652875894955
881:(30,12)=13.969399518092079
882:(30,13)=15.206083033121681
883:(30,14)=16.426495570270156
884:(30,15)=17.649975591005816
885:(30,16)=18.876172693132503
886:(30,17)=20.08210115227756
887:(30,18)=21.28017484366158
888:(30,19)=22.48258935174065
889:(30,20)=23.688951655326594
890:(30,21)=24.898901288369682
891:(30,22)=26.112107829414022
892:(30,23)=27.328268564864892
893:(30,24)=28.54710631625099
894:(30,25)=29.768367419104134
895:(30,26)=30.982127658970434
896:(30,27)=32.17972234345076
897:(30,28)=33.38058300384523
898:(30,29)=34.582346490048664
899:(30,30)=35.73196098513589

Value in the initial state: 69.05120994628552

Time for model checking: 0.975 seconds.

Result: 69.05120994628552

