(started,finish,r1qual,r1taken,r1lastobs,r2qual,r2taken,r2lastobs,x,y)
0:(false,false,false,false,false,false,false,false,0,0)
1:(true,false,false,false,false,false,false,false,0,0)
2:(true,false,false,false,false,false,false,false,0,1)
3:(true,false,false,false,false,false,false,false,0,2)
4:(true,false,false,false,false,false,false,false,0,3)
5:(true,false,false,false,false,false,false,false,0,4)
6:(true,false,false,false,false,false,false,false,1,0)
7:(true,false,false,false,false,false,false,false,1,1)
8:(true,false,false,false,false,false,false,false,1,2)
9:(true,false,false,false,false,false,false,false,1,3)
10:(true,false,false,false,false,false,false,false,1,4)
11:(true,false,false,false,false,false,false,false,2,0)
12:(true,false,false,false,false,false,false,false,2,1)
13:(true,false,false,false,false,false,false,false,2,2)
14:(true,false,false,false,false,false,false,false,2,3)
15:(true,false,false,false,false,false,false,false,2,4)
16:(true,false,false,false,false,false,false,false,3,0)
17:(true,false,false,false,false,false,false,false,3,1)
18:(true,false,false,false,false,false,false,false,3,2)
19:(true,false,false,false,false,false,false,false,3,3)
20:(true,false,false,false,false,false,false,false,3,4)
21:(true,false,false,false,false,false,false,false,4,0)
22:(true,false,false,false,false,false,false,false,4,1)
23:(true,false,false,false,false,false,false,false,4,2)
24:(true,false,false,false,false,false,false,false,4,3)
25:(true,false,false,false,false,false,false,false,4,4)
26:(true,false,false,false,false,false,false,true,0,0)
27:(true,false,false,false,false,false,false,true,0,1)
28:(true,false,false,false,false,false,false,true,0,2)
29:(true,false,false,false,false,false,false,true,0,3)
30:(true,false,false,false,false,false,false,true,0,4)
31:(true,false,false,false,false,false,false,true,1,0)
32:(true,false,false,false,false,false,false,true,1,1)
33:(true,false,false,false,false,false,false,true,1,3)
34:(true,false,false,false,false,false,false,true,1,4)
35:(true,false,false,false,false,false,false,true,2,0)
36:(true,false,false,false,false,false,false,true,2,1)
37:(true,false,false,false,false,false,false,true,2,2)
38:(true,false,false,false,false,false,false,true,2,3)
39:(true,false,false,false,false,false,false,true,2,4)
40:(true,false,false,false,false,false,false,true,3,0)
41:(true,false,false,false,false,false,false,true,3,1)
42:(true,false,false,false,false,false,false,true,3,2)
43:(true,false,false,false,false,false,false,true,3,3)
44:(true,false,false,false,false,false,false,true,3,4)
45:(true,false,false,false,false,false,false,true,4,0)
46:(true,false,false,false,false,false,false,true,4,1)
47:(true,false,false,false,false,false,false,true,4,2)
48:(true,false,false,false,false,false,false,true,4,3)
49:(true,false,false,false,false,false,false,true,4,4)
50:(true,false,false,false,false,false,true,false,0,0)
51:(true,false,false,false,false,false,true,false,0,1)
52:(true,false,false,false,false,false,true,false,0,2)
53:(true,false,false,false,false,false,true,false,0,3)
54:(true,false,false,false,false,false,true,false,0,4)
55:(true,false,false,false,false,false,true,false,1,0)
56:(true,false,false,false,false,false,true,false,1,1)
57:(true,false,false,false,false,false,true,false,1,2)
58:(true,false,false,false,false,false,true,false,1,3)
59:(true,false,false,false,false,false,true,false,1,4)
60:(true,false,false,false,false,false,true,false,2,0)
61:(true,false,false,false,false,false,true,false,2,1)
62:(true,false,false,false,false,false,true,false,2,2)
63:(true,false,false,false,false,false,true,false,2,3)
64:(true,false,false,false,false,false,true,false,2,4)
65:(true,false,false,false,false,false,true,false,3,0)
66:(true,false,false,false,false,false,true,false,3,1)
67:(true,false,false,false,false,false,true,false,3,2)
68:(true,false,false,false,false,false,true,false,3,3)
69:(true,false,false,false,false,false,true,false,3,4)
70:(true,false,false,false,false,false,true,false,4,0)
71:(true,false,false,false,false,false,true,false,4,1)
72:(true,false,false,false,false,false,true,false,4,2)
73:(true,false,false,false,false,false,true,false,4,3)
74:(true,false,false,false,false,false,true,false,4,4)
75:(true,false,false,false,false,true,false,false,0,0)
76:(true,false,false,false,false,true,false,false,0,1)
77:(true,false,false,false,false,true,false,false,0,2)
78:(true,false,false,false,false,true,false,false,0,3)
79:(true,false,false,false,false,true,false,false,0,4)
80:(true,false,false,false,false,true,false,false,1,0)
81:(true,false,false,false,false,true,false,false,1,1)
82:(true,false,false,false,false,true,false,false,1,2)
83:(true,false,false,false,false,true,false,false,1,3)
84:(true,false,false,false,false,true,false,false,1,4)
85:(true,false,false,false,false,true,false,false,2,0)
86:(true,false,false,false,false,true,false,false,2,1)
87:(true,false,false,false,false,true,false,false,2,2)
88:(true,false,false,false,false,true,false,false,2,3)
89:(true,false,false,false,false,true,false,false,2,4)
90:(true,false,false,false,false,true,false,false,3,0)
91:(true,false,false,false,false,true,false,false,3,1)
92:(true,false,false,false,false,true,false,false,3,2)
93:(true,false,false,false,false,true,false,false,3,3)
94:(true,false,false,false,false,true,false,false,3,4)
95:(true,false,false,false,false,true,false,false,4,0)
96:(true,false,false,false,false,true,false,false,4,1)
97:(true,false,false,false,false,true,false,false,4,2)
98:(true,false,false,false,false,true,false,false,4,3)
99:(true,false,false,false,false,true,false,false,4,4)
100:(true,false,false,false,false,true,false,true,0,0)
101:(true,false,false,false,false,true,false,true,0,1)
102:(true,false,false,false,false,true,false,true,0,2)
103:(true,false,false,false,false,true,false,true,0,3)
104:(true,false,false,false,false,true,false,true,0,4)
105:(true,false,false,false,false,true,false,true,1,0)
106:(true,false,false,false,false,true,false,true,1,1)
107:(true,false,false,false,false,true,false,true,1,2)
108:(true,false,false,false,false,true,false,true,1,3)
109:(true,false,false,false,false,true,false,true,1,4)
110:(true,false,false,false,false,true,false,true,2,0)
111:(true,false,false,false,false,true,false,true,2,1)
112:(true,false,false,false,false,true,false,true,2,2)
113:(true,false,false,false,false,true,false,true,2,3)
114:(true,false,false,false,false,true,false,true,2,4)
115:(true,false,false,false,false,true,false,true,3,0)
116:(true,false,false,false,false,true,false,true,3,1)
117:(true,false,false,false,false,true,false,true,3,2)
118:(true,false,false,false,false,true,false,true,3,3)
119:(true,false,false,false,false,true,false,true,3,4)
120:(true,false,false,false,false,true,false,true,4,0)
121:(true,false,false,false,false,true,false,true,4,1)
122:(true,false,false,false,false,true,false,true,4,2)
123:(true,false,false,false,false,true,false,true,4,3)
124:(true,false,false,false,false,true,false,true,4,4)
125:(true,false,false,false,false,true,true,false,0,0)
126:(true,false,false,false,false,true,true,false,0,1)
127:(true,false,false,false,false,true,true,false,0,2)
128:(true,false,false,false,false,true,true,false,0,3)
129:(true,false,false,false,false,true,true,false,0,4)
130:(true,false,false,false,false,true,true,false,1,0)
131:(true,false,false,false,false,true,true,false,1,1)
132:(true,false,false,false,false,true,true,false,1,2)
133:(true,false,false,false,false,true,true,false,1,3)
134:(true,false,false,false,false,true,true,false,1,4)
135:(true,false,false,false,false,true,true,false,2,0)
136:(true,false,false,false,false,true,true,false,2,1)
137:(true,false,false,false,false,true,true,false,2,2)
138:(true,false,false,false,false,true,true,false,2,3)
139:(true,false,false,false,false,true,true,false,2,4)
140:(true,false,false,false,false,true,true,false,3,0)
141:(true,false,false,false,false,true,true,false,3,1)
142:(true,false,false,false,false,true,true,false,3,2)
143:(true,false,false,false,false,true,true,false,3,3)
144:(true,false,false,false,false,true,true,false,3,4)
145:(true,false,false,false,false,true,true,false,4,0)
146:(true,false,false,false,false,true,true,false,4,1)
147:(true,false,false,false,false,true,true,false,4,2)
148:(true,false,false,false,false,true,true,false,4,3)
149:(true,false,false,false,false,true,true,false,4,4)
150:(true,false,false,false,false,true,true,true,1,2)
151:(true,false,false,false,true,false,false,false,0,0)
152:(true,false,false,false,true,false,false,false,0,1)
153:(true,false,false,false,true,false,false,false,0,2)
154:(true,false,false,false,true,false,false,false,0,3)
155:(true,false,false,false,true,false,false,false,0,4)
156:(true,false,false,false,true,false,false,false,1,0)
157:(true,false,false,false,true,false,false,false,1,1)
158:(true,false,false,false,true,false,false,false,1,2)
159:(true,false,false,false,true,false,false,false,1,3)
160:(true,false,false,false,true,false,false,false,1,4)
161:(true,false,false,false,true,false,false,false,2,0)
162:(true,false,false,false,true,false,false,false,2,1)
163:(true,false,false,false,true,false,false,false,2,3)
164:(true,false,false,false,true,false,false,false,2,4)
165:(true,false,false,false,true,false,false,false,3,0)
166:(true,false,false,false,true,false,false,false,3,1)
167:(true,false,false,false,true,false,false,false,3,2)
168:(true,false,false,false,true,false,false,false,3,3)
169:(true,false,false,false,true,false,false,false,3,4)
170:(true,false,false,false,true,false,false,false,4,0)
171:(true,false,false,false,true,false,false,false,4,1)
172:(true,false,false,false,true,false,false,false,4,2)
173:(true,false,false,false,true,false,false,false,4,3)
174:(true,false,false,false,true,false,false,false,4,4)
175:(true,false,false,false,true,false,false,true,0,0)
176:(true,false,false,false,true,false,false,true,0,1)
177:(true,false,false,false,true,false,false,true,0,2)
178:(true,false,false,false,true,false,false,true,0,3)
179:(true,false,false,false,true,false,false,true,0,4)
180:(true,false,false,false,true,false,false,true,1,0)
181:(true,false,false,false,true,false,false,true,1,1)
182:(true,false,false,false,true,false,false,true,1,3)
183:(true,false,false,false,true,false,false,true,1,4)
184:(true,false,false,false,true,false,false,true,2,0)
185:(true,false,false,false,true,false,false,true,2,1)
186:(true,false,false,false,true,false,false,true,2,3)
187:(true,false,false,false,true,false,false,true,2,4)
188:(true,false,false,false,true,false,false,true,3,0)
189:(true,false,false,false,true,false,false,true,3,1)
190:(true,false,false,false,true,false,false,true,3,2)
191:(true,false,false,false,true,false,false,true,3,3)
192:(true,false,false,false,true,false,false,true,3,4)
193:(true,false,false,false,true,false,false,true,4,0)
194:(true,false,false,false,true,false,false,true,4,1)
195:(true,false,false,false,true,false,false,true,4,2)
196:(true,false,false,false,true,false,false,true,4,3)
197:(true,false,false,false,true,false,false,true,4,4)
198:(true,false,false,false,true,false,true,false,0,0)
199:(true,false,false,false,true,false,true,false,0,1)
200:(true,false,false,false,true,false,true,false,0,2)
201:(true,false,false,false,true,false,true,false,0,3)
202:(true,false,false,false,true,false,true,false,0,4)
203:(true,false,false,false,true,false,true,false,1,0)
204:(true,false,false,false,true,false,true,false,1,1)
205:(true,false,false,false,true,false,true,false,1,2)
206:(true,false,false,false,true,false,true,false,1,3)
207:(true,false,false,false,true,false,true,false,1,4)
208:(true,false,false,false,true,false,true,false,2,0)
209:(true,false,false,false,true,false,true,false,2,1)
210:(true,false,false,false,true,false,true,false,2,3)
211:(true,false,false,false,true,false,true,false,2,4)
212:(true,false,false,false,true,false,true,false,3,0)
213:(true,false,false,false,true,false,true,false,3,1)
214:(true,false,false,false,true,false,true,false,3,2)
215:(true,false,false,false,true,false,true,false,3,3)
216:(true,false,false,false,true,false,true,false,3,4)
217:(true,false,false,false,true,false,true,false,4,0)
218:(true,false,false,false,true,false,true,false,4,1)
219:(true,false,false,false,true,false,true,false,4,2)
220:(true,false,false,false,true,false,true,false,4,3)
221:(true,false,false,false,true,false,true,false,4,4)
222:(true,false,false,false,true,true,false,false,0,0)
223:(true,false,false,false,true,true,false,false,0,1)
224:(true,false,false,false,true,true,false,false,0,2)
225:(true,false,false,false,true,true,false,false,0,3)
226:(true,false,false,false,true,true,false,false,0,4)
227:(true,false,false,false,true,true,false,false,1,0)
228:(true,false,false,false,true,true,false,false,1,1)
229:(true,false,false,false,true,true,false,false,1,2)
230:(true,false,false,false,true,true,false,false,1,3)
231:(true,false,false,false,true,true,false,false,1,4)
232:(true,false,false,false,true,true,false,false,2,0)
233:(true,false,false,false,true,true,false,false,2,1)
234:(true,false,false,false,true,true,false,false,2,3)
235:(true,false,false,false,true,true,false,false,2,4)
236:(true,false,false,false,true,true,false,false,3,0)
237:(true,false,false,false,true,true,false,false,3,1)
238:(true,false,false,false,true,true,false,false,3,2)
239:(true,false,false,false,true,true,false,false,3,3)
240:(true,false,false,false,true,true,false,false,3,4)
241:(true,false,false,false,true,true,false,false,4,0)
242:(true,false,false,false,true,true,false,false,4,1)
243:(true,false,false,false,true,true,false,false,4,2)
244:(true,false,false,false,true,true,false,false,4,3)
245:(true,false,false,false,true,true,false,false,4,4)
246:(true,false,false,false,true,true,false,true,0,0)
247:(true,false,false,false,true,true,false,true,0,1)
248:(true,false,false,false,true,true,false,true,0,2)
249:(true,false,false,false,true,true,false,true,0,3)
250:(true,false,false,false,true,true,false,true,0,4)
251:(true,false,false,false,true,true,false,true,1,0)
252:(true,false,false,false,true,true,false,true,1,1)
253:(true,false,false,false,true,true,false,true,1,2)
254:(true,false,false,false,true,true,false,true,1,3)
255:(true,false,false,false,true,true,false,true,1,4)
256:(true,false,false,false,true,true,false,true,2,0)
257:(true,false,false,false,true,true,false,true,2,1)
258:(true,false,false,false,true,true,false,true,2,3)
259:(true,false,false,false,true,true,false,true,2,4)
260:(true,false,false,false,true,true,false,true,3,0)
261:(true,false,false,false,true,true,false,true,3,1)
262:(true,false,false,false,true,true,false,true,3,2)
263:(true,false,false,false,true,true,false,true,3,3)
264:(true,false,false,false,true,true,false,true,3,4)
265:(true,false,false,false,true,true,false,true,4,0)
266:(true,false,false,false,true,true,false,true,4,1)
267:(true,false,false,false,true,true,false,true,4,2)
268:(true,false,false,false,true,true,false,true,4,3)
269:(true,false,false,false,true,true,false,true,4,4)
270:(true,false,false,false,true,true,true,false,0,0)
271:(true,false,false,false,true,true,true,false,0,1)
272:(true,false,false,false,true,true,true,false,0,2)
273:(true,false,false,false,true,true,true,false,0,3)
274:(true,false,false,false,true,true,true,false,0,4)
275:(true,false,false,false,true,true,true,false,1,0)
276:(true,false,false,false,true,true,true,false,1,1)
277:(true,false,false,false,true,true,true,false,1,2)
278:(true,false,false,false,true,true,true,false,1,3)
279:(true,false,false,false,true,true,true,false,1,4)
280:(true,false,false,false,true,true,true,false,2,0)
281:(true,false,false,false,true,true,true,false,2,1)
282:(true,false,false,false,true,true,true,false,2,3)
283:(true,false,false,false,true,true,true,false,2,4)
284:(true,false,false,false,true,true,true,false,3,0)
285:(true,false,false,false,true,true,true,false,3,1)
286:(true,false,false,false,true,true,true,false,3,2)
287:(true,false,false,false,true,true,true,false,3,3)
288:(true,false,false,false,true,true,true,false,3,4)
289:(true,false,false,false,true,true,true,false,4,0)
290:(true,false,false,false,true,true,true,false,4,1)
291:(true,false,false,false,true,true,true,false,4,2)
292:(true,false,false,false,true,true,true,false,4,3)
293:(true,false,false,false,true,true,true,false,4,4)
294:(true,false,false,false,true,true,true,true,1,2)
295:(true,false,false,true,false,false,false,false,0,0)
296:(true,false,false,true,false,false,false,false,0,1)
297:(true,false,false,true,false,false,false,false,0,2)
298:(true,false,false,true,false,false,false,false,0,3)
299:(true,false,false,true,false,false,false,false,0,4)
300:(true,false,false,true,false,false,false,false,1,0)
301:(true,false,false,true,false,false,false,false,1,1)
302:(true,false,false,true,false,false,false,false,1,2)
303:(true,false,false,true,false,false,false,false,1,3)
304:(true,false,false,true,false,false,false,false,1,4)
305:(true,false,false,true,false,false,false,false,2,0)
306:(true,false,false,true,false,false,false,false,2,1)
307:(true,false,false,true,false,false,false,false,2,2)
308:(true,false,false,true,false,false,false,false,2,3)
309:(true,false,false,true,false,false,false,false,2,4)
310:(true,false,false,true,false,false,false,false,3,0)
311:(true,false,false,true,false,false,false,false,3,1)
312:(true,false,false,true,false,false,false,false,3,2)
313:(true,false,false,true,false,false,false,false,3,3)
314:(true,false,false,true,false,false,false,false,3,4)
315:(true,false,false,true,false,false,false,false,4,0)
316:(true,false,false,true,false,false,false,false,4,1)
317:(true,false,false,true,false,false,false,false,4,2)
318:(true,false,false,true,false,false,false,false,4,3)
319:(true,false,false,true,false,false,false,false,4,4)
320:(true,false,false,true,false,false,false,true,0,0)
321:(true,false,false,true,false,false,false,true,0,1)
322:(true,false,false,true,false,false,false,true,0,2)
323:(true,false,false,true,false,false,false,true,0,3)
324:(true,false,false,true,false,false,false,true,0,4)
325:(true,false,false,true,false,false,false,true,1,0)
326:(true,false,false,true,false,false,false,true,1,1)
327:(true,false,false,true,false,false,false,true,1,3)
328:(true,false,false,true,false,false,false,true,1,4)
329:(true,false,false,true,false,false,false,true,2,0)
330:(true,false,false,true,false,false,false,true,2,1)
331:(true,false,false,true,false,false,false,true,2,2)
332:(true,false,false,true,false,false,false,true,2,3)
333:(true,false,false,true,false,false,false,true,2,4)
334:(true,false,false,true,false,false,false,true,3,0)
335:(true,false,false,true,false,false,false,true,3,1)
336:(true,false,false,true,false,false,false,true,3,2)
337:(true,false,false,true,false,false,false,true,3,3)
338:(true,false,false,true,false,false,false,true,3,4)
339:(true,false,false,true,false,false,false,true,4,0)
340:(true,false,false,true,false,false,false,true,4,1)
341:(true,false,false,true,false,false,false,true,4,2)
342:(true,false,false,true,false,false,false,true,4,3)
343:(true,false,false,true,false,false,false,true,4,4)
344:(true,false,false,true,false,false,true,false,0,0)
345:(true,false,false,true,false,false,true,false,0,1)
346:(true,false,false,true,false,false,true,false,0,2)
347:(true,false,false,true,false,false,true,false,0,3)
348:(true,false,false,true,false,false,true,false,0,4)
349:(true,false,false,true,false,false,true,false,1,0)
350:(true,false,false,true,false,false,true,false,1,1)
351:(true,false,false,true,false,false,true,false,1,2)
352:(true,false,false,true,false,false,true,false,1,3)
353:(true,false,false,true,false,false,true,false,1,4)
354:(true,false,false,true,false,false,true,false,2,0)
355:(true,false,false,true,false,false,true,false,2,1)
356:(true,false,false,true,false,false,true,false,2,2)
357:(true,false,false,true,false,false,true,false,2,3)
358:(true,false,false,true,false,false,true,false,2,4)
359:(true,false,false,true,false,false,true,false,3,0)
360:(true,false,false,true,false,false,true,false,3,1)
361:(true,false,false,true,false,false,true,false,3,2)
362:(true,false,false,true,false,false,true,false,3,3)
363:(true,false,false,true,false,false,true,false,3,4)
364:(true,false,false,true,false,false,true,false,4,0)
365:(true,false,false,true,false,false,true,false,4,1)
366:(true,false,false,true,false,false,true,false,4,2)
367:(true,false,false,true,false,false,true,false,4,3)
368:(true,false,false,true,false,false,true,false,4,4)
369:(true,false,false,true,false,true,false,false,0,0)
370:(true,false,false,true,false,true,false,false,0,1)
371:(true,false,false,true,false,true,false,false,0,2)
372:(true,false,false,true,false,true,false,false,0,3)
373:(true,false,false,true,false,true,false,false,0,4)
374:(true,false,false,true,false,true,false,false,1,0)
375:(true,false,false,true,false,true,false,false,1,1)
376:(true,false,false,true,false,true,false,false,1,2)
377:(true,false,false,true,false,true,false,false,1,3)
378:(true,false,false,true,false,true,false,false,1,4)
379:(true,false,false,true,false,true,false,false,2,0)
380:(true,false,false,true,false,true,false,false,2,1)
381:(true,false,false,true,false,true,false,false,2,2)
382:(true,false,false,true,false,true,false,false,2,3)
383:(true,false,false,true,false,true,false,false,2,4)
384:(true,false,false,true,false,true,false,false,3,0)
385:(true,false,false,true,false,true,false,false,3,1)
386:(true,false,false,true,false,true,false,false,3,2)
387:(true,false,false,true,false,true,false,false,3,3)
388:(true,false,false,true,false,true,false,false,3,4)
389:(true,false,false,true,false,true,false,false,4,0)
390:(true,false,false,true,false,true,false,false,4,1)
391:(true,false,false,true,false,true,false,false,4,2)
392:(true,false,false,true,false,true,false,false,4,3)
393:(true,false,false,true,false,true,false,false,4,4)
394:(true,false,false,true,false,true,false,true,0,0)
395:(true,false,false,true,false,true,false,true,0,1)
396:(true,false,false,true,false,true,false,true,0,2)
397:(true,false,false,true,false,true,false,true,0,3)
398:(true,false,false,true,false,true,false,true,0,4)
399:(true,false,false,true,false,true,false,true,1,0)
400:(true,false,false,true,false,true,false,true,1,1)
401:(true,false,false,true,false,true,false,true,1,2)
402:(true,false,false,true,false,true,false,true,1,3)
403:(true,false,false,true,false,true,false,true,1,4)
404:(true,false,false,true,false,true,false,true,2,0)
405:(true,false,false,true,false,true,false,true,2,1)
406:(true,false,false,true,false,true,false,true,2,2)
407:(true,false,false,true,false,true,false,true,2,3)
408:(true,false,false,true,false,true,false,true,2,4)
409:(true,false,false,true,false,true,false,true,3,0)
410:(true,false,false,true,false,true,false,true,3,1)
411:(true,false,false,true,false,true,false,true,3,2)
412:(true,false,false,true,false,true,false,true,3,3)
413:(true,false,false,true,false,true,false,true,3,4)
414:(true,false,false,true,false,true,false,true,4,0)
415:(true,false,false,true,false,true,false,true,4,1)
416:(true,false,false,true,false,true,false,true,4,2)
417:(true,false,false,true,false,true,false,true,4,3)
418:(true,false,false,true,false,true,false,true,4,4)
419:(true,false,false,true,false,true,true,false,0,0)
420:(true,false,false,true,false,true,true,false,0,1)
421:(true,false,false,true,false,true,true,false,0,2)
422:(true,false,false,true,false,true,true,false,0,3)
423:(true,false,false,true,false,true,true,false,0,4)
424:(true,false,false,true,false,true,true,false,1,0)
425:(true,false,false,true,false,true,true,false,1,1)
426:(true,false,false,true,false,true,true,false,1,2)
427:(true,false,false,true,false,true,true,false,1,3)
428:(true,false,false,true,false,true,true,false,1,4)
429:(true,false,false,true,false,true,true,false,2,0)
430:(true,false,false,true,false,true,true,false,2,1)
431:(true,false,false,true,false,true,true,false,2,2)
432:(true,false,false,true,false,true,true,false,2,3)
433:(true,false,false,true,false,true,true,false,2,4)
434:(true,false,false,true,false,true,true,false,3,0)
435:(true,false,false,true,false,true,true,false,3,1)
436:(true,false,false,true,false,true,true,false,3,2)
437:(true,false,false,true,false,true,true,false,3,3)
438:(true,false,false,true,false,true,true,false,3,4)
439:(true,false,false,true,false,true,true,false,4,0)
440:(true,false,false,true,false,true,true,false,4,1)
441:(true,false,false,true,false,true,true,false,4,2)
442:(true,false,false,true,false,true,true,false,4,3)
443:(true,false,false,true,false,true,true,false,4,4)
444:(true,false,false,true,false,true,true,true,1,2)
445:(true,false,true,false,false,false,false,false,0,0)
446:(true,false,true,false,false,false,false,false,0,1)
447:(true,false,true,false,false,false,false,false,0,2)
448:(true,false,true,false,false,false,false,false,0,3)
449:(true,false,true,false,false,false,false,false,0,4)
450:(true,false,true,false,false,false,false,false,1,0)
451:(true,false,true,false,false,false,false,false,1,1)
452:(true,false,true,false,false,false,false,false,1,2)
453:(true,false,true,false,false,false,false,false,1,3)
454:(true,false,true,false,false,false,false,false,1,4)
455:(true,false,true,false,false,false,false,false,2,0)
456:(true,false,true,false,false,false,false,false,2,1)
457:(true,false,true,false,false,false,false,false,2,2)
458:(true,false,true,false,false,false,false,false,2,3)
459:(true,false,true,false,false,false,false,false,2,4)
460:(true,false,true,false,false,false,false,false,3,0)
461:(true,false,true,false,false,false,false,false,3,1)
462:(true,false,true,false,false,false,false,false,3,2)
463:(true,false,true,false,false,false,false,false,3,3)
464:(true,false,true,false,false,false,false,false,3,4)
465:(true,false,true,false,false,false,false,false,4,0)
466:(true,false,true,false,false,false,false,false,4,1)
467:(true,false,true,false,false,false,false,false,4,2)
468:(true,false,true,false,false,false,false,false,4,3)
469:(true,false,true,false,false,false,false,false,4,4)
470:(true,false,true,false,false,false,false,true,0,0)
471:(true,false,true,false,false,false,false,true,0,1)
472:(true,false,true,false,false,false,false,true,0,2)
473:(true,false,true,false,false,false,false,true,0,3)
474:(true,false,true,false,false,false,false,true,0,4)
475:(true,false,true,false,false,false,false,true,1,0)
476:(true,false,true,false,false,false,false,true,1,1)
477:(true,false,true,false,false,false,false,true,1,3)
478:(true,false,true,false,false,false,false,true,1,4)
479:(true,false,true,false,false,false,false,true,2,0)
480:(true,false,true,false,false,false,false,true,2,1)
481:(true,false,true,false,false,false,false,true,2,2)
482:(true,false,true,false,false,false,false,true,2,3)
483:(true,false,true,false,false,false,false,true,2,4)
484:(true,false,true,false,false,false,false,true,3,0)
485:(true,false,true,false,false,false,false,true,3,1)
486:(true,false,true,false,false,false,false,true,3,2)
487:(true,false,true,false,false,false,false,true,3,3)
488:(true,false,true,false,false,false,false,true,3,4)
489:(true,false,true,false,false,false,false,true,4,0)
490:(true,false,true,false,false,false,false,true,4,1)
491:(true,false,true,false,false,false,false,true,4,2)
492:(true,false,true,false,false,false,false,true,4,3)
493:(true,false,true,false,false,false,false,true,4,4)
494:(true,false,true,false,false,false,true,false,0,0)
495:(true,false,true,false,false,false,true,false,0,1)
496:(true,false,true,false,false,false,true,false,0,2)
497:(true,false,true,false,false,false,true,false,0,3)
498:(true,false,true,false,false,false,true,false,0,4)
499:(true,false,true,false,false,false,true,false,1,0)
500:(true,false,true,false,false,false,true,false,1,1)
501:(true,false,true,false,false,false,true,false,1,2)
502:(true,false,true,false,false,false,true,false,1,3)
503:(true,false,true,false,false,false,true,false,1,4)
504:(true,false,true,false,false,false,true,false,2,0)
505:(true,false,true,false,false,false,true,false,2,1)
506:(true,false,true,false,false,false,true,false,2,2)
507:(true,false,true,false,false,false,true,false,2,3)
508:(true,false,true,false,false,false,true,false,2,4)
509:(true,false,true,false,false,false,true,false,3,0)
510:(true,false,true,false,false,false,true,false,3,1)
511:(true,false,true,false,false,false,true,false,3,2)
512:(true,false,true,false,false,false,true,false,3,3)
513:(true,false,true,false,false,false,true,false,3,4)
514:(true,false,true,false,false,false,true,false,4,0)
515:(true,false,true,false,false,false,true,false,4,1)
516:(true,false,true,false,false,false,true,false,4,2)
517:(true,false,true,false,false,false,true,false,4,3)
518:(true,false,true,false,false,false,true,false,4,4)
519:(true,false,true,false,false,true,false,false,0,0)
520:(true,false,true,false,false,true,false,false,0,1)
521:(true,false,true,false,false,true,false,false,0,2)
522:(true,false,true,false,false,true,false,false,0,3)
523:(true,false,true,false,false,true,false,false,0,4)
524:(true,false,true,false,false,true,false,false,1,0)
525:(true,false,true,false,false,true,false,false,1,1)
526:(true,false,true,false,false,true,false,false,1,2)
527:(true,false,true,false,false,true,false,false,1,3)
528:(true,false,true,false,false,true,false,false,1,4)
529:(true,false,true,false,false,true,false,false,2,0)
530:(true,false,true,false,false,true,false,false,2,1)
531:(true,false,true,false,false,true,false,false,2,2)
532:(true,false,true,false,false,true,false,false,2,3)
533:(true,false,true,false,false,true,false,false,2,4)
534:(true,false,true,false,false,true,false,false,3,0)
535:(true,false,true,false,false,true,false,false,3,1)
536:(true,false,true,false,false,true,false,false,3,2)
537:(true,false,true,false,false,true,false,false,3,3)
538:(true,false,true,false,false,true,false,false,3,4)
539:(true,false,true,false,false,true,false,false,4,0)
540:(true,false,true,false,false,true,false,false,4,1)
541:(true,false,true,false,false,true,false,false,4,2)
542:(true,false,true,false,false,true,false,false,4,3)
543:(true,false,true,false,false,true,false,false,4,4)
544:(true,false,true,false,false,true,false,true,0,0)
545:(true,false,true,false,false,true,false,true,0,1)
546:(true,false,true,false,false,true,false,true,0,2)
547:(true,false,true,false,false,true,false,true,0,3)
548:(true,false,true,false,false,true,false,true,0,4)
549:(true,false,true,false,false,true,false,true,1,0)
550:(true,false,true,false,false,true,false,true,1,1)
551:(true,false,true,false,false,true,false,true,1,2)
552:(true,false,true,false,false,true,false,true,1,3)
553:(true,false,true,false,false,true,false,true,1,4)
554:(true,false,true,false,false,true,false,true,2,0)
555:(true,false,true,false,false,true,false,true,2,1)
556:(true,false,true,false,false,true,false,true,2,2)
557:(true,false,true,false,false,true,false,true,2,3)
558:(true,false,true,false,false,true,false,true,2,4)
559:(true,false,true,false,false,true,false,true,3,0)
560:(true,false,true,false,false,true,false,true,3,1)
561:(true,false,true,false,false,true,false,true,3,2)
562:(true,false,true,false,false,true,false,true,3,3)
563:(true,false,true,false,false,true,false,true,3,4)
564:(true,false,true,false,false,true,false,true,4,0)
565:(true,false,true,false,false,true,false,true,4,1)
566:(true,false,true,false,false,true,false,true,4,2)
567:(true,false,true,false,false,true,false,true,4,3)
568:(true,false,true,false,false,true,false,true,4,4)
569:(true,false,true,false,false,true,true,false,0,0)
570:(true,false,true,false,false,true,true,false,0,1)
571:(true,false,true,false,false,true,true,false,0,2)
572:(true,false,true,false,false,true,true,false,0,3)
573:(true,false,true,false,false,true,true,false,0,4)
574:(true,false,true,false,false,true,true,false,1,0)
575:(true,false,true,false,false,true,true,false,1,1)
576:(true,false,true,false,false,true,true,false,1,2)
577:(true,false,true,false,false,true,true,false,1,3)
578:(true,false,true,false,false,true,true,false,1,4)
579:(true,false,true,false,false,true,true,false,2,0)
580:(true,false,true,false,false,true,true,false,2,1)
581:(true,false,true,false,false,true,true,false,2,2)
582:(true,false,true,false,false,true,true,false,2,3)
583:(true,false,true,false,false,true,true,false,2,4)
584:(true,false,true,false,false,true,true,false,3,0)
585:(true,false,true,false,false,true,true,false,3,1)
586:(true,false,true,false,false,true,true,false,3,2)
587:(true,false,true,false,false,true,true,false,3,3)
588:(true,false,true,false,false,true,true,false,3,4)
589:(true,false,true,false,false,true,true,false,4,0)
590:(true,false,true,false,false,true,true,false,4,1)
591:(true,false,true,false,false,true,true,false,4,2)
592:(true,false,true,false,false,true,true,false,4,3)
593:(true,false,true,false,false,true,true,false,4,4)
594:(true,false,true,false,false,true,true,true,1,2)
595:(true,false,true,false,true,false,false,false,0,0)
596:(true,false,true,false,true,false,false,false,0,1)
597:(true,false,true,false,true,false,false,false,0,2)
598:(true,false,true,false,true,false,false,false,0,3)
599:(true,false,true,false,true,false,false,false,0,4)
600:(true,false,true,false,true,false,false,false,1,0)
601:(true,false,true,false,true,false,false,false,1,1)
602:(true,false,true,false,true,false,false,false,1,2)
603:(true,false,true,false,true,false,false,false,1,3)
604:(true,false,true,false,true,false,false,false,1,4)
605:(true,false,true,false,true,false,false,false,2,0)
606:(true,false,true,false,true,false,false,false,2,1)
607:(true,false,true,false,true,false,false,false,2,2)
608:(true,false,true,false,true,false,false,false,2,3)
609:(true,false,true,false,true,false,false,false,2,4)
610:(true,false,true,false,true,false,false,false,3,0)
611:(true,false,true,false,true,false,false,false,3,1)
612:(true,false,true,false,true,false,false,false,3,2)
613:(true,false,true,false,true,false,false,false,3,3)
614:(true,false,true,false,true,false,false,false,3,4)
615:(true,false,true,false,true,false,false,false,4,0)
616:(true,false,true,false,true,false,false,false,4,1)
617:(true,false,true,false,true,false,false,false,4,2)
618:(true,false,true,false,true,false,false,false,4,3)
619:(true,false,true,false,true,false,false,false,4,4)
620:(true,false,true,false,true,false,false,true,0,0)
621:(true,false,true,false,true,false,false,true,0,1)
622:(true,false,true,false,true,false,false,true,0,2)
623:(true,false,true,false,true,false,false,true,0,3)
624:(true,false,true,false,true,false,false,true,0,4)
625:(true,false,true,false,true,false,false,true,1,0)
626:(true,false,true,false,true,false,false,true,1,1)
627:(true,false,true,false,true,false,false,true,1,3)
628:(true,false,true,false,true,false,false,true,1,4)
629:(true,false,true,false,true,false,false,true,2,0)
630:(true,false,true,false,true,false,false,true,2,1)
631:(true,false,true,false,true,false,false,true,2,2)
632:(true,false,true,false,true,false,false,true,2,3)
633:(true,false,true,false,true,false,false,true,2,4)
634:(true,false,true,false,true,false,false,true,3,0)
635:(true,false,true,false,true,false,false,true,3,1)
636:(true,false,true,false,true,false,false,true,3,2)
637:(true,false,true,false,true,false,false,true,3,3)
638:(true,false,true,false,true,false,false,true,3,4)
639:(true,false,true,false,true,false,false,true,4,0)
640:(true,false,true,false,true,false,false,true,4,1)
641:(true,false,true,false,true,false,false,true,4,2)
642:(true,false,true,false,true,false,false,true,4,3)
643:(true,false,true,false,true,false,false,true,4,4)
644:(true,false,true,false,true,false,true,false,0,0)
645:(true,false,true,false,true,false,true,false,0,1)
646:(true,false,true,false,true,false,true,false,0,2)
647:(true,false,true,false,true,false,true,false,0,3)
648:(true,false,true,false,true,false,true,false,0,4)
649:(true,false,true,false,true,false,true,false,1,0)
650:(true,false,true,false,true,false,true,false,1,1)
651:(true,false,true,false,true,false,true,false,1,2)
652:(true,false,true,false,true,false,true,false,1,3)
653:(true,false,true,false,true,false,true,false,1,4)
654:(true,false,true,false,true,false,true,false,2,0)
655:(true,false,true,false,true,false,true,false,2,1)
656:(true,false,true,false,true,false,true,false,2,2)
657:(true,false,true,false,true,false,true,false,2,3)
658:(true,false,true,false,true,false,true,false,2,4)
659:(true,false,true,false,true,false,true,false,3,0)
660:(true,false,true,false,true,false,true,false,3,1)
661:(true,false,true,false,true,false,true,false,3,2)
662:(true,false,true,false,true,false,true,false,3,3)
663:(true,false,true,false,true,false,true,false,3,4)
664:(true,false,true,false,true,false,true,false,4,0)
665:(true,false,true,false,true,false,true,false,4,1)
666:(true,false,true,false,true,false,true,false,4,2)
667:(true,false,true,false,true,false,true,false,4,3)
668:(true,false,true,false,true,false,true,false,4,4)
669:(true,false,true,false,true,true,false,false,0,0)
670:(true,false,true,false,true,true,false,false,0,1)
671:(true,false,true,false,true,true,false,false,0,2)
672:(true,false,true,false,true,true,false,false,0,3)
673:(true,false,true,false,true,true,false,false,0,4)
674:(true,false,true,false,true,true,false,false,1,0)
675:(true,false,true,false,true,true,false,false,1,1)
676:(true,false,true,false,true,true,false,false,1,2)
677:(true,false,true,false,true,true,false,false,1,3)
678:(true,false,true,false,true,true,false,false,1,4)
679:(true,false,true,false,true,true,false,false,2,0)
680:(true,false,true,false,true,true,false,false,2,1)
681:(true,false,true,false,true,true,false,false,2,2)
682:(true,false,true,false,true,true,false,false,2,3)
683:(true,false,true,false,true,true,false,false,2,4)
684:(true,false,true,false,true,true,false,false,3,0)
685:(true,false,true,false,true,true,false,false,3,1)
686:(true,false,true,false,true,true,false,false,3,2)
687:(true,false,true,false,true,true,false,false,3,3)
688:(true,false,true,false,true,true,false,false,3,4)
689:(true,false,true,false,true,true,false,false,4,0)
690:(true,false,true,false,true,true,false,false,4,1)
691:(true,false,true,false,true,true,false,false,4,2)
692:(true,false,true,false,true,true,false,false,4,3)
693:(true,false,true,false,true,true,false,false,4,4)
694:(true,false,true,false,true,true,false,true,0,0)
695:(true,false,true,false,true,true,false,true,0,1)
696:(true,false,true,false,true,true,false,true,0,2)
697:(true,false,true,false,true,true,false,true,0,3)
698:(true,false,true,false,true,true,false,true,0,4)
699:(true,false,true,false,true,true,false,true,1,0)
700:(true,false,true,false,true,true,false,true,1,1)
701:(true,false,true,false,true,true,false,true,1,2)
702:(true,false,true,false,true,true,false,true,1,3)
703:(true,false,true,false,true,true,false,true,1,4)
704:(true,false,true,false,true,true,false,true,2,0)
705:(true,false,true,false,true,true,false,true,2,1)
706:(true,false,true,false,true,true,false,true,2,2)
707:(true,false,true,false,true,true,false,true,2,3)
708:(true,false,true,false,true,true,false,true,2,4)
709:(true,false,true,false,true,true,false,true,3,0)
710:(true,false,true,false,true,true,false,true,3,1)
711:(true,false,true,false,true,true,false,true,3,2)
712:(true,false,true,false,true,true,false,true,3,3)
713:(true,false,true,false,true,true,false,true,3,4)
714:(true,false,true,false,true,true,false,true,4,0)
715:(true,false,true,false,true,true,false,true,4,1)
716:(true,false,true,false,true,true,false,true,4,2)
717:(true,false,true,false,true,true,false,true,4,3)
718:(true,false,true,false,true,true,false,true,4,4)
719:(true,false,true,false,true,true,true,false,0,0)
720:(true,false,true,false,true,true,true,false,0,1)
721:(true,false,true,false,true,true,true,false,0,2)
722:(true,false,true,false,true,true,true,false,0,3)
723:(true,false,true,false,true,true,true,false,0,4)
724:(true,false,true,false,true,true,true,false,1,0)
725:(true,false,true,false,true,true,true,false,1,1)
726:(true,false,true,false,true,true,true,false,1,2)
727:(true,false,true,false,true,true,true,false,1,3)
728:(true,false,true,false,true,true,true,false,1,4)
729:(true,false,true,false,true,true,true,false,2,0)
730:(true,false,true,false,true,true,true,false,2,1)
731:(true,false,true,false,true,true,true,false,2,2)
732:(true,false,true,false,true,true,true,false,2,3)
733:(true,false,true,false,true,true,true,false,2,4)
734:(true,false,true,false,true,true,true,false,3,0)
735:(true,false,true,false,true,true,true,false,3,1)
736:(true,false,true,false,true,true,true,false,3,2)
737:(true,false,true,false,true,true,true,false,3,3)
738:(true,false,true,false,true,true,true,false,3,4)
739:(true,false,true,false,true,true,true,false,4,0)
740:(true,false,true,false,true,true,true,false,4,1)
741:(true,false,true,false,true,true,true,false,4,2)
742:(true,false,true,false,true,true,true,false,4,3)
743:(true,false,true,false,true,true,true,false,4,4)
744:(true,false,true,false,true,true,true,true,1,2)
745:(true,false,true,true,false,false,false,false,0,0)
746:(true,false,true,true,false,false,false,false,0,1)
747:(true,false,true,true,false,false,false,false,0,2)
748:(true,false,true,true,false,false,false,false,0,3)
749:(true,false,true,true,false,false,false,false,0,4)
750:(true,false,true,true,false,false,false,false,1,0)
751:(true,false,true,true,false,false,false,false,1,1)
752:(true,false,true,true,false,false,false,false,1,2)
753:(true,false,true,true,false,false,false,false,1,3)
754:(true,false,true,true,false,false,false,false,1,4)
755:(true,false,true,true,false,false,false,false,2,0)
756:(true,false,true,true,false,false,false,false,2,1)
757:(true,false,true,true,false,false,false,false,2,2)
758:(true,false,true,true,false,false,false,false,2,3)
759:(true,false,true,true,false,false,false,false,2,4)
760:(true,false,true,true,false,false,false,false,3,0)
761:(true,false,true,true,false,false,false,false,3,1)
762:(true,false,true,true,false,false,false,false,3,2)
763:(true,false,true,true,false,false,false,false,3,3)
764:(true,false,true,true,false,false,false,false,3,4)
765:(true,false,true,true,false,false,false,false,4,0)
766:(true,false,true,true,false,false,false,false,4,1)
767:(true,false,true,true,false,false,false,false,4,2)
768:(true,false,true,true,false,false,false,false,4,3)
769:(true,false,true,true,false,false,false,false,4,4)
770:(true,false,true,true,false,false,false,true,0,0)
771:(true,false,true,true,false,false,false,true,0,1)
772:(true,false,true,true,false,false,false,true,0,2)
773:(true,false,true,true,false,false,false,true,0,3)
774:(true,false,true,true,false,false,false,true,0,4)
775:(true,false,true,true,false,false,false,true,1,0)
776:(true,false,true,true,false,false,false,true,1,1)
777:(true,false,true,true,false,false,false,true,1,3)
778:(true,false,true,true,false,false,false,true,1,4)
779:(true,false,true,true,false,false,false,true,2,0)
780:(true,false,true,true,false,false,false,true,2,1)
781:(true,false,true,true,false,false,false,true,2,2)
782:(true,false,true,true,false,false,false,true,2,3)
783:(true,false,true,true,false,false,false,true,2,4)
784:(true,false,true,true,false,false,false,true,3,0)
785:(true,false,true,true,false,false,false,true,3,1)
786:(true,false,true,true,false,false,false,true,3,2)
787:(true,false,true,true,false,false,false,true,3,3)
788:(true,false,true,true,false,false,false,true,3,4)
789:(true,false,true,true,false,false,false,true,4,0)
790:(true,false,true,true,false,false,false,true,4,1)
791:(true,false,true,true,false,false,false,true,4,2)
792:(true,false,true,true,false,false,false,true,4,3)
793:(true,false,true,true,false,false,false,true,4,4)
794:(true,false,true,true,false,false,true,false,0,0)
795:(true,false,true,true,false,false,true,false,0,1)
796:(true,false,true,true,false,false,true,false,0,2)
797:(true,false,true,true,false,false,true,false,0,3)
798:(true,false,true,true,false,false,true,false,0,4)
799:(true,false,true,true,false,false,true,false,1,0)
800:(true,false,true,true,false,false,true,false,1,1)
801:(true,false,true,true,false,false,true,false,1,2)
802:(true,false,true,true,false,false,true,false,1,3)
803:(true,false,true,true,false,false,true,false,1,4)
804:(true,false,true,true,false,false,true,false,2,0)
805:(true,false,true,true,false,false,true,false,2,1)
806:(true,false,true,true,false,false,true,false,2,2)
807:(true,false,true,true,false,false,true,false,2,3)
808:(true,false,true,true,false,false,true,false,2,4)
809:(true,false,true,true,false,false,true,false,3,0)
810:(true,false,true,true,false,false,true,false,3,1)
811:(true,false,true,true,false,false,true,false,3,2)
812:(true,false,true,true,false,false,true,false,3,3)
813:(true,false,true,true,false,false,true,false,3,4)
814:(true,false,true,true,false,false,true,false,4,0)
815:(true,false,true,true,false,false,true,false,4,1)
816:(true,false,true,true,false,false,true,false,4,2)
817:(true,false,true,true,false,false,true,false,4,3)
818:(true,false,true,true,false,false,true,false,4,4)
819:(true,false,true,true,false,true,false,false,0,0)
820:(true,false,true,true,false,true,false,false,0,1)
821:(true,false,true,true,false,true,false,false,0,2)
822:(true,false,true,true,false,true,false,false,0,3)
823:(true,false,true,true,false,true,false,false,0,4)
824:(true,false,true,true,false,true,false,false,1,0)
825:(true,false,true,true,false,true,false,false,1,1)
826:(true,false,true,true,false,true,false,false,1,2)
827:(true,false,true,true,false,true,false,false,1,3)
828:(true,false,true,true,false,true,false,false,1,4)
829:(true,false,true,true,false,true,false,false,2,0)
830:(true,false,true,true,false,true,false,false,2,1)
831:(true,false,true,true,false,true,false,false,2,2)
832:(true,false,true,true,false,true,false,false,2,3)
833:(true,false,true,true,false,true,false,false,2,4)
834:(true,false,true,true,false,true,false,false,3,0)
835:(true,false,true,true,false,true,false,false,3,1)
836:(true,false,true,true,false,true,false,false,3,2)
837:(true,false,true,true,false,true,false,false,3,3)
838:(true,false,true,true,false,true,false,false,3,4)
839:(true,false,true,true,false,true,false,false,4,0)
840:(true,false,true,true,false,true,false,false,4,1)
841:(true,false,true,true,false,true,false,false,4,2)
842:(true,false,true,true,false,true,false,false,4,3)
843:(true,false,true,true,false,true,false,false,4,4)
844:(true,false,true,true,false,true,false,true,0,0)
845:(true,false,true,true,false,true,false,true,0,1)
846:(true,false,true,true,false,true,false,true,0,2)
847:(true,false,true,true,false,true,false,true,0,3)
848:(true,false,true,true,false,true,false,true,0,4)
849:(true,false,true,true,false,true,false,true,1,0)
850:(true,false,true,true,false,true,false,true,1,1)
851:(true,false,true,true,false,true,false,true,1,2)
852:(true,false,true,true,false,true,false,true,1,3)
853:(true,false,true,true,false,true,false,true,1,4)
854:(true,false,true,true,false,true,false,true,2,0)
855:(true,false,true,true,false,true,false,true,2,1)
856:(true,false,true,true,false,true,false,true,2,2)
857:(true,false,true,true,false,true,false,true,2,3)
858:(true,false,true,true,false,true,false,true,2,4)
859:(true,false,true,true,false,true,false,true,3,0)
860:(true,false,true,true,false,true,false,true,3,1)
861:(true,false,true,true,false,true,false,true,3,2)
862:(true,false,true,true,false,true,false,true,3,3)
863:(true,false,true,true,false,true,false,true,3,4)
864:(true,false,true,true,false,true,false,true,4,0)
865:(true,false,true,true,false,true,false,true,4,1)
866:(true,false,true,true,false,true,false,true,4,2)
867:(true,false,true,true,false,true,false,true,4,3)
868:(true,false,true,true,false,true,false,true,4,4)
869:(true,false,true,true,false,true,true,false,0,0)
870:(true,false,true,true,false,true,true,false,0,1)
871:(true,false,true,true,false,true,true,false,0,2)
872:(true,false,true,true,false,true,true,false,0,3)
873:(true,false,true,true,false,true,true,false,0,4)
874:(true,false,true,true,false,true,true,false,1,0)
875:(true,false,true,true,false,true,true,false,1,1)
876:(true,false,true,true,false,true,true,false,1,2)
877:(true,false,true,true,false,true,true,false,1,3)
878:(true,false,true,true,false,true,true,false,1,4)
879:(true,false,true,true,false,true,true,false,2,0)
880:(true,false,true,true,false,true,true,false,2,1)
881:(true,false,true,true,false,true,true,false,2,2)
882:(true,false,true,true,false,true,true,false,2,3)
883:(true,false,true,true,false,true,true,false,2,4)
884:(true,false,true,true,false,true,true,false,3,0)
885:(true,false,true,true,false,true,true,false,3,1)
886:(true,false,true,true,false,true,true,false,3,2)
887:(true,false,true,true,false,true,true,false,3,3)
888:(true,false,true,true,false,true,true,false,3,4)
889:(true,false,true,true,false,true,true,false,4,0)
890:(true,false,true,true,false,true,true,false,4,1)
891:(true,false,true,true,false,true,true,false,4,2)
892:(true,false,true,true,false,true,true,false,4,3)
893:(true,false,true,true,false,true,true,false,4,4)
894:(true,false,true,true,false,true,true,true,1,2)
895:(true,false,true,true,true,false,false,false,2,2)
896:(true,false,true,true,true,false,false,true,2,2)
897:(true,false,true,true,true,false,true,false,2,2)
898:(true,false,true,true,true,true,false,false,2,2)
899:(true,false,true,true,true,true,false,true,2,2)
900:(true,false,true,true,true,true,true,false,2,2)
901:(true,true,false,false,false,false,false,false,4,0)
902:(true,true,false,false,false,false,false,false,4,1)
903:(true,true,false,false,false,false,false,false,4,2)
904:(true,true,false,false,false,false,false,false,4,3)
905:(true,true,false,false,false,false,false,false,4,4)
906:(true,true,false,false,false,false,false,true,4,0)
907:(true,true,false,false,false,false,false,true,4,1)
908:(true,true,false,false,false,false,false,true,4,2)
909:(true,true,false,false,false,false,false,true,4,3)
910:(true,true,false,false,false,false,false,true,4,4)
911:(true,true,false,false,false,false,true,false,4,0)
912:(true,true,false,false,false,false,true,false,4,1)
913:(true,true,false,false,false,false,true,false,4,2)
914:(true,true,false,false,false,false,true,false,4,3)
915:(true,true,false,false,false,false,true,false,4,4)
916:(true,true,false,false,false,true,false,false,4,0)
917:(true,true,false,false,false,true,false,false,4,1)
918:(true,true,false,false,false,true,false,false,4,2)
919:(true,true,false,false,false,true,false,false,4,3)
920:(true,true,false,false,false,true,false,false,4,4)
921:(true,true,false,false,false,true,false,true,4,0)
922:(true,true,false,false,false,true,false,true,4,1)
923:(true,true,false,false,false,true,false,true,4,2)
924:(true,true,false,false,false,true,false,true,4,3)
925:(true,true,false,false,false,true,false,true,4,4)
926:(true,true,false,false,false,true,true,false,4,0)
927:(true,true,false,false,false,true,true,false,4,1)
928:(true,true,false,false,false,true,true,false,4,2)
929:(true,true,false,false,false,true,true,false,4,3)
930:(true,true,false,false,false,true,true,false,4,4)
931:(true,true,false,false,true,false,false,false,4,0)
932:(true,true,false,false,true,false,false,false,4,1)
933:(true,true,false,false,true,false,false,false,4,2)
934:(true,true,false,false,true,false,false,false,4,3)
935:(true,true,false,false,true,false,false,false,4,4)
936:(true,true,false,false,true,false,false,true,4,0)
937:(true,true,false,false,true,false,false,true,4,1)
938:(true,true,false,false,true,false,false,true,4,2)
939:(true,true,false,false,true,false,false,true,4,3)
940:(true,true,false,false,true,false,false,true,4,4)
941:(true,true,false,false,true,false,true,false,4,0)
942:(true,true,false,false,true,false,true,false,4,1)
943:(true,true,false,false,true,false,true,false,4,2)
944:(true,true,false,false,true,false,true,false,4,3)
945:(true,true,false,false,true,false,true,false,4,4)
946:(true,true,false,false,true,true,false,false,4,0)
947:(true,true,false,false,true,true,false,false,4,1)
948:(true,true,false,false,true,true,false,false,4,2)
949:(true,true,false,false,true,true,false,false,4,3)
950:(true,true,false,false,true,true,false,false,4,4)
951:(true,true,false,false,true,true,false,true,4,0)
952:(true,true,false,false,true,true,false,true,4,1)
953:(true,true,false,false,true,true,false,true,4,2)
954:(true,true,false,false,true,true,false,true,4,3)
955:(true,true,false,false,true,true,false,true,4,4)
956:(true,true,false,false,true,true,true,false,4,0)
957:(true,true,false,false,true,true,true,false,4,1)
958:(true,true,false,false,true,true,true,false,4,2)
959:(true,true,false,false,true,true,true,false,4,3)
960:(true,true,false,false,true,true,true,false,4,4)
961:(true,true,false,true,false,false,false,false,4,0)
962:(true,true,false,true,false,false,false,false,4,1)
963:(true,true,false,true,false,false,false,false,4,2)
964:(true,true,false,true,false,false,false,false,4,3)
965:(true,true,false,true,false,false,false,false,4,4)
966:(true,true,false,true,false,false,false,true,4,0)
967:(true,true,false,true,false,false,false,true,4,1)
968:(true,true,false,true,false,false,false,true,4,2)
969:(true,true,false,true,false,false,false,true,4,3)
970:(true,true,false,true,false,false,false,true,4,4)
971:(true,true,false,true,false,false,true,false,4,0)
972:(true,true,false,true,false,false,true,false,4,1)
973:(true,true,false,true,false,false,true,false,4,2)
974:(true,true,false,true,false,false,true,false,4,3)
975:(true,true,false,true,false,false,true,false,4,4)
976:(true,true,false,true,false,true,false,false,4,0)
977:(true,true,false,true,false,true,false,false,4,1)
978:(true,true,false,true,false,true,false,false,4,2)
979:(true,true,false,true,false,true,false,false,4,3)
980:(true,true,false,true,false,true,false,false,4,4)
981:(true,true,false,true,false,true,false,true,4,0)
982:(true,true,false,true,false,true,false,true,4,1)
983:(true,true,false,true,false,true,false,true,4,2)
984:(true,true,false,true,false,true,false,true,4,3)
985:(true,true,false,true,false,true,false,true,4,4)
986:(true,true,false,true,false,true,true,false,4,0)
987:(true,true,false,true,false,true,true,false,4,1)
988:(true,true,false,true,false,true,true,false,4,2)
989:(true,true,false,true,false,true,true,false,4,3)
990:(true,true,false,true,false,true,true,false,4,4)
991:(true,true,true,false,false,false,false,false,4,0)
992:(true,true,true,false,false,false,false,false,4,1)
993:(true,true,true,false,false,false,false,false,4,2)
994:(true,true,true,false,false,false,false,false,4,3)
995:(true,true,true,false,false,false,false,false,4,4)
996:(true,true,true,false,false,false,false,true,4,0)
997:(true,true,true,false,false,false,false,true,4,1)
998:(true,true,true,false,false,false,false,true,4,2)
999:(true,true,true,false,false,false,false,true,4,3)
1000:(true,true,true,false,false,false,false,true,4,4)
1001:(true,true,true,false,false,false,true,false,4,0)
1002:(true,true,true,false,false,false,true,false,4,1)
1003:(true,true,true,false,false,false,true,false,4,2)
1004:(true,true,true,false,false,false,true,false,4,3)
1005:(true,true,true,false,false,false,true,false,4,4)
1006:(true,true,true,false,false,true,false,false,4,0)
1007:(true,true,true,false,false,true,false,false,4,1)
1008:(true,true,true,false,false,true,false,false,4,2)
1009:(true,true,true,false,false,true,false,false,4,3)
1010:(true,true,true,false,false,true,false,false,4,4)
1011:(true,true,true,false,false,true,false,true,4,0)
1012:(true,true,true,false,false,true,false,true,4,1)
1013:(true,true,true,false,false,true,false,true,4,2)
1014:(true,true,true,false,false,true,false,true,4,3)
1015:(true,true,true,false,false,true,false,true,4,4)
1016:(true,true,true,false,false,true,true,false,4,0)
1017:(true,true,true,false,false,true,true,false,4,1)
1018:(true,true,true,false,false,true,true,false,4,2)
1019:(true,true,true,false,false,true,true,false,4,3)
1020:(true,true,true,false,false,true,true,false,4,4)
1021:(true,true,true,false,true,false,false,false,4,0)
1022:(true,true,true,false,true,false,false,false,4,1)
1023:(true,true,true,false,true,false,false,false,4,2)
1024:(true,true,true,false,true,false,false,false,4,3)
1025:(true,true,true,false,true,false,false,false,4,4)
1026:(true,true,true,false,true,false,false,true,4,0)
1027:(true,true,true,false,true,false,false,true,4,1)
1028:(true,true,true,false,true,false,false,true,4,2)
1029:(true,true,true,false,true,false,false,true,4,3)
1030:(true,true,true,false,true,false,false,true,4,4)
1031:(true,true,true,false,true,false,true,false,4,0)
1032:(true,true,true,false,true,false,true,false,4,1)
1033:(true,true,true,false,true,false,true,false,4,2)
1034:(true,true,true,false,true,false,true,false,4,3)
1035:(true,true,true,false,true,false,true,false,4,4)
1036:(true,true,true,false,true,true,false,false,4,0)
1037:(true,true,true,false,true,true,false,false,4,1)
1038:(true,true,true,false,true,true,false,false,4,2)
1039:(true,true,true,false,true,true,false,false,4,3)
1040:(true,true,true,false,true,true,false,false,4,4)
1041:(true,true,true,false,true,true,false,true,4,0)
1042:(true,true,true,false,true,true,false,true,4,1)
1043:(true,true,true,false,true,true,false,true,4,2)
1044:(true,true,true,false,true,true,false,true,4,3)
1045:(true,true,true,false,true,true,false,true,4,4)
1046:(true,true,true,false,true,true,true,false,4,0)
1047:(true,true,true,false,true,true,true,false,4,1)
1048:(true,true,true,false,true,true,true,false,4,2)
1049:(true,true,true,false,true,true,true,false,4,3)
1050:(true,true,true,false,true,true,true,false,4,4)
1051:(true,true,true,true,false,false,false,false,4,0)
1052:(true,true,true,true,false,false,false,false,4,1)
1053:(true,true,true,true,false,false,false,false,4,2)
1054:(true,true,true,true,false,false,false,false,4,3)
1055:(true,true,true,true,false,false,false,false,4,4)
1056:(true,true,true,true,false,false,false,true,4,0)
1057:(true,true,true,true,false,false,false,true,4,1)
1058:(true,true,true,true,false,false,false,true,4,2)
1059:(true,true,true,true,false,false,false,true,4,3)
1060:(true,true,true,true,false,false,false,true,4,4)
1061:(true,true,true,true,false,false,true,false,4,0)
1062:(true,true,true,true,false,false,true,false,4,1)
1063:(true,true,true,true,false,false,true,false,4,2)
1064:(true,true,true,true,false,false,true,false,4,3)
1065:(true,true,true,true,false,false,true,false,4,4)
1066:(true,true,true,true,false,true,false,false,4,0)
1067:(true,true,true,true,false,true,false,false,4,1)
1068:(true,true,true,true,false,true,false,false,4,2)
1069:(true,true,true,true,false,true,false,false,4,3)
1070:(true,true,true,true,false,true,false,false,4,4)
1071:(true,true,true,true,false,true,false,true,4,0)
1072:(true,true,true,true,false,true,false,true,4,1)
1073:(true,true,true,true,false,true,false,true,4,2)
1074:(true,true,true,true,false,true,false,true,4,3)
1075:(true,true,true,true,false,true,false,true,4,4)
1076:(true,true,true,true,false,true,true,false,4,0)
1077:(true,true,true,true,false,true,true,false,4,1)
1078:(true,true,true,true,false,true,true,false,4,2)
1079:(true,true,true,true,false,true,true,false,4,3)
1080:(true,true,true,true,false,true,true,false,4,4)
