PRISM
=====

Version: 4.5.dev
Date: Tue Jan 28 15:25:23 GMT 2020
Hostname: cca-lg04-049.cs.bham.ac.uk
Memory limits: cudd=1g, java(heap)=910.5m
Command line: prism /home/students/tjw625/work/FYP/prism-benchmarks/models/dtmcs/brp/brp.pm -const 'N=64,MAX=3' -fixdl /home/students/tjw625/work/FYP/prism-benchmarks/models/dtmcs/brp/p1.pctl -mainlog 'logs/opti-dtmc-logs/brp.pm.const.N=64,MAX=3.fixdl.p1.pctl.log'

Parsing model file "/home/students/tjw625/work/FYP/prism-benchmarks/models/dtmcs/brp/brp.pm"...

Type:        DTMC
Modules:     sender receiver checker channelK channelL 
Variables:   s srep nrtr i bs s_ab fs ls r rrep fr lr br r_ab recv T k l 

Parsing properties file "/home/students/tjw625/work/FYP/prism-benchmarks/models/dtmcs/brp/p1.pctl"...

1 property:
(1) "p1": P=? [ F s=5 ]

---------------------------------------------------------------------

Model checking: "p1": P=? [ F s=5 ]
Model constants: N=64,MAX=3

Building model...
Model constants: N=64,MAX=3

Computing reachable states...

Reachability (BFS): 395 iterations in 0.11 seconds (average 0.000271, setup 0.00)

Time for model construction: 0.29 seconds.

Warning: Deadlocks detected and fixed in 132 states

Type:        DTMC
States:      3526 (1 initial)
Transitions: 4611

Transition matrix: 2359 nodes (6 terminal), 4611 minterms, vars: 34r/34c

Prob0: 13 iterations in 0.00 seconds (average 0.000308, setup 0.00)

Prob1: 385 iterations in 0.09 seconds (average 0.000226, setup 0.00)

yes = 448, no = 268, maybe = 2810

Computing remaining probabilities...
Engine: Hybrid

Building hybrid MTBDD matrix... [levels=34, nodes=2255] [105.7 KB]
Adding explicit sparse matrices... [levels=34, num=1, compact] [18.7 KB]
Creating vector for diagonals... [dist=1, compact] [6.9 KB]
Creating vector for RHS... [dist=2, compact] [6.9 KB]
Allocating iteration vectors... [2 x 27.5 KB]
TOTAL: [193.3 KB]

Starting iterations...

Jacobi: 419 iterations in 0.01 seconds (average 0.000019, setup 0.00)

Value in the initial state: 5.047006208889518E-5

Time for model checking: 0.116 seconds.

Result: 5.047006208889518E-5 (value in the initial state)

---------------------------------------------------------------------

Note: There was 1 warning during computation.

