PRISM
=====

Version: 4.5.dev
Date: Tue Jan 28 15:25:50 GMT 2020
Hostname: cca-lg04-049.cs.bham.ac.uk
Memory limits: cudd=1g, java(heap)=910.5m
Command line: prism /home/students/tjw625/work/FYP/prism-benchmarks/models/dtmcs/brp/brp.pm -const 'N=16,MAX=2' -fixdl /home/students/tjw625/work/FYP/prism-benchmarks/models/dtmcs/brp/p4.pctl -mainlog 'logs/opti-dtmc-logs/brp.pm.const.N=16,MAX=2.fixdl.p4.pctl.log'

Parsing model file "/home/students/tjw625/work/FYP/prism-benchmarks/models/dtmcs/brp/brp.pm"...

Type:        DTMC
Modules:     sender receiver checker channelK channelL 
Variables:   s srep nrtr i bs s_ab fs ls r rrep fr lr br r_ab recv T k l 

Parsing properties file "/home/students/tjw625/work/FYP/prism-benchmarks/models/dtmcs/brp/p4.pctl"...

1 property:
(1) "p4": P=? [ F !(srep=0)&!recv ]

---------------------------------------------------------------------

Model checking: "p4": P=? [ F !(srep=0)&!recv ]
Model constants: N=16,MAX=2

Building model...
Model constants: N=16,MAX=2

Computing reachable states...

Reachability (BFS): 105 iterations in 0.04 seconds (average 0.000400, setup 0.00)

Time for model construction: 0.215 seconds.

Warning: Deadlocks detected and fixed in 35 states

Type:        DTMC
States:      677 (1 initial)
Transitions: 867

Transition matrix: 2182 nodes (6 terminal), 867 minterms, vars: 32r/32c

Prob0: 9 iterations in 0.00 seconds (average 0.000333, setup 0.00)

Prob1: 3 iterations in 0.00 seconds (average 0.000667, setup 0.00)

yes = 5, no = 666, maybe = 6

Computing remaining probabilities...
Engine: Hybrid

Building hybrid MTBDD matrix... [levels=32, nodes=243] [11.4 KB]
Adding explicit sparse matrices... [levels=32, num=1, compact] [0.7 KB]
Creating vector for diagonals... [dist=1, compact] [1.3 KB]
Creating vector for RHS... [dist=2, compact] [1.3 KB]
Allocating iteration vectors... [2 x 5.3 KB]
TOTAL: [25.4 KB]

Starting iterations...

Jacobi: 7 iterations in 0.00 seconds (average 0.000000, setup 0.00)

Value in the initial state: 8.000000000000001E-6

Time for model checking: 0.024 seconds.

Result: 8.000000000000001E-6 (value in the initial state)

---------------------------------------------------------------------

Note: There was 1 warning during computation.

