PRISM
=====

Version: 4.5.dev
Date: Tue Jan 28 15:26:27 GMT 2020
Hostname: cca-lg04-049.cs.bham.ac.uk
Memory limits: cudd=1g, java(heap)=910.5m
Command line: prism /home/students/tjw625/work/FYP/prism-benchmarks/models/dtmcs/crowds/crowds.pm -const 'TotalRuns=3,CrowdSize=15' -fixdl /home/students/tjw625/work/FYP/prism-benchmarks/models/dtmcs/crowds/positive.pctl -fixdl -mainlog 'logs/opti-dtmc-logs/crowds.pm.const.TotalRuns=3,CrowdSize=15.fixdl.positive.pctl.fixdl.log'

Parsing model file "/home/students/tjw625/work/FYP/prism-benchmarks/models/dtmcs/crowds/crowds.pm"...

Type:        DTMC
Modules:     crowds 
Variables:   launch new runCount start run lastSeen good bad recordLast badObserve deliver done observe0 observe1 observe2 observe3 observe4 observe5 observe6 observe7 observe8 observe9 observe10 observe11 observe12 observe13 observe14 observe15 observe16 observe17 observe18 observe19 

Parsing properties file "/home/students/tjw625/work/FYP/prism-benchmarks/models/dtmcs/crowds/positive.pctl"...

1 property:
(1) "positive": P=? [ F observe0>1 ]

---------------------------------------------------------------------

Model checking: "positive": P=? [ F observe0>1 ]
Model constants: TotalRuns=3,CrowdSize=15

Building model...
Model constants: TotalRuns=3,CrowdSize=15

Warning: Guard for command 6 of module "crowds" is never satisfied.

Warning: Guard for command 7 of module "crowds" is never satisfied.

Warning: Guard for command 8 of module "crowds" is never satisfied.

Warning: Guard for command 9 of module "crowds" is never satisfied.

Warning: Guard for command 11 of module "crowds" is never satisfied.

Warning: Guard for command 2 of module "crowds" overlaps with previous commands.

Warning: Guard for command 3 of module "crowds" overlaps with previous commands.

Warning: Guard for command 4 of module "crowds" overlaps with previous commands.

Warning: Guard for command 5 of module "crowds" overlaps with previous commands.

Warning: Guard for command 10 of module "crowds" overlaps with previous commands.

Warning: Guard for command 12 of module "crowds" overlaps with previous commands.

Warning: Guard for command 13 of module "crowds" overlaps with previous commands.

Warning: Guard for command 14 of module "crowds" overlaps with previous commands.

Warning: Guard for command 15 of module "crowds" overlaps with previous commands.

Warning: Guard for command 16 of module "crowds" overlaps with previous commands.

Warning: Guard for command 17 of module "crowds" overlaps with previous commands.

Warning: Guard for command 18 of module "crowds" overlaps with previous commands.

Warning: Guard for command 19 of module "crowds" overlaps with previous commands.

Warning: Guard for command 20 of module "crowds" overlaps with previous commands.

Warning: Guard for command 21 of module "crowds" overlaps with previous commands.

Warning: Guard for command 22 of module "crowds" overlaps with previous commands.

Warning: Guard for command 23 of module "crowds" overlaps with previous commands.

Warning: Guard for command 24 of module "crowds" overlaps with previous commands.

Warning: Guard for command 25 of module "crowds" overlaps with previous commands.

Warning: Guard for command 26 of module "crowds" overlaps with previous commands.

Warning: Guard for command 27 of module "crowds" overlaps with previous commands.

Warning: Guard for command 28 of module "crowds" overlaps with previous commands.

Warning: Guard for command 29 of module "crowds" overlaps with previous commands.

Warning: Guard for command 30 of module "crowds" overlaps with previous commands.

Warning: Guard for command 31 of module "crowds" overlaps with previous commands.

Warning: Guard for command 32 of module "crowds" overlaps with previous commands.

Warning: Guard for command 33 of module "crowds" overlaps with previous commands.

Computing reachable states...

Reachability (BFS): 29 iterations in 0.02 seconds (average 0.000724, setup 0.00)

Time for model construction: 0.245 seconds.

Warning: Deadlocks detected and fixed in 816 states

Type:        DTMC
States:      19228 (1 initial)
Transitions: 55948

Transition matrix: 9184 nodes (7 terminal), 55948 minterms, vars: 57r/57c

Prob0: 14 iterations in 0.02 seconds (average 0.001643, setup 0.00)

Prob1: 16 iterations in 0.02 seconds (average 0.001063, setup 0.00)

yes = 185, no = 17347, maybe = 1696

Computing remaining probabilities...
Engine: Hybrid

Building hybrid MTBDD matrix... [levels=57, nodes=7007] [328.5 KB]
Adding explicit sparse matrices... [levels=57, num=1, compact] [55.4 KB]
Creating vector for diagonals... [dist=1, compact] [37.6 KB]
Creating vector for RHS... [dist=2, compact] [37.6 KB]
Allocating iteration vectors... [2 x 150.2 KB]
TOTAL: [759.5 KB]

Starting iterations...

Jacobi: 150 iterations in 0.02 seconds (average 0.000080, setup 0.01)

Value in the initial state: 0.03199538385660375

Time for model checking: 0.083 seconds.

Result: 0.03199538385660375 (value in the initial state)

---------------------------------------------------------------------

Note: There were 33 warnings during computation.

