PRISM
=====

Version: 4.5.dev
Date: Tue Jan 28 15:26:47 GMT 2020
Hostname: cca-lg04-049.cs.bham.ac.uk
Memory limits: cudd=1g, java(heap)=910.5m
Command line: prism /home/students/tjw625/work/FYP/prism-benchmarks/models/dtmcs/crowds/crowds.pm -const 'TotalRuns=6,CrowdSize=20' -fixdl /home/students/tjw625/work/FYP/prism-benchmarks/models/dtmcs/crowds/positive.pctl -fixdl -mainlog 'logs/opti-dtmc-logs/crowds.pm.const.TotalRuns=6,CrowdSize=20.fixdl.positive.pctl.fixdl.log'

Parsing model file "/home/students/tjw625/work/FYP/prism-benchmarks/models/dtmcs/crowds/crowds.pm"...

Type:        DTMC
Modules:     crowds 
Variables:   launch new runCount start run lastSeen good bad recordLast badObserve deliver done observe0 observe1 observe2 observe3 observe4 observe5 observe6 observe7 observe8 observe9 observe10 observe11 observe12 observe13 observe14 observe15 observe16 observe17 observe18 observe19 

Parsing properties file "/home/students/tjw625/work/FYP/prism-benchmarks/models/dtmcs/crowds/positive.pctl"...

1 property:
(1) "positive": P=? [ F observe0>1 ]

---------------------------------------------------------------------

Model checking: "positive": P=? [ F observe0>1 ]
Model constants: TotalRuns=6,CrowdSize=20

Building model...
Model constants: TotalRuns=6,CrowdSize=20

Warning: Guard for command 6 of module "crowds" is never satisfied.

Warning: Guard for command 7 of module "crowds" is never satisfied.

Warning: Guard for command 8 of module "crowds" is never satisfied.

Warning: Guard for command 9 of module "crowds" is never satisfied.

Warning: Guard for command 10 of module "crowds" is never satisfied.

Warning: Guard for command 2 of module "crowds" overlaps with previous commands.

Warning: Guard for command 3 of module "crowds" overlaps with previous commands.

Warning: Guard for command 4 of module "crowds" overlaps with previous commands.

Warning: Guard for command 5 of module "crowds" overlaps with previous commands.

Warning: Guard for command 11 of module "crowds" overlaps with previous commands.

Warning: Guard for command 12 of module "crowds" overlaps with previous commands.

Warning: Guard for command 13 of module "crowds" overlaps with previous commands.

Warning: Guard for command 14 of module "crowds" overlaps with previous commands.

Warning: Guard for command 15 of module "crowds" overlaps with previous commands.

Warning: Guard for command 16 of module "crowds" overlaps with previous commands.

Warning: Guard for command 17 of module "crowds" overlaps with previous commands.

Warning: Guard for command 18 of module "crowds" overlaps with previous commands.

Warning: Guard for command 19 of module "crowds" overlaps with previous commands.

Warning: Guard for command 20 of module "crowds" overlaps with previous commands.

Warning: Guard for command 21 of module "crowds" overlaps with previous commands.

Warning: Guard for command 22 of module "crowds" overlaps with previous commands.

Warning: Guard for command 23 of module "crowds" overlaps with previous commands.

Warning: Guard for command 24 of module "crowds" overlaps with previous commands.

Warning: Guard for command 25 of module "crowds" overlaps with previous commands.

Warning: Guard for command 26 of module "crowds" overlaps with previous commands.

Warning: Guard for command 27 of module "crowds" overlaps with previous commands.

Warning: Guard for command 28 of module "crowds" overlaps with previous commands.

Warning: Guard for command 29 of module "crowds" overlaps with previous commands.

Warning: Guard for command 30 of module "crowds" overlaps with previous commands.

Warning: Guard for command 31 of module "crowds" overlaps with previous commands.

Warning: Guard for command 32 of module "crowds" overlaps with previous commands.

Warning: Guard for command 33 of module "crowds" overlaps with previous commands.

Computing reachable states...

Reachability (BFS): 56 iterations in 0.15 seconds (average 0.002732, setup 0.00)

Time for model construction: 0.594 seconds.

Warning: Deadlocks detected and fixed in 230230 states

Type:        DTMC
States:      10633591 (1 initial)
Transitions: 38261191

Transition matrix: 40814 nodes (7 terminal), 38261191 minterms, vars: 78r/78c

Prob0: 14 iterations in 0.05 seconds (average 0.003857, setup 0.00)

Prob1: 37 iterations in 0.12 seconds (average 0.003243, setup 0.00)

yes = 363561, no = 8587502, maybe = 1682528

Computing remaining probabilities...
Engine: Hybrid

Building hybrid MTBDD matrix... [levels=78, nodes=41560] [1.9 MB]
Adding explicit sparse matrices... [levels=54, num=322, compact] [925.3 KB]
Creating vector for diagonals... [dist=1, compact] [20.3 MB]
Creating vector for RHS... [dist=2, compact] [20.3 MB]
Allocating iteration vectors... [2 x 81.1 MB]
TOTAL: [205.6 MB]

Starting iterations...
Iteration 86: max relative diff=0.006874, 5.05 sec so far
Iteration 172: max relative diff=0.000018, 10.09 sec so far

Jacobi: 206 iterations in 12.87 seconds (average 0.058689, setup 0.78)

Value in the initial state: 0.12047517459031545

Time for model checking: 13.104 seconds.

Result: 0.12047517459031545 (value in the initial state)

---------------------------------------------------------------------

Note: There were 33 warnings during computation.

