PRISM
=====

Version: 4.5.dev
Date: Tue Jan 28 15:27:14 GMT 2020
Hostname: cca-lg04-049.cs.bham.ac.uk
Memory limits: cudd=1g, java(heap)=910.5m
Command line: prism /home/students/tjw625/work/FYP/prism-benchmarks/models/dtmcs/egl/egl.pm -const 'N=10,L=4' /home/students/tjw625/work/FYP/prism-benchmarks/models/dtmcs/egl/unfairA.pctl -m -mainlog 'logs/opti-dtmc-logs/egl.pm.const.N=10,L=4.unfairA.pctl.m.log'

Parsing model file "/home/students/tjw625/work/FYP/prism-benchmarks/models/dtmcs/egl/egl.pm"...

Type:        DTMC
Modules:     counter partyA partyB 
Variables:   b n phase party b0 b20 b1 b21 b2 b22 b3 b23 b4 b24 b5 b25 b6 b26 b7 b27 b8 b28 b9 b29 b10 b30 b11 b31 b12 b32 b13 b33 b14 b34 b15 b35 b16 b36 b17 b37 b18 b38 b19 b39 a0 a20 a1 a21 a2 a22 a3 a23 a4 a24 a5 a25 a6 a26 a7 a27 a8 a28 a9 a29 a10 a30 a11 a31 a12 a32 a13 a33 a14 a34 a15 a35 a16 a36 a17 a37 a18 a38 a19 a39 

Parsing properties file "/home/students/tjw625/work/FYP/prism-benchmarks/models/dtmcs/egl/unfairA.pctl"...

1 property:
(1) "unfairA": P=? [ F !"knowA"&"knowB" ]

---------------------------------------------------------------------

Model checking: "unfairA": P=? [ F !"knowA"&"knowB" ]
Model constants: N=10,L=4

Building model...
Model constants: N=10,L=4

Warning: Guard for command 11 of module "partyA" is never satisfied.

Warning: Guard for command 12 of module "partyA" is never satisfied.

Warning: Guard for command 13 of module "partyA" is never satisfied.

Warning: Guard for command 14 of module "partyA" is never satisfied.

Warning: Guard for command 15 of module "partyA" is never satisfied.

Warning: Guard for command 16 of module "partyA" is never satisfied.

Warning: Guard for command 17 of module "partyA" is never satisfied.

Warning: Guard for command 18 of module "partyA" is never satisfied.

Warning: Guard for command 19 of module "partyA" is never satisfied.

Warning: Guard for command 20 of module "partyA" is never satisfied.

Warning: Guard for command 31 of module "partyA" is never satisfied.

Warning: Guard for command 32 of module "partyA" is never satisfied.

Warning: Guard for command 33 of module "partyA" is never satisfied.

Warning: Guard for command 34 of module "partyA" is never satisfied.

Warning: Guard for command 35 of module "partyA" is never satisfied.

Warning: Guard for command 36 of module "partyA" is never satisfied.

Warning: Guard for command 37 of module "partyA" is never satisfied.

Warning: Guard for command 38 of module "partyA" is never satisfied.

Warning: Guard for command 39 of module "partyA" is never satisfied.

Warning: Guard for command 40 of module "partyA" is never satisfied.

Warning: Guard for command 51 of module "partyA" is never satisfied.

Warning: Guard for command 52 of module "partyA" is never satisfied.

Warning: Guard for command 53 of module "partyA" is never satisfied.

Warning: Guard for command 54 of module "partyA" is never satisfied.

Warning: Guard for command 55 of module "partyA" is never satisfied.

Warning: Guard for command 56 of module "partyA" is never satisfied.

Warning: Guard for command 57 of module "partyA" is never satisfied.

Warning: Guard for command 58 of module "partyA" is never satisfied.

Warning: Guard for command 59 of module "partyA" is never satisfied.

Warning: Guard for command 60 of module "partyA" is never satisfied.

Warning: Guard for command 11 of module "partyB" is never satisfied.

Warning: Guard for command 12 of module "partyB" is never satisfied.

Warning: Guard for command 13 of module "partyB" is never satisfied.

Warning: Guard for command 14 of module "partyB" is never satisfied.

Warning: Guard for command 15 of module "partyB" is never satisfied.

Warning: Guard for command 16 of module "partyB" is never satisfied.

Warning: Guard for command 17 of module "partyB" is never satisfied.

Warning: Guard for command 18 of module "partyB" is never satisfied.

Warning: Guard for command 19 of module "partyB" is never satisfied.

Warning: Guard for command 20 of module "partyB" is never satisfied.

Warning: Guard for command 31 of module "partyB" is never satisfied.

Warning: Guard for command 32 of module "partyB" is never satisfied.

Warning: Guard for command 33 of module "partyB" is never satisfied.

Warning: Guard for command 34 of module "partyB" is never satisfied.

Warning: Guard for command 35 of module "partyB" is never satisfied.

Warning: Guard for command 36 of module "partyB" is never satisfied.

Warning: Guard for command 37 of module "partyB" is never satisfied.

Warning: Guard for command 38 of module "partyB" is never satisfied.

Warning: Guard for command 39 of module "partyB" is never satisfied.

Warning: Guard for command 40 of module "partyB" is never satisfied.

Warning: Guard for command 51 of module "partyB" is never satisfied.

Warning: Guard for command 52 of module "partyB" is never satisfied.

Warning: Guard for command 53 of module "partyB" is never satisfied.

Warning: Guard for command 54 of module "partyB" is never satisfied.

Warning: Guard for command 55 of module "partyB" is never satisfied.

Warning: Guard for command 56 of module "partyB" is never satisfied.

Warning: Guard for command 57 of module "partyB" is never satisfied.

Warning: Guard for command 58 of module "partyB" is never satisfied.

Warning: Guard for command 59 of module "partyB" is never satisfied.

Warning: Guard for command 60 of module "partyB" is never satisfied.

Computing reachable states...

Reachability (BFS): 181 iterations in 0.49 seconds (average 0.002713, setup 0.00)

Time for model construction: 0.929 seconds.

Type:        DTMC
States:      149946366 (1 initial)
Transitions: 150994941

Transition matrix: 48643 nodes (3 terminal), 150994941 minterms, vars: 250r/250c

Prob0: 143 iterations in 0.94 seconds (average 0.006538, setup 0.00)

Prob1: 3 iterations in 0.07 seconds (average 0.021667, setup 0.00)

yes = 33661951, no = 116282880, maybe = 1535

Computing remaining probabilities...
Engine: MTBDD

Iteration matrix MTBDD... [nodes=7053] [137.8 Kb]
Diagonals MTBDD... [nodes=19839] [387.5 Kb]

Starting iterations...

Jacobi: 21 iterations in 0.08 seconds (average 0.003286, setup 0.01)

Value in the initial state: 0.50048828125

Time for model checking: 1.416 seconds.

Result: 0.50048828125 (value in the initial state)

---------------------------------------------------------------------

Note: There were 60 warnings during computation.

