PRISM
=====

Version: 4.5.dev
Date: Tue Jan 28 15:28:28 GMT 2020
Hostname: cca-lg04-049.cs.bham.ac.uk
Memory limits: cudd=1g, java(heap)=910.5m
Command line: prism /home/students/tjw625/work/FYP/prism-benchmarks/models/dtmcs/egl/egl.pm -const 'N=20,L=2' /home/students/tjw625/work/FYP/prism-benchmarks/models/dtmcs/egl/unfairA.pctl -m -mainlog 'logs/opti-dtmc-logs/egl.pm.const.N=20,L=2.unfairA.pctl.m.log'

Parsing model file "/home/students/tjw625/work/FYP/prism-benchmarks/models/dtmcs/egl/egl.pm"...

Type:        DTMC
Modules:     counter partyA partyB 
Variables:   b n phase party b0 b20 b1 b21 b2 b22 b3 b23 b4 b24 b5 b25 b6 b26 b7 b27 b8 b28 b9 b29 b10 b30 b11 b31 b12 b32 b13 b33 b14 b34 b15 b35 b16 b36 b17 b37 b18 b38 b19 b39 a0 a20 a1 a21 a2 a22 a3 a23 a4 a24 a5 a25 a6 a26 a7 a27 a8 a28 a9 a29 a10 a30 a11 a31 a12 a32 a13 a33 a14 a34 a15 a35 a16 a36 a17 a37 a18 a38 a19 a39 

Parsing properties file "/home/students/tjw625/work/FYP/prism-benchmarks/models/dtmcs/egl/unfairA.pctl"...

1 property:
(1) "unfairA": P=? [ F !"knowA"&"knowB" ]

---------------------------------------------------------------------

Model checking: "unfairA": P=? [ F !"knowA"&"knowB" ]
Model constants: N=20,L=2

Building model...
Model constants: N=20,L=2

Computing reachable states...

Reachability (BFS): 201 iterations in 0.50 seconds (average 0.002473, setup 0.00)

Time for model construction: 0.952 seconds.

Type:        DTMC
States:      135239930216446 (1 initial)
Transitions: 136339441844221

Transition matrix: 49918 nodes (3 terminal), 136339441844221 minterms, vars: 170r/170c

Prob0: 123 iterations in 0.93 seconds (average 0.007553, setup 0.00)

Prob1: 3 iterations in 0.06 seconds (average 0.018333, setup 0.00)

yes = 24189350182911, no = 111050578460672, maybe = 1572863

Computing remaining probabilities...
Engine: MTBDD

Iteration matrix MTBDD... [nodes=12049] [235.3 Kb]
Diagonals MTBDD... [nodes=19364] [378.2 Kb]

Starting iterations...

Jacobi: 40 iterations in 0.11 seconds (average 0.002425, setup 0.01)

Value in the initial state: 0.5000004768371582

Time for model checking: 1.598 seconds.

Result: 0.5000004768371582 (value in the initial state)

