PRISM
=====

Version: 4.5.dev
Date: Tue Jan 28 15:33:13 GMT 2020
Hostname: cca-lg04-049.cs.bham.ac.uk
Memory limits: cudd=1g, java(heap)=910.5m
Command line: prism /home/students/tjw625/work/FYP/prism-benchmarks/models/dtmcs/nand/nand.pm -const 'N=20,K=2' /home/students/tjw625/work/FYP/prism-benchmarks/models/dtmcs/nand/reliable.pctl -mainlog 'logs/opti-dtmc-logs/nand.pm.const.N=20,K=2.reliable.pctl.log'

Parsing model file "/home/students/tjw625/work/FYP/prism-benchmarks/models/dtmcs/nand/nand.pm"...

Type:        DTMC
Modules:     multiplex 
Variables:   u c s z zx zy x y 

Parsing properties file "/home/students/tjw625/work/FYP/prism-benchmarks/models/dtmcs/nand/reliable.pctl"...

1 property:
(1) "reliable": P=? [ F s=4&z/N<0.1 ]

---------------------------------------------------------------------

Model checking: "reliable": P=? [ F s=4&z/N<0.1 ]
Model constants: N=20,K=2

Building model...
Model constants: N=20,K=2

Computing reachable states...

Reachability (BFS): 402 iterations in 0.25 seconds (average 0.000617, setup 0.00)

Time for model construction: 0.443 seconds.

Type:        DTMC
States:      154942 (1 initial)
Transitions: 239832

Transition matrix: 13591 nodes (131 terminal), 239832 minterms, vars: 28r/28c

Prob0: 402 iterations in 0.25 seconds (average 0.000624, setup 0.00)

Prob1: 329 iterations in 0.19 seconds (average 0.000587, setup 0.00)

yes = 16, no = 29276, maybe = 125650

Computing remaining probabilities...
Engine: Hybrid

Building hybrid MTBDD matrix... [levels=28, nodes=17945] [841.2 KB]
Adding explicit sparse matrices... [levels=25, num=6, compact] [452.6 KB]
Creating vector for diagonals... [dist=1, compact] [302.6 KB]
Creating vector for RHS... [dist=2, compact] [302.6 KB]
Allocating iteration vectors... [2 x 1.2 MB]
TOTAL: [4.2 MB]

Starting iterations...

Jacobi: 401 iterations in 0.39 seconds (average 0.000845, setup 0.05)

Value in the initial state: 0.41286262396730955

Time for model checking: 0.873 seconds.

Result: 0.41286262396730955 (value in the initial state)

