PRISM
=====

Version: 4.5.dev
Date: Tue Jan 28 15:35:05 GMT 2020
Hostname: cca-lg04-049.cs.bham.ac.uk
Memory limits: cudd=1g, java(heap)=910.5m
Command line: prism /home/students/tjw625/work/FYP/prism-benchmarks/models/dtmcs/nand/nand.pm -const 'N=60,K=1' /home/students/tjw625/work/FYP/prism-benchmarks/models/dtmcs/nand/reliable.pctl -mainlog 'logs/opti-dtmc-logs/nand.pm.const.N=60,K=1.reliable.pctl.log'

Parsing model file "/home/students/tjw625/work/FYP/prism-benchmarks/models/dtmcs/nand/nand.pm"...

Type:        DTMC
Modules:     multiplex 
Variables:   u c s z zx zy x y 

Parsing properties file "/home/students/tjw625/work/FYP/prism-benchmarks/models/dtmcs/nand/reliable.pctl"...

1 property:
(1) "reliable": P=? [ F s=4&z/N<0.1 ]

---------------------------------------------------------------------

Model checking: "reliable": P=? [ F s=4&z/N<0.1 ]
Model constants: N=60,K=1

Building model...
Model constants: N=60,K=1

Computing reachable states...

Reachability (BFS): 722 iterations in 1.93 seconds (average 0.002673, setup 0.00)

Time for model construction: 2.398 seconds.

Type:        DTMC
States:      4717592 (1 initial)
Transitions: 7463732

Transition matrix: 97434 nodes (1103 terminal), 7463732 minterms, vars: 31r/31c

Prob0: 722 iterations in 2.29 seconds (average 0.003173, setup 0.00)

Prob1: 505 iterations in 1.88 seconds (average 0.003727, setup 0.00)

yes = 547, no = 1757695, maybe = 2959350

Computing remaining probabilities...
Engine: Hybrid

Building hybrid MTBDD matrix... [levels=31, nodes=136713] [6.3 MB]
Adding explicit sparse matrices... [levels=14, num=365, compact] [769.2 KB]
Creating vector for diagonals... [dist=1, compact] [9.0 MB]
Creating vector for RHS... [dist=2, compact] [9.0 MB]
Allocating iteration vectors... [2 x 36.0 MB]
TOTAL: [97.0 MB]

Starting iterations...
Iteration 191: max relative diff=1.000000, 5.02 sec so far
Iteration 383: max relative diff=1.000000, 10.03 sec so far
Iteration 575: max relative diff=1.000000, 15.05 sec so far

Jacobi: 721 iterations in 22.71 seconds (average 0.026172, setup 3.84)

Value in the initial state: 0.26946099180386324

Time for model checking: 27.227 seconds.

Result: 0.26946099180386324 (value in the initial state)

