PRISM
=====

Version: 4.5.dev
Date: Tue Jan 28 15:35:36 GMT 2020
Hostname: cca-lg04-049.cs.bham.ac.uk
Memory limits: cudd=1g, java(heap)=910.5m
Command line: prism /home/students/tjw625/work/FYP/prism-benchmarks/models/dtmcs/nand/nand.pm -const 'N=60,K=2' /home/students/tjw625/work/FYP/prism-benchmarks/models/dtmcs/nand/reliable.pctl -mainlog 'logs/opti-dtmc-logs/nand.pm.const.N=60,K=2.reliable.pctl.log'

Parsing model file "/home/students/tjw625/work/FYP/prism-benchmarks/models/dtmcs/nand/nand.pm"...

Type:        DTMC
Modules:     multiplex 
Variables:   u c s z zx zy x y 

Parsing properties file "/home/students/tjw625/work/FYP/prism-benchmarks/models/dtmcs/nand/reliable.pctl"...

1 property:
(1) "reliable": P=? [ F s=4&z/N<0.1 ]

---------------------------------------------------------------------

Model checking: "reliable": P=? [ F s=4&z/N<0.1 ]
Model constants: N=60,K=2

Building model...
Model constants: N=60,K=2

Computing reachable states...

Reachability (BFS): 1202 iterations in 4.04 seconds (average 0.003359, setup 0.00)

Time for model construction: 4.435 seconds.

Type:        DTMC
States:      9420422 (1 initial)
Transitions: 14899892

Transition matrix: 97443 nodes (1103 terminal), 14899892 minterms, vars: 32r/32c

Prob0: 1202 iterations in 3.94 seconds (average 0.003282, setup 0.00)

Prob1: 985 iterations in 3.54 seconds (average 0.003593, setup 0.00)

yes = 547, no = 1757695, maybe = 7662180

Computing remaining probabilities...
Engine: Hybrid

Building hybrid MTBDD matrix... [levels=32, nodes=136727] [6.3 MB]
Adding explicit sparse matrices... [levels=14, num=365, compact] [769.2 KB]
Creating vector for diagonals... [dist=1, compact] [18.0 MB]
Creating vector for RHS... [dist=2, compact] [18.0 MB]
Allocating iteration vectors... [2 x 71.9 MB]
TOTAL: [186.7 MB]

Starting iterations...
Iteration 88: max relative diff=1.000000, 5.03 sec so far
Iteration 176: max relative diff=1.000000, 10.06 sec so far
Iteration 264: max relative diff=1.000000, 15.08 sec so far
Iteration 352: max relative diff=1.000000, 20.10 sec so far
Iteration 440: max relative diff=1.000000, 25.14 sec so far
Iteration 528: max relative diff=1.000000, 30.20 sec so far
Iteration 616: max relative diff=1.000000, 35.24 sec so far
Iteration 704: max relative diff=1.000000, 40.29 sec so far
Iteration 792: max relative diff=1.000000, 45.34 sec so far
Iteration 879: max relative diff=1.000000, 50.34 sec so far
Iteration 966: max relative diff=1.000000, 55.35 sec so far
Iteration 1053: max relative diff=1.000000, 60.36 sec so far
Iteration 1140: max relative diff=1.000000, 65.37 sec so far

Jacobi: 1201 iterations in 72.92 seconds (average 0.057380, setup 4.00)

Value in the initial state: 0.5175335545542981

Time for model checking: 80.738 seconds.

Result: 0.5175335545542981 (value in the initial state)

