PRISM
=====

Version: 4.5.dev
Date: Wed Jan 29 13:07:10 GMT 2020
Hostname: cca-ug04-039.cs.bham.ac.uk
Memory limits: cudd=1g, java(heap)=910.5m
Command line: prism /home/students/tjw625/work/FYP/prism-benchmarks/models/dtmcs/brp/brp.pm -const 'N=16,MAX=4' -fixdl /home/students/tjw625/work/FYP/prism-benchmarks/models/dtmcs/brp/p2.pctl -ex -sound -mainlog 'logs/sound-dtmc-logs/brp.pm.const.N=16,MAX=4.fixdl.p2.pctl.ex.sound.log'

Parsing model file "/home/students/tjw625/work/FYP/prism-benchmarks/models/dtmcs/brp/brp.pm"...

Type:        DTMC
Modules:     sender receiver checker channelK channelL 
Variables:   s srep nrtr i bs s_ab fs ls r rrep fr lr br r_ab recv T k l 

Parsing properties file "/home/students/tjw625/work/FYP/prism-benchmarks/models/dtmcs/brp/p2.pctl"...

1 property:
(1) "p2": P=? [ F s=5&srep=2 ]

---------------------------------------------------------------------

Model checking: "p2": P=? [ F s=5&srep=2 ]
Model constants: N=16,MAX=4

Building model...
Model constants: N=16,MAX=4

Computing reachable states... 1095 states
Reachable states exploration and model construction done in 0.095 secs.
Sorting reachable states list...

Time for model construction: 0.177 seconds.

Warning: Deadlocks detected and fixed in 37 states

Type:        DTMC
States:      1095 (1 initial)
Transitions: 1443

Starting probabilistic reachability...
Calculating predecessor relation for discrete-time Markov chain...  done (0.005 seconds)
Starting Prob0...
Prob0 took 0.008 seconds.
Starting Prob1...
Prob1 took 0.001 seconds.
target=2, yes=7, no=184, maybe=904
SOUND
Running sound value iter
L : 0.0
U :0.0298
L : 0.0
U :0.0298
L : 0.0
U :0.0298
L : 0.0
U :0.0298
L : 0.0
U :0.0298
L : 0.0
U :0.0298
L : 0.0
U :0.0298
L : 0.0
U :0.0298
L : 0.0
U :0.0298
L : 0.0
U :0.0298
L : 0.0
U :0.0298
L : 0.0
U :0.0298
L : 0.0
U :0.0298
L : 0.0
U :0.0298
L : 0.0
U :0.0298
L : 0.0
U :0.0298
L : 0.0
U :0.0298
L : 0.0
U :0.0298
L : 0.0
U :0.0298
L : 0.0
U :0.0298
L : 0.0
U :0.0298
L : 0.0
U :0.0298
L : 0.0
U :0.0298
L : 0.0
U :0.0298
L : 0.0
U :0.0298
L : 0.0
U :0.0298
L : 0.0
U :0.0298
L : 0.0
U :0.0298
L : 0.0
U :0.0298
L : 0.0
U :0.0298
L : 0.0
U :0.0298
L : 0.0
U :0.0298
L : 0.0
U :0.0298
L : 0.0
U :0.0298
L : 0.0
U :0.0298
L : 0.0
U :0.0298
L : 0.0
U :0.0298
L : 0.0
U :0.0298
L : 0.0
U :0.0298
L : 0.0
U :0.0298
L : 0.0
U :0.0298
L : 0.0
U :0.0298
L : 0.0
U :0.0298
L : 0.0
U :0.0298
L : 0.0
U :0.0298
L : 0.0
U :0.0298
L : 0.0
U :0.0298
L : 0.0
U :0.0298
L : 0.0
U :0.0298
L : 0.0
U :0.0298
L : 0.0
U :0.0298
L : 0.0
U :0.0298
L : 0.0
U :0.0298
L : 0.0
U :0.0298
L : 0.0
U :0.0298
L : 0.0
U :0.0298
L : 0.0
U :0.0298
L : 0.0
U :0.0298
L : 0.0
U :0.0298
L : 0.0
U :0.0298
L : 2.073038910912651E-9
U :0.0298
L : 3.6572324053663464E-9
U :0.0298
L : 7.886150416000001E-9
U :0.0298
L : 7.886150416000001E-9
U :0.0298
L : 7.886150416000001E-9
U :0.0298
Probabilistic reachability took 0.04 seconds.

Value in the initial state: 3.008329288689435E-7

Time for model checking: 0.053 seconds.

Result: 3.008329288689435E-7 (value in the initial state)

---------------------------------------------------------------------

Note: There was 1 warning during computation.

