PRISM
=====

Version: 4.5.dev
Date: Wed Jan 29 13:07:01 GMT 2020
Hostname: cca-ug04-039.cs.bham.ac.uk
Memory limits: cudd=1g, java(heap)=910.5m
Command line: prism /home/students/tjw625/work/FYP/prism-benchmarks/models/dtmcs/brp/brp.pm -const 'N=64,MAX=3' -fixdl /home/students/tjw625/work/FYP/prism-benchmarks/models/dtmcs/brp/p1.pctl -ex -sound -mainlog 'logs/sound-dtmc-logs/brp.pm.const.N=64,MAX=3.fixdl.p1.pctl.ex.sound.log'

Parsing model file "/home/students/tjw625/work/FYP/prism-benchmarks/models/dtmcs/brp/brp.pm"...

Type:        DTMC
Modules:     sender receiver checker channelK channelL 
Variables:   s srep nrtr i bs s_ab fs ls r rrep fr lr br r_ab recv T k l 

Parsing properties file "/home/students/tjw625/work/FYP/prism-benchmarks/models/dtmcs/brp/p1.pctl"...

1 property:
(1) "p1": P=? [ F s=5 ]

---------------------------------------------------------------------

Model checking: "p1": P=? [ F s=5 ]
Model constants: N=64,MAX=3

Building model...
Model constants: N=64,MAX=3

Computing reachable states... 3526 states
Reachable states exploration and model construction done in 0.074 secs.
Sorting reachable states list...

Time for model construction: 0.168 seconds.

Warning: Deadlocks detected and fixed in 132 states

Type:        DTMC
States:      3526 (1 initial)
Transitions: 4611

Starting probabilistic reachability...
Calculating predecessor relation for discrete-time Markov chain...  done (0.008 seconds)
Starting Prob0...
Prob0 took 0.008 seconds.
Starting Prob1...
Prob1 took 0.003 seconds.
target=128, yes=448, no=268, maybe=2810
SOUND
Running sound value iter
L : 2.6463592E-7
U :1.0000000001571463
L : 2.6463592E-7
U :1.0000000001571463
L : 2.6463592E-7
U :1.0000000001571463
L : 2.6463592E-7
U :1.0000000001571463
L : 2.6463592E-7
U :1.000000000091098
L : 2.6463592E-7
U :1.000000000091098
L : 2.6463592E-7
U :1.000000000091098
L : 2.6463592E-7
U :1.000000000091098
L : 2.6463592E-7
U :1.000000000074241
L : 2.6463592E-7
U :1.000000000074241
L : 2.6463592E-7
U :1.0000000000634677
L : 2.6463592E-7
U :1.0000000000634677
L : 2.6463592E-7
U :1.0000000000634677
L : 2.6463592E-7
U :1.0000000000634677
L : 2.6463592E-7
U :1.000000000041185
L : 2.6463592E-7
U :1.000000000041185
L : 2.6463592E-7
U :1.00000000002958
L : 2.6463592E-7
U :1.00000000002958
L : 2.6463592E-7
U :1.0000000000164864
L : 2.6463592E-7
U :1.0000000000164864
L : 2.6463592E-7
U :1.0000000000164864
L : 2.6463592E-7
U :1.0000000000164864
L : 2.6463592E-7
U :1.000000000004388
L : 2.6463592E-7
U :1.000000000004388
L : 2.6463592E-7
U :1.000000000004388
L : 2.6463592E-7
U :1.000000000004388
L : 2.6463592E-7
U :1.000000000004388
L : 2.6463592E-7
U :1.000000000004388
L : 2.6463592E-7
U :1.000000000004388
L : 2.6463592E-7
U :1.000000000004388
L : 2.6463592E-7
U :1.000000000004388
L : 2.6463592E-7
U :1.000000000004388
L : 2.6463592E-7
U :1.000000000004388
L : 2.6463592E-7
U :1.000000000004388
L : 2.6463592E-7
U :1.000000000004388
L : 2.6463592E-7
U :1.0000000000018963
L : 2.6463592E-7
U :1.0000000000018963
L : 2.6463592E-7
U :1.0000000000018963
L : 2.6463592E-7
U :1.0000000000018963
L : 2.6463592E-7
U :1.0000000000018963
L : 2.6463592E-7
U :1.0000000000018963
L : 2.6463592E-7
U :1.0000000000018963
L : 2.6463592E-7
U :1.0000000000018963
L : 2.6463592E-7
U :1.0000000000018963
L : 2.6463592E-7
U :1.0000000000018963
L : 2.6463592E-7
U :1.0000000000018963
L : 2.6463592E-7
U :1.0000000000018963
L : 2.6463592E-7
U :1.0000000000018963
L : 2.6463592E-7
U :1.0000000000018963
L : 2.6463592E-7
U :1.0000000000018963
L : 2.6463592E-7
U :1.0000000000018963
L : 2.6463592E-7
U :1.0000000000018963
L : 2.6463592E-7
U :1.0000000000018963
L : 2.6463592E-7
U :1.0000000000018963
L : 2.6463592E-7
U :1.0000000000018963
L : 2.6463592E-7
U :1.0000000000018963
L : 2.6463592E-7
U :1.0000000000018963
L : 2.6463592E-7
U :1.0000000000018963
L : 2.6463592E-7
U :1.0000000000018963
L : 2.6463592E-7
U :1.0000000000018963
L : 2.6463592E-7
U :1.0000000000018963
L : 2.6463592E-7
U :1.0000000000018963
L : 2.6463592E-7
U :1.0000000000018963
L : 2.6463592E-7
U :1.0000000000000644
L : 2.6463592E-7
U :1.0000000000000644
L : 2.6463592E-7
U :1.0000000000000553
L : 2.6463592E-7
U :1.0000000000000395
L : 2.6463592E-7
U :0.9999999999999998
L : 2.6463592E-7
U :0.9999999999999998
L : 2.6463592E-7
U :0.9999999999999998
L : 2.6463592E-7
U :0.9999999999999923
L : 2.6463592E-7
U :0.9999999999999923
L : 2.6463592E-7
U :0.9999999999999923
L : 2.6463592E-7
U :0.9999999999999923
L : 2.6463592E-7
U :0.9999999999999896
L : 2.6463592E-7
U :0.9999999999999896
L : 2.6463592E-7
U :0.9999999999999896
L : 2.6463592E-7
U :0.9999999999999896
L : 2.6463592E-7
U :0.9999999999999896
L : 2.6463592E-7
U :0.9999999999999896
L : 2.6463592E-7
U :0.9999999999999896
L : 2.6463592E-7
U :0.9999999999999896
L : 2.6463592E-7
U :0.9999999999999888
L : 2.6463592E-7
U :0.9999999999999888
L : 2.6463592E-7
U :0.9999999999999888
L : 2.6463592E-7
U :0.9999999999999888
L : 2.6463592E-7
U :0.9999999999999886
L : 2.6463592E-7
U :0.9999999999999881
L : 2.6463592E-7
U :0.9999999999999881
L : 2.6463592E-7
U :0.9999999999999881
L : 2.6463592E-7
U :0.9999999999999881
L : 2.6463592E-7
U :0.9999999999999881
L : 2.6463592E-7
U :0.9999999999999881
L : 2.6463592E-7
U :0.9999999999999881
L : 2.6463592E-7
U :0.9999999999999868
L : 2.6463592E-7
U :0.9999999999999868
L : 2.6463592E-7
U :0.9999999999999868
L : 2.6463592E-7
U :0.9999999999999868
L : 2.6463592E-7
U :0.9999999999999868
L : 2.6463592E-7
U :0.9999999999999868
L : 2.6463592E-7
U :0.9999999999999868
L : 2.6463592E-7
U :0.9999999999999868
L : 2.6463592E-7
U :0.9999999999999868
L : 2.6463592E-7
U :0.9999999999999868
L : 2.6463592E-7
U :0.9999999999999868
L : 2.6463592E-7
U :0.9999999999999868
L : 2.6463592E-7
U :0.9999999999999868
L : 2.6463592E-7
U :0.9999999999999868
L : 2.6463592E-7
U :0.9999999999999868
L : 2.6463592E-7
U :0.9999999999999856
L : 2.6463592E-7
U :0.9999999999999856
L : 2.6463592E-7
U :0.9999999999999856
L : 2.6463592E-7
U :0.9999999999999856
L : 2.6463592E-7
U :0.9999999999999856
L : 2.6463592E-7
U :0.9999999999999856
L : 2.6463592E-7
U :0.9999999999999856
L : 2.6463592E-7
U :0.9999999999999856
L : 2.6463592E-7
U :0.9999999999999856
L : 2.6463592E-7
U :0.9999999999999856
L : 2.6463592E-7
U :0.9999999999999856
L : 2.6463592E-7
U :0.9999999999999856
L : 2.6463592E-7
U :0.9999999999999856
L : 2.6463592E-7
U :0.9999999999999856
L : 2.6463592E-7
U :0.9999999999999856
L : 2.6463592E-7
U :0.9999999999999856
L : 2.6463592E-7
U :0.9999999999999856
L : 2.6463592E-7
U :0.9999999999999856
L : 2.6463592E-7
U :0.9999999999999856
L : 2.6463592E-7
U :0.9999999999999856
L : 2.6463592E-7
U :0.9999999999999856
L : 2.6463592E-7
U :0.9999999999999856
L : 2.6463592E-7
U :0.9999999999999856
L : 2.6463592E-7
U :0.9999999999999856
L : 2.6463592E-7
U :0.9999999999999856
L : 2.6463592E-7
U :0.9999999999999856
L : 2.6463592E-7
U :0.9999999999999856
L : 2.6463592E-7
U :0.9999999999999856
L : 2.6463592E-7
U :0.9999999999999856
L : 2.6463592E-7
U :0.9999999999999856
L : 2.6463592E-7
U :0.9999999999999856
L : 2.6463592E-7
U :0.9999999999999856
L : 2.6463592E-7
U :0.9999999999999808
L : 2.6463592E-7
U :0.9999999999999808
L : 2.6463592E-7
U :0.9999999999999808
L : 2.6463592E-7
U :0.9999999999999808
L : 2.6463592E-7
U :0.9999999999999808
L : 2.6463592E-7
U :0.9999999999999808
L : 2.6463592E-7
U :0.9999999999999808
L : 2.6463592E-7
U :0.9999999999999808
L : 2.6463592E-7
U :0.9999999999999808
L : 2.6463592E-7
U :0.9999999999999808
L : 2.6463592E-7
U :0.9999999999999808
L : 2.6463592E-7
U :0.9999999999999808
L : 2.6463592E-7
U :0.9999999999999808
L : 2.6463592E-7
U :0.9999999999999808
L : 2.6463592E-7
U :0.9999999999999808
L : 2.6463592E-7
U :0.9999999999999808
L : 2.6463592E-7
U :0.9999999999999808
L : 2.6463592E-7
U :0.9999999999999808
L : 2.6463592E-7
U :0.9999999999999808
L : 2.6463592E-7
U :0.9999999999999808
L : 2.6463592E-7
U :0.9999999999999808
L : 2.6463592E-7
U :0.9999999999999808
L : 2.6463592E-7
U :0.9999999999999808
L : 2.6463592E-7
U :0.9999999999999808
L : 2.6463592E-7
U :0.9999999999999808
L : 2.6463592E-7
U :0.9999999999999808
L : 2.6463592E-7
U :0.9999999999999808
L : 2.6463592E-7
U :0.9999999999999808
L : 2.6463592E-7
U :0.9999999999999808
L : 2.6463592E-7
U :0.9999999999999808
L : 2.6463592E-7
U :0.9999999999999808
L : 2.6463592E-7
U :0.9999999999999808
L : 2.6463592E-7
U :0.9999999999999808
L : 2.6463592E-7
U :0.9999999999999808
L : 2.6463592E-7
U :0.9999999999999808
L : 2.6463592E-7
U :0.9999999999999808
L : 2.6463592E-7
U :0.9999999999999808
L : 2.6463592E-7
U :0.9999999999999808
L : 2.6463592E-7
U :0.9999999999999808
L : 2.6463592E-7
U :0.9999999999999808
L : 2.6463592E-7
U :0.9999999999999808
L : 2.6463592E-7
U :0.9999999999999808
L : 2.6463592E-7
U :0.9999999999999808
L : 2.6463592E-7
U :0.9999999999999808
L : 2.6463592E-7
U :0.9999999999999808
L : 2.6463592E-7
U :0.9999999999999808
L : 2.6463592E-7
U :0.9999999999999808
L : 2.6463592E-7
U :0.9999999999999808
L : 2.6463592E-7
U :0.9999999999999808
L : 2.6463592E-7
U :0.9999999999999808
L : 2.6463592E-7
U :0.9999999999999808
L : 2.6463592E-7
U :0.9999999999999808
L : 2.6463592E-7
U :0.9999999999999808
L : 2.6463592E-7
U :0.9999999999999808
L : 2.6463592E-7
U :0.9999999999999808
L : 2.6463592E-7
U :0.9999999999999808
L : 2.6463592E-7
U :0.9999999999999808
L : 2.6463592E-7
U :0.9999999999999808
L : 2.6463592E-7
U :0.9999999999999779
L : 2.6463592E-7
U :0.9999999999999779
L : 2.6463592E-7
U :0.9999999999999779
L : 2.6463592E-7
U :0.9999999999999779
L : 2.6463592E-7
U :0.9999999999999746
L : 2.6463592E-7
U :0.9999999999999746
L : 2.6463592E-7
U :0.9999999999999746
L : 2.6463592E-7
U :0.9999999999999746
L : 2.6463592E-7
U :0.9999999999999711
L : 2.6463592E-7
U :0.9999999999999711
L : 2.6463592E-7
U :0.9999999999999711
L : 2.6463592E-7
U :0.9999999999999711
L : 2.6463592E-7
U :0.9999999999999677
L : 2.6463592E-7
U :0.9999999999999677
L : 2.6463592E-7
U :0.9999999999999672
L : 2.6463592E-7
U :0.9999999999999672
L : 2.6463592E-7
U :0.999999999999967
L : 2.6463592E-7
U :0.999999999999967
L : 2.6463592E-7
U :0.999999999999967
L : 2.6463592E-7
U :0.999999999999967
L : 2.6463592E-7
U :0.999999999999967
L : 2.6463592E-7
U :0.999999999999967
L : 2.6463592E-7
U :0.999999999999967
L : 2.6463592E-7
U :0.999999999999967
L : 2.6463592E-7
U :0.999999999999967
L : 2.6463592E-7
U :0.999999999999967
L : 2.6463592E-7
U :0.9999999999999668
L : 2.6463592E-7
U :0.9999999999999668
L : 2.6463592E-7
U :0.9999999999999668
L : 2.6463592E-7
U :0.9999999999999668
L : 2.6463592E-7
U :0.9999999999999654
L : 2.6463592E-7
U :0.9999999999999654
L : 2.6463592E-7
U :0.9999999999999654
L : 2.6463592E-7
U :0.9999999999999654
L : 2.6463592E-7
U :0.9999999999999633
L : 2.6463592E-7
U :0.9999999999999633
L : 2.6463592E-7
U :0.9999999999999633
L : 2.6463592E-7
U :0.9999999999999633
L : 2.6463592E-7
U :0.9999999999999633
L : 2.6463592E-7
U :0.9999999999999633
L : 2.6463592E-7
U :0.9999999999999633
L : 2.6463592E-7
U :0.9999999999999633
L : 2.6463592E-7
U :0.9999999999999609
L : 2.6463592E-7
U :0.9999999999999609
L : 2.6463592E-7
U :0.9999999999999609
L : 2.6463592E-7
U :0.9999999999999609
L : 2.6463592E-7
U :0.9999999999999603
L : 2.6463592E-7
U :0.9999999999999561
L : 2.6463592E-7
U :0.9999999999999561
L : 2.6463592E-7
U :0.9999999999999561
L : 2.6463592E-7
U :0.9999999999735043
L : 2.6463592E-7
U :0.08387355301566762
L : 2.6463592E-7
U :0.0531804596674294
L : 2.6463592E-7
U :0.04113191956317488
L : 2.6463592E-7
U :0.035351355898738085
L : 2.6463592E-7
U :0.03252532561410188
L : 2.6463592E-7
U :0.031107907846499593
L : 2.6463592E-7
U :0.030420285107693432
L : 2.6463592E-7
U :0.030096685172183914
L : 2.6463592E-7
U :0.029951697506596018
L : 2.6463592E-7
U :0.02988949747215849
L : 2.6463592E-7
U :0.029864046564375357
L : 2.6463592E-7
U :0.029854055805508917
L : 2.6463592E-7
U :0.02985029103145446
L : 2.6463592E-7
U :0.029848923080472593
Probabilistic reachability took 0.122 seconds.

Value in the initial state: 5.088697262812865E-5

Time for model checking: 0.134 seconds.

Result: 5.088697262812865E-5 (value in the initial state)

---------------------------------------------------------------------

Note: There was 1 warning during computation.

