PRISM
=====

Version: 4.5.dev
Date: Wed Jan 29 13:06:52 GMT 2020
Hostname: cca-ug04-039.cs.bham.ac.uk
Memory limits: cudd=1g, java(heap)=910.5m
Command line: prism /home/students/tjw625/work/FYP/prism-benchmarks/models/dtmcs/brp/brp.pm -const 'N=32,MAX=2' -fixdl /home/students/tjw625/work/FYP/prism-benchmarks/models/dtmcs/brp/p1.pctl -ex -sound -mainlog 'logs/sound-dtmc-logs/brp.pm.const.N=32,MAX=2.fixdl.p1.pctl.ex.sound.log'

Parsing model file "/home/students/tjw625/work/FYP/prism-benchmarks/models/dtmcs/brp/brp.pm"...

Type:        DTMC
Modules:     sender receiver checker channelK channelL 
Variables:   s srep nrtr i bs s_ab fs ls r rrep fr lr br r_ab recv T k l 

Parsing properties file "/home/students/tjw625/work/FYP/prism-benchmarks/models/dtmcs/brp/p1.pctl"...

1 property:
(1) "p1": P=? [ F s=5 ]

---------------------------------------------------------------------

Model checking: "p1": P=? [ F s=5 ]
Model constants: N=32,MAX=2

Building model...
Model constants: N=32,MAX=2

Computing reachable states... 1349 states
Reachable states exploration and model construction done in 0.091 secs.
Sorting reachable states list...

Time for model construction: 0.181 seconds.

Warning: Deadlocks detected and fixed in 67 states

Type:        DTMC
States:      1349 (1 initial)
Transitions: 1731

Starting probabilistic reachability...
Calculating predecessor relation for discrete-time Markov chain...  done (0.006 seconds)
Starting Prob0...
Prob0 took 0.006 seconds.
Starting Prob1...
Prob1 took 0.001 seconds.
target=64, yes=224, no=137, maybe=988
SOUND
Running sound value iter
L : 8.8804E-6
U :1.0000000000047746
L : 8.8804E-6
U :1.0000000000000098
L : 8.8804E-6
U :1.0000000000000098
L : 8.8804E-6
U :1.0000000000000098
L : 8.8804E-6
U :1.0000000000000098
L : 8.8804E-6
U :1.0000000000000098
L : 8.8804E-6
U :1.0000000000000098
L : 8.8804E-6
U :0.9999999999999989
L : 8.8804E-6
U :0.9999999999999989
L : 8.8804E-6
U :0.9999999999999989
L : 8.8804E-6
U :0.9999999999999978
L : 8.8804E-6
U :0.9999999999999978
L : 8.8804E-6
U :0.9999999999999978
L : 8.8804E-6
U :0.9999999999999978
L : 8.8804E-6
U :0.9999999999999978
L : 8.8804E-6
U :0.9999999999999978
L : 8.8804E-6
U :0.9999999999999978
L : 8.8804E-6
U :0.9999999999999978
L : 8.8804E-6
U :0.9999999999999978
L : 8.8804E-6
U :0.9999999999999978
L : 8.8804E-6
U :0.9999999999999978
L : 8.8804E-6
U :0.9999999999999978
L : 8.8804E-6
U :0.9999999999999978
L : 8.8804E-6
U :0.9999999999999978
L : 8.8804E-6
U :0.9999999999999978
L : 8.8804E-6
U :0.9999999999999978
L : 8.8804E-6
U :0.9999999999999978
L : 8.8804E-6
U :0.9999999999999978
L : 8.8804E-6
U :0.9999999999999978
L : 8.8804E-6
U :0.9999999999999978
L : 8.8804E-6
U :0.9999999999999978
L : 8.8804E-6
U :0.9999999999999978
L : 8.8804E-6
U :0.9999999999999978
L : 8.8804E-6
U :0.9999999999999978
L : 8.8804E-6
U :0.9999999999999952
L : 8.8804E-6
U :0.9999999999999952
L : 8.8804E-6
U :0.9999999999999952
L : 8.8804E-6
U :0.9999999999999952
L : 8.8804E-6
U :0.9999999999999952
L : 8.8804E-6
U :0.9999999999999952
L : 8.8804E-6
U :0.9999999999999951
L : 8.8804E-6
U :0.9999999999999951
L : 8.8804E-6
U :0.9999999999999931
L : 8.8804E-6
U :0.9999999999999931
L : 8.8804E-6
U :0.9999999999999931
L : 8.8804E-6
U :0.9999999999999931
L : 8.8804E-6
U :0.9999999999999931
L : 8.8804E-6
U :0.9999999999999931
L : 8.8804E-6
U :0.999999999999991
L : 8.8804E-6
U :0.999999999999991
L : 8.8804E-6
U :0.9999999999999899
L : 8.8804E-6
U :0.9999999999999899
L : 8.8804E-6
U :0.9999999999999899
L : 8.8804E-6
U :0.9999999999999899
L : 8.8804E-6
U :0.9999999999999899
L : 8.8804E-6
U :0.999999999999989
L : 8.8804E-6
U :0.999999999999989
L : 8.8804E-6
U :0.999999999999989
L : 8.8804E-6
U :0.999999999999989
L : 8.8804E-6
U :0.999999999999989
L : 8.8804E-6
U :0.999999999999989
L : 8.8804E-6
U :0.999999999999989
L : 8.8804E-6
U :0.999999999999989
L : 8.8804E-6
U :0.9999999999999883
L : 8.8804E-6
U :0.9999999999999883
L : 8.8804E-6
U :0.9999999999999883
L : 8.8804E-6
U :0.9999999999999883
L : 8.8804E-6
U :0.9999999999999883
L : 8.8804E-6
U :0.9999999999999883
L : 8.8804E-6
U :0.9999999999999883
L : 8.8804E-6
U :0.9999999999999883
L : 8.8804E-6
U :0.9999999999999883
L : 8.8804E-6
U :0.9999999999999883
L : 8.8804E-6
U :0.9999999999999883
L : 8.8804E-6
U :0.9999999999999883
L : 8.8804E-6
U :0.9999999999999868
L : 8.8804E-6
U :0.9999999999999868
L : 8.8804E-6
U :0.9999999999999868
L : 8.8804E-6
U :0.9999999999999868
L : 8.8804E-6
U :0.9999999999999868
L : 8.8804E-6
U :0.9999999999999868
L : 8.8804E-6
U :0.9999999999999868
L : 8.8804E-6
U :0.9999999999999868
L : 8.8804E-6
U :0.999999999999985
L : 8.8804E-6
U :0.999999999999985
L : 8.8804E-6
U :0.999999999999985
L : 8.8804E-6
U :0.999999999999985
L : 8.8804E-6
U :0.9999999999999846
L : 8.8804E-6
U :0.9999999999999846
L : 8.8804E-6
U :0.9999999999999846
L : 8.8804E-6
U :0.9999999999999846
L : 8.8804E-6
U :0.9999999999999846
L : 8.8804E-6
U :0.9999999999999846
L : 8.8804E-6
U :0.9999999999999846
L : 8.8804E-6
U :0.9999999999999846
L : 8.8804E-6
U :0.9999999999999792
L : 8.8804E-6
U :0.9999999999999792
L : 8.8804E-6
U :0.9999999999999792
L : 8.8804E-6
U :0.9999999999999792
L : 8.8804E-6
U :0.9999999999999792
L : 8.8804E-6
U :0.9999999999999792
L : 8.8804E-6
U :0.9999999999999792
L : 8.8804E-6
U :0.9999999999999792
L : 8.8804E-6
U :0.9999999999999761
L : 8.8804E-6
U :0.9999999999999761
L : 8.8804E-6
U :0.9999999999999757
L : 8.8804E-6
U :0.9999999999999757
L : 8.8804E-6
U :0.9999999999999757
L : 8.8804E-6
U :0.9999999999999757
L : 8.8804E-6
U :0.9999999999999757
L : 8.8804E-6
U :0.9999999999999757
L : 8.8804E-6
U :0.9999999999999757
L : 8.8804E-6
U :0.9999999999999757
L : 8.8804E-6
U :0.9999999999999709
L : 8.8804E-6
U :0.9999999999999709
L : 8.8804E-6
U :0.9999999999999709
L : 8.8804E-6
U :0.9999999999999694
L : 8.8804E-6
U :0.9999999999999694
L : 8.8804E-6
U :0.9999999999999694
L : 8.8804E-6
U :0.9999999999999691
L : 8.8804E-6
U :0.9999999999999691
L : 8.8804E-6
U :0.9999999999999634
L : 8.8804E-6
U :0.9999999999985497
L : 8.8804E-6
U :0.04733256453782529
L : 8.8804E-6
U :0.03654704323595016
L : 8.8804E-6
U :0.03299366587694711
L : 8.8804E-6
U :0.03146900167275835
L : 8.8804E-6
U :0.03091111802842605
L : 8.8804E-6
U :0.030699582371803938
L : 8.8804E-6
U :0.030628740720209675
L : 8.8804E-6
U :0.030605428620506768
L : 8.8804E-6
U :0.030598416590873787
L : 8.8804E-6
U :0.030596367211515534
Probabilistic reachability took 0.049 seconds.

Value in the initial state: 8.469440231244919E-4

Time for model checking: 0.061 seconds.

Result: 8.469440231244919E-4 (value in the initial state)

---------------------------------------------------------------------

Note: There was 1 warning during computation.

