PRISM
=====

Version: 4.5.dev
Date: Wed Jan 29 13:07:30 GMT 2020
Hostname: cca-ug04-039.cs.bham.ac.uk
Memory limits: cudd=1g, java(heap)=910.5m
Command line: prism /home/students/tjw625/work/FYP/prism-benchmarks/models/dtmcs/brp/brp.pm -const 'N=16,MAX=3' -fixdl /home/students/tjw625/work/FYP/prism-benchmarks/models/dtmcs/brp/p4.pctl -ex -sound -mainlog 'logs/sound-dtmc-logs/brp.pm.const.N=16,MAX=3.fixdl.p4.pctl.ex.sound.log'

Parsing model file "/home/students/tjw625/work/FYP/prism-benchmarks/models/dtmcs/brp/brp.pm"...

Type:        DTMC
Modules:     sender receiver checker channelK channelL 
Variables:   s srep nrtr i bs s_ab fs ls r rrep fr lr br r_ab recv T k l 

Parsing properties file "/home/students/tjw625/work/FYP/prism-benchmarks/models/dtmcs/brp/p4.pctl"...

1 property:
(1) "p4": P=? [ F !(srep=0)&!recv ]

---------------------------------------------------------------------

Model checking: "p4": P=? [ F !(srep=0)&!recv ]
Model constants: N=16,MAX=3

Building model...
Model constants: N=16,MAX=3

Computing reachable states... 886 states
Reachable states exploration and model construction done in 0.086 secs.
Sorting reachable states list...

Time for model construction: 0.174 seconds.

Warning: Deadlocks detected and fixed in 36 states

Type:        DTMC
States:      886 (1 initial)
Transitions: 1155

Starting probabilistic reachability...
Calculating predecessor relation for discrete-time Markov chain...  done (0.019 seconds)
Starting Prob0...
Prob0 took 0.01 seconds.
Starting Prob1...
Prob1 took 0.008 seconds.
target=3, yes=5, no=873, maybe=8
SOUND
Running sound value iter
L : 0.0
U :0.02
L : 0.0
U :0.02
L : 0.0
U :0.02
Probabilistic reachability took 0.05 seconds.

Value in the initial state: 8.000000000000001E-8

Time for model checking: 0.071 seconds.

Result: 8.000000000000001E-8 (value in the initial state)

---------------------------------------------------------------------

Note: There was 1 warning during computation.

