PRISM
=====

Version: 4.5.dev
Date: Mon Jan 27 18:48:12 GMT 2020
Hostname: cca-lg04-050.cs.bham.ac.uk
Memory limits: cudd=1g, java(heap)=910.5m
Command line: prism /home/students/tjw625/work/FYP/prism-benchmarks/models/dtmcs/brp/brp.pm -const 'N=64,MAX=4' -fixdl /home/students/tjw625/work/FYP/prism-benchmarks/models/dtmcs/brp/p1.pctl -mainlog 'logs/sound-dtmc-logs/brp.pm.const.N=64,MAX=4.fixdl.p1.pctl.log'

Parsing model file "/home/students/tjw625/work/FYP/prism-benchmarks/models/dtmcs/brp/brp.pm"...

Type:        DTMC
Modules:     sender receiver checker channelK channelL 
Variables:   s srep nrtr i bs s_ab fs ls r rrep fr lr br r_ab recv T k l 

Parsing properties file "/home/students/tjw625/work/FYP/prism-benchmarks/models/dtmcs/brp/p1.pctl"...

1 property:
(1) "p1": P=? [ F s=5 ]

---------------------------------------------------------------------

Model checking: "p1": P=? [ F s=5 ]
Model constants: N=64,MAX=4

Building model...
Model constants: N=64,MAX=4

Computing reachable states...

Reachability (BFS): 397 iterations in 0.11 seconds (average 0.000287, setup 0.00)

Time for model construction: 0.285 seconds.

Warning: Deadlocks detected and fixed in 133 states

Type:        DTMC
States:      4359 (1 initial)
Transitions: 5763

Transition matrix: 2417 nodes (6 terminal), 5763 minterms, vars: 35r/35c

Prob0: 15 iterations in 0.02 seconds (average 0.001200, setup 0.00)

Prob1: 385 iterations in 0.09 seconds (average 0.000239, setup 0.00)

yes = 448, no = 271, maybe = 3640

Computing remaining probabilities...
Engine: Hybrid

Building hybrid MTBDD matrix... [levels=35, nodes=2292] [107.4 KB]
Adding explicit sparse matrices... [levels=35, num=1, compact] [24.0 KB]
Creating vector for diagonals... [dist=1, compact] [8.5 KB]
Creating vector for RHS... [dist=2, compact] [8.5 KB]
Allocating iteration vectors... [2 x 34.1 KB]
TOTAL: [216.6 KB]

Starting iterations...

Jacobi: 421 iterations in 0.01 seconds (average 0.000021, setup 0.00)

Value in the initial state: 1.504043239976248E-6

Time for model checking: 0.134 seconds.

Result: 1.504043239976248E-6 (value in the initial state)

---------------------------------------------------------------------

Note: There was 1 warning during computation.

