PRISM
=====

Version: 4.5.dev
Date: Wed Jan 29 13:06:56 GMT 2020
Hostname: cca-ug04-039.cs.bham.ac.uk
Memory limits: cudd=1g, java(heap)=910.5m
Command line: prism /home/students/tjw625/work/FYP/prism-benchmarks/models/dtmcs/brp/brp.pm -const 'N=32,MAX=4' -fixdl /home/students/tjw625/work/FYP/prism-benchmarks/models/dtmcs/brp/p1.pctl -ex -sound -mainlog 'logs/sound-dtmc-logs/brp.pm.const.N=32,MAX=4.fixdl.p1.pctl.ex.sound.log'

Parsing model file "/home/students/tjw625/work/FYP/prism-benchmarks/models/dtmcs/brp/brp.pm"...

Type:        DTMC
Modules:     sender receiver checker channelK channelL 
Variables:   s srep nrtr i bs s_ab fs ls r rrep fr lr br r_ab recv T k l 

Parsing properties file "/home/students/tjw625/work/FYP/prism-benchmarks/models/dtmcs/brp/p1.pctl"...

1 property:
(1) "p1": P=? [ F s=5 ]

---------------------------------------------------------------------

Model checking: "p1": P=? [ F s=5 ]
Model constants: N=32,MAX=4

Building model...
Model constants: N=32,MAX=4

Computing reachable states... 2183 states
Reachable states exploration and model construction done in 0.095 secs.
Sorting reachable states list...

Time for model construction: 0.191 seconds.

Warning: Deadlocks detected and fixed in 69 states

Type:        DTMC
States:      2183 (1 initial)
Transitions: 2883

Starting probabilistic reachability...
Calculating predecessor relation for discrete-time Markov chain...  done (0.006 seconds)
Starting Prob0...
Prob0 took 0.007 seconds.
Starting Prob1...
Prob1 took 0.002 seconds.
target=64, yes=224, no=143, maybe=1816
SOUND
Running sound value iter
L : 7.605675271584006E-9
U :1.000000001085193
L : 7.886150416000001E-9
U :1.000000001085193
L : 7.886150416000001E-9
U :1.0000000000774214
L : 7.886150416000001E-9
U :1.0000000000774214
L : 7.886150416000001E-9
U :1.000000000046388
L : 7.886150416000001E-9
U :1.000000000046388
L : 7.886150416000001E-9
U :1.000000000046388
L : 7.886150416000001E-9
U :1.0000000000009441
L : 7.886150416000001E-9
U :1.0000000000009441
L : 7.886150416000001E-9
U :1.0000000000009441
L : 7.886150416000001E-9
U :1.0000000000009441
L : 7.886150416000001E-9
U :1.0000000000009441
L : 7.886150416000001E-9
U :1.0000000000009441
L : 7.886150416000001E-9
U :1.0000000000009441
L : 7.886150416000001E-9
U :1.0000000000009441
L : 7.886150416000001E-9
U :1.0000000000009441
L : 7.886150416000001E-9
U :1.0000000000009441
L : 7.886150416000001E-9
U :1.0000000000009441
L : 7.886150416000001E-9
U :0.9999999999999974
L : 7.886150416000001E-9
U :0.9999999999999974
L : 7.886150416000001E-9
U :0.9999999999999974
L : 7.886150416000001E-9
U :0.9999999999999974
L : 7.886150416000001E-9
U :0.9999999999999974
L : 7.886150416000001E-9
U :0.9999999999999974
L : 7.886150416000001E-9
U :0.9999999999999974
L : 7.886150416000001E-9
U :0.9999999999999974
L : 7.886150416000001E-9
U :0.9999999999999974
L : 7.886150416000001E-9
U :0.9999999999999974
L : 7.886150416000001E-9
U :0.9999999999999974
L : 7.886150416000001E-9
U :0.9999999999999974
L : 7.886150416000001E-9
U :0.9999999999999974
L : 7.886150416000001E-9
U :0.9999999999999974
L : 7.886150416000001E-9
U :0.9999999999999974
L : 7.886150416000001E-9
U :0.9999999999999974
L : 7.886150416000001E-9
U :0.9999999999999974
L : 7.886150416000001E-9
U :0.9999999999999974
L : 7.886150416000001E-9
U :0.9999999999999974
L : 7.886150416000001E-9
U :0.9999999999999974
L : 7.886150416000001E-9
U :0.9999999999999974
L : 7.886150416000001E-9
U :0.9999999999999974
L : 7.886150416000001E-9
U :0.9999999999999974
L : 7.886150416000001E-9
U :0.9999999999999974
L : 7.886150416000001E-9
U :0.9999999999999974
L : 7.886150416000001E-9
U :0.9999999999999974
L : 7.886150416000001E-9
U :0.9999999999999959
L : 7.886150416000001E-9
U :0.9999999999999959
L : 7.886150416000001E-9
U :0.9999999999999959
L : 7.886150416000001E-9
U :0.9999999999999959
L : 7.886150416000001E-9
U :0.9999999999999959
L : 7.886150416000001E-9
U :0.9999999999999958
L : 7.886150416000001E-9
U :0.9999999999999958
L : 7.886150416000001E-9
U :0.9999999999999958
L : 7.886150416000001E-9
U :0.9999999999999949
L : 7.886150416000001E-9
U :0.9999999999999949
L : 7.886150416000001E-9
U :0.9999999999999949
L : 7.886150416000001E-9
U :0.9999999999999949
L : 7.886150416000001E-9
U :0.9999999999999949
L : 7.886150416000001E-9
U :0.9999999999999949
L : 7.886150416000001E-9
U :0.9999999999999949
L : 7.886150416000001E-9
U :0.9999999999999949
L : 7.886150416000001E-9
U :0.9999999999999949
L : 7.886150416000001E-9
U :0.9999999999999949
L : 7.886150416000001E-9
U :0.9999999999999949
L : 7.886150416000001E-9
U :0.9999999999999949
L : 7.886150416000001E-9
U :0.999999999999993
L : 7.886150416000001E-9
U :0.999999999999993
L : 7.886150416000001E-9
U :0.999999999999993
L : 7.886150416000001E-9
U :0.999999999999993
L : 7.886150416000001E-9
U :0.9999999999999911
L : 7.886150416000001E-9
U :0.9999999999999911
L : 7.886150416000001E-9
U :0.9999999999999911
L : 7.886150416000001E-9
U :0.9999999999999911
L : 7.886150416000001E-9
U :0.9999999999999911
L : 7.886150416000001E-9
U :0.9999999999999911
L : 7.886150416000001E-9
U :0.9999999999999911
L : 7.886150416000001E-9
U :0.9999999999999911
L : 7.886150416000001E-9
U :0.9999999999999902
L : 7.886150416000001E-9
U :0.9999999999999902
L : 7.886150416000001E-9
U :0.9999999999999902
L : 7.886150416000001E-9
U :0.9999999999999902
L : 7.886150416000001E-9
U :0.9999999999999879
L : 7.886150416000001E-9
U :0.9999999999999879
L : 7.886150416000001E-9
U :0.9999999999999879
L : 7.886150416000001E-9
U :0.9999999999999879
L : 7.886150416000001E-9
U :0.9999999999999847
L : 7.886150416000001E-9
U :0.9999999999999847
L : 7.886150416000001E-9
U :0.9999999999999847
L : 7.886150416000001E-9
U :0.9999999999999847
L : 7.886150416000001E-9
U :0.9999999999999823
L : 7.886150416000001E-9
U :0.9999999999999823
L : 7.886150416000001E-9
U :0.9999999999999823
L : 7.886150416000001E-9
U :0.9999999999999823
L : 7.886150416000001E-9
U :0.9999999999999823
L : 7.886150416000001E-9
U :0.9999999999999823
L : 7.886150416000001E-9
U :0.9999999999999823
L : 7.886150416000001E-9
U :0.9999999999999823
L : 7.886150416000001E-9
U :0.9999999999999823
L : 7.886150416000001E-9
U :0.9999999999999823
L : 7.886150416000001E-9
U :0.9999999999999823
L : 7.886150416000001E-9
U :0.9999999999999823
L : 7.886150416000001E-9
U :0.9999999999999823
L : 7.886150416000001E-9
U :0.9999999999999823
L : 7.886150416000001E-9
U :0.9999999999999823
L : 7.886150416000001E-9
U :0.9999999999999823
L : 7.886150416000001E-9
U :0.9999999999999823
L : 7.886150416000001E-9
U :0.9999999999999823
L : 7.886150416000001E-9
U :0.9999999999999823
L : 7.886150416000001E-9
U :0.9999999999999823
L : 7.886150416000001E-9
U :0.9999999999999823
L : 7.886150416000001E-9
U :0.9999999999999823
L : 7.886150416000001E-9
U :0.9999999999999823
L : 7.886150416000001E-9
U :0.9999999999999823
L : 7.886150416000001E-9
U :0.9999999999999823
L : 7.886150416000001E-9
U :0.9999999999999823
L : 7.886150416000001E-9
U :0.9999999999999823
L : 7.886150416000001E-9
U :0.9999999999999823
L : 7.886150416000001E-9
U :0.9999999999999823
L : 7.886150416000001E-9
U :0.9999999999999802
L : 7.886150416000001E-9
U :0.9999999999999802
L : 7.886150416000001E-9
U :0.9999999999999802
L : 7.886150416000001E-9
U :0.9999999994812018
L : 7.886150416000001E-9
U :0.04619651699187436
L : 7.886150416000001E-9
U :0.03565429659603371
L : 7.886150416000001E-9
U :0.032173585722798256
L : 7.886150416000001E-9
U :0.030674080185279576
L : 7.886150416000001E-9
U :0.030120396234187226
L : 7.886150416000001E-9
U :0.029908069753372065
L : 7.886150416000001E-9
U :0.02983568408328122
L : 7.886150416000001E-9
U :0.029811372545816346
L : 7.886150416000001E-9
U :0.02980385601859721
L : 7.886150416000001E-9
U :0.02980159117034783
Probabilistic reachability took 0.067 seconds.

Value in the initial state: 1.2941263574544919E-6

Time for model checking: 0.079 seconds.

Result: 1.2941263574544919E-6 (value in the initial state)

---------------------------------------------------------------------

Note: There was 1 warning during computation.

