PRISM
=====

Version: 4.5.dev
Date: Mon Jan 27 18:48:00 GMT 2020
Hostname: cca-lg04-050.cs.bham.ac.uk
Memory limits: cudd=1g, java(heap)=910.5m
Command line: prism /home/students/tjw625/work/FYP/prism-benchmarks/models/dtmcs/brp/brp.pm -const 'N=16,MAX=5' -fixdl /home/students/tjw625/work/FYP/prism-benchmarks/models/dtmcs/brp/p1.pctl -mainlog 'logs/sound-dtmc-logs/brp.pm.const.N=16,MAX=5.fixdl.p1.pctl.log'

Parsing model file "/home/students/tjw625/work/FYP/prism-benchmarks/models/dtmcs/brp/brp.pm"...

Type:        DTMC
Modules:     sender receiver checker channelK channelL 
Variables:   s srep nrtr i bs s_ab fs ls r rrep fr lr br r_ab recv T k l 

Parsing properties file "/home/students/tjw625/work/FYP/prism-benchmarks/models/dtmcs/brp/p1.pctl"...

1 property:
(1) "p1": P=? [ F s=5 ]

---------------------------------------------------------------------

Model checking: "p1": P=? [ F s=5 ]
Model constants: N=16,MAX=5

Building model...
Model constants: N=16,MAX=5

Computing reachable states...

Reachability (BFS): 111 iterations in 0.05 seconds (average 0.000414, setup 0.00)

Time for model construction: 0.21 seconds.

Warning: Deadlocks detected and fixed in 38 states

Type:        DTMC
States:      1304 (1 initial)
Transitions: 1731

Transition matrix: 2230 nodes (6 terminal), 1731 minterms, vars: 33r/33c

Prob0: 17 iterations in 0.01 seconds (average 0.000353, setup 0.00)

Prob1: 97 iterations in 0.02 seconds (average 0.000227, setup 0.00)

yes = 112, no = 82, maybe = 1110

Computing remaining probabilities...
Engine: Hybrid

Building hybrid MTBDD matrix... [levels=33, nodes=2133] [100.0 KB]
Adding explicit sparse matrices... [levels=33, num=1, compact] [7.3 KB]
Creating vector for diagonals... [dist=1, compact] [2.6 KB]
Creating vector for RHS... [dist=2, compact] [2.6 KB]
Allocating iteration vectors... [2 x 10.2 KB]
TOTAL: [132.8 KB]

Starting iterations...

Jacobi: 127 iterations in 0.00 seconds (average 0.000008, setup 0.00)

Value in the initial state: 1.1205136479757483E-8

Time for model checking: 0.044 seconds.

Result: 1.1205136479757483E-8 (value in the initial state)

---------------------------------------------------------------------

Note: There was 1 warning during computation.

