PRISM
=====

Version: 4.5.dev
Date: Wed Jan 29 13:07:41 GMT 2020
Hostname: cca-ug04-039.cs.bham.ac.uk
Memory limits: cudd=1g, java(heap)=910.5m
Command line: prism /home/students/tjw625/work/FYP/prism-benchmarks/models/dtmcs/brp/brp.pm -const 'N=32,MAX=5' -fixdl /home/students/tjw625/work/FYP/prism-benchmarks/models/dtmcs/brp/p4.pctl -ex -sound -mainlog 'logs/sound-dtmc-logs/brp.pm.const.N=32,MAX=5.fixdl.p4.pctl.ex.sound.log'

Parsing model file "/home/students/tjw625/work/FYP/prism-benchmarks/models/dtmcs/brp/brp.pm"...

Type:        DTMC
Modules:     sender receiver checker channelK channelL 
Variables:   s srep nrtr i bs s_ab fs ls r rrep fr lr br r_ab recv T k l 

Parsing properties file "/home/students/tjw625/work/FYP/prism-benchmarks/models/dtmcs/brp/p4.pctl"...

1 property:
(1) "p4": P=? [ F !(srep=0)&!recv ]

---------------------------------------------------------------------

Model checking: "p4": P=? [ F !(srep=0)&!recv ]
Model constants: N=32,MAX=5

Building model...
Model constants: N=32,MAX=5

Computing reachable states... 2600 states
Reachable states exploration and model construction done in 0.097 secs.
Sorting reachable states list...

Time for model construction: 0.19 seconds.

Warning: Deadlocks detected and fixed in 70 states

Type:        DTMC
States:      2600 (1 initial)
Transitions: 3459

Starting probabilistic reachability...
Calculating predecessor relation for discrete-time Markov chain...  done (0.007 seconds)
Starting Prob0...
Prob0 took 0.005 seconds.
Starting Prob1...
Prob1 took 0.003 seconds.
target=3, yes=5, no=2583, maybe=12
SOUND
Running sound value iter
L : 0.0
U :0.02
L : 0.0
U :0.02
L : 0.0
U :0.02
Probabilistic reachability took 0.024 seconds.

Value in the initial state: 8.000000000000001E-8

Time for model checking: 0.037 seconds.

Result: 8.000000000000001E-8 (value in the initial state)

---------------------------------------------------------------------

Note: There was 1 warning during computation.

