PRISM
=====

Version: 4.5.dev
Date: Wed Jan 29 13:06:47 GMT 2020
Hostname: cca-ug04-039.cs.bham.ac.uk
Memory limits: cudd=1g, java(heap)=910.5m
Command line: prism /home/students/tjw625/work/FYP/prism-benchmarks/models/dtmcs/brp/brp.pm -const 'N=16,MAX=3' -fixdl /home/students/tjw625/work/FYP/prism-benchmarks/models/dtmcs/brp/p1.pctl -ex -sound -mainlog 'logs/sound-dtmc-logs/brp.pm.const.N=16,MAX=3.fixdl.p1.pctl.ex.sound.log'

Parsing model file "/home/students/tjw625/work/FYP/prism-benchmarks/models/dtmcs/brp/brp.pm"...

Type:        DTMC
Modules:     sender receiver checker channelK channelL 
Variables:   s srep nrtr i bs s_ab fs ls r rrep fr lr br r_ab recv T k l 

Parsing properties file "/home/students/tjw625/work/FYP/prism-benchmarks/models/dtmcs/brp/p1.pctl"...

1 property:
(1) "p1": P=? [ F s=5 ]

---------------------------------------------------------------------

Model checking: "p1": P=? [ F s=5 ]
Model constants: N=16,MAX=3

Building model...
Model constants: N=16,MAX=3

Computing reachable states... 886 states
Reachable states exploration and model construction done in 0.087 secs.
Sorting reachable states list...

Time for model construction: 0.176 seconds.

Warning: Deadlocks detected and fixed in 36 states

Type:        DTMC
States:      886 (1 initial)
Transitions: 1155

Starting probabilistic reachability...
Calculating predecessor relation for discrete-time Markov chain...  done (0.005 seconds)
Starting Prob0...
Prob0 took 0.006 seconds.
Starting Prob1...
Prob1 took 0.002 seconds.
target=32, yes=112, no=76, maybe=698
SOUND
Running sound value iter
L : 2.6463592E-7
U :1.0000000001571463
L : 2.6463592E-7
U :1.0000000001571463
L : 2.6463592E-7
U :1.0000000001571463
L : 2.6463592E-7
U :1.0000000001571463
L : 2.6463592E-7
U :1.000000000091098
L : 2.6463592E-7
U :1.000000000091098
L : 2.6463592E-7
U :1.000000000091098
L : 2.6463592E-7
U :1.000000000091098
L : 2.6463592E-7
U :1.000000000074241
L : 2.6463592E-7
U :1.000000000074241
L : 2.6463592E-7
U :1.0000000000634677
L : 2.6463592E-7
U :1.0000000000634677
L : 2.6463592E-7
U :1.0000000000634677
L : 2.6463592E-7
U :1.0000000000634677
L : 2.6463592E-7
U :1.000000000041185
L : 2.6463592E-7
U :1.000000000041185
L : 2.6463592E-7
U :1.00000000002958
L : 2.6463592E-7
U :1.00000000002958
L : 2.6463592E-7
U :1.0000000000164864
L : 2.6463592E-7
U :1.0000000000164864
L : 2.6463592E-7
U :1.0000000000164864
L : 2.6463592E-7
U :1.0000000000164864
L : 2.6463592E-7
U :1.000000000004388
L : 2.6463592E-7
U :1.000000000004388
L : 2.6463592E-7
U :1.000000000004388
L : 2.6463592E-7
U :1.000000000004388
L : 2.6463592E-7
U :1.000000000004388
L : 2.6463592E-7
U :1.000000000004388
L : 2.6463592E-7
U :1.000000000004388
L : 2.6463592E-7
U :1.000000000004388
L : 2.6463592E-7
U :1.000000000004388
L : 2.6463592E-7
U :1.000000000004388
L : 2.6463592E-7
U :1.000000000004388
L : 2.6463592E-7
U :1.000000000004388
L : 2.6463592E-7
U :1.000000000004388
L : 2.6463592E-7
U :1.0000000000018963
L : 2.6463592E-7
U :1.0000000000018963
L : 2.6463592E-7
U :1.0000000000018963
L : 2.6463592E-7
U :1.0000000000018963
L : 2.6463592E-7
U :1.0000000000018963
L : 2.6463592E-7
U :1.0000000000018963
L : 2.6463592E-7
U :1.0000000000018963
L : 2.6463592E-7
U :1.0000000000018963
L : 2.6463592E-7
U :1.0000000000018963
L : 2.6463592E-7
U :1.0000000000018963
L : 2.6463592E-7
U :1.0000000000018963
L : 2.6463592E-7
U :1.0000000000018963
L : 2.6463592E-7
U :1.0000000000018963
L : 2.6463592E-7
U :1.0000000000018963
L : 2.6463592E-7
U :1.0000000000018963
L : 2.6463592E-7
U :1.0000000000018963
L : 2.6463592E-7
U :1.0000000000018963
L : 2.6463592E-7
U :1.0000000000018963
L : 2.6463592E-7
U :1.0000000000018963
L : 2.6463592E-7
U :1.0000000000018963
L : 2.6463592E-7
U :0.9999999999999926
L : 2.6463592E-7
U :0.9999999999999926
L : 2.6463592E-7
U :0.9999999999774551
L : 2.6463592E-7
U :0.03587405129092904
L : 2.6463592E-7
U :0.031341675569430676
L : 2.6463592E-7
U :0.030311106621981446
L : 2.6463592E-7
U :0.02993603069357861
L : 2.6463592E-7
U :0.02984552760468536
L : 2.6463592E-7
U :0.029819241744485393
L : 2.6463592E-7
U :0.029813322712114846
L : 2.6463592E-7
U :0.029811864637846488
Probabilistic reachability took 0.039 seconds.

Value in the initial state: 1.288240544630204E-5

Time for model checking: 0.05 seconds.

Result: 1.288240544630204E-5 (value in the initial state)

---------------------------------------------------------------------

Note: There was 1 warning during computation.

