PRISM
=====

Version: 4.5.dev
Date: Wed Jan 29 13:07:00 GMT 2020
Hostname: cca-ug04-039.cs.bham.ac.uk
Memory limits: cudd=1g, java(heap)=910.5m
Command line: prism /home/students/tjw625/work/FYP/prism-benchmarks/models/dtmcs/brp/brp.pm -const 'N=64,MAX=2' -fixdl /home/students/tjw625/work/FYP/prism-benchmarks/models/dtmcs/brp/p1.pctl -ex -sound -mainlog 'logs/sound-dtmc-logs/brp.pm.const.N=64,MAX=2.fixdl.p1.pctl.ex.sound.log'

Parsing model file "/home/students/tjw625/work/FYP/prism-benchmarks/models/dtmcs/brp/brp.pm"...

Type:        DTMC
Modules:     sender receiver checker channelK channelL 
Variables:   s srep nrtr i bs s_ab fs ls r rrep fr lr br r_ab recv T k l 

Parsing properties file "/home/students/tjw625/work/FYP/prism-benchmarks/models/dtmcs/brp/p1.pctl"...

1 property:
(1) "p1": P=? [ F s=5 ]

---------------------------------------------------------------------

Model checking: "p1": P=? [ F s=5 ]
Model constants: N=64,MAX=2

Building model...
Model constants: N=64,MAX=2

Computing reachable states... 2693 states
Reachable states exploration and model construction done in 0.106 secs.
Sorting reachable states list...

Time for model construction: 0.195 seconds.

Warning: Deadlocks detected and fixed in 131 states

Type:        DTMC
States:      2693 (1 initial)
Transitions: 3459

Starting probabilistic reachability...
Calculating predecessor relation for discrete-time Markov chain...  done (0.007 seconds)
Starting Prob0...
Prob0 took 0.007 seconds.
Starting Prob1...
Prob1 took 0.003 seconds.
target=128, yes=448, no=265, maybe=1980
SOUND
Running sound value iter
L : 8.8804E-6
U :1.0000000000047746
L : 8.8804E-6
U :1.0000000000000098
L : 8.8804E-6
U :1.0000000000000098
L : 8.8804E-6
U :1.0000000000000098
L : 8.8804E-6
U :1.0000000000000098
L : 8.8804E-6
U :1.0000000000000098
L : 8.8804E-6
U :1.0000000000000098
L : 8.8804E-6
U :0.9999999999999989
L : 8.8804E-6
U :0.9999999999999989
L : 8.8804E-6
U :0.9999999999999989
L : 8.8804E-6
U :0.9999999999999978
L : 8.8804E-6
U :0.9999999999999978
L : 8.8804E-6
U :0.9999999999999978
L : 8.8804E-6
U :0.9999999999999978
L : 8.8804E-6
U :0.9999999999999978
L : 8.8804E-6
U :0.9999999999999978
L : 8.8804E-6
U :0.9999999999999978
L : 8.8804E-6
U :0.9999999999999978
L : 8.8804E-6
U :0.9999999999999978
L : 8.8804E-6
U :0.9999999999999978
L : 8.8804E-6
U :0.9999999999999978
L : 8.8804E-6
U :0.9999999999999978
L : 8.8804E-6
U :0.9999999999999978
L : 8.8804E-6
U :0.9999999999999978
L : 8.8804E-6
U :0.9999999999999978
L : 8.8804E-6
U :0.9999999999999978
L : 8.8804E-6
U :0.9999999999999978
L : 8.8804E-6
U :0.9999999999999978
L : 8.8804E-6
U :0.9999999999999978
L : 8.8804E-6
U :0.9999999999999978
L : 8.8804E-6
U :0.9999999999999978
L : 8.8804E-6
U :0.9999999999999978
L : 8.8804E-6
U :0.9999999999999978
L : 8.8804E-6
U :0.9999999999999978
L : 8.8804E-6
U :0.9999999999999952
L : 8.8804E-6
U :0.9999999999999952
L : 8.8804E-6
U :0.9999999999999952
L : 8.8804E-6
U :0.9999999999999952
L : 8.8804E-6
U :0.9999999999999952
L : 8.8804E-6
U :0.9999999999999952
L : 8.8804E-6
U :0.9999999999999951
L : 8.8804E-6
U :0.9999999999999951
L : 8.8804E-6
U :0.9999999999999931
L : 8.8804E-6
U :0.9999999999999931
L : 8.8804E-6
U :0.9999999999999931
L : 8.8804E-6
U :0.9999999999999931
L : 8.8804E-6
U :0.9999999999999931
L : 8.8804E-6
U :0.9999999999999931
L : 8.8804E-6
U :0.999999999999991
L : 8.8804E-6
U :0.999999999999991
L : 8.8804E-6
U :0.9999999999999899
L : 8.8804E-6
U :0.9999999999999899
L : 8.8804E-6
U :0.9999999999999899
L : 8.8804E-6
U :0.9999999999999899
L : 8.8804E-6
U :0.9999999999999899
L : 8.8804E-6
U :0.999999999999989
L : 8.8804E-6
U :0.999999999999989
L : 8.8804E-6
U :0.999999999999989
L : 8.8804E-6
U :0.999999999999989
L : 8.8804E-6
U :0.999999999999989
L : 8.8804E-6
U :0.999999999999989
L : 8.8804E-6
U :0.999999999999989
L : 8.8804E-6
U :0.999999999999989
L : 8.8804E-6
U :0.9999999999999883
L : 8.8804E-6
U :0.9999999999999883
L : 8.8804E-6
U :0.9999999999999883
L : 8.8804E-6
U :0.9999999999999883
L : 8.8804E-6
U :0.9999999999999883
L : 8.8804E-6
U :0.9999999999999883
L : 8.8804E-6
U :0.9999999999999883
L : 8.8804E-6
U :0.9999999999999883
L : 8.8804E-6
U :0.9999999999999883
L : 8.8804E-6
U :0.9999999999999883
L : 8.8804E-6
U :0.9999999999999883
L : 8.8804E-6
U :0.9999999999999883
L : 8.8804E-6
U :0.9999999999999868
L : 8.8804E-6
U :0.9999999999999868
L : 8.8804E-6
U :0.9999999999999868
L : 8.8804E-6
U :0.9999999999999868
L : 8.8804E-6
U :0.9999999999999868
L : 8.8804E-6
U :0.9999999999999868
L : 8.8804E-6
U :0.9999999999999868
L : 8.8804E-6
U :0.9999999999999868
L : 8.8804E-6
U :0.999999999999985
L : 8.8804E-6
U :0.999999999999985
L : 8.8804E-6
U :0.999999999999985
L : 8.8804E-6
U :0.999999999999985
L : 8.8804E-6
U :0.9999999999999846
L : 8.8804E-6
U :0.9999999999999846
L : 8.8804E-6
U :0.9999999999999846
L : 8.8804E-6
U :0.9999999999999846
L : 8.8804E-6
U :0.9999999999999846
L : 8.8804E-6
U :0.9999999999999846
L : 8.8804E-6
U :0.9999999999999846
L : 8.8804E-6
U :0.9999999999999846
L : 8.8804E-6
U :0.9999999999999792
L : 8.8804E-6
U :0.9999999999999792
L : 8.8804E-6
U :0.9999999999999792
L : 8.8804E-6
U :0.9999999999999792
L : 8.8804E-6
U :0.9999999999999792
L : 8.8804E-6
U :0.9999999999999792
L : 8.8804E-6
U :0.9999999999999792
L : 8.8804E-6
U :0.9999999999999792
L : 8.8804E-6
U :0.9999999999999761
L : 8.8804E-6
U :0.9999999999999761
L : 8.8804E-6
U :0.9999999999999757
L : 8.8804E-6
U :0.9999999999999757
L : 8.8804E-6
U :0.9999999999999757
L : 8.8804E-6
U :0.9999999999999757
L : 8.8804E-6
U :0.9999999999999757
L : 8.8804E-6
U :0.9999999999999757
L : 8.8804E-6
U :0.9999999999999757
L : 8.8804E-6
U :0.9999999999999757
L : 8.8804E-6
U :0.9999999999999709
L : 8.8804E-6
U :0.9999999999999709
L : 8.8804E-6
U :0.9999999999999709
L : 8.8804E-6
U :0.9999999999999709
L : 8.8804E-6
U :0.9999999999999709
L : 8.8804E-6
U :0.9999999999999709
L : 8.8804E-6
U :0.9999999999999709
L : 8.8804E-6
U :0.9999999999999709
L : 8.8804E-6
U :0.9999999999999709
L : 8.8804E-6
U :0.9999999999999709
L : 8.8804E-6
U :0.9999999999999709
L : 8.8804E-6
U :0.9999999999999709
L : 8.8804E-6
U :0.9999999999999709
L : 8.8804E-6
U :0.9999999999999709
L : 8.8804E-6
U :0.9999999999999709
L : 8.8804E-6
U :0.9999999999999709
L : 8.8804E-6
U :0.9999999999999709
L : 8.8804E-6
U :0.9999999999999709
L : 8.8804E-6
U :0.9999999999999709
L : 8.8804E-6
U :0.9999999999999709
L : 8.8804E-6
U :0.9999999999999709
L : 8.8804E-6
U :0.9999999999999709
L : 8.8804E-6
U :0.9999999999999709
L : 8.8804E-6
U :0.9999999999999709
L : 8.8804E-6
U :0.9999999999999709
L : 8.8804E-6
U :0.9999999999999709
L : 8.8804E-6
U :0.9999999999999709
L : 8.8804E-6
U :0.9999999999999709
L : 8.8804E-6
U :0.9999999999999709
L : 8.8804E-6
U :0.9999999999999709
L : 8.8804E-6
U :0.9999999999999709
L : 8.8804E-6
U :0.9999999999999709
L : 8.8804E-6
U :0.9999999999999709
L : 8.8804E-6
U :0.9999999999999709
L : 8.8804E-6
U :0.9999999999999709
L : 8.8804E-6
U :0.9999999999999709
L : 8.8804E-6
U :0.9999999999999709
L : 8.8804E-6
U :0.9999999999999709
L : 8.8804E-6
U :0.9999999999999709
L : 8.8804E-6
U :0.9999999999999709
L : 8.8804E-6
U :0.9999999999999709
L : 8.8804E-6
U :0.9999999999999709
L : 8.8804E-6
U :0.9999999999999709
L : 8.8804E-6
U :0.9999999999999709
L : 8.8804E-6
U :0.9999999999999709
L : 8.8804E-6
U :0.9999999999999709
L : 8.8804E-6
U :0.9999999999999709
L : 8.8804E-6
U :0.9999999999999709
L : 8.8804E-6
U :0.9999999999999709
L : 8.8804E-6
U :0.9999999999999709
L : 8.8804E-6
U :0.9999999999999709
L : 8.8804E-6
U :0.9999999999999709
L : 8.8804E-6
U :0.9999999999999709
L : 8.8804E-6
U :0.9999999999999709
L : 8.8804E-6
U :0.9999999999999709
L : 8.8804E-6
U :0.9999999999999709
L : 8.8804E-6
U :0.9999999999999709
L : 8.8804E-6
U :0.9999999999999709
L : 8.8804E-6
U :0.9999999999999709
L : 8.8804E-6
U :0.9999999999999709
L : 8.8804E-6
U :0.9999999999999709
L : 8.8804E-6
U :0.9999999999999709
L : 8.8804E-6
U :0.9999999999999709
L : 8.8804E-6
U :0.9999999999999709
L : 8.8804E-6
U :0.9999999999999709
L : 8.8804E-6
U :0.9999999999999709
L : 8.8804E-6
U :0.99999999999997
L : 8.8804E-6
U :0.99999999999997
L : 8.8804E-6
U :0.99999999999997
L : 8.8804E-6
U :0.99999999999997
L : 8.8804E-6
U :0.99999999999997
L : 8.8804E-6
U :0.99999999999997
L : 8.8804E-6
U :0.99999999999997
L : 8.8804E-6
U :0.99999999999997
L : 8.8804E-6
U :0.99999999999997
L : 8.8804E-6
U :0.99999999999997
L : 8.8804E-6
U :0.99999999999997
L : 8.8804E-6
U :0.99999999999997
L : 8.8804E-6
U :0.99999999999997
L : 8.8804E-6
U :0.99999999999997
L : 8.8804E-6
U :0.99999999999997
L : 8.8804E-6
U :0.99999999999997
L : 8.8804E-6
U :0.99999999999997
L : 8.8804E-6
U :0.99999999999997
L : 8.8804E-6
U :0.99999999999997
L : 8.8804E-6
U :0.99999999999997
L : 8.8804E-6
U :0.99999999999997
L : 8.8804E-6
U :0.99999999999997
L : 8.8804E-6
U :0.99999999999997
L : 8.8804E-6
U :0.99999999999997
L : 8.8804E-6
U :0.99999999999997
L : 8.8804E-6
U :0.99999999999997
L : 8.8804E-6
U :0.99999999999997
L : 8.8804E-6
U :0.99999999999997
L : 8.8804E-6
U :0.9999999999999681
L : 8.8804E-6
U :0.9999999999999681
L : 8.8804E-6
U :0.9999999999999681
L : 8.8804E-6
U :0.9999999999999681
L : 8.8804E-6
U :0.9999999999999681
L : 8.8804E-6
U :0.9999999999999681
L : 8.8804E-6
U :0.9999999999999681
L : 8.8804E-6
U :0.9999999999999681
L : 8.8804E-6
U :0.9999999999999681
L : 8.8804E-6
U :0.9999999999999681
L : 8.8804E-6
U :0.9999999999999681
L : 8.8804E-6
U :0.9999999999999681
L : 8.8804E-6
U :0.9999999999999681
L : 8.8804E-6
U :0.9999999999999681
L : 8.8804E-6
U :0.9999999999999681
L : 8.8804E-6
U :0.9999999999999681
L : 8.8804E-6
U :0.9999999999999681
L : 8.8804E-6
U :0.9999999999999681
L : 8.8804E-6
U :0.9999999999999681
L : 8.8804E-6
U :0.9999999999999681
L : 8.8804E-6
U :0.9999999999999657
L : 8.8804E-6
U :0.9999999999999657
L : 8.8804E-6
U :0.9999999999999657
L : 8.8804E-6
U :0.9999999999999657
L : 8.8804E-6
U :0.9999999999999657
L : 8.8804E-6
U :0.9999999999999657
L : 8.8804E-6
U :0.9999999999999657
L : 8.8804E-6
U :0.9999999999999657
L : 8.8804E-6
U :0.9999999999999619
L : 8.8804E-6
U :0.9999999999999619
L : 8.8804E-6
U :0.9999999999999619
L : 8.8804E-6
U :0.9999999999999619
L : 8.8804E-6
U :0.9999999999999588
L : 8.8804E-6
U :0.9999999999999588
L : 8.8804E-6
U :0.9999999999999588
L : 8.8804E-6
U :0.9999999999999588
L : 8.8804E-6
U :0.9999999999999548
L : 8.8804E-6
U :0.99999999999995
L : 8.8804E-6
U :0.99999999999995
L : 8.8804E-6
U :0.99999999999995
L : 8.8804E-6
U :0.99999999999995
L : 8.8804E-6
U :0.99999999999995
L : 8.8804E-6
U :0.99999999999994
L : 8.8804E-6
U :0.9999999999988346
L : 8.8804E-6
U :0.08780892215813257
L : 8.8804E-6
U :0.05577300366556246
L : 8.8804E-6
U :0.0431767467948748
L : 8.8804E-6
U :0.03713489600347288
L : 8.8804E-6
U :0.03418647991591251
L : 8.8804E-6
U :0.032712297929988525
L : 8.8804E-6
U :0.03200058471036359
L : 8.8804E-6
U :0.03166777599555944
L : 8.8804E-6
U :0.03151988416082877
L : 8.8804E-6
U :0.03145706304317043
L : 8.8804E-6
U :0.03143165888428939
L : 8.8804E-6
U :0.03142182023147643
L : 8.8804E-6
U :0.03141816939404642
L : 8.8804E-6
U :0.0314168654345029
Probabilistic reachability took 0.097 seconds.

Value in the initial state: 0.0016926407500412132

Time for model checking: 0.108 seconds.

Result: 0.0016926407500412132 (value in the initial state)

---------------------------------------------------------------------

Note: There was 1 warning during computation.

