PRISM
=====

Version: 4.5.dev
Date: Mon Jan 27 18:48:47 GMT 2020
Hostname: cca-lg04-050.cs.bham.ac.uk
Memory limits: cudd=1g, java(heap)=910.5m
Command line: prism /home/students/tjw625/work/FYP/prism-benchmarks/models/dtmcs/brp/brp.pm -const 'N=32,MAX=5' -fixdl /home/students/tjw625/work/FYP/prism-benchmarks/models/dtmcs/brp/p4.pctl -mainlog 'logs/sound-dtmc-logs/brp.pm.const.N=32,MAX=5.fixdl.p4.pctl.log'

Parsing model file "/home/students/tjw625/work/FYP/prism-benchmarks/models/dtmcs/brp/brp.pm"...

Type:        DTMC
Modules:     sender receiver checker channelK channelL 
Variables:   s srep nrtr i bs s_ab fs ls r rrep fr lr br r_ab recv T k l 

Parsing properties file "/home/students/tjw625/work/FYP/prism-benchmarks/models/dtmcs/brp/p4.pctl"...

1 property:
(1) "p4": P=? [ F !(srep=0)&!recv ]

---------------------------------------------------------------------

Model checking: "p4": P=? [ F !(srep=0)&!recv ]
Model constants: N=32,MAX=5

Building model...
Model constants: N=32,MAX=5

Computing reachable states...

Reachability (BFS): 207 iterations in 0.07 seconds (average 0.000329, setup 0.00)

Time for model construction: 0.24 seconds.

Warning: Deadlocks detected and fixed in 70 states

Type:        DTMC
States:      2600 (1 initial)
Transitions: 3459

Transition matrix: 2320 nodes (6 terminal), 3459 minterms, vars: 34r/34c

Prob0: 15 iterations in 0.00 seconds (average 0.000200, setup 0.00)

Prob1: 3 iterations in 0.00 seconds (average 0.000333, setup 0.00)

yes = 5, no = 2583, maybe = 12

Computing remaining probabilities...
Engine: Hybrid

Building hybrid MTBDD matrix... [levels=34, nodes=276] [12.9 KB]
Adding explicit sparse matrices... [levels=34, num=1, compact] [2.6 KB]
Creating vector for diagonals... [dist=1, compact] [5.1 KB]
Creating vector for RHS... [dist=2, compact] [5.1 KB]
Allocating iteration vectors... [2 x 20.3 KB]
TOTAL: [66.4 KB]

Starting iterations...

Jacobi: 13 iterations in 0.00 seconds (average 0.000000, setup 0.00)

Value in the initial state: 6.400000000000001E-11

Time for model checking: 0.017 seconds.

Result: 6.400000000000001E-11 (value in the initial state)

---------------------------------------------------------------------

Note: There was 1 warning during computation.

