PRISM
=====

Version: 4.5.dev
Date: Wed Jan 29 13:07:27 GMT 2020
Hostname: cca-ug04-039.cs.bham.ac.uk
Memory limits: cudd=1g, java(heap)=910.5m
Command line: prism /home/students/tjw625/work/FYP/prism-benchmarks/models/dtmcs/brp/brp.pm -const 'N=64,MAX=5' -fixdl /home/students/tjw625/work/FYP/prism-benchmarks/models/dtmcs/brp/p2.pctl -ex -sound -mainlog 'logs/sound-dtmc-logs/brp.pm.const.N=64,MAX=5.fixdl.p2.pctl.ex.sound.log'

Parsing model file "/home/students/tjw625/work/FYP/prism-benchmarks/models/dtmcs/brp/brp.pm"...

Type:        DTMC
Modules:     sender receiver checker channelK channelL 
Variables:   s srep nrtr i bs s_ab fs ls r rrep fr lr br r_ab recv T k l 

Parsing properties file "/home/students/tjw625/work/FYP/prism-benchmarks/models/dtmcs/brp/p2.pctl"...

1 property:
(1) "p2": P=? [ F s=5&srep=2 ]

---------------------------------------------------------------------

Model checking: "p2": P=? [ F s=5&srep=2 ]
Model constants: N=64,MAX=5

Building model...
Model constants: N=64,MAX=5

Computing reachable states... 5192 states
Reachable states exploration and model construction done in 0.126 secs.
Sorting reachable states list...

Time for model construction: 0.228 seconds.

Warning: Deadlocks detected and fixed in 134 states

Type:        DTMC
States:      5192 (1 initial)
Transitions: 6915

Starting probabilistic reachability...
Calculating predecessor relation for discrete-time Markov chain...  done (0.008 seconds)
Starting Prob0...
Prob0 took 0.008 seconds.
Starting Prob1...
Prob1 took 0.005 seconds.
target=2, yes=7, no=715, maybe=4470
SOUND
Running sound value iter
L : 0.0
U :0.0298
L : 0.0
U :0.0298
L : 0.0
U :0.0298
L : 0.0
U :0.0298
L : 0.0
U :0.0298
L : 0.0
U :0.0298
L : 0.0
U :0.0298
L : 0.0
U :0.0298
L : 0.0
U :0.0298
L : 0.0
U :0.0298
L : 0.0
U :0.0298
L : 0.0
U :0.0298
L : 0.0
U :0.0298
L : 0.0
U :0.0298
L : 0.0
U :0.0298
L : 0.0
U :0.0298
L : 0.0
U :0.0298
L : 0.0
U :0.0298
L : 0.0
U :0.0298
L : 0.0
U :0.0298
L : 0.0
U :0.0298
L : 0.0
U :0.0298
L : 0.0
U :0.0298
L : 0.0
U :0.0298
L : 0.0
U :0.0298
L : 0.0
U :0.0298
L : 0.0
U :0.0298
L : 0.0
U :0.0298
L : 0.0
U :0.0298
L : 0.0
U :0.0298
L : 0.0
U :0.0298
L : 0.0
U :0.0298
L : 0.0
U :0.0298
L : 0.0
U :0.0298
L : 0.0
U :0.0298
L : 0.0
U :0.0298
L : 0.0
U :0.0298
L : 0.0
U :0.0298
L : 0.0
U :0.0298
L : 0.0
U :0.0298
L : 0.0
U :0.0298
L : 0.0
U :0.0298
L : 0.0
U :0.0298
L : 0.0
U :0.0298
L : 0.0
U :0.0298
L : 0.0
U :0.0298
L : 0.0
U :0.0298
L : 0.0
U :0.0298
L : 0.0
U :0.0298
L : 0.0
U :0.0298
L : 0.0
U :0.0298
L : 0.0
U :0.0298
L : 0.0
U :0.0298
L : 0.0
U :0.0298
L : 0.0
U :0.0298
L : 0.0
U :0.0298
L : 0.0
U :0.0298
L : 0.0
U :0.0298
L : 0.0
U :0.0298
L : 0.0
U :0.0298
L : 0.0
U :0.0298
L : 0.0
U :0.0298
L : 0.0
U :0.0298
L : 0.0
U :0.0298
L : 0.0
U :0.0298
L : 0.0
U :0.0298
L : 0.0
U :0.0298
L : 0.0
U :0.0298
L : 0.0
U :0.0298
L : 0.0
U :0.0298
L : 0.0
U :0.0298
L : 0.0
U :0.0298
L : 0.0
U :0.0298
L : 0.0
U :0.0298
L : 0.0
U :0.0298
L : 0.0
U :0.0298
L : 0.0
U :0.0298
L : 0.0
U :0.0298
L : 0.0
U :0.0298
L : 0.0
U :0.0298
L : 0.0
U :0.0298
L : 0.0
U :0.0298
L : 0.0
U :0.0298
L : 0.0
U :0.0298
L : 0.0
U :0.0298
L : 0.0
U :0.0298
L : 0.0
U :0.0298
L : 0.0
U :0.0298
L : 0.0
U :0.0298
L : 0.0
U :0.0298
L : 0.0
U :0.0298
L : 0.0
U :0.0298
L : 0.0
U :0.0298
L : 0.0
U :0.0298
L : 0.0
U :0.0298
L : 0.0
U :0.0298
L : 0.0
U :0.0298
L : 0.0
U :0.0298
L : 0.0
U :0.0298
L : 0.0
U :0.0298
L : 0.0
U :0.0298
L : 0.0
U :0.0298
L : 0.0
U :0.0298
L : 0.0
U :0.0298
L : 0.0
U :0.0298
L : 0.0
U :0.0298
L : 0.0
U :0.0298
L : 0.0
U :0.0298
L : 0.0
U :0.0298
L : 0.0
U :0.0298
L : 0.0
U :0.0298
L : 0.0
U :0.0298
L : 0.0
U :0.0298
L : 0.0
U :0.0298
L : 0.0
U :0.0298
L : 0.0
U :0.0298
L : 0.0
U :0.0298
L : 0.0
U :0.0298
L : 0.0
U :0.0298
L : 0.0
U :0.0298
L : 0.0
U :0.0298
L : 0.0
U :0.0298
L : 0.0
U :0.0298
L : 0.0
U :0.0298
L : 0.0
U :0.0298
L : 0.0
U :0.0298
L : 0.0
U :0.0298
L : 0.0
U :0.0298
L : 0.0
U :0.0298
L : 0.0
U :0.0298
L : 0.0
U :0.0298
L : 0.0
U :0.0298
L : 0.0
U :0.0298
L : 0.0
U :0.0298
L : 0.0
U :0.0298
L : 0.0
U :0.0298
L : 0.0
U :0.0298
L : 0.0
U :0.0298
L : 0.0
U :0.0298
L : 0.0
U :0.0298
L : 0.0
U :0.0298
L : 0.0
U :0.0298
L : 0.0
U :0.0298
L : 0.0
U :0.0298
L : 0.0
U :0.0298
L : 0.0
U :0.0298
L : 0.0
U :0.0298
L : 0.0
U :0.0298
L : 0.0
U :0.0298
L : 0.0
U :0.0298
L : 0.0
U :0.0298
L : 0.0
U :0.0298
L : 0.0
U :0.0298
L : 0.0
U :0.0298
L : 0.0
U :0.0298
L : 0.0
U :0.0298
L : 0.0
U :0.0298
L : 0.0
U :0.0298
L : 0.0
U :0.0298
L : 0.0
U :0.0298
L : 0.0
U :0.0298
L : 0.0
U :0.0298
L : 0.0
U :0.0298
L : 0.0
U :0.0298
L : 0.0
U :0.0298
L : 0.0
U :0.0298
L : 0.0
U :0.0298
L : 0.0
U :0.0298
L : 0.0
U :0.0298
L : 0.0
U :0.0298
L : 0.0
U :0.0298
L : 0.0
U :0.0298
L : 0.0
U :0.0298
L : 0.0
U :0.0298
L : 0.0
U :0.0298
L : 0.0
U :0.0298
L : 0.0
U :0.0298
L : 0.0
U :0.0298
L : 0.0
U :0.0298
L : 0.0
U :0.0298
L : 0.0
U :0.0298
L : 0.0
U :0.0298
L : 0.0
U :0.0298
L : 0.0
U :0.0298
L : 0.0
U :0.0298
L : 0.0
U :0.0298
L : 0.0
U :0.0298
L : 0.0
U :0.0298
L : 0.0
U :0.0298
L : 0.0
U :0.0298
L : 0.0
U :0.0298
L : 0.0
U :0.0298
L : 0.0
U :0.0298
L : 0.0
U :0.0298
L : 0.0
U :0.0298
L : 0.0
U :0.0298
L : 0.0
U :0.0298
L : 0.0
U :0.0298
L : 0.0
U :0.0298
L : 0.0
U :0.0298
L : 0.0
U :0.0298
L : 0.0
U :0.0298
L : 0.0
U :0.0298
L : 0.0
U :0.0298
L : 0.0
U :0.0298
L : 0.0
U :0.0298
L : 0.0
U :0.0298
L : 0.0
U :0.0298
L : 0.0
U :0.0298
L : 0.0
U :0.0298
L : 0.0
U :0.0298
L : 0.0
U :0.0298
L : 0.0
U :0.0298
L : 0.0
U :0.0298
L : 0.0
U :0.0298
L : 0.0
U :0.0298
L : 0.0
U :0.0298
L : 0.0
U :0.0298
L : 0.0
U :0.0298
L : 0.0
U :0.0298
L : 0.0
U :0.0298
L : 0.0
U :0.0298
L : 0.0
U :0.0298
L : 0.0
U :0.0298
L : 0.0
U :0.0298
L : 0.0
U :0.0298
L : 0.0
U :0.0298
L : 0.0
U :0.0298
L : 0.0
U :0.0298
L : 0.0
U :0.0298
L : 0.0
U :0.0298
L : 0.0
U :0.0298
L : 0.0
U :0.0298
L : 0.0
U :0.0298
L : 0.0
U :0.0298
L : 0.0
U :0.0298
L : 0.0
U :0.0298
L : 0.0
U :0.0298
L : 0.0
U :0.0298
L : 0.0
U :0.0298
L : 0.0
U :0.0298
L : 0.0
U :0.0298
L : 0.0
U :0.0298
L : 0.0
U :0.0298
L : 0.0
U :0.0298
L : 0.0
U :0.0298
L : 0.0
U :0.0298
L : 0.0
U :0.0298
L : 0.0
U :0.0298
L : 0.0
U :0.0298
L : 0.0
U :0.0298
L : 0.0
U :0.0298
L : 1.1410439422693171E-11
U :0.0298
L : 2.8709866692441373E-11
U :0.0298
L : 8.402025079998855E-11
U :0.0298
L : 1.7931445915035894E-10
U :0.0298
L : 2.350072823968E-10
U :0.0298
L : 2.350072823968E-10
U :0.0298
L : 2.350072823968E-10
U :0.0298
L : 2.350072823968E-10
U :0.0298
L : 2.350072823968E-10
U :0.0298
L : 2.350072823968E-10
U :0.0298
Probabilistic reachability took 0.148 seconds.

Value in the initial state: 4.2350433277060775E-7

Time for model checking: 0.163 seconds.

Result: 4.2350433277060775E-7 (value in the initial state)

---------------------------------------------------------------------

Note: There was 1 warning during computation.

