PRISM
=====

Version: 4.5.dev
Date: Mon Jan 27 18:48:39 GMT 2020
Hostname: cca-lg04-050.cs.bham.ac.uk
Memory limits: cudd=1g, java(heap)=910.5m
Command line: prism /home/students/tjw625/work/FYP/prism-benchmarks/models/dtmcs/brp/brp.pm -const 'N=16,MAX=4' -fixdl /home/students/tjw625/work/FYP/prism-benchmarks/models/dtmcs/brp/p4.pctl -mainlog 'logs/sound-dtmc-logs/brp.pm.const.N=16,MAX=4.fixdl.p4.pctl.log'

Parsing model file "/home/students/tjw625/work/FYP/prism-benchmarks/models/dtmcs/brp/brp.pm"...

Type:        DTMC
Modules:     sender receiver checker channelK channelL 
Variables:   s srep nrtr i bs s_ab fs ls r rrep fr lr br r_ab recv T k l 

Parsing properties file "/home/students/tjw625/work/FYP/prism-benchmarks/models/dtmcs/brp/p4.pctl"...

1 property:
(1) "p4": P=? [ F !(srep=0)&!recv ]

---------------------------------------------------------------------

Model checking: "p4": P=? [ F !(srep=0)&!recv ]
Model constants: N=16,MAX=4

Building model...
Model constants: N=16,MAX=4

Computing reachable states...

Reachability (BFS): 109 iterations in 0.05 seconds (average 0.000422, setup 0.00)

Time for model construction: 0.214 seconds.

Warning: Deadlocks detected and fixed in 37 states

Type:        DTMC
States:      1095 (1 initial)
Transitions: 1443

Transition matrix: 2237 nodes (6 terminal), 1443 minterms, vars: 33r/33c

Prob0: 13 iterations in 0.00 seconds (average 0.000231, setup 0.00)

Prob1: 3 iterations in 0.00 seconds (average 0.000333, setup 0.00)

yes = 5, no = 1080, maybe = 10

Computing remaining probabilities...
Engine: Hybrid

Building hybrid MTBDD matrix... [levels=33, nodes=261] [12.2 KB]
Adding explicit sparse matrices... [levels=33, num=1, compact] [1.2 KB]
Creating vector for diagonals... [dist=1, compact] [2.1 KB]
Creating vector for RHS... [dist=2, compact] [2.2 KB]
Allocating iteration vectors... [2 x 8.6 KB]
TOTAL: [34.8 KB]

Starting iterations...

Jacobi: 11 iterations in 0.00 seconds (average 0.000000, setup 0.00)

Value in the initial state: 3.2000000000000005E-9

Time for model checking: 0.017 seconds.

Result: 3.2000000000000005E-9 (value in the initial state)

---------------------------------------------------------------------

Note: There was 1 warning during computation.

