PRISM
=====

Version: 4.5.dev
Date: Wed Jan 29 13:06:45 GMT 2020
Hostname: cca-ug04-039.cs.bham.ac.uk
Memory limits: cudd=1g, java(heap)=910.5m
Command line: prism /home/students/tjw625/work/FYP/prism-benchmarks/models/dtmcs/brp/brp.pm -const 'N=16,MAX=2' -fixdl /home/students/tjw625/work/FYP/prism-benchmarks/models/dtmcs/brp/p1.pctl -ex -sound -mainlog 'logs/sound-dtmc-logs/brp.pm.const.N=16,MAX=2.fixdl.p1.pctl.ex.sound.log'

Parsing model file "/home/students/tjw625/work/FYP/prism-benchmarks/models/dtmcs/brp/brp.pm"...

Type:        DTMC
Modules:     sender receiver checker channelK channelL 
Variables:   s srep nrtr i bs s_ab fs ls r rrep fr lr br r_ab recv T k l 

Parsing properties file "/home/students/tjw625/work/FYP/prism-benchmarks/models/dtmcs/brp/p1.pctl"...

1 property:
(1) "p1": P=? [ F s=5 ]

---------------------------------------------------------------------

Model checking: "p1": P=? [ F s=5 ]
Model constants: N=16,MAX=2

Building model...
Model constants: N=16,MAX=2

Computing reachable states... 677 states
Reachable states exploration and model construction done in 0.088 secs.
Sorting reachable states list...

Time for model construction: 0.192 seconds.

Warning: Deadlocks detected and fixed in 35 states

Type:        DTMC
States:      677 (1 initial)
Transitions: 867

Starting probabilistic reachability...
Calculating predecessor relation for discrete-time Markov chain...  done (0.019 seconds)
Starting Prob0...
Prob0 took 0.013 seconds.
Starting Prob1...
Prob1 took 0.005 seconds.
target=32, yes=112, no=73, maybe=492
SOUND
Running sound value iter
L : 8.8804E-6
U :1.0000000000047746
L : 8.8804E-6
U :1.0000000000000098
L : 8.8804E-6
U :1.0000000000000098
L : 8.8804E-6
U :1.0000000000000098
L : 8.8804E-6
U :1.0000000000000098
L : 8.8804E-6
U :1.0000000000000098
L : 8.8804E-6
U :1.0000000000000098
L : 8.8804E-6
U :0.9999999999999989
L : 8.8804E-6
U :0.9999999999999989
L : 8.8804E-6
U :0.9999999999999989
L : 8.8804E-6
U :0.9999999999999978
L : 8.8804E-6
U :0.9999999999999978
L : 8.8804E-6
U :0.9999999999999978
L : 8.8804E-6
U :0.9999999999999978
L : 8.8804E-6
U :0.9999999999999978
L : 8.8804E-6
U :0.9999999999999978
L : 8.8804E-6
U :0.9999999999999978
L : 8.8804E-6
U :0.9999999999999978
L : 8.8804E-6
U :0.9999999999999978
L : 8.8804E-6
U :0.9999999999999978
L : 8.8804E-6
U :0.9999999999999978
L : 8.8804E-6
U :0.9999999999999978
L : 8.8804E-6
U :0.9999999999999978
L : 8.8804E-6
U :0.9999999999999978
L : 8.8804E-6
U :0.9999999999999978
L : 8.8804E-6
U :0.9999999999999978
L : 8.8804E-6
U :0.9999999999999978
L : 8.8804E-6
U :0.9999999999999978
L : 8.8804E-6
U :0.9999999999999978
L : 8.8804E-6
U :0.9999999999999978
L : 8.8804E-6
U :0.9999999999999978
L : 8.8804E-6
U :0.9999999999999978
L : 8.8804E-6
U :0.9999999999999978
L : 8.8804E-6
U :0.9999999999999978
L : 8.8804E-6
U :0.9999999999999952
L : 8.8804E-6
U :0.9999999999999952
L : 8.8804E-6
U :0.9999999999999952
L : 8.8804E-6
U :0.9999999999999952
L : 8.8804E-6
U :0.9999999999999952
L : 8.8804E-6
U :0.9999999999999952
L : 8.8804E-6
U :0.9999999999999951
L : 8.8804E-6
U :0.9999999999999951
L : 8.8804E-6
U :0.9999999999999931
L : 8.8804E-6
U :0.9999999999999931
L : 8.8804E-6
U :0.9999999999999931
L : 8.8804E-6
U :0.9999999999999931
L : 8.8804E-6
U :0.9999999999999931
L : 8.8804E-6
U :0.9999999999999931
L : 8.8804E-6
U :0.999999999999991
L : 8.8804E-6
U :0.999999999999991
L : 8.8804E-6
U :0.9999999999999899
L : 8.8804E-6
U :0.9999999999999899
L : 8.8804E-6
U :0.999999999999989
L : 8.8804E-6
U :0.999999999999989
L : 8.8804E-6
U :0.999999999999989
L : 8.8804E-6
U :0.9999999999999873
L : 8.8804E-6
U :0.9999999999999847
L : 8.8804E-6
U :0.9999999999999847
L : 8.8804E-6
U :0.9999999999987509
L : 8.8804E-6
U :0.03628340338133372
L : 8.8804E-6
U :0.03170546866610536
L : 8.8804E-6
U :0.03067459737682615
L : 8.8804E-6
U :0.030303313953779866
L : 8.8804E-6
U :0.030216454167401433
L : 8.8804E-6
U :0.030191861594087918
L : 8.8804E-6
U :0.030186599157118073
L : 8.8804E-6
U :0.030185356741128107
Probabilistic reachability took 0.074 seconds.

Value in the initial state: 4.235341203265175E-4

Time for model checking: 0.096 seconds.

Result: 4.235341203265175E-4 (value in the initial state)

---------------------------------------------------------------------

Note: There was 1 warning during computation.

