PRISM
=====

Version: 4.5.dev
Date: Wed Jan 29 13:07:09 GMT 2020
Hostname: cca-ug04-039.cs.bham.ac.uk
Memory limits: cudd=1g, java(heap)=910.5m
Command line: prism /home/students/tjw625/work/FYP/prism-benchmarks/models/dtmcs/brp/brp.pm -const 'N=16,MAX=3' -fixdl /home/students/tjw625/work/FYP/prism-benchmarks/models/dtmcs/brp/p2.pctl -ex -sound -mainlog 'logs/sound-dtmc-logs/brp.pm.const.N=16,MAX=3.fixdl.p2.pctl.ex.sound.log'

Parsing model file "/home/students/tjw625/work/FYP/prism-benchmarks/models/dtmcs/brp/brp.pm"...

Type:        DTMC
Modules:     sender receiver checker channelK channelL 
Variables:   s srep nrtr i bs s_ab fs ls r rrep fr lr br r_ab recv T k l 

Parsing properties file "/home/students/tjw625/work/FYP/prism-benchmarks/models/dtmcs/brp/p2.pctl"...

1 property:
(1) "p2": P=? [ F s=5&srep=2 ]

---------------------------------------------------------------------

Model checking: "p2": P=? [ F s=5&srep=2 ]
Model constants: N=16,MAX=3

Building model...
Model constants: N=16,MAX=3

Computing reachable states... 886 states
Reachable states exploration and model construction done in 0.085 secs.
Sorting reachable states list...

Time for model construction: 0.177 seconds.

Warning: Deadlocks detected and fixed in 36 states

Type:        DTMC
States:      886 (1 initial)
Transitions: 1155

Starting probabilistic reachability...
Calculating predecessor relation for discrete-time Markov chain...  done (0.014 seconds)
Starting Prob0...
Prob0 took 0.009 seconds.
Starting Prob1...
Prob1 took 0.003 seconds.
target=2, yes=7, no=181, maybe=698
SOUND
Running sound value iter
L : 0.0
U :0.0298
L : 0.0
U :0.0298
L : 0.0
U :0.0298
L : 0.0
U :0.0298
L : 0.0
U :0.0298
L : 0.0
U :0.0298
L : 0.0
U :0.0298
L : 0.0
U :0.0298
L : 0.0
U :0.0298
L : 0.0
U :0.0298
L : 0.0
U :0.0298
L : 0.0
U :0.0298
L : 0.0
U :0.0298
L : 0.0
U :0.0298
L : 0.0
U :0.0298
L : 0.0
U :0.0298
L : 0.0
U :0.0298
L : 0.0
U :0.0298
L : 0.0
U :0.0298
L : 0.0
U :0.0298
L : 0.0
U :0.0298
L : 0.0
U :0.0298
L : 0.0
U :0.0298
L : 0.0
U :0.0298
L : 0.0
U :0.0298
L : 0.0
U :0.0298
L : 0.0
U :0.0298
L : 0.0
U :0.0298
L : 0.0
U :0.0298
L : 0.0
U :0.0298
L : 0.0
U :0.0298
L : 0.0
U :0.0298
L : 0.0
U :0.0298
L : 0.0
U :0.0298
L : 0.0
U :0.0298
L : 0.0
U :0.0298
L : 0.0
U :0.0298
L : 0.0
U :0.0298
L : 0.0
U :0.0298
L : 0.0
U :0.0298
L : 0.0
U :0.0298
L : 0.0
U :0.0298
L : 0.0
U :0.0298
L : 0.0
U :0.0298
L : 0.0
U :0.0298
L : 0.0
U :0.0298
L : 0.0
U :0.0298
L : 0.0
U :0.0298
L : 0.0
U :0.0298
L : 0.0
U :0.0298
L : 0.0
U :0.0298
L : 0.0
U :0.0298
L : 0.0
U :0.0298
L : 0.0
U :0.0298
L : 0.0
U :0.0298
L : 0.0
U :0.0298
L : 0.0
U :0.0298
L : 0.0
U :0.0298
L : 0.0
U :0.0298
L : 0.0
U :0.0298
L : 1.0770139448966613E-7
U :0.0298
L : 1.855347797749346E-7
U :0.0298
L : 2.6463592E-7
U :0.0298
L : 2.6463592E-7
U :0.0298
L : 2.6463592E-7
U :0.0298
L : 2.6463592E-7
U :0.0298
Probabilistic reachability took 0.065 seconds.

Value in the initial state: 1.0531554833693435E-6

Time for model checking: 0.081 seconds.

Result: 1.0531554833693435E-6 (value in the initial state)

---------------------------------------------------------------------

Note: There was 1 warning during computation.

