PRISM
=====

Version: 4.5.dev
Date: Wed Jan 29 13:07:03 GMT 2020
Hostname: cca-ug04-039.cs.bham.ac.uk
Memory limits: cudd=1g, java(heap)=910.5m
Command line: prism /home/students/tjw625/work/FYP/prism-benchmarks/models/dtmcs/brp/brp.pm -const 'N=64,MAX=4' -fixdl /home/students/tjw625/work/FYP/prism-benchmarks/models/dtmcs/brp/p1.pctl -ex -sound -mainlog 'logs/sound-dtmc-logs/brp.pm.const.N=64,MAX=4.fixdl.p1.pctl.ex.sound.log'

Parsing model file "/home/students/tjw625/work/FYP/prism-benchmarks/models/dtmcs/brp/brp.pm"...

Type:        DTMC
Modules:     sender receiver checker channelK channelL 
Variables:   s srep nrtr i bs s_ab fs ls r rrep fr lr br r_ab recv T k l 

Parsing properties file "/home/students/tjw625/work/FYP/prism-benchmarks/models/dtmcs/brp/p1.pctl"...

1 property:
(1) "p1": P=? [ F s=5 ]

---------------------------------------------------------------------

Model checking: "p1": P=? [ F s=5 ]
Model constants: N=64,MAX=4

Building model...
Model constants: N=64,MAX=4

Computing reachable states... 4359 states
Reachable states exploration and model construction done in 0.117 secs.
Sorting reachable states list...

Time for model construction: 0.211 seconds.

Warning: Deadlocks detected and fixed in 133 states

Type:        DTMC
States:      4359 (1 initial)
Transitions: 5763

Starting probabilistic reachability...
Calculating predecessor relation for discrete-time Markov chain...  done (0.008 seconds)
Starting Prob0...
Prob0 took 0.008 seconds.
Starting Prob1...
Prob1 took 0.004 seconds.
target=128, yes=448, no=271, maybe=3640
SOUND
Running sound value iter
L : 7.605675271584006E-9
U :1.000000001085193
L : 7.886150416000001E-9
U :1.000000001085193
L : 7.886150416000001E-9
U :1.0000000000774214
L : 7.886150416000001E-9
U :1.0000000000774214
L : 7.886150416000001E-9
U :1.000000000046388
L : 7.886150416000001E-9
U :1.000000000046388
L : 7.886150416000001E-9
U :1.000000000046388
L : 7.886150416000001E-9
U :1.0000000000009441
L : 7.886150416000001E-9
U :1.0000000000009441
L : 7.886150416000001E-9
U :1.0000000000009441
L : 7.886150416000001E-9
U :1.0000000000009441
L : 7.886150416000001E-9
U :1.0000000000009441
L : 7.886150416000001E-9
U :1.0000000000009441
L : 7.886150416000001E-9
U :1.0000000000009441
L : 7.886150416000001E-9
U :1.0000000000009441
L : 7.886150416000001E-9
U :1.0000000000009441
L : 7.886150416000001E-9
U :1.0000000000009441
L : 7.886150416000001E-9
U :1.0000000000009441
L : 7.886150416000001E-9
U :0.9999999999999974
L : 7.886150416000001E-9
U :0.9999999999999974
L : 7.886150416000001E-9
U :0.9999999999999974
L : 7.886150416000001E-9
U :0.9999999999999974
L : 7.886150416000001E-9
U :0.9999999999999974
L : 7.886150416000001E-9
U :0.9999999999999974
L : 7.886150416000001E-9
U :0.9999999999999974
L : 7.886150416000001E-9
U :0.9999999999999974
L : 7.886150416000001E-9
U :0.9999999999999974
L : 7.886150416000001E-9
U :0.9999999999999974
L : 7.886150416000001E-9
U :0.9999999999999974
L : 7.886150416000001E-9
U :0.9999999999999974
L : 7.886150416000001E-9
U :0.9999999999999974
L : 7.886150416000001E-9
U :0.9999999999999974
L : 7.886150416000001E-9
U :0.9999999999999974
L : 7.886150416000001E-9
U :0.9999999999999974
L : 7.886150416000001E-9
U :0.9999999999999974
L : 7.886150416000001E-9
U :0.9999999999999974
L : 7.886150416000001E-9
U :0.9999999999999974
L : 7.886150416000001E-9
U :0.9999999999999974
L : 7.886150416000001E-9
U :0.9999999999999974
L : 7.886150416000001E-9
U :0.9999999999999974
L : 7.886150416000001E-9
U :0.9999999999999974
L : 7.886150416000001E-9
U :0.9999999999999974
L : 7.886150416000001E-9
U :0.9999999999999974
L : 7.886150416000001E-9
U :0.9999999999999974
L : 7.886150416000001E-9
U :0.9999999999999959
L : 7.886150416000001E-9
U :0.9999999999999959
L : 7.886150416000001E-9
U :0.9999999999999959
L : 7.886150416000001E-9
U :0.9999999999999959
L : 7.886150416000001E-9
U :0.9999999999999959
L : 7.886150416000001E-9
U :0.9999999999999958
L : 7.886150416000001E-9
U :0.9999999999999958
L : 7.886150416000001E-9
U :0.9999999999999958
L : 7.886150416000001E-9
U :0.9999999999999949
L : 7.886150416000001E-9
U :0.9999999999999949
L : 7.886150416000001E-9
U :0.9999999999999949
L : 7.886150416000001E-9
U :0.9999999999999949
L : 7.886150416000001E-9
U :0.9999999999999949
L : 7.886150416000001E-9
U :0.9999999999999949
L : 7.886150416000001E-9
U :0.9999999999999949
L : 7.886150416000001E-9
U :0.9999999999999949
L : 7.886150416000001E-9
U :0.9999999999999949
L : 7.886150416000001E-9
U :0.9999999999999949
L : 7.886150416000001E-9
U :0.9999999999999949
L : 7.886150416000001E-9
U :0.9999999999999949
L : 7.886150416000001E-9
U :0.999999999999993
L : 7.886150416000001E-9
U :0.999999999999993
L : 7.886150416000001E-9
U :0.999999999999993
L : 7.886150416000001E-9
U :0.999999999999993
L : 7.886150416000001E-9
U :0.9999999999999911
L : 7.886150416000001E-9
U :0.9999999999999911
L : 7.886150416000001E-9
U :0.9999999999999911
L : 7.886150416000001E-9
U :0.9999999999999911
L : 7.886150416000001E-9
U :0.9999999999999911
L : 7.886150416000001E-9
U :0.9999999999999911
L : 7.886150416000001E-9
U :0.9999999999999911
L : 7.886150416000001E-9
U :0.9999999999999911
L : 7.886150416000001E-9
U :0.9999999999999902
L : 7.886150416000001E-9
U :0.9999999999999902
L : 7.886150416000001E-9
U :0.9999999999999902
L : 7.886150416000001E-9
U :0.9999999999999902
L : 7.886150416000001E-9
U :0.9999999999999879
L : 7.886150416000001E-9
U :0.9999999999999879
L : 7.886150416000001E-9
U :0.9999999999999879
L : 7.886150416000001E-9
U :0.9999999999999879
L : 7.886150416000001E-9
U :0.9999999999999847
L : 7.886150416000001E-9
U :0.9999999999999847
L : 7.886150416000001E-9
U :0.9999999999999847
L : 7.886150416000001E-9
U :0.9999999999999847
L : 7.886150416000001E-9
U :0.9999999999999823
L : 7.886150416000001E-9
U :0.9999999999999823
L : 7.886150416000001E-9
U :0.9999999999999823
L : 7.886150416000001E-9
U :0.9999999999999823
L : 7.886150416000001E-9
U :0.9999999999999823
L : 7.886150416000001E-9
U :0.9999999999999823
L : 7.886150416000001E-9
U :0.9999999999999823
L : 7.886150416000001E-9
U :0.9999999999999823
L : 7.886150416000001E-9
U :0.9999999999999823
L : 7.886150416000001E-9
U :0.9999999999999823
L : 7.886150416000001E-9
U :0.9999999999999823
L : 7.886150416000001E-9
U :0.9999999999999823
L : 7.886150416000001E-9
U :0.9999999999999823
L : 7.886150416000001E-9
U :0.9999999999999823
L : 7.886150416000001E-9
U :0.9999999999999823
L : 7.886150416000001E-9
U :0.9999999999999823
L : 7.886150416000001E-9
U :0.9999999999999823
L : 7.886150416000001E-9
U :0.9999999999999823
L : 7.886150416000001E-9
U :0.9999999999999823
L : 7.886150416000001E-9
U :0.9999999999999823
L : 7.886150416000001E-9
U :0.9999999999999823
L : 7.886150416000001E-9
U :0.9999999999999823
L : 7.886150416000001E-9
U :0.9999999999999823
L : 7.886150416000001E-9
U :0.9999999999999823
L : 7.886150416000001E-9
U :0.9999999999999823
L : 7.886150416000001E-9
U :0.9999999999999823
L : 7.886150416000001E-9
U :0.9999999999999823
L : 7.886150416000001E-9
U :0.9999999999999823
L : 7.886150416000001E-9
U :0.9999999999999823
L : 7.886150416000001E-9
U :0.9999999999999823
L : 7.886150416000001E-9
U :0.9999999999999823
L : 7.886150416000001E-9
U :0.9999999999999823
L : 7.886150416000001E-9
U :0.9999999999999823
L : 7.886150416000001E-9
U :0.9999999999999823
L : 7.886150416000001E-9
U :0.9999999999999823
L : 7.886150416000001E-9
U :0.9999999999999823
L : 7.886150416000001E-9
U :0.9999999999999823
L : 7.886150416000001E-9
U :0.9999999999999823
L : 7.886150416000001E-9
U :0.9999999999999823
L : 7.886150416000001E-9
U :0.9999999999999823
L : 7.886150416000001E-9
U :0.9999999999999823
L : 7.886150416000001E-9
U :0.9999999999999823
L : 7.886150416000001E-9
U :0.9999999999999823
L : 7.886150416000001E-9
U :0.9999999999999823
L : 7.886150416000001E-9
U :0.9999999999999823
L : 7.886150416000001E-9
U :0.9999999999999823
L : 7.886150416000001E-9
U :0.9999999999999823
L : 7.886150416000001E-9
U :0.9999999999999823
L : 7.886150416000001E-9
U :0.9999999999999823
L : 7.886150416000001E-9
U :0.9999999999999823
L : 7.886150416000001E-9
U :0.9999999999999823
L : 7.886150416000001E-9
U :0.9999999999999823
L : 7.886150416000001E-9
U :0.9999999999999823
L : 7.886150416000001E-9
U :0.9999999999999823
L : 7.886150416000001E-9
U :0.9999999999999823
L : 7.886150416000001E-9
U :0.9999999999999823
L : 7.886150416000001E-9
U :0.9999999999999823
L : 7.886150416000001E-9
U :0.9999999999999823
L : 7.886150416000001E-9
U :0.9999999999999823
L : 7.886150416000001E-9
U :0.9999999999999823
L : 7.886150416000001E-9
U :0.9999999999999823
L : 7.886150416000001E-9
U :0.9999999999999823
L : 7.886150416000001E-9
U :0.9999999999999823
L : 7.886150416000001E-9
U :0.9999999999999823
L : 7.886150416000001E-9
U :0.9999999999999823
L : 7.886150416000001E-9
U :0.9999999999999823
L : 7.886150416000001E-9
U :0.9999999999999823
L : 7.886150416000001E-9
U :0.9999999999999823
L : 7.886150416000001E-9
U :0.9999999999999823
L : 7.886150416000001E-9
U :0.9999999999999823
L : 7.886150416000001E-9
U :0.9999999999999823
L : 7.886150416000001E-9
U :0.9999999999999823
L : 7.886150416000001E-9
U :0.9999999999999823
L : 7.886150416000001E-9
U :0.9999999999999823
L : 7.886150416000001E-9
U :0.9999999999999823
L : 7.886150416000001E-9
U :0.9999999999999823
L : 7.886150416000001E-9
U :0.9999999999999811
L : 7.886150416000001E-9
U :0.9999999999999811
L : 7.886150416000001E-9
U :0.9999999999999811
L : 7.886150416000001E-9
U :0.9999999999999811
L : 7.886150416000001E-9
U :0.9999999999999811
L : 7.886150416000001E-9
U :0.9999999999999811
L : 7.886150416000001E-9
U :0.9999999999999811
L : 7.886150416000001E-9
U :0.9999999999999811
L : 7.886150416000001E-9
U :0.9999999999999811
L : 7.886150416000001E-9
U :0.9999999999999811
L : 7.886150416000001E-9
U :0.9999999999999811
L : 7.886150416000001E-9
U :0.9999999999999811
L : 7.886150416000001E-9
U :0.9999999999999811
L : 7.886150416000001E-9
U :0.9999999999999811
L : 7.886150416000001E-9
U :0.9999999999999811
L : 7.886150416000001E-9
U :0.9999999999999811
L : 7.886150416000001E-9
U :0.9999999999999811
L : 7.886150416000001E-9
U :0.9999999999999811
L : 7.886150416000001E-9
U :0.9999999999999788
L : 7.886150416000001E-9
U :0.9999999999999788
L : 7.886150416000001E-9
U :0.9999999999999788
L : 7.886150416000001E-9
U :0.9999999999999788
L : 7.886150416000001E-9
U :0.9999999999999786
L : 7.886150416000001E-9
U :0.9999999999999786
L : 7.886150416000001E-9
U :0.9999999999999786
L : 7.886150416000001E-9
U :0.9999999999999786
L : 7.886150416000001E-9
U :0.9999999999999786
L : 7.886150416000001E-9
U :0.9999999999999786
L : 7.886150416000001E-9
U :0.9999999999999786
L : 7.886150416000001E-9
U :0.9999999999999786
L : 7.886150416000001E-9
U :0.9999999999999786
L : 7.886150416000001E-9
U :0.9999999999999786
L : 7.886150416000001E-9
U :0.9999999999999786
L : 7.886150416000001E-9
U :0.9999999999999786
L : 7.886150416000001E-9
U :0.9999999999999781
L : 7.886150416000001E-9
U :0.9999999999999781
L : 7.886150416000001E-9
U :0.9999999999999781
L : 7.886150416000001E-9
U :0.9999999999999781
L : 7.886150416000001E-9
U :0.9999999999999781
L : 7.886150416000001E-9
U :0.9999999999999781
L : 7.886150416000001E-9
U :0.9999999999999781
L : 7.886150416000001E-9
U :0.9999999999999781
L : 7.886150416000001E-9
U :0.9999999999999765
L : 7.886150416000001E-9
U :0.9999999999999765
L : 7.886150416000001E-9
U :0.9999999999999765
L : 7.886150416000001E-9
U :0.9999999999999765
L : 7.886150416000001E-9
U :0.9999999999999765
L : 7.886150416000001E-9
U :0.9999999999999765
L : 7.886150416000001E-9
U :0.9999999999999765
L : 7.886150416000001E-9
U :0.9999999999999765
L : 7.886150416000001E-9
U :0.9999999999999734
L : 7.886150416000001E-9
U :0.9999999999999734
L : 7.886150416000001E-9
U :0.9999999999999734
L : 7.886150416000001E-9
U :0.9999999999999734
L : 7.886150416000001E-9
U :0.9999999999999734
L : 7.886150416000001E-9
U :0.9999999999999734
L : 7.886150416000001E-9
U :0.9999999999999734
L : 7.886150416000001E-9
U :0.9999999999999734
L : 7.886150416000001E-9
U :0.9999999999999716
L : 7.886150416000001E-9
U :0.9999999999999716
L : 7.886150416000001E-9
U :0.9999999999999716
L : 7.886150416000001E-9
U :0.9999999999999716
L : 7.886150416000001E-9
U :0.9999999999999716
L : 7.886150416000001E-9
U :0.9999999999999716
L : 7.886150416000001E-9
U :0.9999999999999716
L : 7.886150416000001E-9
U :0.9999999999999716
L : 7.886150416000001E-9
U :0.9999999999999716
L : 7.886150416000001E-9
U :0.9999999999999716
L : 7.886150416000001E-9
U :0.9999999999999716
L : 7.886150416000001E-9
U :0.9999999999999716
L : 7.886150416000001E-9
U :0.9999999999999716
L : 7.886150416000001E-9
U :0.9999999999999716
L : 7.886150416000001E-9
U :0.9999999999999716
L : 7.886150416000001E-9
U :0.9999999999999716
L : 7.886150416000001E-9
U :0.9999999999999716
L : 7.886150416000001E-9
U :0.9999999999999716
L : 7.886150416000001E-9
U :0.9999999999999716
L : 7.886150416000001E-9
U :0.9999999999999716
L : 7.886150416000001E-9
U :0.9999999999999616
L : 7.886150416000001E-9
U :0.9999999999999616
L : 7.886150416000001E-9
U :0.9999999999999616
L : 7.886150416000001E-9
U :0.9999999999999616
L : 7.886150416000001E-9
U :0.9999999999999583
L : 7.886150416000001E-9
U :0.9999999999999583
L : 7.886150416000001E-9
U :0.9999999991895865
L : 7.886150416000001E-9
U :0.08375635293444612
L : 7.886150416000001E-9
U :0.053103340975157565
L : 7.886150416000001E-9
U :0.041071290473234844
L : 7.886150416000001E-9
U :0.03529865822260763
L : 7.886150416000001E-9
U :0.032476343424675334
L : 7.886150416000001E-9
U :0.031060584528436665
L : 7.886150416000001E-9
U :0.03037358239773816
L : 7.886150416000001E-9
U :0.03005013662503311
L : 7.886150416000001E-9
U :0.02990512667952808
L : 7.886150416000001E-9
U :0.029842863309679692
L : 7.886150416000001E-9
U :0.029817357358037335
L : 7.886150416000001E-9
U :0.029807330495645823
L : 7.886150416000001E-9
U :0.029803545336304908
L : 7.886150416000001E-9
U :0.02980216700094398
Probabilistic reachability took 0.109 seconds.

Value in the initial state: 1.926300101426351E-6

Time for model checking: 0.121 seconds.

Result: 1.926300101426351E-6 (value in the initial state)

---------------------------------------------------------------------

Note: There was 1 warning during computation.

