PRISM
=====

Version: 4.5.dev
Date: Mon Jan 27 18:48:22 GMT 2020
Hostname: cca-lg04-050.cs.bham.ac.uk
Memory limits: cudd=1g, java(heap)=910.5m
Command line: prism /home/students/tjw625/work/FYP/prism-benchmarks/models/dtmcs/brp/brp.pm -const 'N=32,MAX=2' -fixdl /home/students/tjw625/work/FYP/prism-benchmarks/models/dtmcs/brp/p2.pctl -mainlog 'logs/sound-dtmc-logs/brp.pm.const.N=32,MAX=2.fixdl.p2.pctl.log'

Parsing model file "/home/students/tjw625/work/FYP/prism-benchmarks/models/dtmcs/brp/brp.pm"...

Type:        DTMC
Modules:     sender receiver checker channelK channelL 
Variables:   s srep nrtr i bs s_ab fs ls r rrep fr lr br r_ab recv T k l 

Parsing properties file "/home/students/tjw625/work/FYP/prism-benchmarks/models/dtmcs/brp/p2.pctl"...

1 property:
(1) "p2": P=? [ F s=5&srep=2 ]

---------------------------------------------------------------------

Model checking: "p2": P=? [ F s=5&srep=2 ]
Model constants: N=32,MAX=2

Building model...
Model constants: N=32,MAX=2

Computing reachable states...

Reachability (BFS): 201 iterations in 0.06 seconds (average 0.000318, setup 0.00)

Time for model construction: 0.232 seconds.

Warning: Deadlocks detected and fixed in 67 states

Type:        DTMC
States:      1349 (1 initial)
Transitions: 1731

Transition matrix: 2272 nodes (6 terminal), 1731 minterms, vars: 33r/33c

Prob0: 196 iterations in 0.07 seconds (average 0.000352, setup 0.00)

Prob1: 9 iterations in 0.00 seconds (average 0.000222, setup 0.00)

yes = 7, no = 354, maybe = 988

Computing remaining probabilities...
Engine: Hybrid

Building hybrid MTBDD matrix... [levels=33, nodes=2169] [101.7 KB]
Adding explicit sparse matrices... [levels=33, num=1, compact] [6.7 KB]
Creating vector for diagonals... [dist=1, compact] [2.6 KB]
Creating vector for RHS... [dist=2, compact] [2.7 KB]
Allocating iteration vectors... [2 x 10.5 KB]
TOTAL: [134.8 KB]

Starting iterations...

Jacobi: 223 iterations in 0.00 seconds (average 0.000004, setup 0.00)

Value in the initial state: 2.6441869093698646E-5

Time for model checking: 0.084 seconds.

Result: 2.6441869093698646E-5 (value in the initial state)

---------------------------------------------------------------------

Note: There was 1 warning during computation.

