PRISM
=====

Version: 4.5.dev
Date: Wed Jan 29 13:06:54 GMT 2020
Hostname: cca-ug04-039.cs.bham.ac.uk
Memory limits: cudd=1g, java(heap)=910.5m
Command line: prism /home/students/tjw625/work/FYP/prism-benchmarks/models/dtmcs/brp/brp.pm -const 'N=32,MAX=3' -fixdl /home/students/tjw625/work/FYP/prism-benchmarks/models/dtmcs/brp/p1.pctl -ex -sound -mainlog 'logs/sound-dtmc-logs/brp.pm.const.N=32,MAX=3.fixdl.p1.pctl.ex.sound.log'

Parsing model file "/home/students/tjw625/work/FYP/prism-benchmarks/models/dtmcs/brp/brp.pm"...

Type:        DTMC
Modules:     sender receiver checker channelK channelL 
Variables:   s srep nrtr i bs s_ab fs ls r rrep fr lr br r_ab recv T k l 

Parsing properties file "/home/students/tjw625/work/FYP/prism-benchmarks/models/dtmcs/brp/p1.pctl"...

1 property:
(1) "p1": P=? [ F s=5 ]

---------------------------------------------------------------------

Model checking: "p1": P=? [ F s=5 ]
Model constants: N=32,MAX=3

Building model...
Model constants: N=32,MAX=3

Computing reachable states... 1766 states
Reachable states exploration and model construction done in 0.099 secs.
Sorting reachable states list...

Time for model construction: 0.184 seconds.

Warning: Deadlocks detected and fixed in 68 states

Type:        DTMC
States:      1766 (1 initial)
Transitions: 2307

Starting probabilistic reachability...
Calculating predecessor relation for discrete-time Markov chain...  done (0.006 seconds)
Starting Prob0...
Prob0 took 0.007 seconds.
Starting Prob1...
Prob1 took 0.002 seconds.
target=64, yes=224, no=140, maybe=1402
SOUND
Running sound value iter
L : 2.6463592E-7
U :1.0000000001571463
L : 2.6463592E-7
U :1.0000000001571463
L : 2.6463592E-7
U :1.0000000001571463
L : 2.6463592E-7
U :1.0000000001571463
L : 2.6463592E-7
U :1.000000000091098
L : 2.6463592E-7
U :1.000000000091098
L : 2.6463592E-7
U :1.000000000091098
L : 2.6463592E-7
U :1.000000000091098
L : 2.6463592E-7
U :1.000000000074241
L : 2.6463592E-7
U :1.000000000074241
L : 2.6463592E-7
U :1.0000000000634677
L : 2.6463592E-7
U :1.0000000000634677
L : 2.6463592E-7
U :1.0000000000634677
L : 2.6463592E-7
U :1.0000000000634677
L : 2.6463592E-7
U :1.000000000041185
L : 2.6463592E-7
U :1.000000000041185
L : 2.6463592E-7
U :1.00000000002958
L : 2.6463592E-7
U :1.00000000002958
L : 2.6463592E-7
U :1.0000000000164864
L : 2.6463592E-7
U :1.0000000000164864
L : 2.6463592E-7
U :1.0000000000164864
L : 2.6463592E-7
U :1.0000000000164864
L : 2.6463592E-7
U :1.000000000004388
L : 2.6463592E-7
U :1.000000000004388
L : 2.6463592E-7
U :1.000000000004388
L : 2.6463592E-7
U :1.000000000004388
L : 2.6463592E-7
U :1.000000000004388
L : 2.6463592E-7
U :1.000000000004388
L : 2.6463592E-7
U :1.000000000004388
L : 2.6463592E-7
U :1.000000000004388
L : 2.6463592E-7
U :1.000000000004388
L : 2.6463592E-7
U :1.000000000004388
L : 2.6463592E-7
U :1.000000000004388
L : 2.6463592E-7
U :1.000000000004388
L : 2.6463592E-7
U :1.000000000004388
L : 2.6463592E-7
U :1.0000000000018963
L : 2.6463592E-7
U :1.0000000000018963
L : 2.6463592E-7
U :1.0000000000018963
L : 2.6463592E-7
U :1.0000000000018963
L : 2.6463592E-7
U :1.0000000000018963
L : 2.6463592E-7
U :1.0000000000018963
L : 2.6463592E-7
U :1.0000000000018963
L : 2.6463592E-7
U :1.0000000000018963
L : 2.6463592E-7
U :1.0000000000018963
L : 2.6463592E-7
U :1.0000000000018963
L : 2.6463592E-7
U :1.0000000000018963
L : 2.6463592E-7
U :1.0000000000018963
L : 2.6463592E-7
U :1.0000000000018963
L : 2.6463592E-7
U :1.0000000000018963
L : 2.6463592E-7
U :1.0000000000018963
L : 2.6463592E-7
U :1.0000000000018963
L : 2.6463592E-7
U :1.0000000000018963
L : 2.6463592E-7
U :1.0000000000018963
L : 2.6463592E-7
U :1.0000000000018963
L : 2.6463592E-7
U :1.0000000000018963
L : 2.6463592E-7
U :1.0000000000018963
L : 2.6463592E-7
U :1.0000000000018963
L : 2.6463592E-7
U :1.0000000000018963
L : 2.6463592E-7
U :1.0000000000018963
L : 2.6463592E-7
U :1.0000000000018963
L : 2.6463592E-7
U :1.0000000000018963
L : 2.6463592E-7
U :1.0000000000018963
L : 2.6463592E-7
U :1.0000000000018963
L : 2.6463592E-7
U :1.0000000000000644
L : 2.6463592E-7
U :1.0000000000000644
L : 2.6463592E-7
U :1.0000000000000553
L : 2.6463592E-7
U :1.0000000000000395
L : 2.6463592E-7
U :0.9999999999999998
L : 2.6463592E-7
U :0.9999999999999998
L : 2.6463592E-7
U :0.9999999999999998
L : 2.6463592E-7
U :0.9999999999999923
L : 2.6463592E-7
U :0.9999999999999923
L : 2.6463592E-7
U :0.9999999999999923
L : 2.6463592E-7
U :0.9999999999999923
L : 2.6463592E-7
U :0.9999999999999896
L : 2.6463592E-7
U :0.9999999999999896
L : 2.6463592E-7
U :0.9999999999999896
L : 2.6463592E-7
U :0.9999999999999896
L : 2.6463592E-7
U :0.9999999999999896
L : 2.6463592E-7
U :0.9999999999999896
L : 2.6463592E-7
U :0.9999999999999896
L : 2.6463592E-7
U :0.9999999999999896
L : 2.6463592E-7
U :0.9999999999999888
L : 2.6463592E-7
U :0.9999999999999888
L : 2.6463592E-7
U :0.9999999999999888
L : 2.6463592E-7
U :0.9999999999999888
L : 2.6463592E-7
U :0.9999999999999886
L : 2.6463592E-7
U :0.9999999999999881
L : 2.6463592E-7
U :0.9999999999999881
L : 2.6463592E-7
U :0.9999999999999881
L : 2.6463592E-7
U :0.9999999999999881
L : 2.6463592E-7
U :0.9999999999999881
L : 2.6463592E-7
U :0.9999999999999881
L : 2.6463592E-7
U :0.9999999999999881
L : 2.6463592E-7
U :0.9999999999999868
L : 2.6463592E-7
U :0.9999999999999868
L : 2.6463592E-7
U :0.9999999999999868
L : 2.6463592E-7
U :0.9999999999999868
L : 2.6463592E-7
U :0.9999999999999868
L : 2.6463592E-7
U :0.9999999999999868
L : 2.6463592E-7
U :0.9999999999999868
L : 2.6463592E-7
U :0.9999999999999868
L : 2.6463592E-7
U :0.9999999999999868
L : 2.6463592E-7
U :0.9999999999999868
L : 2.6463592E-7
U :0.9999999999999868
L : 2.6463592E-7
U :0.9999999999999868
L : 2.6463592E-7
U :0.9999999999999868
L : 2.6463592E-7
U :0.9999999999999868
L : 2.6463592E-7
U :0.9999999999999868
L : 2.6463592E-7
U :0.9999999999999856
L : 2.6463592E-7
U :0.9999999999999856
L : 2.6463592E-7
U :0.9999999999999856
L : 2.6463592E-7
U :0.9999999999999856
L : 2.6463592E-7
U :0.9999999999999856
L : 2.6463592E-7
U :0.9999999999999856
L : 2.6463592E-7
U :0.9999999999999856
L : 2.6463592E-7
U :0.9999999999999856
L : 2.6463592E-7
U :0.9999999999999856
L : 2.6463592E-7
U :0.9999999999999813
L : 2.6463592E-7
U :0.9999999999999813
L : 2.6463592E-7
U :0.9999999999999813
L : 2.6463592E-7
U :0.9999999999876331
L : 2.6463592E-7
U :0.0462290652186689
L : 2.6463592E-7
U :0.03567991585983894
L : 2.6463592E-7
U :0.032196930970649296
L : 2.6463592E-7
U :0.030696648800570672
L : 2.6463592E-7
U :0.030142899928798286
L : 2.6463592E-7
U :0.029930720812216732
L : 2.6463592E-7
U :0.029858492349930273
L : 2.6463592E-7
U :0.029834285253402
L : 2.6463592E-7
U :0.02982682468477797
L : 2.6463592E-7
U :0.02982458570600525
Probabilistic reachability took 0.06 seconds.

Value in the initial state: 2.5765948687613355E-5

Time for model checking: 0.073 seconds.

Result: 2.5765948687613355E-5 (value in the initial state)

---------------------------------------------------------------------

Note: There was 1 warning during computation.

