PRISM
=====

Version: 4.5.dev
Date: Wed Jan 29 13:06:51 GMT 2020
Hostname: cca-ug04-039.cs.bham.ac.uk
Memory limits: cudd=1g, java(heap)=910.5m
Command line: prism /home/students/tjw625/work/FYP/prism-benchmarks/models/dtmcs/brp/brp.pm -const 'N=16,MAX=5' -fixdl /home/students/tjw625/work/FYP/prism-benchmarks/models/dtmcs/brp/p1.pctl -ex -sound -mainlog 'logs/sound-dtmc-logs/brp.pm.const.N=16,MAX=5.fixdl.p1.pctl.ex.sound.log'

Parsing model file "/home/students/tjw625/work/FYP/prism-benchmarks/models/dtmcs/brp/brp.pm"...

Type:        DTMC
Modules:     sender receiver checker channelK channelL 
Variables:   s srep nrtr i bs s_ab fs ls r rrep fr lr br r_ab recv T k l 

Parsing properties file "/home/students/tjw625/work/FYP/prism-benchmarks/models/dtmcs/brp/p1.pctl"...

1 property:
(1) "p1": P=? [ F s=5 ]

---------------------------------------------------------------------

Model checking: "p1": P=? [ F s=5 ]
Model constants: N=16,MAX=5

Building model...
Model constants: N=16,MAX=5

Computing reachable states... 1304 states
Reachable states exploration and model construction done in 0.088 secs.
Sorting reachable states list...

Time for model construction: 0.17 seconds.

Warning: Deadlocks detected and fixed in 38 states

Type:        DTMC
States:      1304 (1 initial)
Transitions: 1731

Starting probabilistic reachability...
Calculating predecessor relation for discrete-time Markov chain...  done (0.005 seconds)
Starting Prob0...
Prob0 took 0.007 seconds.
Starting Prob1...
Prob1 took 0.001 seconds.
target=32, yes=112, no=82, maybe=1110
SOUND
Running sound value iter
L : 2.0982060817733834E-10
U :1.0000006064924116
L : 2.322586253014228E-10
U :1.0000001974333996
L : 2.350072823968E-10
U :1.0000000685962123
L : 2.350072823968E-10
U :1.0000000147194428
L : 2.350072823968E-10
U :1.0000000147194428
L : 2.350072823968E-10
U :1.0000000147194428
L : 2.350072823968E-10
U :1.0000000147194428
L : 2.350072823968E-10
U :1.0000000147194428
L : 2.350072823968E-10
U :1.0000000147194428
L : 2.350072823968E-10
U :1.0000000147194428
L : 2.350072823968E-10
U :1.0000000061296226
L : 2.350072823968E-10
U :1.0000000061296226
L : 2.350072823968E-10
U :1.0000000048859268
L : 2.350072823968E-10
U :1.0000000048859268
L : 2.350072823968E-10
U :1.0000000048859268
L : 2.350072823968E-10
U :1.0000000048859268
L : 2.350072823968E-10
U :1.0000000048859268
L : 2.350072823968E-10
U :1.0000000048859268
L : 2.350072823968E-10
U :1.0000000048859268
L : 2.350072823968E-10
U :1.0000000048859268
L : 2.350072823968E-10
U :1.0000000000027123
L : 2.350072823968E-10
U :1.0000000000027123
L : 2.350072823968E-10
U :1.0000000000027123
L : 2.350072823968E-10
U :1.0000000000027123
L : 2.350072823968E-10
U :1.0000000000027123
L : 2.350072823968E-10
U :1.0000000000027123
L : 2.350072823968E-10
U :1.0000000000027123
L : 2.350072823968E-10
U :1.0000000000027123
L : 2.350072823968E-10
U :1.0000000000027123
L : 2.350072823968E-10
U :1.0000000000027123
L : 2.350072823968E-10
U :1.0000000000027123
L : 2.350072823968E-10
U :1.0000000000027123
L : 2.350072823968E-10
U :1.0000000000027123
L : 2.350072823968E-10
U :1.0000000000027123
L : 2.350072823968E-10
U :1.0000000000027123
L : 2.350072823968E-10
U :1.0000000000027123
L : 2.350072823968E-10
U :0.9999999999999953
L : 2.350072823968E-10
U :0.9999999999999953
L : 2.350072823968E-10
U :0.9999999999999953
L : 2.350072823968E-10
U :0.9999999999999953
L : 2.350072823968E-10
U :0.9999999999999953
L : 2.350072823968E-10
U :0.9999999999999953
L : 2.350072823968E-10
U :0.9999999999999953
L : 2.350072823968E-10
U :0.9999999999999953
L : 2.350072823968E-10
U :0.9999999999999953
L : 2.350072823968E-10
U :0.9999999999999953
L : 2.350072823968E-10
U :0.9999999999999953
L : 2.350072823968E-10
U :0.9999999999999953
L : 2.350072823968E-10
U :0.9999999999999953
L : 2.350072823968E-10
U :0.9999999999999953
L : 2.350072823968E-10
U :0.9999999999999953
L : 2.350072823968E-10
U :0.9999999999999953
L : 2.350072823968E-10
U :0.9999999999999953
L : 2.350072823968E-10
U :0.9999999999999953
L : 2.350072823968E-10
U :0.9999999999999953
L : 2.350072823968E-10
U :0.9999999809433485
L : 2.350072823968E-10
U :0.03586179383405299
L : 2.350072823968E-10
U :0.03133072212183474
L : 2.350072823968E-10
U :0.030300392176795112
L : 2.350072823968E-10
U :0.02992514164635549
L : 2.350072823968E-10
U :0.029834388207312896
L : 2.350072823968E-10
U :0.029807923811347867
L : 2.350072823968E-10
U :0.02980191323366702
L : 2.350072823968E-10
U :0.029800417417652946
Probabilistic reachability took 0.042 seconds.

Value in the initial state: 2.903753288548843E-7

Time for model checking: 0.053 seconds.

Result: 2.903753288548843E-7 (value in the initial state)

---------------------------------------------------------------------

Note: There was 1 warning during computation.

