PRISM
=====

Version: 4.5.dev
Date: Wed Jan 29 13:06:49 GMT 2020
Hostname: cca-ug04-039.cs.bham.ac.uk
Memory limits: cudd=1g, java(heap)=910.5m
Command line: prism /home/students/tjw625/work/FYP/prism-benchmarks/models/dtmcs/brp/brp.pm -const 'N=16,MAX=4' -fixdl /home/students/tjw625/work/FYP/prism-benchmarks/models/dtmcs/brp/p1.pctl -ex -sound -mainlog 'logs/sound-dtmc-logs/brp.pm.const.N=16,MAX=4.fixdl.p1.pctl.ex.sound.log'

Parsing model file "/home/students/tjw625/work/FYP/prism-benchmarks/models/dtmcs/brp/brp.pm"...

Type:        DTMC
Modules:     sender receiver checker channelK channelL 
Variables:   s srep nrtr i bs s_ab fs ls r rrep fr lr br r_ab recv T k l 

Parsing properties file "/home/students/tjw625/work/FYP/prism-benchmarks/models/dtmcs/brp/p1.pctl"...

1 property:
(1) "p1": P=? [ F s=5 ]

---------------------------------------------------------------------

Model checking: "p1": P=? [ F s=5 ]
Model constants: N=16,MAX=4

Building model...
Model constants: N=16,MAX=4

Computing reachable states... 1095 states
Reachable states exploration and model construction done in 0.091 secs.
Sorting reachable states list...

Time for model construction: 0.179 seconds.

Warning: Deadlocks detected and fixed in 37 states

Type:        DTMC
States:      1095 (1 initial)
Transitions: 1443

Starting probabilistic reachability...
Calculating predecessor relation for discrete-time Markov chain...  done (0.005 seconds)
Starting Prob0...
Prob0 took 0.012 seconds.
Starting Prob1...
Prob1 took 0.005 seconds.
target=32, yes=112, no=79, maybe=904
SOUND
Running sound value iter
L : 7.605675271584006E-9
U :1.000000001085193
L : 7.886150416000001E-9
U :1.000000001085193
L : 7.886150416000001E-9
U :1.0000000000774214
L : 7.886150416000001E-9
U :1.0000000000774214
L : 7.886150416000001E-9
U :1.000000000046388
L : 7.886150416000001E-9
U :1.000000000046388
L : 7.886150416000001E-9
U :1.000000000046388
L : 7.886150416000001E-9
U :1.0000000000009441
L : 7.886150416000001E-9
U :1.0000000000009441
L : 7.886150416000001E-9
U :1.0000000000009441
L : 7.886150416000001E-9
U :1.0000000000009441
L : 7.886150416000001E-9
U :1.0000000000009441
L : 7.886150416000001E-9
U :1.0000000000009441
L : 7.886150416000001E-9
U :1.0000000000009441
L : 7.886150416000001E-9
U :1.0000000000009441
L : 7.886150416000001E-9
U :1.0000000000009441
L : 7.886150416000001E-9
U :1.0000000000009441
L : 7.886150416000001E-9
U :1.0000000000009441
L : 7.886150416000001E-9
U :0.9999999999999974
L : 7.886150416000001E-9
U :0.9999999999999974
L : 7.886150416000001E-9
U :0.9999999999999974
L : 7.886150416000001E-9
U :0.9999999999999974
L : 7.886150416000001E-9
U :0.9999999999999974
L : 7.886150416000001E-9
U :0.9999999999999974
L : 7.886150416000001E-9
U :0.9999999999999974
L : 7.886150416000001E-9
U :0.9999999999999974
L : 7.886150416000001E-9
U :0.9999999999999974
L : 7.886150416000001E-9
U :0.9999999999999974
L : 7.886150416000001E-9
U :0.9999999999999974
L : 7.886150416000001E-9
U :0.9999999999999974
L : 7.886150416000001E-9
U :0.9999999999999974
L : 7.886150416000001E-9
U :0.9999999999999974
L : 7.886150416000001E-9
U :0.9999999999999974
L : 7.886150416000001E-9
U :0.9999999999999974
L : 7.886150416000001E-9
U :0.9999999999999974
L : 7.886150416000001E-9
U :0.9999999999999974
L : 7.886150416000001E-9
U :0.9999999999999974
L : 7.886150416000001E-9
U :0.9999999999999974
L : 7.886150416000001E-9
U :0.9999999999999974
L : 7.886150416000001E-9
U :0.9999999999999974
L : 7.886150416000001E-9
U :0.9999999999999974
L : 7.886150416000001E-9
U :0.9999999999999974
L : 7.886150416000001E-9
U :0.9999999999999974
L : 7.886150416000001E-9
U :0.9999999999999974
L : 7.886150416000001E-9
U :0.9999999999999959
L : 7.886150416000001E-9
U :0.9999999999999959
L : 7.886150416000001E-9
U :0.9999999999999959
L : 7.886150416000001E-9
U :0.9999999999999959
L : 7.886150416000001E-9
U :0.9999999999999959
L : 7.886150416000001E-9
U :0.9999999999999958
L : 7.886150416000001E-9
U :0.9999999999999958
L : 7.886150416000001E-9
U :0.9999999999999958
L : 7.886150416000001E-9
U :0.9999999999999949
L : 7.886150416000001E-9
U :0.9999999999999886
L : 7.886150416000001E-9
U :0.9999999999999886
L : 7.886150416000001E-9
U :0.9999999999999886
L : 7.886150416000001E-9
U :0.9999999994817159
L : 7.886150416000001E-9
U :0.035862139271686654
L : 7.886150416000001E-9
U :0.03133103174831162
L : 7.886150416000001E-9
U :0.030300697443075137
L : 7.886150416000001E-9
U :0.02992544612650864
L : 7.886150416000001E-9
U :0.029834699513054834
L : 7.886150416000001E-9
U :0.02980824335272965
L : 7.886150416000001E-9
U :0.029802239121348686
L : 7.886150416000001E-9
U :0.029800746822241635
Probabilistic reachability took 0.071 seconds.

Value in the initial state: 6.53345655982815E-7

Time for model checking: 0.083 seconds.

Result: 6.53345655982815E-7 (value in the initial state)

---------------------------------------------------------------------

Note: There was 1 warning during computation.

