PRISM
=====

Version: 4.5.dev
Date: Mon Jan 27 18:48:04 GMT 2020
Hostname: cca-lg04-050.cs.bham.ac.uk
Memory limits: cudd=1g, java(heap)=910.5m
Command line: prism /home/students/tjw625/work/FYP/prism-benchmarks/models/dtmcs/brp/brp.pm -const 'N=32,MAX=3' -fixdl /home/students/tjw625/work/FYP/prism-benchmarks/models/dtmcs/brp/p1.pctl -mainlog 'logs/sound-dtmc-logs/brp.pm.const.N=32,MAX=3.fixdl.p1.pctl.log'

Parsing model file "/home/students/tjw625/work/FYP/prism-benchmarks/models/dtmcs/brp/brp.pm"...

Type:        DTMC
Modules:     sender receiver checker channelK channelL 
Variables:   s srep nrtr i bs s_ab fs ls r rrep fr lr br r_ab recv T k l 

Parsing properties file "/home/students/tjw625/work/FYP/prism-benchmarks/models/dtmcs/brp/p1.pctl"...

1 property:
(1) "p1": P=? [ F s=5 ]

---------------------------------------------------------------------

Model checking: "p1": P=? [ F s=5 ]
Model constants: N=32,MAX=3

Building model...
Model constants: N=32,MAX=3

Computing reachable states...

Reachability (BFS): 203 iterations in 0.06 seconds (average 0.000315, setup 0.00)

Time for model construction: 0.213 seconds.

Warning: Deadlocks detected and fixed in 68 states

Type:        DTMC
States:      1766 (1 initial)
Transitions: 2307

Transition matrix: 2269 nodes (6 terminal), 2307 minterms, vars: 33r/33c

Prob0: 13 iterations in 0.03 seconds (average 0.002077, setup 0.00)

Prob1: 193 iterations in 0.04 seconds (average 0.000233, setup 0.00)

yes = 224, no = 140, maybe = 1402

Computing remaining probabilities...
Engine: Hybrid

Building hybrid MTBDD matrix... [levels=33, nodes=2177] [102.0 KB]
Adding explicit sparse matrices... [levels=33, num=1, compact] [9.4 KB]
Creating vector for diagonals... [dist=1, compact] [3.5 KB]
Creating vector for RHS... [dist=2, compact] [3.5 KB]
Allocating iteration vectors... [2 x 13.8 KB]
TOTAL: [145.9 KB]

Starting iterations...

Jacobi: 221 iterations in 0.00 seconds (average 0.000009, setup 0.00)

Value in the initial state: 2.5235351471250316E-5

Time for model checking: 0.086 seconds.

Result: 2.5235351471250316E-5 (value in the initial state)

---------------------------------------------------------------------

Note: There was 1 warning during computation.

