PRISM
=====

Version: 4.5.dev
Date: Wed Jan 29 13:07:05 GMT 2020
Hostname: cca-ug04-039.cs.bham.ac.uk
Memory limits: cudd=1g, java(heap)=910.5m
Command line: prism /home/students/tjw625/work/FYP/prism-benchmarks/models/dtmcs/brp/brp.pm -const 'N=64,MAX=5' -fixdl /home/students/tjw625/work/FYP/prism-benchmarks/models/dtmcs/brp/p1.pctl -ex -sound -mainlog 'logs/sound-dtmc-logs/brp.pm.const.N=64,MAX=5.fixdl.p1.pctl.ex.sound.log'

Parsing model file "/home/students/tjw625/work/FYP/prism-benchmarks/models/dtmcs/brp/brp.pm"...

Type:        DTMC
Modules:     sender receiver checker channelK channelL 
Variables:   s srep nrtr i bs s_ab fs ls r rrep fr lr br r_ab recv T k l 

Parsing properties file "/home/students/tjw625/work/FYP/prism-benchmarks/models/dtmcs/brp/p1.pctl"...

1 property:
(1) "p1": P=? [ F s=5 ]

---------------------------------------------------------------------

Model checking: "p1": P=? [ F s=5 ]
Model constants: N=64,MAX=5

Building model...
Model constants: N=64,MAX=5

Computing reachable states... 5192 states
Reachable states exploration and model construction done in 0.114 secs.
Sorting reachable states list...

Time for model construction: 0.211 seconds.

Warning: Deadlocks detected and fixed in 134 states

Type:        DTMC
States:      5192 (1 initial)
Transitions: 6915

Starting probabilistic reachability...
Calculating predecessor relation for discrete-time Markov chain...  done (0.009 seconds)
Starting Prob0...
Prob0 took 0.009 seconds.
Starting Prob1...
Prob1 took 0.004 seconds.
target=128, yes=448, no=274, maybe=4470
SOUND
Running sound value iter
L : 2.0982060817733834E-10
U :1.0000006064924116
L : 2.322586253014228E-10
U :1.0000001974333996
L : 2.350072823968E-10
U :1.0000000685962123
L : 2.350072823968E-10
U :1.0000000147194428
L : 2.350072823968E-10
U :1.0000000147194428
L : 2.350072823968E-10
U :1.0000000147194428
L : 2.350072823968E-10
U :1.0000000147194428
L : 2.350072823968E-10
U :1.0000000147194428
L : 2.350072823968E-10
U :1.0000000147194428
L : 2.350072823968E-10
U :1.0000000147194428
L : 2.350072823968E-10
U :1.0000000061296226
L : 2.350072823968E-10
U :1.0000000061296226
L : 2.350072823968E-10
U :1.0000000048859268
L : 2.350072823968E-10
U :1.0000000048859268
L : 2.350072823968E-10
U :1.0000000048859268
L : 2.350072823968E-10
U :1.0000000048859268
L : 2.350072823968E-10
U :1.0000000048859268
L : 2.350072823968E-10
U :1.0000000048859268
L : 2.350072823968E-10
U :1.0000000048859268
L : 2.350072823968E-10
U :1.0000000048859268
L : 2.350072823968E-10
U :1.0000000000027123
L : 2.350072823968E-10
U :1.0000000000027123
L : 2.350072823968E-10
U :1.0000000000027123
L : 2.350072823968E-10
U :1.0000000000027123
L : 2.350072823968E-10
U :1.0000000000027123
L : 2.350072823968E-10
U :1.0000000000027123
L : 2.350072823968E-10
U :1.0000000000027123
L : 2.350072823968E-10
U :1.0000000000027123
L : 2.350072823968E-10
U :1.0000000000027123
L : 2.350072823968E-10
U :1.0000000000027123
L : 2.350072823968E-10
U :1.0000000000027123
L : 2.350072823968E-10
U :1.0000000000027123
L : 2.350072823968E-10
U :1.0000000000027123
L : 2.350072823968E-10
U :1.0000000000027123
L : 2.350072823968E-10
U :1.0000000000027123
L : 2.350072823968E-10
U :1.0000000000027123
L : 2.350072823968E-10
U :0.9999999999999953
L : 2.350072823968E-10
U :0.9999999999999953
L : 2.350072823968E-10
U :0.9999999999999953
L : 2.350072823968E-10
U :0.9999999999999953
L : 2.350072823968E-10
U :0.9999999999999953
L : 2.350072823968E-10
U :0.9999999999999953
L : 2.350072823968E-10
U :0.9999999999999953
L : 2.350072823968E-10
U :0.9999999999999953
L : 2.350072823968E-10
U :0.9999999999999953
L : 2.350072823968E-10
U :0.9999999999999953
L : 2.350072823968E-10
U :0.9999999999999953
L : 2.350072823968E-10
U :0.9999999999999953
L : 2.350072823968E-10
U :0.9999999999999953
L : 2.350072823968E-10
U :0.9999999999999953
L : 2.350072823968E-10
U :0.9999999999999953
L : 2.350072823968E-10
U :0.9999999999999953
L : 2.350072823968E-10
U :0.9999999999999953
L : 2.350072823968E-10
U :0.9999999999999953
L : 2.350072823968E-10
U :0.9999999999999953
L : 2.350072823968E-10
U :0.9999999999999953
L : 2.350072823968E-10
U :0.9999999999999953
L : 2.350072823968E-10
U :0.9999999999999953
L : 2.350072823968E-10
U :0.9999999999999953
L : 2.350072823968E-10
U :0.9999999999999953
L : 2.350072823968E-10
U :0.9999999999999953
L : 2.350072823968E-10
U :0.9999999999999953
L : 2.350072823968E-10
U :0.9999999999999953
L : 2.350072823968E-10
U :0.9999999999999953
L : 2.350072823968E-10
U :0.9999999999999947
L : 2.350072823968E-10
U :0.9999999999999928
L : 2.350072823968E-10
U :0.9999999999999928
L : 2.350072823968E-10
U :0.9999999999999928
L : 2.350072823968E-10
U :0.9999999999999928
L : 2.350072823968E-10
U :0.9999999999999928
L : 2.350072823968E-10
U :0.9999999999999928
L : 2.350072823968E-10
U :0.9999999999999928
L : 2.350072823968E-10
U :0.9999999999999928
L : 2.350072823968E-10
U :0.9999999999999928
L : 2.350072823968E-10
U :0.9999999999999928
L : 2.350072823968E-10
U :0.9999999999999928
L : 2.350072823968E-10
U :0.9999999999999928
L : 2.350072823968E-10
U :0.9999999999999913
L : 2.350072823968E-10
U :0.9999999999999913
L : 2.350072823968E-10
U :0.9999999999999913
L : 2.350072823968E-10
U :0.9999999999999913
L : 2.350072823968E-10
U :0.9999999999999913
L : 2.350072823968E-10
U :0.9999999999999913
L : 2.350072823968E-10
U :0.9999999999999913
L : 2.350072823968E-10
U :0.9999999999999913
L : 2.350072823968E-10
U :0.9999999999999913
L : 2.350072823968E-10
U :0.9999999999999913
L : 2.350072823968E-10
U :0.9999999999999913
L : 2.350072823968E-10
U :0.9999999999999913
L : 2.350072823968E-10
U :0.9999999999999913
L : 2.350072823968E-10
U :0.9999999999999913
L : 2.350072823968E-10
U :0.9999999999999913
L : 2.350072823968E-10
U :0.9999999999999913
L : 2.350072823968E-10
U :0.9999999999999913
L : 2.350072823968E-10
U :0.9999999999999913
L : 2.350072823968E-10
U :0.9999999999999913
L : 2.350072823968E-10
U :0.9999999999999913
L : 2.350072823968E-10
U :0.9999999999999909
L : 2.350072823968E-10
U :0.9999999999999909
L : 2.350072823968E-10
U :0.9999999999999909
L : 2.350072823968E-10
U :0.9999999999999909
L : 2.350072823968E-10
U :0.9999999999999909
L : 2.350072823968E-10
U :0.9999999999999909
L : 2.350072823968E-10
U :0.9999999999999909
L : 2.350072823968E-10
U :0.9999999999999898
L : 2.350072823968E-10
U :0.9999999999999898
L : 2.350072823968E-10
U :0.9999999999999898
L : 2.350072823968E-10
U :0.9999999999999898
L : 2.350072823968E-10
U :0.9999999999999898
L : 2.350072823968E-10
U :0.9999999999999898
L : 2.350072823968E-10
U :0.9999999999999898
L : 2.350072823968E-10
U :0.9999999999999898
L : 2.350072823968E-10
U :0.9999999999999898
L : 2.350072823968E-10
U :0.9999999999999898
L : 2.350072823968E-10
U :0.9999999999999898
L : 2.350072823968E-10
U :0.9999999999999898
L : 2.350072823968E-10
U :0.9999999999999898
L : 2.350072823968E-10
U :0.9999999999999898
L : 2.350072823968E-10
U :0.9999999999999898
L : 2.350072823968E-10
U :0.9999999999999898
L : 2.350072823968E-10
U :0.9999999999999898
L : 2.350072823968E-10
U :0.9999999999999898
L : 2.350072823968E-10
U :0.9999999999999898
L : 2.350072823968E-10
U :0.9999999999999898
L : 2.350072823968E-10
U :0.9999999999999898
L : 2.350072823968E-10
U :0.9999999999999898
L : 2.350072823968E-10
U :0.9999999999999898
L : 2.350072823968E-10
U :0.9999999999999898
L : 2.350072823968E-10
U :0.9999999999999898
L : 2.350072823968E-10
U :0.9999999999999898
L : 2.350072823968E-10
U :0.9999999999999898
L : 2.350072823968E-10
U :0.9999999999999898
L : 2.350072823968E-10
U :0.9999999999999898
L : 2.350072823968E-10
U :0.999999999999989
L : 2.350072823968E-10
U :0.999999999999989
L : 2.350072823968E-10
U :0.999999999999989
L : 2.350072823968E-10
U :0.999999999999989
L : 2.350072823968E-10
U :0.9999999999999886
L : 2.350072823968E-10
U :0.9999999999999886
L : 2.350072823968E-10
U :0.9999999999999886
L : 2.350072823968E-10
U :0.9999999999999886
L : 2.350072823968E-10
U :0.9999999999999882
L : 2.350072823968E-10
U :0.9999999999999882
L : 2.350072823968E-10
U :0.9999999999999882
L : 2.350072823968E-10
U :0.9999999999999882
L : 2.350072823968E-10
U :0.9999999999999882
L : 2.350072823968E-10
U :0.9999999999999882
L : 2.350072823968E-10
U :0.9999999999999882
L : 2.350072823968E-10
U :0.9999999999999873
L : 2.350072823968E-10
U :0.9999999999999872
L : 2.350072823968E-10
U :0.9999999999999872
L : 2.350072823968E-10
U :0.9999999999999872
L : 2.350072823968E-10
U :0.9999999999999869
L : 2.350072823968E-10
U :0.9999999999999849
L : 2.350072823968E-10
U :0.9999999999999849
L : 2.350072823968E-10
U :0.9999999999999849
L : 2.350072823968E-10
U :0.9999999999999828
L : 2.350072823968E-10
U :0.9999999999999828
L : 2.350072823968E-10
U :0.9999999999999828
L : 2.350072823968E-10
U :0.9999999999999828
L : 2.350072823968E-10
U :0.9999999999999771
L : 2.350072823968E-10
U :0.9999999999999771
L : 2.350072823968E-10
U :0.9999999999999771
L : 2.350072823968E-10
U :0.9999999999999771
L : 2.350072823968E-10
U :0.9999999999999771
L : 2.350072823968E-10
U :0.9999999999999771
L : 2.350072823968E-10
U :0.9999999999999771
L : 2.350072823968E-10
U :0.9999999999999771
L : 2.350072823968E-10
U :0.9999999999999746
L : 2.350072823968E-10
U :0.9999999999999741
L : 2.350072823968E-10
U :0.9999999999999741
L : 2.350072823968E-10
U :0.9999999999999741
L : 2.350072823968E-10
U :0.999999999999973
L : 2.350072823968E-10
U :0.999999999999973
L : 2.350072823968E-10
U :0.999999999999973
L : 2.350072823968E-10
U :0.999999999999973
L : 2.350072823968E-10
U :0.999999999999973
L : 2.350072823968E-10
U :0.999999999999973
L : 2.350072823968E-10
U :0.999999999999973
L : 2.350072823968E-10
U :0.999999999999973
L : 2.350072823968E-10
U :0.999999999999973
L : 2.350072823968E-10
U :0.999999999999973
L : 2.350072823968E-10
U :0.999999999999973
L : 2.350072823968E-10
U :0.999999999999973
L : 2.350072823968E-10
U :0.999999999999973
L : 2.350072823968E-10
U :0.999999999999973
L : 2.350072823968E-10
U :0.999999999999973
L : 2.350072823968E-10
U :0.999999999999973
L : 2.350072823968E-10
U :0.999999999999973
L : 2.350072823968E-10
U :0.999999999999973
L : 2.350072823968E-10
U :0.999999999999973
L : 2.350072823968E-10
U :0.999999999999973
L : 2.350072823968E-10
U :0.999999999999973
L : 2.350072823968E-10
U :0.999999999999973
L : 2.350072823968E-10
U :0.999999999999973
L : 2.350072823968E-10
U :0.999999999999973
L : 2.350072823968E-10
U :0.999999999999973
L : 2.350072823968E-10
U :0.999999999999973
L : 2.350072823968E-10
U :0.999999999999973
L : 2.350072823968E-10
U :0.999999999999973
L : 2.350072823968E-10
U :0.9999999999999711
L : 2.350072823968E-10
U :0.9999999999999711
L : 2.350072823968E-10
U :0.9999999999999711
L : 2.350072823968E-10
U :0.9999999999999711
L : 2.350072823968E-10
U :0.9999999999999711
L : 2.350072823968E-10
U :0.9999999999999711
L : 2.350072823968E-10
U :0.9999999999999711
L : 2.350072823968E-10
U :0.9999999999999711
L : 2.350072823968E-10
U :0.9999999999999707
L : 2.350072823968E-10
U :0.9999999999999707
L : 2.350072823968E-10
U :0.9999999999999707
L : 2.350072823968E-10
U :0.9999999999999707
L : 2.350072823968E-10
U :0.9999999999999707
L : 2.350072823968E-10
U :0.9999999999999707
L : 2.350072823968E-10
U :0.9999999999999707
L : 2.350072823968E-10
U :0.9999999999999707
L : 2.350072823968E-10
U :0.9999999999999707
L : 2.350072823968E-10
U :0.9999999999999707
L : 2.350072823968E-10
U :0.9999999999999707
L : 2.350072823968E-10
U :0.9999999999999707
L : 2.350072823968E-10
U :0.9999999999999686
L : 2.350072823968E-10
U :0.9999999999999686
L : 2.350072823968E-10
U :0.9999999999999686
L : 2.350072823968E-10
U :0.9999999999999686
L : 2.350072823968E-10
U :0.9999999999999678
L : 2.350072823968E-10
U :0.9999999999999678
L : 2.350072823968E-10
U :0.9999999999999678
L : 2.350072823968E-10
U :0.9999999999999666
L : 2.350072823968E-10
U :0.9999999999999666
L : 2.350072823968E-10
U :0.9999999999999666
L : 2.350072823968E-10
U :0.9999999999999666
L : 2.350072823968E-10
U :0.9999999999999666
L : 2.350072823968E-10
U :0.9999999999999666
L : 2.350072823968E-10
U :0.9999999999999666
L : 2.350072823968E-10
U :0.9999999999999666
L : 2.350072823968E-10
U :0.9999999999999666
L : 2.350072823968E-10
U :0.9999999999999661
L : 2.350072823968E-10
U :0.9999999999999661
L : 2.350072823968E-10
U :0.9999999999999661
L : 2.350072823968E-10
U :0.9999999999999658
L : 2.350072823968E-10
U :0.9999999999999658
L : 2.350072823968E-10
U :0.9999999999999658
L : 2.350072823968E-10
U :0.9999999999999658
L : 2.350072823968E-10
U :0.999999999999963
L : 2.350072823968E-10
U :0.9999999999999535
L : 2.350072823968E-10
U :0.9999999999999535
L : 2.350072823968E-10
U :0.9999999999999535
L : 2.350072823968E-10
U :0.9999999731343756
L : 2.350072823968E-10
U :0.08375287986337487
L : 2.350072823968E-10
U :0.05310105589291586
L : 2.350072823968E-10
U :0.04106949310428071
L : 2.350072823968E-10
U :0.03529709831964607
L : 2.350072823968E-10
U :0.03247489726157903
L : 2.350072823968E-10
U :0.0310591903273614
L : 2.350072823968E-10
U :0.030372206813139607
L : 2.350072823968E-10
U :0.030048763471836017
L : 2.350072823968E-10
U :0.029903749470483614
L : 2.350072823968E-10
U :0.02984148077204446
L : 2.350072823968E-10
U :0.029815970395681058
L : 2.350072823968E-10
U :0.02980594052958849
L : 2.350072823968E-10
U :0.029802153577114847
L : 2.350072823968E-10
U :0.02980077426977708
Probabilistic reachability took 0.149 seconds.

Value in the initial state: 4.67635156769963E-7

Time for model checking: 0.163 seconds.

Result: 4.67635156769963E-7 (value in the initial state)

---------------------------------------------------------------------

Note: There was 1 warning during computation.

