PRISM
=====

Version: 4.5.dev
Date: Wed Jan 29 13:06:58 GMT 2020
Hostname: cca-ug04-039.cs.bham.ac.uk
Memory limits: cudd=1g, java(heap)=910.5m
Command line: prism /home/students/tjw625/work/FYP/prism-benchmarks/models/dtmcs/brp/brp.pm -const 'N=32,MAX=5' -fixdl /home/students/tjw625/work/FYP/prism-benchmarks/models/dtmcs/brp/p1.pctl -ex -sound -mainlog 'logs/sound-dtmc-logs/brp.pm.const.N=32,MAX=5.fixdl.p1.pctl.ex.sound.log'

Parsing model file "/home/students/tjw625/work/FYP/prism-benchmarks/models/dtmcs/brp/brp.pm"...

Type:        DTMC
Modules:     sender receiver checker channelK channelL 
Variables:   s srep nrtr i bs s_ab fs ls r rrep fr lr br r_ab recv T k l 

Parsing properties file "/home/students/tjw625/work/FYP/prism-benchmarks/models/dtmcs/brp/p1.pctl"...

1 property:
(1) "p1": P=? [ F s=5 ]

---------------------------------------------------------------------

Model checking: "p1": P=? [ F s=5 ]
Model constants: N=32,MAX=5

Building model...
Model constants: N=32,MAX=5

Computing reachable states... 2600 states
Reachable states exploration and model construction done in 0.104 secs.
Sorting reachable states list...

Time for model construction: 0.192 seconds.

Warning: Deadlocks detected and fixed in 70 states

Type:        DTMC
States:      2600 (1 initial)
Transitions: 3459

Starting probabilistic reachability...
Calculating predecessor relation for discrete-time Markov chain...  done (0.007 seconds)
Starting Prob0...
Prob0 took 0.007 seconds.
Starting Prob1...
Prob1 took 0.002 seconds.
target=64, yes=224, no=146, maybe=2230
SOUND
Running sound value iter
L : 2.0982060817733834E-10
U :1.0000006064924116
L : 2.322586253014228E-10
U :1.0000001974333996
L : 2.350072823968E-10
U :1.0000000685962123
L : 2.350072823968E-10
U :1.0000000147194428
L : 2.350072823968E-10
U :1.0000000147194428
L : 2.350072823968E-10
U :1.0000000147194428
L : 2.350072823968E-10
U :1.0000000147194428
L : 2.350072823968E-10
U :1.0000000147194428
L : 2.350072823968E-10
U :1.0000000147194428
L : 2.350072823968E-10
U :1.0000000147194428
L : 2.350072823968E-10
U :1.0000000061296226
L : 2.350072823968E-10
U :1.0000000061296226
L : 2.350072823968E-10
U :1.0000000048859268
L : 2.350072823968E-10
U :1.0000000048859268
L : 2.350072823968E-10
U :1.0000000048859268
L : 2.350072823968E-10
U :1.0000000048859268
L : 2.350072823968E-10
U :1.0000000048859268
L : 2.350072823968E-10
U :1.0000000048859268
L : 2.350072823968E-10
U :1.0000000048859268
L : 2.350072823968E-10
U :1.0000000048859268
L : 2.350072823968E-10
U :1.0000000000027123
L : 2.350072823968E-10
U :1.0000000000027123
L : 2.350072823968E-10
U :1.0000000000027123
L : 2.350072823968E-10
U :1.0000000000027123
L : 2.350072823968E-10
U :1.0000000000027123
L : 2.350072823968E-10
U :1.0000000000027123
L : 2.350072823968E-10
U :1.0000000000027123
L : 2.350072823968E-10
U :1.0000000000027123
L : 2.350072823968E-10
U :1.0000000000027123
L : 2.350072823968E-10
U :1.0000000000027123
L : 2.350072823968E-10
U :1.0000000000027123
L : 2.350072823968E-10
U :1.0000000000027123
L : 2.350072823968E-10
U :1.0000000000027123
L : 2.350072823968E-10
U :1.0000000000027123
L : 2.350072823968E-10
U :1.0000000000027123
L : 2.350072823968E-10
U :1.0000000000027123
L : 2.350072823968E-10
U :0.9999999999999953
L : 2.350072823968E-10
U :0.9999999999999953
L : 2.350072823968E-10
U :0.9999999999999953
L : 2.350072823968E-10
U :0.9999999999999953
L : 2.350072823968E-10
U :0.9999999999999953
L : 2.350072823968E-10
U :0.9999999999999953
L : 2.350072823968E-10
U :0.9999999999999953
L : 2.350072823968E-10
U :0.9999999999999953
L : 2.350072823968E-10
U :0.9999999999999953
L : 2.350072823968E-10
U :0.9999999999999953
L : 2.350072823968E-10
U :0.9999999999999953
L : 2.350072823968E-10
U :0.9999999999999953
L : 2.350072823968E-10
U :0.9999999999999953
L : 2.350072823968E-10
U :0.9999999999999953
L : 2.350072823968E-10
U :0.9999999999999953
L : 2.350072823968E-10
U :0.9999999999999953
L : 2.350072823968E-10
U :0.9999999999999953
L : 2.350072823968E-10
U :0.9999999999999953
L : 2.350072823968E-10
U :0.9999999999999953
L : 2.350072823968E-10
U :0.9999999999999953
L : 2.350072823968E-10
U :0.9999999999999953
L : 2.350072823968E-10
U :0.9999999999999953
L : 2.350072823968E-10
U :0.9999999999999953
L : 2.350072823968E-10
U :0.9999999999999953
L : 2.350072823968E-10
U :0.9999999999999953
L : 2.350072823968E-10
U :0.9999999999999953
L : 2.350072823968E-10
U :0.9999999999999953
L : 2.350072823968E-10
U :0.9999999999999953
L : 2.350072823968E-10
U :0.9999999999999947
L : 2.350072823968E-10
U :0.9999999999999928
L : 2.350072823968E-10
U :0.9999999999999928
L : 2.350072823968E-10
U :0.9999999999999928
L : 2.350072823968E-10
U :0.9999999999999928
L : 2.350072823968E-10
U :0.9999999999999928
L : 2.350072823968E-10
U :0.9999999999999928
L : 2.350072823968E-10
U :0.9999999999999928
L : 2.350072823968E-10
U :0.9999999999999928
L : 2.350072823968E-10
U :0.9999999999999928
L : 2.350072823968E-10
U :0.9999999999999928
L : 2.350072823968E-10
U :0.9999999999999928
L : 2.350072823968E-10
U :0.9999999999999928
L : 2.350072823968E-10
U :0.9999999999999913
L : 2.350072823968E-10
U :0.9999999999999913
L : 2.350072823968E-10
U :0.9999999999999913
L : 2.350072823968E-10
U :0.9999999999999913
L : 2.350072823968E-10
U :0.9999999999999913
L : 2.350072823968E-10
U :0.9999999999999913
L : 2.350072823968E-10
U :0.9999999999999913
L : 2.350072823968E-10
U :0.9999999999999913
L : 2.350072823968E-10
U :0.9999999999999913
L : 2.350072823968E-10
U :0.9999999999999913
L : 2.350072823968E-10
U :0.9999999999999913
L : 2.350072823968E-10
U :0.9999999999999913
L : 2.350072823968E-10
U :0.9999999999999913
L : 2.350072823968E-10
U :0.9999999999999913
L : 2.350072823968E-10
U :0.9999999999999913
L : 2.350072823968E-10
U :0.9999999999999913
L : 2.350072823968E-10
U :0.9999999999999913
L : 2.350072823968E-10
U :0.9999999999999913
L : 2.350072823968E-10
U :0.9999999999999913
L : 2.350072823968E-10
U :0.9999999999999913
L : 2.350072823968E-10
U :0.9999999999999909
L : 2.350072823968E-10
U :0.9999999999999909
L : 2.350072823968E-10
U :0.9999999999999909
L : 2.350072823968E-10
U :0.9999999999999909
L : 2.350072823968E-10
U :0.9999999999999909
L : 2.350072823968E-10
U :0.9999999999999909
L : 2.350072823968E-10
U :0.9999999999999909
L : 2.350072823968E-10
U :0.9999999999999898
L : 2.350072823968E-10
U :0.9999999999999898
L : 2.350072823968E-10
U :0.9999999999999898
L : 2.350072823968E-10
U :0.9999999999999898
L : 2.350072823968E-10
U :0.9999999999999898
L : 2.350072823968E-10
U :0.9999999999999898
L : 2.350072823968E-10
U :0.9999999999999898
L : 2.350072823968E-10
U :0.9999999999999898
L : 2.350072823968E-10
U :0.9999999999999898
L : 2.350072823968E-10
U :0.9999999999999898
L : 2.350072823968E-10
U :0.9999999999999862
L : 2.350072823968E-10
U :0.9999999999999862
L : 2.350072823968E-10
U :0.9999999999999862
L : 2.350072823968E-10
U :0.9999999999999862
L : 2.350072823968E-10
U :0.9999999999999862
L : 2.350072823968E-10
U :0.999999971886211
L : 2.350072823968E-10
U :0.046195559014826255
L : 2.350072823968E-10
U :0.03565354214987491
L : 2.350072823968E-10
U :0.032172896380651995
L : 2.350072823968E-10
U :0.030673417886966793
L : 2.350072823968E-10
U :0.03011973848992881
L : 2.350072823968E-10
U :0.029907407248018665
L : 2.350072823968E-10
U :0.029835013761105547
L : 2.350072823968E-10
U :0.029810695528273243
L : 2.350072823968E-10
U :0.029803174609470847
L : 2.350072823968E-10
U :0.029800907361413886
Probabilistic reachability took 0.072 seconds.

Value in the initial state: 5.658433914987773E-7

Time for model checking: 0.085 seconds.

Result: 5.658433914987773E-7 (value in the initial state)

---------------------------------------------------------------------

Note: There was 1 warning during computation.

