PRISM
=====

Version: 4.5.dev
Date: Mon Jan 27 18:48:34 GMT 2020
Hostname: cca-lg04-050.cs.bham.ac.uk
Memory limits: cudd=1g, java(heap)=910.5m
Command line: prism /home/students/tjw625/work/FYP/prism-benchmarks/models/dtmcs/brp/brp.pm -const 'N=64,MAX=5' -fixdl /home/students/tjw625/work/FYP/prism-benchmarks/models/dtmcs/brp/p2.pctl -mainlog 'logs/sound-dtmc-logs/brp.pm.const.N=64,MAX=5.fixdl.p2.pctl.log'

Parsing model file "/home/students/tjw625/work/FYP/prism-benchmarks/models/dtmcs/brp/brp.pm"...

Type:        DTMC
Modules:     sender receiver checker channelK channelL 
Variables:   s srep nrtr i bs s_ab fs ls r rrep fr lr br r_ab recv T k l 

Parsing properties file "/home/students/tjw625/work/FYP/prism-benchmarks/models/dtmcs/brp/p2.pctl"...

1 property:
(1) "p2": P=? [ F s=5&srep=2 ]

---------------------------------------------------------------------

Model checking: "p2": P=? [ F s=5&srep=2 ]
Model constants: N=64,MAX=5

Building model...
Model constants: N=64,MAX=5

Computing reachable states...

Reachability (BFS): 399 iterations in 0.12 seconds (average 0.000293, setup 0.00)

Time for model construction: 0.288 seconds.

Warning: Deadlocks detected and fixed in 134 states

Type:        DTMC
States:      5192 (1 initial)
Transitions: 6915

Transition matrix: 2410 nodes (6 terminal), 6915 minterms, vars: 35r/35c

Prob0: 394 iterations in 0.10 seconds (average 0.000251, setup 0.00)

Prob1: 15 iterations in 0.01 seconds (average 0.000333, setup 0.00)

yes = 7, no = 715, maybe = 4470

Computing remaining probabilities...
Engine: Hybrid

Building hybrid MTBDD matrix... [levels=35, nodes=2289] [107.3 KB]
Adding explicit sparse matrices... [levels=35, num=1, compact] [29.3 KB]
Creating vector for diagonals... [dist=1, compact] [10.1 KB]
Creating vector for RHS... [dist=2, compact] [10.2 KB]
Allocating iteration vectors... [2 x 40.6 KB]
TOTAL: [238.0 KB]

Starting iterations...

Jacobi: 433 iterations in 0.01 seconds (average 0.000025, setup 0.00)

Value in the initial state: 7.003211884974023E-10

Time for model checking: 0.132 seconds.

Result: 7.003211884974023E-10 (value in the initial state)

---------------------------------------------------------------------

Note: There was 1 warning during computation.

