PRISM
=====

Version: 4.5.dev
Date: Wed Jan 29 13:08:01 GMT 2020
Hostname: cca-ug04-039.cs.bham.ac.uk
Memory limits: cudd=1g, java(heap)=910.5m
Command line: prism /home/students/tjw625/work/FYP/prism-benchmarks/models/dtmcs/crowds/crowds.pm -const 'TotalRuns=5,CrowdSize=10' -fixdl /home/students/tjw625/work/FYP/prism-benchmarks/models/dtmcs/crowds/positive.pctl -fixdl -ex -sound -mainlog 'logs/sound-dtmc-logs/crowds.pm.const.TotalRuns=5,CrowdSize=10.fixdl.positive.pctl.fixdl.ex.sound.log'

Parsing model file "/home/students/tjw625/work/FYP/prism-benchmarks/models/dtmcs/crowds/crowds.pm"...

Type:        DTMC
Modules:     crowds 
Variables:   launch new runCount start run lastSeen good bad recordLast badObserve deliver done observe0 observe1 observe2 observe3 observe4 observe5 observe6 observe7 observe8 observe9 observe10 observe11 observe12 observe13 observe14 observe15 observe16 observe17 observe18 observe19 

Parsing properties file "/home/students/tjw625/work/FYP/prism-benchmarks/models/dtmcs/crowds/positive.pctl"...

1 property:
(1) "positive": P=? [ F observe0>1 ]

---------------------------------------------------------------------

Model checking: "positive": P=? [ F observe0>1 ]
Model constants: TotalRuns=5,CrowdSize=10

Building model...
Model constants: TotalRuns=5,CrowdSize=10

Computing reachable states... 111294 states
Reachable states exploration and model construction done in 0.556 secs.
Sorting reachable states list...

Time for model construction: 0.708 seconds.

Warning: Deadlocks detected and fixed in 3003 states

Type:        DTMC
States:      111294 (1 initial)
Transitions: 261444

Starting probabilistic reachability...
Calculating predecessor relation for discrete-time Markov chain...  done (0.04 seconds)
Starting Prob0...
Prob0 took 0.024 seconds.
Starting Prob1...
Prob1 took 0.085 seconds.
target=7068, yes=7354, no=78837, maybe=25103
SOUND
Running sound value iter
L : 0.0011048892130896132
U :1.000000000000976
L : 0.0013946313557375053
U :1.0000000000004066
L : 0.0016019026140190228
U :1.0000000000002978
L : 0.0017545735418935777
U :1.0000000000001894
L : 0.0018690401617530077
U :1.0000000000001728
L : 0.0019557860050338554
U :1.000000000000147
L : 0.0020219361839858073
U :1.0000000000000102
L : 0.0020725510251303654
U :1.00000000000001
L : 0.0021113371237731844
U :0.9865174000322511
L : 0.002141067143262538
U :0.9521735602720909
L : 0.0021638438989272264
U :0.8994558094820426
L : 0.002181275944323565
U :0.8365896440587887
L : 0.002194599855348757
U :0.7719879796011884
L : 0.0022047685807562887
U :0.7113667423329036
L : 0.002212517052889999
U :0.6575306710935113
L : 0.0022184118616730424
U :0.6112622911668669
L : 0.0022228893444704886
U :0.5722458028916307
L : 0.002226285019772256
U :0.5396925214917905
L : 0.002228856425688875
U :0.5126861363114125
L : 0.002230800869691227
U :0.4903463289354986
L : 0.002232269222678548
U :0.4718927980630787
L : 0.002233376626821781
U :0.45666048578272256
L : 0.0022342107928352713
U :0.4440934898973331
L : 0.0022348384154732234
U :0.43373131242083096
L : 0.0022353101224178726
U :0.42519371244663035
L : 0.0022356642826785594
U :0.4181667434469537
L : 0.0022359299303697064
U :0.41239081261305455
L : 0.002236129004176953
U :0.40765083201025315
L : 0.0022362780588938516
U :0.40376823244336213
L : 0.0022363895707491832
U :0.40059452758074243
L : 0.0022364729309726286
U :0.3980061246325297
L : 0.002236535200661335
U :0.3959001203628458
L : 0.002236581683300789
U :0.3941908710152924
L : 0.002236616358284336
U :0.3928071708097979
L : 0.002236642208682275
U :0.3916899122281597
L : 0.002236661468705906
U :0.3907901318140831
L : 0.0022366758102942406
U :0.3900673684945449
L : 0.0022366864836249876
U :0.38948827875420927
L : 0.0022366944228047786
U :0.38902546566650986
L : 0.0022367003252810047
U :0.38865648796198266
L : 0.0022367047114478433
U :0.38836302194941286
L : 0.002236707969343019
U :0.388130153941906
L : 0.0022367103881340777
U :0.38794578443398053
L : 0.002236712183184385
U :0.3878001280268447
L : 0.0022367135148009592
U :0.38768529528379947
L : 0.0022367145022459474
U :0.38759494450042964
L : 0.0022367152342007064
U :0.3875239929127141
L : 0.002236715776575226
U :0.3874683782126466
L : 0.0022367161783325372
U :0.3874248624378935
L : 0.0022367164758299693
U :0.3873908713735992
L : 0.0022367166960529997
U :0.38736436356441994
L : 0.002236716859022833
U :0.38734372389165184
L : 0.0022367169795878524
U :0.387327677430103
L : 0.0022367170687559355
U :0.38731521996786433
L : 0.002236717134684821
U :0.38730556215529743
L : 0.002236717183417941
U :0.38729808475393934
L : 0.002236717219430888
U :0.3872923028885411
L : 0.002236717246037077
U :0.38728783757340846
L : 0.002236717265688758
U :0.38728439309481544
L : 0.002236717280200282
U :0.3872817390916078
L : 0.002236717290913644
U :0.38727969639288684
L : 0.0022367172988211757
U :0.38727812585104615
L : 0.0022367173046564516
U :0.3872769195560245
L : 0.0022367173089616163
U :0.387275993937449
L : 0.0022367173121372397
U :0.3872752843597316
L : 0.002236717314479209
U :0.3872747408949632
L : 0.0022367173162060375
U :0.38727432502287307
Probabilistic reachability took 0.398 seconds.

Value in the initial state: 0.1047875256534351

Time for model checking: 0.461 seconds.

Result: 0.1047875256534351 (value in the initial state)

---------------------------------------------------------------------

Note: There was 1 warning during computation.

