PRISM
=====

Version: 4.5.dev
Date: Wed Jan 29 13:07:58 GMT 2020
Hostname: cca-ug04-039.cs.bham.ac.uk
Memory limits: cudd=1g, java(heap)=910.5m
Command line: prism /home/students/tjw625/work/FYP/prism-benchmarks/models/dtmcs/crowds/crowds.pm -const 'TotalRuns=4,CrowdSize=10' -fixdl /home/students/tjw625/work/FYP/prism-benchmarks/models/dtmcs/crowds/positive.pctl -fixdl -ex -sound -mainlog 'logs/sound-dtmc-logs/crowds.pm.const.TotalRuns=4,CrowdSize=10.fixdl.positive.pctl.fixdl.ex.sound.log'

Parsing model file "/home/students/tjw625/work/FYP/prism-benchmarks/models/dtmcs/crowds/crowds.pm"...

Type:        DTMC
Modules:     crowds 
Variables:   launch new runCount start run lastSeen good bad recordLast badObserve deliver done observe0 observe1 observe2 observe3 observe4 observe5 observe6 observe7 observe8 observe9 observe10 observe11 observe12 observe13 observe14 observe15 observe16 observe17 observe18 observe19 

Parsing properties file "/home/students/tjw625/work/FYP/prism-benchmarks/models/dtmcs/crowds/positive.pctl"...

1 property:
(1) "positive": P=? [ F observe0>1 ]

---------------------------------------------------------------------

Model checking: "positive": P=? [ F observe0>1 ]
Model constants: TotalRuns=4,CrowdSize=10

Building model...
Model constants: TotalRuns=4,CrowdSize=10

Computing reachable states... 30070 states
Reachable states exploration and model construction done in 0.244 secs.
Sorting reachable states list...

Time for model construction: 0.357 seconds.

Warning: Deadlocks detected and fixed in 1001 states

Type:        DTMC
States:      30070 (1 initial)
Transitions: 70110

Starting probabilistic reachability...
Calculating predecessor relation for discrete-time Markov chain...  done (0.03 seconds)
Starting Prob0...
Prob0 took 0.018 seconds.
Starting Prob1...
Prob1 took 0.034 seconds.
target=1161, yes=1227, no=23415, maybe=5428
SOUND
Running sound value iter
L : 0.0011048892130896132
U :1.0000000000008828
L : 0.0013946313557375053
U :1.000000000000261
L : 0.0016019026140190228
U :1.0000000000002085
L : 0.0017545735418935777
U :1.0000000000000082
L : 0.0018690401617530077
U :1.0000000000000082
L : 0.0019557860050338554
U :0.9340388646913299
L : 0.0020219361839858073
U :0.8282735569748148
L : 0.0020725510251303654
U :0.720968144627465
L : 0.0021113371237731844
U :0.6299488070685185
L : 0.002141067143262538
U :0.558076684765199
L : 0.002163843898927227
U :0.5027072833323242
L : 0.0021812759443235654
U :0.4602372855903651
L : 0.002194599855348757
U :0.4275347707933145
L : 0.0022047685807562887
U :0.4021854132705566
L : 0.002212517052889999
U :0.38239889071415784
L : 0.0022184118616730424
U :0.36685855983036963
L : 0.0022228893444704886
U :0.3545914762691768
L : 0.002226285019772256
U :0.3448711439071773
L : 0.002228856425688875
U :0.3371483051668437
L : 0.002230800869691227
U :0.33100246190488214
L : 0.002232269222678548
U :0.32610793056197807
L : 0.002233376626821781
U :0.32220989303485403
L : 0.0022342107928352713
U :0.31910729373826396
L : 0.0022348384154732234
U :0.31664044311661044
L : 0.0022353101224178726
U :0.31468188388628837
L : 0.0022356642826785594
U :0.3131295458273614
L : 0.0022359299303697064
U :0.31190152918360453
L : 0.002236129004176953
U :0.3109320666276197
L : 0.0022362780588938516
U :0.3101683540410419
L : 0.0022363895707491832
U :0.3095680343089647
L : 0.0022364729309726286
U :0.3090971814321931
L : 0.002236535200661335
U :0.30872867485152095
L : 0.002236581683300789
U :0.308440882846957
L : 0.002236616358284336
U :0.3082165938162843
L : 0.002236642208682275
U :0.3080421482042734
L : 0.002236661468705906
U :0.30790673386240747
L : 0.0022366758102942406
U :0.3078018149900597
L : 0.0022366864836249876
U :0.307720670399633
L : 0.0022366944228047786
U :0.3076580212132585
L : 0.0022367003252810047
U :0.3076097315923738
L : 0.0022367047114478433
U :0.30757256895259766
L : 0.002236707969343019
U :0.3075440124743076
L : 0.0022367103881340777
U :0.3075221006847945
L : 0.002236712183184385
U :0.30750531053158714
L : 0.0022367135148009592
U :0.307492461741106
L : 0.0022367145022459474
U :0.30748264140356346
L : 0.0022367152342007064
U :0.30747514467803805
L : 0.002236715776575226
U :0.3074694282998894
L : 0.0022367161783325372
U :0.30746507422126396
L : 0.0022367164758299693
U :0.3074617612462623
L : 0.0022367166960529997
U :0.30745924295447874
L : 0.002236716859022833
U :0.30745733055663155
L : 0.0022367169795878524
U :0.3074558796080841
L : 0.0022367170687559355
U :0.3074547797323526
L : 0.002236717134684821
U :0.3074539466874399
L : 0.002236717183417941
U :0.30745331625161565
L : 0.002236717219430888
U :0.30745283951918934
Probabilistic reachability took 0.173 seconds.

Value in the initial state: 0.06798725602608542

Time for model checking: 0.198 seconds.

Result: 0.06798725602608542 (value in the initial state)

---------------------------------------------------------------------

Note: There was 1 warning during computation.

