PRISM
=====

Version: 4.5.dev
Date: Wed Jan 29 13:09:14 GMT 2020
Hostname: cca-ug04-039.cs.bham.ac.uk
Memory limits: cudd=1g, java(heap)=910.5m
Command line: prism /home/students/tjw625/work/FYP/prism-benchmarks/models/dtmcs/crowds/crowds.pm -const 'TotalRuns=3,CrowdSize=20' -fixdl /home/students/tjw625/work/FYP/prism-benchmarks/models/dtmcs/crowds/positive.pctl -fixdl -ex -sound -mainlog 'logs/sound-dtmc-logs/crowds.pm.const.TotalRuns=3,CrowdSize=20.fixdl.positive.pctl.fixdl.ex.sound.log'

Parsing model file "/home/students/tjw625/work/FYP/prism-benchmarks/models/dtmcs/crowds/crowds.pm"...

Type:        DTMC
Modules:     crowds 
Variables:   launch new runCount start run lastSeen good bad recordLast badObserve deliver done observe0 observe1 observe2 observe3 observe4 observe5 observe6 observe7 observe8 observe9 observe10 observe11 observe12 observe13 observe14 observe15 observe16 observe17 observe18 observe19 

Parsing properties file "/home/students/tjw625/work/FYP/prism-benchmarks/models/dtmcs/crowds/positive.pctl"...

1 property:
(1) "positive": P=? [ F observe0>1 ]

---------------------------------------------------------------------

Model checking: "positive": P=? [ F observe0>1 ]
Model constants: TotalRuns=3,CrowdSize=20

Building model...
Model constants: TotalRuns=3,CrowdSize=20

Computing reachable states... 42318 states
Reachable states exploration and model construction done in 0.335 secs.
Sorting reachable states list...

Time for model construction: 0.456 seconds.

Warning: Deadlocks detected and fixed in 1771 states

Type:        DTMC
States:      42318 (1 initial)
Transitions: 148578

Starting probabilistic reachability...
Calculating predecessor relation for discrete-time Markov chain...  done (0.032 seconds)
Starting Prob0...
Prob0 took 0.011 seconds.
Starting Prob1...
Prob1 took 0.031 seconds.
target=224, yes=245, no=39212, maybe=2861
SOUND
Running sound value iter
L : 0.0
U :1.0000000000011415
L : 5.372341395351245E-4
U :1.0000000000000047
L : 6.673298323721837E-4
U :1.0000000000000047
L : 7.565788173596881E-4
U :0.6989814947692722
L : 8.199238011190741E-4
U :0.5099303181885917
L : 8.658835386801425E-4
U :0.40316255869718004
L : 8.997137044335038E-4
U :0.33910121249305375
L : 9.248519822229068E-4
U :0.2980833392376663
L : 9.436463510562364E-4
U :0.27045101304839714
L : 9.577522105165983E-4
U :0.2511237060195266
L : 9.683637503766774E-4
U :0.23722998943090615
L : 9.763566024207883E-4
U :0.22704193917998144
L : 9.823801440993342E-4
U :0.21946355590634364
L : 9.869196851081147E-4
U :0.2137686948590127
L : 9.90339759510557E-4
U :0.20945874609043977
L : 9.929150490519652E-4
U :0.20618126993839178
L : 9.948529057138243E-4
U :0.20368131639108183
L : 9.963099908869386E-4
U :0.2017710881639803
L : 9.974046921530063E-4
U :0.2003103248210942
L : 9.982264525307484E-4
U :0.19919318713772208
L : 9.98842810832097E-4
U :0.19833921922030953
L : 9.99304728717557E-4
U :0.1976869525430625
L : 9.996506269354848E-4
U :0.19718927505025968
L : 9.99909445032042E-4
U :0.19681001419215916
L : 0.0010001029605297045
U :0.1965213774306112
L : 0.0010002475458899447
U :0.19630201293443283
L : 0.001000355498512103
U :0.19613552794838252
L : 0.0010004360465761823
U :0.19600935043343498
L : 0.0010004961089478735
U :0.19591385139630774
L : 0.0010005408686611008
U :0.19584166698174588
L : 0.001000574205241077
U :0.19578717456898662
L : 0.0010005990202627479
U :0.19574608803113064
L : 0.0010006174822532608
U :0.19571514536597065
L : 0.0010006312107335691
U :0.19569186796177612
L : 0.001000641414388716
U :0.19567437538623392
L : 0.0010006489947030565
U :0.19566124315772576
L : 0.0010006546236229787
U :0.1956513937350422
L : 0.0010006588017067834
U :0.19564401312973595
L : 0.0010006619016291254
U :0.1956384872409217
L : 0.0010006642007035456
U :0.1956343533384415
L : 0.0010006659051774757
U :0.19563126315626703
L : 0.0010006671683684802
U :0.19562895486577986
L : 0.0010006681041940034
U :0.19562723182695335
L : 0.001000668797258265
U :0.1956259465030371
L : 0.0010006693103678688
U :0.19562498830165842
L : 0.0010006696901283714
U :0.1956242743964641
Probabilistic reachability took 0.148 seconds.

Value in the initial state: 0.02971375918274827

Time for model checking: 0.197 seconds.

Result: 0.02971375918274827 (value in the initial state)

---------------------------------------------------------------------

Note: There was 1 warning during computation.

