PRISM
=====

Version: 4.5.dev
Date: Wed Jan 29 13:08:11 GMT 2020
Hostname: cca-ug04-039.cs.bham.ac.uk
Memory limits: cudd=1g, java(heap)=910.5m
Command line: prism /home/students/tjw625/work/FYP/prism-benchmarks/models/dtmcs/crowds/crowds.pm -const 'TotalRuns=4,CrowdSize=15' -fixdl /home/students/tjw625/work/FYP/prism-benchmarks/models/dtmcs/crowds/positive.pctl -fixdl -ex -sound -mainlog 'logs/sound-dtmc-logs/crowds.pm.const.TotalRuns=4,CrowdSize=15.fixdl.positive.pctl.fixdl.ex.sound.log'

Parsing model file "/home/students/tjw625/work/FYP/prism-benchmarks/models/dtmcs/crowds/crowds.pm"...

Type:        DTMC
Modules:     crowds 
Variables:   launch new runCount start run lastSeen good bad recordLast badObserve deliver done observe0 observe1 observe2 observe3 observe4 observe5 observe6 observe7 observe8 observe9 observe10 observe11 observe12 observe13 observe14 observe15 observe16 observe17 observe18 observe19 

Parsing properties file "/home/students/tjw625/work/FYP/prism-benchmarks/models/dtmcs/crowds/positive.pctl"...

1 property:
(1) "positive": P=? [ F observe0>1 ]

---------------------------------------------------------------------

Model checking: "positive": P=? [ F observe0>1 ]
Model constants: TotalRuns=4,CrowdSize=15

Building model...
Model constants: TotalRuns=4,CrowdSize=15

Computing reachable states... 119800 states
Reachable states exploration and model construction done in 0.659 secs.
Sorting reachable states list...

Time for model construction: 0.831 seconds.

Warning: Deadlocks detected and fixed in 3876 states

Type:        DTMC
States:      119800 (1 initial)
Transitions: 352360

Starting probabilistic reachability...
Calculating predecessor relation for discrete-time Markov chain...  done (0.053 seconds)
Starting Prob0...
Prob0 took 0.023 seconds.
Starting Prob1...
Prob1 took 0.103 seconds.
target=2451, yes=2587, no=101760, maybe=15453
SOUND
Running sound value iter
L : 0.0
U :1.0000000000000295
L : 0.0
U :1.000000000000004
L : 7.230385835461212E-4
U :1.000000000000004
L : 9.030415080775913E-4
U :1.000000000000004
L : 0.0010284189534866856
U :1.000000000000004
L : 0.0011186467163588982
U :1.000000000000004
L : 0.0011849382291632003
U :1.0000000000000038
L : 0.0012342922597929139
U :0.9292109046229703
L : 0.0012713457255385165
U :0.817034670107633
L : 0.001299308689736351
U :0.7049303613806468
L : 0.001320475313365013
U :0.6111674286006701
L : 0.001336522679081949
U :0.5379720413849373
L : 0.0013486961503964376
U :0.4820804584288921
L : 0.001357930332962194
U :0.4394977829464442
L : 0.0013649314472621043
U :0.4068759251167676
L : 0.0013702353896892984
U :0.38168774165894753
L : 0.001374249764943259
U :0.36208601417956277
L : 0.001377284923450732
U :0.34672657037694254
L : 0.0013795772043421624
U :0.3346241772211057
L : 0.0013813065077357418
U :0.3250478748975969
L : 0.001382609660709905
U :0.3174478730060864
L : 0.0013835906200238563
U :0.31140501906561824
L : 0.0013843282739765558
U :0.3065957716363237
L : 0.0013848824115148398
U :0.3027676859415658
L : 0.001385298287727663
U :0.29972202376274326
L : 0.0013856101128109871
U :0.2973012204721057
L : 0.001385843715170463
U :0.29537969647306617
L : 0.0013860185713248884
U :0.29385700094717215
L : 0.0013861493508576218
U :0.2926526068788281
L : 0.001386247090477043
U :0.29170189549420605
L : 0.0013863200848678943
U :0.29095301373532007
L : 0.0013863745616452259
U :0.2903643852957175
L : 0.001386415191999846
U :0.28990272055692257
L : 0.001386445476503245
U :0.28954141435230474
L : 0.0013864680362111871
U :0.289259250036756
L : 0.0013864848320391736
U :0.28903934861907654
L : 0.0013864973298894265
U :0.288868315869224
L : 0.0013865066248062638
U :0.28873555041845017
L : 0.0013865135342278833
U :0.2886326832829971
L : 0.0013865186679573906
U :0.2885531248413837
L : 0.001386522480616066
U :0.2884916996484444
L : 0.001386525310929764
U :0.28844435294026477
L : 0.0013865274111289655
U :0.28840791550750866
L : 0.0013865289689329267
U :0.2883799159434972
L : 0.0013865301239761529
U :0.2883584312105744
L : 0.0013865309800734633
U :0.28834196808580487
L : 0.0013865316143716624
U :0.2883293693981317
L : 0.0013865320841737441
U :0.28831974009533856
L : 0.0013865324320244332
U :0.28831238911451684
L : 0.0013865326894978212
U :0.28830678380306596
L : 0.0013865328800167756
U :0.2883025142733565
L : 0.0013865330209505082
U :0.28829926559469893
L : 0.0013865331251743274
U :0.28829679614994375
L : 0.0013865332022288963
U :0.28829492082716685
L : 0.0013865332591814397
U :0.2882934979934168
L : 0.0013865333012652325
U :0.2882924194193329
L : 0.0013865333323542664
U :0.28829160250061336
L : 0.0013865333553154137
U :0.28829098426325367
Probabilistic reachability took 0.402 seconds.

Value in the initial state: 0.059463783516261096

Time for model checking: 0.461 seconds.

Result: 0.059463783516261096 (value in the initial state)

---------------------------------------------------------------------

Note: There was 1 warning during computation.

