PRISM
=====

Version: 4.5.dev
Date: Wed Jan 29 13:07:56 GMT 2020
Hostname: cca-ug04-039.cs.bham.ac.uk
Memory limits: cudd=1g, java(heap)=910.5m
Command line: prism /home/students/tjw625/work/FYP/prism-benchmarks/models/dtmcs/crowds/crowds.pm -const 'TotalRuns=3,CrowdSize=10' -fixdl /home/students/tjw625/work/FYP/prism-benchmarks/models/dtmcs/crowds/positive.pctl -fixdl -ex -sound -mainlog 'logs/sound-dtmc-logs/crowds.pm.const.TotalRuns=3,CrowdSize=10.fixdl.positive.pctl.fixdl.ex.sound.log'

Parsing model file "/home/students/tjw625/work/FYP/prism-benchmarks/models/dtmcs/crowds/crowds.pm"...

Type:        DTMC
Modules:     crowds 
Variables:   launch new runCount start run lastSeen good bad recordLast badObserve deliver done observe0 observe1 observe2 observe3 observe4 observe5 observe6 observe7 observe8 observe9 observe10 observe11 observe12 observe13 observe14 observe15 observe16 observe17 observe18 observe19 

Parsing properties file "/home/students/tjw625/work/FYP/prism-benchmarks/models/dtmcs/crowds/positive.pctl"...

1 property:
(1) "positive": P=? [ F observe0>1 ]

---------------------------------------------------------------------

Model checking: "positive": P=? [ F observe0>1 ]
Model constants: TotalRuns=3,CrowdSize=10

Building model...
Model constants: TotalRuns=3,CrowdSize=10

Computing reachable states... 6563 states
Reachable states exploration and model construction done in 0.118 secs.
Sorting reachable states list...

Time for model construction: 0.217 seconds.

Warning: Deadlocks detected and fixed in 286 states

Type:        DTMC
States:      6563 (1 initial)
Transitions: 15143

Starting probabilistic reachability...
Calculating predecessor relation for discrete-time Markov chain...  done (0.01 seconds)
Starting Prob0...
Prob0 took 0.007 seconds.
Starting Prob1...
Prob1 took 0.006 seconds.
target=114, yes=125, no=5607, maybe=831
SOUND
Running sound value iter
L : 0.0
U :1.0000000000014773
L : 0.0011048892130896132
U :1.0000000000000082
L : 0.0013946313557375053
U :1.0000000000000082
L : 0.0016019026140190228
U :0.7175726603202214
L : 0.0017545735418935777
U :0.5339299470843833
L : 0.0018690401617530077
U :0.42798147501324096
L : 0.0019557860050338554
U :0.363615445468403
L : 0.0020219361839858073
U :0.322083551829389
L : 0.002072551025130366
U :0.2939630382590687
L : 0.0021113371237731844
U :0.27422586088533274
L : 0.002141067143262538
U :0.2600025221777704
L : 0.002163843898927227
U :0.24955409327992287
L : 0.0021812759443235654
U :0.24177174665752224
L : 0.002194599855348757
U :0.23591782745092468
L : 0.0022047685807562887
U :0.231484191760487
L : 0.002212517052889999
U :0.22811074572763834
L : 0.0022184118616730424
U :0.22553647603267463
L : 0.0022228893444704886
U :0.2235688115714011
L : 0.002226285019772256
U :0.22206374505068902
L : 0.002228856425688875
U :0.22091250233593307
L : 0.002230800869691227
U :0.22003233259738397
L : 0.002232269222678548
U :0.2193599760093019
L : 0.002233376626821781
U :0.21884692506763817
L : 0.0022342107928352713
U :0.21845592246900586
L : 0.0022348384154732234
U :0.218158334354047
L : 0.0022353101224178726
U :0.21793215790759282
L : 0.0022356642826785594
U :0.21776049786615312
L : 0.0022359299303697064
U :0.21763039521280877
L : 0.002236129004176953
U :0.21753192363729276
L : 0.0022362780588938516
U :0.21745749136808104
L : 0.0022363895707491832
U :0.21740130144648656
L : 0.0022364729309726286
U :0.21735893466558917
L : 0.002236535200661335
U :0.21732702763572792
L : 0.002236581683300789
U :0.2173030246454894
L : 0.002236616358284336
U :0.21728498673449326
L : 0.002236642208682275
U :0.21727144506394658
L : 0.002236661468705906
U :0.2172612885270193
L : 0.0022366758102942406
U :0.217253677772451
L : 0.0022366864836249876
U :0.2172479795607409
L : 0.0022366944228047786
U :0.217243716738255
L : 0.0022367003252810047
U :0.21724053018198036
L : 0.0022367047114478433
U :0.21723814990011522
L : 0.002236707969343019
U :0.21723637312137203
L : 0.0022367103881340777
U :0.21723504770848173
L : 0.002236712183184385
U :0.21723405962037284
L : 0.0022367135148009592
U :0.21723332344772903
L : 0.0022367145022459474
U :0.21723277527775317
Probabilistic reachability took 0.05 seconds.

Value in the initial state: 0.036791474435996105

Time for model checking: 0.064 seconds.

Result: 0.036791474435996105 (value in the initial state)

---------------------------------------------------------------------

Note: There was 1 warning during computation.

