PRISM
=====

Version: 4.5.dev
Date: Wed Jan 29 13:07:54 GMT 2020
Hostname: cca-ug04-039.cs.bham.ac.uk
Memory limits: cudd=1g, java(heap)=910.5m
Command line: prism /home/students/tjw625/work/FYP/prism-benchmarks/models/dtmcs/crowds/crowds.pm -const 'TotalRuns=6,CrowdSize=5' -fixdl /home/students/tjw625/work/FYP/prism-benchmarks/models/dtmcs/crowds/positive.pctl -fixdl -ex -sound -mainlog 'logs/sound-dtmc-logs/crowds.pm.const.TotalRuns=6,CrowdSize=5.fixdl.positive.pctl.fixdl.ex.sound.log'

Parsing model file "/home/students/tjw625/work/FYP/prism-benchmarks/models/dtmcs/crowds/crowds.pm"...

Type:        DTMC
Modules:     crowds 
Variables:   launch new runCount start run lastSeen good bad recordLast badObserve deliver done observe0 observe1 observe2 observe3 observe4 observe5 observe6 observe7 observe8 observe9 observe10 observe11 observe12 observe13 observe14 observe15 observe16 observe17 observe18 observe19 

Parsing properties file "/home/students/tjw625/work/FYP/prism-benchmarks/models/dtmcs/crowds/positive.pctl"...

1 property:
(1) "positive": P=? [ F observe0>1 ]

---------------------------------------------------------------------

Model checking: "positive": P=? [ F observe0>1 ]
Model constants: TotalRuns=6,CrowdSize=5

Building model...
Model constants: TotalRuns=6,CrowdSize=5

Computing reachable states... 18817 states
Reachable states exploration and model construction done in 0.174 secs.
Sorting reachable states list...

Time for model construction: 0.291 seconds.

Warning: Deadlocks detected and fixed in 462 states

Type:        DTMC
States:      18817 (1 initial)
Transitions: 32677

Starting probabilistic reachability...
Calculating predecessor relation for discrete-time Markov chain...  done (0.061 seconds)
Starting Prob0...
Prob0 took 0.039 seconds.
Starting Prob1...
Prob1 took 0.045 seconds.
target=3710, yes=3836, no=8078, maybe=6903
SOUND
Running sound value iter
L : 0.0023342566824867466
U :1.000000000000138
L : 0.0030339847638697214
U :1.0000000000000646
L : 0.0035648629267411146
U :1.0000000000000373
L : 0.003974585941692426
U :1.0000000000000249
L : 0.004293579563766493
U :1.0000000000000187
L : 0.0045429174056349705
U :1.0000000000000138
L : 0.004738026501403457
U :1.0000000000000098
L : 0.0048906111031955645
U :1.0000000000000084
L : 0.005009747890373377
U :1.0000000000000084
L : 0.005102564684523273
U :1.0000000000000027
L : 0.005174694423757514
U :1.0000000000000022
L : 0.005230598949749632
U :0.9978969610654399
L : 0.005273811624280034
U :0.9907812770532197
L : 0.005307125485524062
U :0.9764581059311914
L : 0.0053327423516831675
U :0.9542996708527016
L : 0.005352392384447952
U :0.9252772048478305
L : 0.005367430450470553
U :0.8914124847945651
L : 0.005378913832571451
U :0.855061075734172
L : 0.005387664770096576
U :0.8183539811550454
L : 0.005394320607288183
U :0.7829150162519454
L : 0.005399373826756019
U :0.7498091337955937
L : 0.005403203855996788
U :0.7196209463143006
L : 0.005406102216265444
U :0.6925779352355431
L : 0.005408292314492603
U :0.668669008016022
L : 0.005409944950125032
U :0.6477387058482326
L : 0.005411190413987812
U :0.6295542465027478
L : 0.005412127891553422
U :0.6138496877640723
L : 0.005412832744989899
U :0.6003531920983284
L : 0.005413362133869568
U :0.5888027573366413
L : 0.005413759340374773
U :0.5789545001344709
L : 0.005414057088300012
U :0.5705863443409083
L : 0.005414280083390127
U :0.5634989965215652
L : 0.005414446953101761
U :0.5575154010560068
L : 0.005414571724551617
U :0.5524794047394941
L : 0.00541466494833937
U :0.5482540630388667
L : 0.005414734551512154
U :0.5447198344291688
L : 0.005414786483841377
U :0.5417727967121483
L : 0.005414825206717348
U :0.5393229530795578
L : 0.005414854062441522
U :0.5372926581710429
L : 0.005414875552792406
U :0.5356151740468705
L : 0.005414891548885212
U :0.5342333556490043
L : 0.005414903449081938
U :0.5330984605337908
L : 0.00541491229767862
U :0.5321690757816399
L : 0.005414918874018496
U :0.5314101545040378
L : 0.005414923759334276
U :0.530792154451198
L : 0.005414927386838845
U :0.530290271465856
L : 0.005414930079229746
U :0.529883760759385
L : 0.0054149320767467755
U :0.5295553391609658
L : 0.005414933558145871
U :0.5292906616230211
L : 0.0054149346563661035
U :0.5290778653901169
L : 0.005414935470224394
U :0.528907175386849
L : 0.005414936073139251
U :0.528770564575973
L : 0.005414936519634214
U :0.5286614632923162
L : 0.00541493685018315
U :0.528574511871225
L : 0.00541493709481813
U :0.5285053512550094
L : 0.00541493727581441
U :0.5284504466646216
L : 0.00541493740968757
U :0.5284069398522124
L : 0.0054149375086782695
U :0.5283725258886683
L : 0.00541493758185556
U :0.5283453508755795
L : 0.005414937635936366
U :0.5283239273923466
L : 0.005414937675893886
U :0.5283070648878248
L : 0.005414937705409101
U :0.5282938125960976
L : 0.005414937727205701
U :0.528283412894012
L : 0.0054149377432984435
U :0.5282752633223124
L : 0.005414937755177254
U :0.528268885762447
L : 0.005414937763943634
U :0.5282639014984275
L : 0.0054149377704117065
U :0.5282600110994186
L : 0.005414937775183036
U :0.5282569782363835
L : 0.0054149377787020125
U :0.5282546166978729
L : 0.005414937781296839
U :0.5282527799986789
L : 0.005414937783209849
U :0.5282513530834019
L : 0.005414937784619935
U :0.5282502457176045
L : 0.005414937785659127
U :0.5282493872346351
L : 0.005414937786424846
U :0.5282487223686193
L : 0.005414937786988963
U :0.5282482079555131
L : 0.005414937787404486
U :0.5282478103262739
L : 0.005414937787710508
U :0.5282475032506246
L : 0.005414937787935847
U :0.5282472663178925
Probabilistic reachability took 0.27 seconds.

Value in the initial state: 0.19916237516565616

Time for model checking: 0.311 seconds.

Result: 0.19916237516565616 (value in the initial state)

---------------------------------------------------------------------

Note: There was 1 warning during computation.

