PRISM
=====

Version: 4.5.dev
Date: Wed Jan 29 13:08:04 GMT 2020
Hostname: cca-ug04-039.cs.bham.ac.uk
Memory limits: cudd=1g, java(heap)=910.5m
Command line: prism /home/students/tjw625/work/FYP/prism-benchmarks/models/dtmcs/crowds/crowds.pm -const 'TotalRuns=6,CrowdSize=10' -fixdl /home/students/tjw625/work/FYP/prism-benchmarks/models/dtmcs/crowds/positive.pctl -fixdl -ex -sound -mainlog 'logs/sound-dtmc-logs/crowds.pm.const.TotalRuns=6,CrowdSize=10.fixdl.positive.pctl.fixdl.ex.sound.log'

Parsing model file "/home/students/tjw625/work/FYP/prism-benchmarks/models/dtmcs/crowds/crowds.pm"...

Type:        DTMC
Modules:     crowds 
Variables:   launch new runCount start run lastSeen good bad recordLast badObserve deliver done observe0 observe1 observe2 observe3 observe4 observe5 observe6 observe7 observe8 observe9 observe10 observe11 observe12 observe13 observe14 observe15 observe16 observe17 observe18 observe19 

Parsing properties file "/home/students/tjw625/work/FYP/prism-benchmarks/models/dtmcs/crowds/positive.pctl"...

1 property:
(1) "positive": P=? [ F observe0>1 ]

---------------------------------------------------------------------

Model checking: "positive": P=? [ F observe0>1 ]
Model constants: TotalRuns=6,CrowdSize=10

Building model...
Model constants: TotalRuns=6,CrowdSize=10

Computing reachable states... 352535 states
Reachable states exploration and model construction done in 2.094 secs.
Sorting reachable states list...

Time for model construction: 2.316 seconds.

Warning: Deadlocks detected and fixed in 8008 states

Type:        DTMC
States:      352535 (1 initial)
Transitions: 833015

Starting probabilistic reachability...
Calculating predecessor relation for discrete-time Markov chain...  done (0.069 seconds)
Starting Prob0...
Prob0 took 0.052 seconds.
Starting Prob1...
Prob1 took 0.135 seconds.
target=31785, yes=32786, no=227271, maybe=92478
SOUND
Running sound value iter
L : 0.0011048892130896132
U :1.000000000000976
L : 0.0013946313557375053
U :1.0000000000004066
L : 0.0016019026140190228
U :1.0000000000002978
L : 0.0017545735418935777
U :1.0000000000002158
L : 0.0018690401617530077
U :1.0000000000001925
L : 0.0019557860050338554
U :1.0000000000001545
L : 0.0020219361839858073
U :1.0000000000001374
L : 0.0020725510251303654
U :1.0000000000001288
L : 0.0021113371237731844
U :1.0000000000001268
L : 0.002141067143262538
U :1.0000000000000104
L : 0.002163843898927227
U :1.0000000000000104
L : 0.0021812759443235654
U :0.9972278019091259
L : 0.002194599855348757
U :0.9878777406957526
L : 0.0022047685807562887
U :0.9691930498524001
L : 0.002212517052889999
U :0.9406317023120999
L : 0.0022184118616730424
U :0.9038302567117399
L : 0.0022228893444704886
U :0.8617227009644307
L : 0.002226285019772256
U :0.8174795610398375
L : 0.002228856425688875
U :0.7737650414571393
L : 0.002230800869691227
U :0.7324391967225969
L : 0.002232269222678548
U :0.6945829208158325
L : 0.002233376626821781
U :0.6606705745884405
L : 0.0022342107928352713
U :0.6307670991818081
L : 0.0022348384154732234
U :0.6046922799757288
L : 0.0022353101224178726
U :0.5821379537716468
L : 0.0022356642826785594
U :0.5627435896954781
L : 0.0022359299303697064
U :0.5461411870405138
L : 0.002236129004176953
U :0.5319797459258078
L : 0.0022362780588938516
U :0.5199370540342297
L : 0.0022363895707491832
U :0.5097240405128884
L : 0.0022364729309726286
U :0.5010850291909736
L : 0.002236535200661335
U :0.49379590500827986
L : 0.002236581683300789
U :0.4876613594263159
L : 0.002236616358284336
U :0.4825118586005568
L : 0.002236642208682275
U :0.47820066801268796
L : 0.002236661468705906
U :0.4746010893226401
L : 0.0022366758102942406
U :0.4716039672106128
L : 0.0022366864836249876
U :0.46911547308523543
L : 0.0022366944228047786
U :0.46705514857604763
L : 0.0022367003252810047
U :0.4653541825820115
L : 0.0022367047114478433
U :0.46395389416564986
L : 0.002236707969343019
U :0.4628043956586717
L : 0.0022367103881340777
U :0.46186341371097844
L : 0.002236712183184385
U :0.4610952494969957
L : 0.0022367135148009592
U :0.4604698623560404
L : 0.0022367145022459474
U :0.45996206360988595
L : 0.0022367152342007064
U :0.45955080918130536
L : 0.002236715776575226
U :0.45921858102787894
L : 0.0022367161783325372
U :0.4589508484275937
L : 0.0022367164758299693
U :0.4587356009229627
L : 0.0022367166960529997
U :0.4585629453443999
L : 0.002236716859022833
U :0.45842475986228814
L : 0.0022367169795878524
U :0.4583143985077311
L : 0.0022367170687559355
U :0.45822644008171187
L : 0.002236717134684821
U :0.4581564758537086
L : 0.002236717183417941
U :0.458100930935947
L : 0.002236717219430888
U :0.4580569147044599
L : 0.002236717246037077
U :0.4580220961159566
L : 0.002236717265688758
U :0.45799460023234706
L : 0.002236717280200282
U :0.45797292270534645
L : 0.002236717290913644
U :0.45795585938602285
L : 0.0022367172988211757
U :0.4579424486042637
L : 0.0022367173046564516
U :0.457931924008465
L : 0.0022367173089616163
U :0.45792367616543156
L : 0.00223671731213724
U :0.4579172213948948
L : 0.002236717314479209
U :0.4579121765536525
L : 0.0022367173162060375
U :0.4579082386932249
L : 0.002236717317479055
U :0.4579051686946888
L : 0.0022367173184173533
U :0.45790277813781655
L : 0.0022367173191088145
U :0.4579009187917077
L : 0.002236717319618287
U :0.4578994742235756
L : 0.002236717319993605
U :0.4578983531139624
L : 0.0022367173202700466
U :0.4578974839428474
L : 0.0022367173204736295
U :0.4578968107742011
L : 0.0022367173206235317
U :0.45789628991847514
L : 0.002236717320733892
U :0.45789588729513603
Probabilistic reachability took 0.898 seconds.

Value in the initial state: 0.14548602781199624

Time for model checking: 0.976 seconds.

Result: 0.14548602781199624 (value in the initial state)

---------------------------------------------------------------------

Note: There was 1 warning during computation.

