PRISM
=====

Version: 4.5.dev
Date: Wed Jan 29 13:08:21 GMT 2020
Hostname: cca-ug04-039.cs.bham.ac.uk
Memory limits: cudd=1g, java(heap)=910.5m
Command line: prism /home/students/tjw625/work/FYP/prism-benchmarks/models/dtmcs/crowds/crowds.pm -const 'TotalRuns=6,CrowdSize=15' -fixdl /home/students/tjw625/work/FYP/prism-benchmarks/models/dtmcs/crowds/positive.pctl -fixdl -ex -sound -mainlog 'logs/sound-dtmc-logs/crowds.pm.const.TotalRuns=6,CrowdSize=15.fixdl.positive.pctl.fixdl.ex.sound.log'

Parsing model file "/home/students/tjw625/work/FYP/prism-benchmarks/models/dtmcs/crowds/crowds.pm"...

Type:        DTMC
Modules:     crowds 
Variables:   launch new runCount start run lastSeen good bad recordLast badObserve deliver done observe0 observe1 observe2 observe3 observe4 observe5 observe6 observe7 observe8 observe9 observe10 observe11 observe12 observe13 observe14 observe15 observe16 observe17 observe18 observe19 

Parsing properties file "/home/students/tjw625/work/FYP/prism-benchmarks/models/dtmcs/crowds/positive.pctl"...

1 property:
(1) "positive": P=? [ F observe0>1 ]

---------------------------------------------------------------------

Model checking: "positive": P=? [ F observe0>1 ]
Model constants: TotalRuns=6,CrowdSize=15

Building model...
Model constants: TotalRuns=6,CrowdSize=15

Computing reachable states... 458215 862902 1153015 1213366 1242458 1255692 1262478 1265965 1267669 1268507 1268917 1269118 1269217 1269266