PRISM
=====

Version: 4.5.dev
Date: Wed Jan 29 13:08:13 GMT 2020
Hostname: cca-ug04-039.cs.bham.ac.uk
Memory limits: cudd=1g, java(heap)=910.5m
Command line: prism /home/students/tjw625/work/FYP/prism-benchmarks/models/dtmcs/crowds/crowds.pm -const 'TotalRuns=5,CrowdSize=15' -fixdl /home/students/tjw625/work/FYP/prism-benchmarks/models/dtmcs/crowds/positive.pctl -fixdl -ex -sound -mainlog 'logs/sound-dtmc-logs/crowds.pm.const.TotalRuns=5,CrowdSize=15.fixdl.positive.pctl.fixdl.ex.sound.log'

Parsing model file "/home/students/tjw625/work/FYP/prism-benchmarks/models/dtmcs/crowds/crowds.pm"...

Type:        DTMC
Modules:     crowds 
Variables:   launch new runCount start run lastSeen good bad recordLast badObserve deliver done observe0 observe1 observe2 observe3 observe4 observe5 observe6 observe7 observe8 observe9 observe10 observe11 observe12 observe13 observe14 observe15 observe16 observe17 observe18 observe19 

Parsing properties file "/home/students/tjw625/work/FYP/prism-benchmarks/models/dtmcs/crowds/positive.pctl"...

1 property:
(1) "positive": P=? [ F observe0>1 ]

---------------------------------------------------------------------

Model checking: "positive": P=? [ F observe0>1 ]
Model constants: TotalRuns=5,CrowdSize=15

Building model...
Model constants: TotalRuns=5,CrowdSize=15

Computing reachable states... 465040 592060 states
Reachable states exploration and model construction done in 3.562 secs.
Sorting reachable states list...

Time for model construction: 4.875 seconds.

Warning: Deadlocks detected and fixed in 15504 states

Type:        DTMC
States:      592060 (1 initial)
Transitions: 1754860

Starting probabilistic reachability...
Calculating predecessor relation for discrete-time Markov chain...  done (0.23 seconds)
Starting Prob0...
Prob0 took 0.046 seconds.
Starting Prob1...
Prob1 took 0.107 seconds.
target=20723, yes=21539, no=472368, maybe=98153
SOUND
Running sound value iter
L : 0.0
U :1.0000000000000295
L : 0.0
U :1.000000000000004
L : 7.230385835461212E-4
U :1.000000000000004
L : 9.030415080775913E-4
U :1.000000000000004
L : 0.0010284189534866856
U :1.000000000000004
L : 0.0011186467163588982
U :1.000000000000004
L : 0.0011849382291632003
U :1.000000000000004
L : 0.0012342922597929139
U :1.000000000000004
L : 0.0012713457255385165
U :1.000000000000004
L : 0.001299308689736351
U :1.000000000000004
L : 0.001320475313365013
U :0.9853009550113395
L : 0.001336522679081949
U :0.9480000471377535
L : 0.0013486961503964376
U :0.8911680035038277
L : 0.001357930332962194
U :0.8240693972439498
L : 0.0013649314472621043
U :0.7558709017565819
L : 0.0013702353896892984
U :0.6925543712362238
L : 0.001374249764943259
U :0.6368650893275534
L : 0.001377284923450732
U :0.5894019978791396
L : 0.0013795772043421624
U :0.5496585645906688
L : 0.0013813065077357418
U :0.5166917148059177
L : 0.001382609660709905
U :0.4894732730800417
L : 0.0013835906200238563
U :0.4670464916946306
L : 0.0013843282739765558
U :0.44858063757065153
L : 0.0013848824115148398
U :0.43337816040823857
L : 0.001385298287727663
U :0.4208626478384577
L : 0.0013856101128109871
U :0.4105609465430017
L : 0.001385843715170463
U :0.40208524612140945
L : 0.0013860185713248884
U :0.39511728875715696
L : 0.0013861493508576218
U :0.3893952321926508
L : 0.001386247090477043
U :0.38470302135051854
L : 0.0013863200848678943
U :0.38086189620398914
L : 0.0013863745616452259
U :0.3777236291775903
L : 0.001386415191999846
U :0.37516512669662955
L : 0.001386445476503245
U :0.3730840932953931
L : 0.0013864680362111871
U :0.3713955203433534
L : 0.0013864848320391736
U :0.3700288165372463
L : 0.0013864973298894265
U :0.3689254417566647
L : 0.0013865066248062638
U :0.3680369402694014
L : 0.0013865135342278833
U :0.3673232951316987
L : 0.0013865186679573906
U :0.36675154468059257
L : 0.001386522480616066
U :0.366294615852621
L : 0.001386525310929764
U :0.36593033902979355
L : 0.0013865274111289655
U :0.36564061628441064
L : 0.0013865289689329267
U :0.36541072009324593
L : 0.0013865301239761529
U :0.36522870342874786
L : 0.0013865309800734633
U :0.3650849050469044
L : 0.0013865316143716624
U :0.36497153608039357
L : 0.0013865320841737441
U :0.36488233591363434
L : 0.0013865324320244332
U :0.36481228689363854
L : 0.0013865326894978212
U :0.3647573787981324
L : 0.0013865328800167756
U :0.36471441518885367
L : 0.0013865330209505082
U :0.3646808548516551
L : 0.0013865331251743274
U :0.3646546824827074
L : 0.0013865332022288963
U :0.364634303632074
L : 0.0013865332591814397
U :0.36461845966972684
L : 0.0013865333012652325
U :0.36460615920120837
L : 0.0013865333323542664
U :0.3645966229371057
L : 0.0013865333553154137
U :0.36458923951909683
L : 0.0013865333722696076
U :0.36458353023266077
L : 0.001386533384785477
U :0.3645791208999204
L : 0.0013865333940228433
U :0.36457571955276935
L : 0.0013865334008390288
U :0.36457309874343574
L : 0.001386533405867587
U :0.3645710815636021
L : 0.0013865334095765872
U :0.3645695306202524
L : 0.0013865334123117565
U :0.36456833936208216
L : 0.0013865334143283935
U :0.36456742526954067
L : 0.0013865334158149785
U :0.3645667245186801
L : 0.0013865334169106303
U :0.3645661878077273
Probabilistic reachability took 1.082 seconds.

Value in the initial state: 0.09216209877825167

Time for model checking: 1.162 seconds.

Result: 0.09216209877825167 (value in the initial state)

---------------------------------------------------------------------

Note: There was 1 warning during computation.

