PRISM
=====

Version: 4.5.dev
Date: Wed Jan 29 13:09:17 GMT 2020
Hostname: cca-ug04-039.cs.bham.ac.uk
Memory limits: cudd=1g, java(heap)=910.5m
Command line: prism /home/students/tjw625/work/FYP/prism-benchmarks/models/dtmcs/crowds/crowds.pm -const 'TotalRuns=4,CrowdSize=20' -fixdl /home/students/tjw625/work/FYP/prism-benchmarks/models/dtmcs/crowds/positive.pctl -fixdl -ex -sound -mainlog 'logs/sound-dtmc-logs/crowds.pm.const.TotalRuns=4,CrowdSize=20.fixdl.positive.pctl.fixdl.ex.sound.log'

Parsing model file "/home/students/tjw625/work/FYP/prism-benchmarks/models/dtmcs/crowds/crowds.pm"...

Type:        DTMC
Modules:     crowds 
Variables:   launch new runCount start run lastSeen good bad recordLast badObserve deliver done observe0 observe1 observe2 observe3 observe4 observe5 observe6 observe7 observe8 observe9 observe10 observe11 observe12 observe13 observe14 observe15 observe16 observe17 observe18 observe19 

Parsing properties file "/home/students/tjw625/work/FYP/prism-benchmarks/models/dtmcs/crowds/positive.pctl"...

1 property:
(1) "positive": P=? [ F observe0>1 ]

---------------------------------------------------------------------

Model checking: "positive": P=? [ F observe0>1 ]
Model constants: TotalRuns=4,CrowdSize=20

Building model...
Model constants: TotalRuns=4,CrowdSize=20

Computing reachable states... 333455 states
Reachable states exploration and model construction done in 1.932 secs.
Sorting reachable states list...

Time for model construction: 2.922 seconds.

Warning: Deadlocks detected and fixed in 10626 states

Type:        DTMC
States:      333455 (1 initial)
Transitions: 1183535

Starting probabilistic reachability...
Calculating predecessor relation for discrete-time Markov chain...  done (0.082 seconds)
Starting Prob0...
Prob0 took 0.084 seconds.
Starting Prob1...
Prob1 took 0.086 seconds.
target=4216, yes=4447, no=295655, maybe=33353
SOUND
Running sound value iter
L : 5.372341395351244E-4
U :1.0000000000000426
L : 6.673298323721837E-4
U :1.0000000000000426
L : 7.565788173596881E-4
U :1.000000000000004
L : 8.199238011190741E-4
U :1.0000000000000002
L : 8.658835386801423E-4
U :0.9999999999999977
L : 8.997137044335032E-4
U :0.9266126924459561
L : 9.248519822229068E-4
U :0.81104894878338
L : 9.436463510562364E-4
U :0.6964802008974814
L : 9.57752210516598E-4
U :0.6013607163559948
L : 9.683637503766774E-4
U :0.5275477023398208
L : 9.763566024207881E-4
U :0.47144181355568554
L : 9.82380144099334E-4
U :0.4288434994501971
L : 9.869196851081145E-4
U :0.39629494181595143
L : 9.90339759510557E-4
U :0.37121333855393435
L : 9.929150490519648E-4
U :0.3517243144368981
L : 9.94852905713824E-4
U :0.3364711569736829
L : 9.963099908869384E-4
U :0.3244634940360703
L : 9.974046921530058E-4
U :0.31496891782572556
L : 9.98226452530748E-4
U :0.3074379717554924
L : 9.988428108320963E-4
U :0.30145263416973855
L : 9.99304728717557E-4
U :0.2966907853072349
L : 9.996506269354848E-4
U :0.2929014371596687
L : 9.99909445032042E-4
U :0.2898872197735916
L : 0.0010001029605297045
U :0.2874917947439623
L : 0.0010002475458899447
U :0.2855906500601898
L : 0.001000355498512103
U :0.2840842463256742
L : 0.0010004360465761823
U :0.28289282356957235
L : 0.0010004961089478735
U :0.2819524014415371
L : 0.0010005408686611008
U :0.28121165349378546
L : 0.001000574205241077
U :0.28062943452038214
L : 0.0010005990202627479
U :0.280172805508061
L : 0.0010006174822532608
U :0.2798154447820271
L : 0.001000631210733569
U :0.2795363637342214
L : 0.0010006414143887159
U :0.27931886594152605
L : 0.0010006489947030563
U :0.27914970271201184
L : 0.0010006546236229785
U :0.2790183882386338
L : 0.0010006588017067832
U :0.27891664496372537
L : 0.0010006619016291252
U :0.2788379553539597
L : 0.0010006642007035456
U :0.2787772006273836
L : 0.0010006659051774755
U :0.27873037042974275
L : 0.0010006671683684802
U :0.27869433026365237
L : 0.0010006681041940034
U :0.27866663578595735
L : 0.001000668797258265
U :0.2786453850096132
L : 0.0010006693103678688
U :0.27862910104917343
L : 0.0010006696901283712
U :0.2786166393869335
L : 0.0010006699711095194
U :0.27860711475160455
L : 0.0010006701789436216
U :0.2785998436270052
L : 0.0010006703326291382
U :0.27859429917336
L : 0.001000670446242558
U :0.2785900759730446
L : 0.0010006705302099677
U :0.2785868625274693
L : 0.001000670592251138
U :0.27858441985083465
L : 0.001000670638080184
U :0.2785825648458559
L : 0.0010006706719253471
U :0.2785811574200288
L : 0.001000670696914444
U :0.2785800905203931
L : 0.0010006707153605928
U :0.27857928243997043
L : 0.0010006707289739413
U :0.278578670888436
Probabilistic reachability took 0.693 seconds.

Value in the initial state: 0.05537883773166738

Time for model checking: 0.81 seconds.

Result: 0.05537883773166738 (value in the initial state)

---------------------------------------------------------------------

Note: There was 1 warning during computation.

