PRISM
=====

Version: 4.5.dev
Date: Wed Jan 29 13:07:53 GMT 2020
Hostname: cca-ug04-039.cs.bham.ac.uk
Memory limits: cudd=1g, java(heap)=910.5m
Command line: prism /home/students/tjw625/work/FYP/prism-benchmarks/models/dtmcs/crowds/crowds.pm -const 'TotalRuns=5,CrowdSize=5' -fixdl /home/students/tjw625/work/FYP/prism-benchmarks/models/dtmcs/crowds/positive.pctl -fixdl -ex -sound -mainlog 'logs/sound-dtmc-logs/crowds.pm.const.TotalRuns=5,CrowdSize=5.fixdl.positive.pctl.fixdl.ex.sound.log'

Parsing model file "/home/students/tjw625/work/FYP/prism-benchmarks/models/dtmcs/crowds/crowds.pm"...

Type:        DTMC
Modules:     crowds 
Variables:   launch new runCount start run lastSeen good bad recordLast badObserve deliver done observe0 observe1 observe2 observe3 observe4 observe5 observe6 observe7 observe8 observe9 observe10 observe11 observe12 observe13 observe14 observe15 observe16 observe17 observe18 observe19 

Parsing properties file "/home/students/tjw625/work/FYP/prism-benchmarks/models/dtmcs/crowds/positive.pctl"...

1 property:
(1) "positive": P=? [ F observe0>1 ]

---------------------------------------------------------------------

Model checking: "positive": P=? [ F observe0>1 ]
Model constants: TotalRuns=5,CrowdSize=5

Building model...
Model constants: TotalRuns=5,CrowdSize=5

Computing reachable states... 8653 states
Reachable states exploration and model construction done in 0.128 secs.
Sorting reachable states list...

Time for model construction: 0.221 seconds.

Warning: Deadlocks detected and fixed in 252 states

Type:        DTMC
States:      8653 (1 initial)
Transitions: 14953

Starting probabilistic reachability...
Calculating predecessor relation for discrete-time Markov chain...  done (0.01 seconds)
Starting Prob0...
Prob0 took 0.01 seconds.
Starting Prob1...
Prob1 took 0.007 seconds.
target=1288, yes=1344, no=4381, maybe=2928
SOUND
Running sound value iter
L : 0.0023342566824867466
U :1.0000000000000226
L : 0.0030339847638697214
U :1.0000000000000226
L : 0.0035648629267411146
U :1.0000000000000124
L : 0.003974585941692426
U :1.0000000000000124
L : 0.004293579563766493
U :1.0000000000000124
L : 0.0045429174056349705
U :1.0000000000000084
L : 0.004738026501403457
U :1.000000000000003
L : 0.0048906111031955645
U :1.0000000000000029
L : 0.005009747890373377
U :0.9894480832927195
L : 0.005102564684523273
U :0.9623087161191097
L : 0.005174694423757514
U :0.919865478505492
L : 0.005230598949749632
U :0.8679622475976976
L : 0.005273811624280034
U :0.8131123980685092
L : 0.005307125485524062
U :0.7601974362978476
L : 0.0053327423516831675
U :0.7119943222833081
L : 0.005352392384447952
U :0.669631455221211
L : 0.005367430450470553
U :0.6332207086139775
L : 0.005378913832571451
U :0.6023513680214521
L : 0.005387664770096576
U :0.5763990167718276
L : 0.005394320607288183
U :0.5546938044657934
L : 0.005399373826756019
U :0.536601428456272
L : 0.005403203855996788
U :0.5215557398043345
L : 0.005406102216265444
U :0.5090667621995383
L : 0.005408292314492603
U :0.4987173536078408
L : 0.005409944950125032
U :0.4901553972805003
L : 0.005411190413987812
U :0.48308488683554546
L : 0.005412127891553422
U :0.47725741376107517
L : 0.005412832744989899
U :0.472464630677425
L : 0.005413362133869568
U :0.4685318178998071
L : 0.005413759340374773
U :0.46531248638058903
L : 0.005414057088300012
U :0.46268388014099804
L : 0.005414280083390127
U :0.46054322975312406
L : 0.005414446953101761
U :0.4588046216791195
L : 0.005414571724551617
U :0.4573963697476967
L : 0.00541466494833937
U :0.4562587970331916
L : 0.005414734551512154
U :0.45534235570380077
L : 0.005414786483841377
U :0.45460602806905526
L : 0.005414825206717348
U :0.45401596417698853
L : 0.005414854062441522
U :0.4535443204131699
L : 0.005414875552792406
U :0.45316827027663475
L : 0.005414891548885212
U :0.45286916345646777
L : 0.005414903449081938
U :0.4526318130145048
L : 0.00541491229767862
U :0.45244389328775414
L : 0.005414918874018496
U :0.45229543334568256
L : 0.005414923759334276
U :0.45217839267039095
L : 0.005414927386838845
U :0.4520863073009344
L : 0.005414930079229746
U :0.45201399607564874
L : 0.0054149320767467755
U :0.4519573178634344
L : 0.005414933558145871
U :0.4519129718200662
L : 0.0054149346563661035
U :0.45187833374984904
L : 0.005414935470224394
U :0.45185132260112465
L : 0.005414936073139251
U :0.4518302919786275
L : 0.005414936519634214
U :0.4518139423186933
L : 0.00541493685018315
U :0.45180125004792043
L : 0.00541493709481813
U :0.45179141063640854
L : 0.00541493727581441
U :0.45178379296864607
L : 0.00541493740968757
U :0.45177790289489217
L : 0.0054149375086782695
U :0.4517733542004286
L : 0.00541493758185556
U :0.45176984554648153
L : 0.005414937635936366
U :0.45176714220198255
L : 0.005414937675893886
U :0.4517650616063547
L : 0.005414937705409101
U :0.45176346198645606
L : 0.005414937727205701
U :0.4517622334013548
L : 0.0054149377432984435
U :0.4517612907118317
L : 0.005414937755177254
U :0.4517605680718732
L : 0.005414937763943634
U :0.45176001462079063
L : 0.0054149377704117065
U :0.4517595911203095
L : 0.005414937775183036
U :0.4517592673338107
L : 0.0054149377787020125
U :0.4517590199872547
Probabilistic reachability took 0.085 seconds.

Value in the initial state: 0.14580581281324453

Time for model checking: 0.099 seconds.

Result: 0.14580581281324453 (value in the initial state)

---------------------------------------------------------------------

Note: There was 1 warning during computation.

