PRISM
=====

Version: 4.5.dev
Date: Mon Jan 27 18:54:53 GMT 2020
Hostname: cca-lg04-050.cs.bham.ac.uk
Memory limits: cudd=1g, java(heap)=910.5m
Command line: prism /home/students/tjw625/work/FYP/prism-benchmarks/models/dtmcs/egl/egl.pm -const 'N=20,L=8' /home/students/tjw625/work/FYP/prism-benchmarks/models/dtmcs/egl/unfairB.pctl -m -mainlog 'logs/sound-dtmc-logs/egl.pm.const.N=20,L=8.unfairB.pctl.m.log'

Parsing model file "/home/students/tjw625/work/FYP/prism-benchmarks/models/dtmcs/egl/egl.pm"...

Type:        DTMC
Modules:     counter partyA partyB 
Variables:   b n phase party b0 b20 b1 b21 b2 b22 b3 b23 b4 b24 b5 b25 b6 b26 b7 b27 b8 b28 b9 b29 b10 b30 b11 b31 b12 b32 b13 b33 b14 b34 b15 b35 b16 b36 b17 b37 b18 b38 b19 b39 a0 a20 a1 a21 a2 a22 a3 a23 a4 a24 a5 a25 a6 a26 a7 a27 a8 a28 a9 a29 a10 a30 a11 a31 a12 a32 a13 a33 a14 a34 a15 a35 a16 a36 a17 a37 a18 a38 a19 a39 

Parsing properties file "/home/students/tjw625/work/FYP/prism-benchmarks/models/dtmcs/egl/unfairB.pctl"...

1 property:
(1) "unfairB": P=? [ F !"knowB"&"knowA" ]

---------------------------------------------------------------------

Model checking: "unfairB": P=? [ F !"knowB"&"knowA" ]
Model constants: N=20,L=8

Building model...
Model constants: N=20,L=8

Computing reachable states...

Reachability (BFS): 681 iterations in 16.10 seconds (average 0.023636, setup 0.00)

Time for model construction: 18.07 seconds.

Type:        DTMC
States:      663005511548926 (1 initial)
Transitions: 664105023176701

Transition matrix: 334524 nodes (3 terminal), 664105023176701 minterms, vars: 332r/332c

Prob0: 323 iterations in 19.79 seconds (average 0.061254, setup 0.00)

Prob1: 40 iterations in 4.46 seconds (average 0.111600, setup 0.00)

yes = 167125899542250, no = 495879610433813, maybe = 1572863

Computing remaining probabilities...
Engine: MTBDD

Iteration matrix MTBDD... [nodes=23257] [454.2 Kb]
Diagonals MTBDD... [nodes=147978] [2890.2 Kb]

Starting iterations...

Jacobi: 39 iterations in 1.52 seconds (average 0.036179, setup 0.11)

Value in the initial state: 0.4999990463256836

Time for model checking: 32.457 seconds.

Result: 0.4999990463256836 (value in the initial state)

