PRISM
=====

Version: 4.5.dev
Date: Mon Jan 27 18:55:50 GMT 2020
Hostname: cca-lg04-050.cs.bham.ac.uk
Memory limits: cudd=1g, java(heap)=910.5m
Command line: prism /home/students/tjw625/work/FYP/prism-benchmarks/models/dtmcs/nand/nand.pm -const 'N=20,K=3' /home/students/tjw625/work/FYP/prism-benchmarks/models/dtmcs/nand/reliable.pctl -mainlog 'logs/sound-dtmc-logs/nand.pm.const.N=20,K=3.reliable.pctl.log'

Parsing model file "/home/students/tjw625/work/FYP/prism-benchmarks/models/dtmcs/nand/nand.pm"...

Type:        DTMC
Modules:     multiplex 
Variables:   u c s z zx zy x y 

Parsing properties file "/home/students/tjw625/work/FYP/prism-benchmarks/models/dtmcs/nand/reliable.pctl"...

1 property:
(1) "reliable": P=? [ F s=4&z/N<0.1 ]

---------------------------------------------------------------------

Model checking: "reliable": P=? [ F s=4&z/N<0.1 ]
Model constants: N=20,K=3

Building model...
Model constants: N=20,K=3

Computing reachable states...

Reachability (BFS): 562 iterations in 0.38 seconds (average 0.000671, setup 0.00)

Time for model construction: 0.502 seconds.

Type:        DTMC
States:      231552 (1 initial)
Transitions: 358152

Transition matrix: 13592 nodes (131 terminal), 358152 minterms, vars: 28r/28c

Prob0: 562 iterations in 0.35 seconds (average 0.000632, setup 0.00)

Prob1: 489 iterations in 0.29 seconds (average 0.000593, setup 0.00)

yes = 16, no = 29276, maybe = 202260

Computing remaining probabilities...
Engine: Hybrid

Building hybrid MTBDD matrix... [levels=28, nodes=17947] [841.3 KB]
Adding explicit sparse matrices... [levels=25, num=6, compact] [452.6 KB]
Creating vector for diagonals... [dist=1, compact] [452.3 KB]
Creating vector for RHS... [dist=2, compact] [452.3 KB]
Allocating iteration vectors... [2 x 1.8 MB]
TOTAL: [5.7 MB]

Starting iterations...

Jacobi: 561 iterations in 0.79 seconds (average 0.001303, setup 0.06)

Value in the initial state: 0.46854396382986524

Time for model checking: 1.479 seconds.

Result: 0.46854396382986524 (value in the initial state)

