PRISM
=====

Version: 4.5.dev
Date: Mon Jan 27 18:58:10 GMT 2020
Hostname: cca-lg04-050.cs.bham.ac.uk
Memory limits: cudd=1g, java(heap)=910.5m
Command line: prism /home/students/tjw625/work/FYP/prism-benchmarks/models/dtmcs/nand/nand.pm -const 'N=60,K=2' /home/students/tjw625/work/FYP/prism-benchmarks/models/dtmcs/nand/reliable.pctl -mainlog 'logs/sound-dtmc-logs/nand.pm.const.N=60,K=2.reliable.pctl.log'

Parsing model file "/home/students/tjw625/work/FYP/prism-benchmarks/models/dtmcs/nand/nand.pm"...

Type:        DTMC
Modules:     multiplex 
Variables:   u c s z zx zy x y 

Parsing properties file "/home/students/tjw625/work/FYP/prism-benchmarks/models/dtmcs/nand/reliable.pctl"...

1 property:
(1) "reliable": P=? [ F s=4&z/N<0.1 ]

---------------------------------------------------------------------

Model checking: "reliable": P=? [ F s=4&z/N<0.1 ]
Model constants: N=60,K=2

Building model...
Model constants: N=60,K=2

Computing reachable states...

Reachability (BFS): 1202 iterations in 4.03 seconds (average 0.003351, setup 0.00)

Time for model construction: 4.454 seconds.

Type:        DTMC
States:      9420422 (1 initial)
Transitions: 14899892

Transition matrix: 97443 nodes (1103 terminal), 14899892 minterms, vars: 32r/32c

Prob0: 1202 iterations in 3.92 seconds (average 0.003264, setup 0.00)

Prob1: 985 iterations in 3.51 seconds (average 0.003560, setup 0.00)

yes = 547, no = 1757695, maybe = 7662180

Computing remaining probabilities...
Engine: Hybrid

Building hybrid MTBDD matrix... [levels=32, nodes=136727] [6.3 MB]
Adding explicit sparse matrices... [levels=14, num=365, compact] [769.2 KB]
Creating vector for diagonals... [dist=1, compact] [18.0 MB]
Creating vector for RHS... [dist=2, compact] [18.0 MB]
Allocating iteration vectors... [2 x 71.9 MB]
TOTAL: [186.7 MB]

Starting iterations...
Iteration 87: max relative diff=1.000000, 5.00 sec so far
Iteration 174: max relative diff=1.000000, 10.01 sec so far
Iteration 261: max relative diff=1.000000, 15.01 sec so far
Iteration 348: max relative diff=1.000000, 20.02 sec so far
Iteration 435: max relative diff=1.000000, 25.04 sec so far
Iteration 522: max relative diff=1.000000, 30.06 sec so far
Iteration 609: max relative diff=1.000000, 35.09 sec so far
Iteration 696: max relative diff=1.000000, 40.13 sec so far
Iteration 783: max relative diff=1.000000, 45.16 sec so far
Iteration 870: max relative diff=1.000000, 50.21 sec so far
Iteration 957: max relative diff=1.000000, 55.26 sec so far
Iteration 1044: max relative diff=1.000000, 60.30 sec so far
Iteration 1131: max relative diff=1.000000, 65.36 sec so far

Jacobi: 1201 iterations in 73.30 seconds (average 0.057799, setup 3.89)

Value in the initial state: 0.5175335545542981

Time for model checking: 81.074 seconds.

Result: 0.5175335545542981 (value in the initial state)

