PRISM
=====

Version: 4.5.dev
Date: Wed Jan 29 13:31:00 GMT 2020
Hostname: cca-ug04-039.cs.bham.ac.uk
Memory limits: cudd=1g, java(heap)=910.5m
Command line: prism /home/students/tjw625/work/FYP/prism-benchmarks/models/dtmcs/nand/nand.pm -const 'N=20,K=4' /home/students/tjw625/work/FYP/prism-benchmarks/models/dtmcs/nand/reliable.pctl -ex -sound -mainlog 'logs/sound-dtmc-logs/nand.pm.const.N=20,K=4.reliable.pctl.ex.sound.log'

Parsing model file "/home/students/tjw625/work/FYP/prism-benchmarks/models/dtmcs/nand/nand.pm"...

Type:        DTMC
Modules:     multiplex 
Variables:   u c s z zx zy x y 

Parsing properties file "/home/students/tjw625/work/FYP/prism-benchmarks/models/dtmcs/nand/reliable.pctl"...

1 property:
(1) "reliable": P=? [ F s=4&z/N<0.1 ]

---------------------------------------------------------------------

Model checking: "reliable": P=? [ F s=4&z/N<0.1 ]
Model constants: N=20,K=4

Building model...
Model constants: N=20,K=4

Computing reachable states... 308162 states
Reachable states exploration and model construction done in 0.764 secs.
Sorting reachable states list...

Time for model construction: 0.93 seconds.

Type:        DTMC
States:      308162 (1 initial)
Transitions: 476472

Starting probabilistic reachability...
Calculating predecessor relation for discrete-time Markov chain...  done (0.09 seconds)
Starting Prob0...
Prob0 took 0.055 seconds.
Starting Prob1...
Prob1 took 0.085 seconds.
target=2, yes=16, no=29276, maybe=278870
SOUND
Running sound value iter
L : 0.0
U :0.9995999999999999
L : 0.0
U :0.9995999999999999
L : 0.0
U :0.9995999999999999
L : 0.0
U :0.9995999999999999
L : 0.0
U :0.9995999999999999
L : 0.0
U :0.9995999999999999
L : 0.0
U :0.9995999999999999
L : 0.0
U :0.9995999999999999
L : 0.0
U :0.9995999999999999
L : 0.0
U :0.9995999999999999
L : 0.0
U :0.9995999999999999
L : 0.0
U :0.9995999999999999
L : 0.0
U :0.9995999999999999
L : 0.0
U :0.9995999999999999
L : 0.0
U :0.9995999999999999
L : 0.0
U :0.9995999999999999
L : 0.0
U :0.9995999999999999
L : 0.0
U :0.9995999999999999
L : 0.0
U :0.9995999999999999
L : 0.0
U :0.9995999999999999
L : 0.0
U :0.9995999999999999
L : 0.0
U :0.9995999999999999
L : 0.0
U :0.9995999999999999
L : 0.0
U :0.9995999999999999
L : 0.0
U :0.9995999999999999
L : 0.0
U :0.9995999999999999
L : 0.0
U :0.9995999999999999
L : 0.0
U :0.9995999999999999
L : 0.0
U :0.9995999999999999
L : 0.0
U :0.9995999999999999
L : 0.0
U :0.9995999999999999
L : 0.0
U :0.9995999999999999
L : 0.0
U :0.9995999999999999
L : 0.0
U :0.9995999999999999
L : 0.0
U :0.9995999999999999
L : 0.0
U :0.9995999999999999
L : 0.0
U :0.9995999999999999
L : 0.0
U :0.9995999999999999
L : 0.0
U :0.9995999999999999
L : 0.0
U :0.9995999999999999
L : 0.0
U :0.9995999999999999
L : 0.0
U :0.9995999999999999
L : 0.0
U :0.9995999999999999
L : 0.0
U :0.9995999999999999
L : 0.0
U :0.9995999999999999
L : 0.0
U :0.9995999999999999
L : 0.0
U :0.9995999999999999
L : 0.0
U :0.9995999999999999
L : 0.0
U :0.9995999999999999
L : 0.0
U :0.9995999999999999
L : 0.0
U :0.9995999999999999
L : 0.0
U :0.9995999999999999
L : 0.0
U :0.9995999999999999
L : 0.0
U :0.9995999999999999
L : 0.0
U :0.9995999999999999
L : 0.0
U :0.9995999999999999
L : 0.0
U :0.9995999999999999
L : 0.0
U :0.9995999999999999
L : 0.0
U :0.9995999999999999
L : 0.0
U :0.9995999999999999
L : 0.0
U :0.9995999999999999
L : 0.0
U :0.9995999999999999
L : 0.0
U :0.9995999999999999
L : 0.0
U :0.9995999999999999
L : 0.0
U :0.9995999999999999
L : 0.0
U :0.9995999999999999
L : 0.0
U :0.9995999999999999
L : 0.0
U :0.9995999999999999
L : 5.2428800000000025E-33
U :0.9995999999999999
L : 5.2428800000000025E-33
U :0.9995999999999999
L : 5.2428800000000025E-33
U :0.9995999999999999
L : 5.2428800000000025E-33
U :0.9995999999999999
Probabilistic reachability took 4.982 seconds.

Value in the initial state: 0.4941580597977725

Time for model checking: 5.075 seconds.

Result: 0.4941580597977725 (value in the initial state)

