PRISM
=====

Version: 4.5.dev
Date: Wed Jan 29 13:32:13 GMT 2020
Hostname: cca-ug04-039.cs.bham.ac.uk
Memory limits: cudd=1g, java(heap)=910.5m
Command line: prism /home/students/tjw625/work/FYP/prism-benchmarks/models/dtmcs/nand/nand.pm -const 'N=40,K=3' /home/students/tjw625/work/FYP/prism-benchmarks/models/dtmcs/nand/reliable.pctl -ex -sound -mainlog 'logs/sound-dtmc-logs/nand.pm.const.N=40,K=3.reliable.pctl.ex.sound.log'

Parsing model file "/home/students/tjw625/work/FYP/prism-benchmarks/models/dtmcs/nand/nand.pm"...

Type:        DTMC
Modules:     multiplex 
Variables:   u c s z zx zy x y 

Parsing properties file "/home/students/tjw625/work/FYP/prism-benchmarks/models/dtmcs/nand/reliable.pctl"...

1 property:
(1) "reliable": P=? [ F s=4&z/N<0.1 ]

---------------------------------------------------------------------

Model checking: "reliable": P=? [ F s=4&z/N<0.1 ]
Model constants: N=40,K=3

Building model...
Model constants: N=40,K=3

Computing reachable states... 919922 1818757 2044956 2147170 2172466 2178402 2180729 2181729 2181925 2181963 2181971 2181972 2181975 2181977 2181979 2181983 2181987 2181991 2181995 2181999 2182003 2182007 2182011 2182015 2182019 2182023 2182027 2182031 2182035 2182039 2182043 2182047 2182051 2182055 2182059 2182063 2182067 2182071 2182075 2182079 2182081 2182085 2182089 2182093 2182095 2182099 2182101 2182105 2182109 2182113 2182115 2182119 2182121 2182125 2182129 2182133 2182135 2182139 2182141 2182143 2182145 2182149 2182153 2182157 2182161 2182163 2182167 2182171 2182175 2182179 2182181 2182183 2182185 2182189 2182191 2182193 2182197 2182201 2182205 2182209 2182213 2182217 2182221 2182225 2182227 2182231 2182235 2182239 2182243 2182247 2182251 2182255 2182259 2182261 2182263 2182265 2182269 2182273 2182277 2182281 2182285 2182289 2182291 2182295 2182299 2182301 2182305 2182309 2182313 2182317 2182321 2182323 2182327 2182331 2182335 2182339 2182343 2182345 2182349 2182351 2182355 2182359 2182361 2182365 2182369 2182373 2182375 2182379 2182381 2182383 2182385 2182389 2182393 2182397 2182401 2182405 2182409 2182411 2182415 2182419 2182423 2182427 2182431 2182435 2182439 2182443 2182447 2182451 2182455 2182459 2182461 2182465 2182469 2182473 2182475 2182479 2182481 2182485 2182487 2182491 2182493 2182497 2182501 2182503 2182507 2182511 2182515 2182517 2182521 2182523 2182527 2182531 2182535 2182537 2182541 2182543 2182547 2182551 2182555 2182557 2182561 2182563 2182567 2182571 2182575 2182577 2182581 2182583 2182587 2182591 2182595