PRISM
=====

Version: 4.5.dev
Date: Mon Jan 27 18:34:38 GMT 2020
Hostname: cca-lg04-050.cs.bham.ac.uk
Memory limits: cudd=1g, java(heap)=910.5m
Command line: prism /home/students/tjw625/work/FYP/prism-benchmarks/models/mdps/consensus/coin2.nm -const K=8 /home/students/tjw625/work/FYP/prism-benchmarks/models/mdps/consensus/disagree.pctl -maxiters 100000 -mainlog logs/standard-mdp-logs/coin2.nm.const.K=8.disagree.pctl.maxiters.100000.log

Parsing model file "/home/students/tjw625/work/FYP/prism-benchmarks/models/mdps/consensus/coin2.nm"...

Type:        MDP
Modules:     process1 process2 
Variables:   counter pc1 coin1 pc2 coin2 

Parsing properties file "/home/students/tjw625/work/FYP/prism-benchmarks/models/mdps/consensus/disagree.pctl"...

1 property:
(1) "disagree": Pmax=? [ F "finished"&!"agree" ]

---------------------------------------------------------------------

Model checking: "disagree": Pmax=? [ F "finished"&!"agree" ]
Model constants: K=8

Building model...
Model constants: K=8

Computing reachable states...

Reachability (BFS): 145 iterations in 0.02 seconds (average 0.000131, setup 0.00)

Time for model construction: 0.167 seconds.

Type:        MDP
States:      1040 (1 initial)
Transitions: 1932
Choices:     1552

Transition matrix: 417 nodes (3 terminal), 1932 minterms, vars: 12r/12c/2nd

Prob0A: 147 iterations in 0.02 seconds (average 0.000143, setup 0.00)

Prob1E: 1523 iterations in 0.10 seconds (average 0.000068, setup 0.00)

yes = 12, no = 30, maybe = 998

Computing remaining probabilities...
Engine: Hybrid

Building hybrid MTBDD matrices... [nm=2, levels=12, nodes=474] [22.2 KB]
Adding sparse bits... [levels=12-12, num=2, compact=2/2] [9.4 KB]
Creating vector for yes... [dist=2, compact] [2.0 KB]
Allocating iteration vectors... [3 x 8.1 KB]
TOTAL: [58.0 KB]

Starting iterations...

Iterative method: 7425 iterations in 0.08 seconds (average 0.000010, setup 0.00)

Value in the initial state: 0.031242851478116937

Time for model checking: 0.228 seconds.

Result: 0.031242851478116937 (value in the initial state)

