PRISM
=====

Version: 4.5.dev
Date: Mon Jan 27 18:34:24 GMT 2020
Hostname: cca-lg04-050.cs.bham.ac.uk
Memory limits: cudd=1g, java(heap)=910.5m
Command line: prism /home/students/tjw625/work/FYP/prism-benchmarks/models/mdps/consensus/coin2.nm -const K=8 /home/students/tjw625/work/FYP/prism-benchmarks/models/mdps/consensus/c2.pctl -maxiters 100000 -mainlog logs/standard-mdp-logs/coin2.nm.const.K=8.c2.pctl.maxiters.100000.log

Parsing model file "/home/students/tjw625/work/FYP/prism-benchmarks/models/mdps/consensus/coin2.nm"...

Type:        MDP
Modules:     process1 process2 
Variables:   counter pc1 coin1 pc2 coin2 

Parsing properties file "/home/students/tjw625/work/FYP/prism-benchmarks/models/mdps/consensus/c2.pctl"...

1 property:
(1) "c2": Pmin=? [ F "finished"&"all_coins_equal_1" ]

---------------------------------------------------------------------

Model checking: "c2": Pmin=? [ F "finished"&"all_coins_equal_1" ]
Model constants: K=8

Building model...
Model constants: K=8

Computing reachable states...

Reachability (BFS): 145 iterations in 0.02 seconds (average 0.000145, setup 0.00)

Time for model construction: 0.153 seconds.

Type:        MDP
States:      1040 (1 initial)
Transitions: 1932
Choices:     1552

Transition matrix: 417 nodes (3 terminal), 1932 minterms, vars: 12r/12c/2nd

Prob0E: 101 iterations in 0.02 seconds (average 0.000178, setup 0.00)

Prob1A: 95 iterations in 0.01 seconds (average 0.000095, setup 0.00)

yes = 15, no = 286, maybe = 739

Computing remaining probabilities...
Engine: Hybrid

Building hybrid MTBDD matrices... [nm=2, levels=12, nodes=436] [20.4 KB]
Adding sparse bits... [levels=12-12, num=2, compact=2/2] [8.1 KB]
Creating vector for yes... [dist=2, compact] [2.0 KB]
Allocating iteration vectors... [3 x 8.1 KB]
TOTAL: [54.9 KB]

Starting iterations...

Iterative method: 6135 iterations in 0.07 seconds (average 0.000010, setup 0.00)

Value in the initial state: 0.46871785885736555

Time for model checking: 0.116 seconds.

Result: 0.46871785885736555 (value in the initial state)

