PRISM
=====

Version: 4.5.dev
Date: Mon Jan 27 18:34:37 GMT 2020
Hostname: cca-lg04-050.cs.bham.ac.uk
Memory limits: cudd=1g, java(heap)=910.5m
Command line: prism /home/students/tjw625/work/FYP/prism-benchmarks/models/mdps/consensus/coin2.nm -const K=4 /home/students/tjw625/work/FYP/prism-benchmarks/models/mdps/consensus/disagree.pctl -maxiters 100000 -mainlog logs/standard-mdp-logs/coin2.nm.const.K=4.disagree.pctl.maxiters.100000.log

Parsing model file "/home/students/tjw625/work/FYP/prism-benchmarks/models/mdps/consensus/coin2.nm"...

Type:        MDP
Modules:     process1 process2 
Variables:   counter pc1 coin1 pc2 coin2 

Parsing properties file "/home/students/tjw625/work/FYP/prism-benchmarks/models/mdps/consensus/disagree.pctl"...

1 property:
(1) "disagree": Pmax=? [ F "finished"&!"agree" ]

---------------------------------------------------------------------

Model checking: "disagree": Pmax=? [ F "finished"&!"agree" ]
Model constants: K=4

Building model...
Model constants: K=4

Computing reachable states...

Reachability (BFS): 73 iterations in 0.01 seconds (average 0.000151, setup 0.00)

Time for model construction: 0.166 seconds.

Type:        MDP
States:      528 (1 initial)
Transitions: 972
Choices:     784

Transition matrix: 391 nodes (3 terminal), 972 minterms, vars: 11r/11c/2nd

Prob0A: 75 iterations in 0.02 seconds (average 0.000293, setup 0.00)

Prob1E: 379 iterations in 0.03 seconds (average 0.000090, setup 0.00)

yes = 12, no = 30, maybe = 486

Computing remaining probabilities...
Engine: Hybrid

Building hybrid MTBDD matrices... [nm=2, levels=11, nodes=436] [20.4 KB]
Adding sparse bits... [levels=11-11, num=2, compact=2/2] [4.7 KB]
Creating vector for yes... [dist=2, compact] [1.0 KB]
Allocating iteration vectors... [3 x 4.1 KB]
TOTAL: [38.5 KB]

Starting iterations...

Iterative method: 1995 iterations in 0.01 seconds (average 0.000006, setup 0.00)

Value in the initial state: 0.061518025457429924

Time for model checking: 0.094 seconds.

Result: 0.061518025457429924 (value in the initial state)

