PRISM
=====

Version: 4.5.dev
Date: Mon Jan 27 18:34:43 GMT 2020
Hostname: cca-lg04-050.cs.bham.ac.uk
Memory limits: cudd=1g, java(heap)=910.5m
Command line: prism /home/students/tjw625/work/FYP/prism-benchmarks/models/mdps/consensus/coin4.nm -const K=2 /home/students/tjw625/work/FYP/prism-benchmarks/models/mdps/consensus/disagree.pctl -maxiters 100000 -mainlog logs/standard-mdp-logs/coin4.nm.const.K=2.disagree.pctl.maxiters.100000.log

Parsing model file "/home/students/tjw625/work/FYP/prism-benchmarks/models/mdps/consensus/coin4.nm"...

Type:        MDP
Modules:     process1 process2 process3 process4 
Variables:   counter pc1 coin1 pc2 coin2 pc3 coin3 pc4 coin4 

Parsing properties file "/home/students/tjw625/work/FYP/prism-benchmarks/models/mdps/consensus/disagree.pctl"...

1 property:
(1) "disagree": Pmax=? [ F "finished"&!"agree" ]

---------------------------------------------------------------------

Model checking: "disagree": Pmax=? [ F "finished"&!"agree" ]
Model constants: K=2

Building model...
Model constants: K=2

Computing reachable states...

Reachability (BFS): 99 iterations in 0.04 seconds (average 0.000394, setup 0.00)

Time for model construction: 0.192 seconds.

Type:        MDP
States:      22656 (1 initial)
Transitions: 75232
Choices:     60544

Transition matrix: 2288 nodes (3 terminal), 75232 minterms, vars: 17r/17c/4nd

Prob0A: 77 iterations in 0.06 seconds (average 0.000792, setup 0.00)

Prob1E: 772 iterations in 0.77 seconds (average 0.000995, setup 0.00)

yes = 6264, no = 910, maybe = 15482

Computing remaining probabilities...
Engine: Hybrid

Building hybrid MTBDD matrices... [nm=4, levels=17, nodes=6004] [281.4 KB]
Adding sparse bits... [levels=17-17, num=4, compact=4/4] [317.7 KB]
Creating vector for yes... [dist=2, compact] [44.3 KB]
Allocating iteration vectors... [3 x 177.0 KB]
TOTAL: [1.1 MB]

Starting iterations...

Iterative method: 1825 iterations in 0.76 seconds (average 0.000414, setup 0.01)

Value in the initial state: 0.29442455914970267

Time for model checking: 1.61 seconds.

Result: 0.29442455914970267 (value in the initial state)

