PRISM
=====

Version: 4.5.dev
Date: Mon Jan 27 18:34:25 GMT 2020
Hostname: cca-lg04-050.cs.bham.ac.uk
Memory limits: cudd=1g, java(heap)=910.5m
Command line: prism /home/students/tjw625/work/FYP/prism-benchmarks/models/mdps/consensus/coin2.nm -const K=16 /home/students/tjw625/work/FYP/prism-benchmarks/models/mdps/consensus/c2.pctl -maxiters 100000 -mainlog logs/standard-mdp-logs/coin2.nm.const.K=16.c2.pctl.maxiters.100000.log

Parsing model file "/home/students/tjw625/work/FYP/prism-benchmarks/models/mdps/consensus/coin2.nm"...

Type:        MDP
Modules:     process1 process2 
Variables:   counter pc1 coin1 pc2 coin2 

Parsing properties file "/home/students/tjw625/work/FYP/prism-benchmarks/models/mdps/consensus/c2.pctl"...

1 property:
(1) "c2": Pmin=? [ F "finished"&"all_coins_equal_1" ]

---------------------------------------------------------------------

Model checking: "c2": Pmin=? [ F "finished"&"all_coins_equal_1" ]
Model constants: K=16

Building model...
Model constants: K=16

Computing reachable states...

Reachability (BFS): 289 iterations in 0.03 seconds (average 0.000100, setup 0.00)

Time for model construction: 0.194 seconds.

Type:        MDP
States:      2064 (1 initial)
Transitions: 3852
Choices:     3088

Transition matrix: 443 nodes (3 terminal), 3852 minterms, vars: 13r/13c/2nd

Prob0E: 197 iterations in 0.04 seconds (average 0.000208, setup 0.00)

Prob1A: 191 iterations in 0.01 seconds (average 0.000063, setup 0.00)

yes = 15, no = 542, maybe = 1507

Computing remaining probabilities...
Engine: Hybrid

Building hybrid MTBDD matrices... [nm=2, levels=13, nodes=474] [22.2 KB]
Adding sparse bits... [levels=13-13, num=2, compact=2/2] [16.3 KB]
Creating vector for yes... [dist=2, compact] [4.0 KB]
Allocating iteration vectors... [3 x 16.1 KB]
TOTAL: [91.0 KB]

Starting iterations...

Iterative method: 21114 iterations in 0.38 seconds (average 0.000018, setup 0.00)

Value in the initial state: 0.48424331205863513

Time for model checking: 0.465 seconds.

Result: 0.48424331205863513 (value in the initial state)

