PRISM
=====

Version: 4.5.dev
Date: Mon Jan 27 18:34:57 GMT 2020
Hostname: cca-lg04-050.cs.bham.ac.uk
Memory limits: cudd=1g, java(heap)=910.5m
Command line: prism /home/students/tjw625/work/FYP/prism-benchmarks/models/mdps/csma/csma2_4.nm /home/students/tjw625/work/FYP/prism-benchmarks/models/mdps/csma/all_before_max.pctl -mainlog logs/standard-mdp-logs/csma2_4.nm.all_before_max.pctl.log

Parsing model file "/home/students/tjw625/work/FYP/prism-benchmarks/models/mdps/csma/csma2_4.nm"...

Type:        MDP
Modules:     bus station1 station2 
Variables:   b y1 y2 s1 x1 bc1 cd1 s2 x2 bc2 cd2 

Parsing properties file "/home/students/tjw625/work/FYP/prism-benchmarks/models/mdps/csma/all_before_max.pctl"...

1 property:
(1) "all_before_max": Pmax=? [ !"collision_max_backoff" U "all_delivered" ]

---------------------------------------------------------------------

Model checking: "all_before_max": Pmax=? [ !"collision_max_backoff" U "all_delivered" ]

Building model...

Computing reachable states...

Reachability (BFS): 93 iterations in 0.06 seconds (average 0.000634, setup 0.00)

Time for model construction: 0.223 seconds.

Type:        MDP
States:      7958 (1 initial)
Transitions: 10594
Choices:     7988

Transition matrix: 5586 nodes (6 terminal), 10594 minterms, vars: 36r/36c/9nd

Prob0A: 97 iterations in 0.06 seconds (average 0.000639, setup 0.00)

Prob1E: 490 iterations in 0.41 seconds (average 0.000845, setup 0.00)

yes = 7783, no = 52, maybe = 123

Computing remaining probabilities...
Engine: Hybrid

Building hybrid MTBDD matrices... [nm=6, levels=36, nodes=2576] [120.8 KB]
Adding sparse bits... [levels=36-36, num=6, compact=6/6] [49.9 KB]
Creating vector for yes... [dist=2, compact] [15.6 KB]
Allocating iteration vectors... [3 x 62.2 KB]
TOTAL: [372.7 KB]

Starting iterations...

Iterative method: 49 iterations in 0.01 seconds (average 0.000143, setup 0.00)

Value in the initial state: 0.9990234375

Time for model checking: 0.511 seconds.

Result: 0.9990234375 (value in the initial state)

