PRISM
=====

Version: 4.5.dev
Date: Mon Jan 27 18:35:42 GMT 2020
Hostname: cca-lg04-050.cs.bham.ac.uk
Memory limits: cudd=1g, java(heap)=910.5m
Command line: prism /home/students/tjw625/work/FYP/prism-benchmarks/models/mdps/csma/csma3_6.nm /home/students/tjw625/work/FYP/prism-benchmarks/models/mdps/csma/all_before_max.pctl -mainlog logs/standard-mdp-logs/csma3_6.nm.all_before_max.pctl.log

Parsing model file "/home/students/tjw625/work/FYP/prism-benchmarks/models/mdps/csma/csma3_6.nm"...

Type:        MDP
Modules:     bus station1 station2 station3 
Variables:   b y1 y2 s1 x1 bc1 cd1 s2 x2 bc2 cd2 s3 x3 bc3 cd3 

Parsing properties file "/home/students/tjw625/work/FYP/prism-benchmarks/models/mdps/csma/all_before_max.pctl"...

1 property:
(1) "all_before_max": Pmax=? [ !"collision_max_backoff" U "all_delivered" ]

---------------------------------------------------------------------

Model checking: "all_before_max": Pmax=? [ !"collision_max_backoff" U "all_delivered" ]

Building model...

Computing reachable states...

Reachability (BFS): 151 iterations in 7.78 seconds (average 0.051523, setup 0.00)

Time for model construction: 11.378 seconds.

Type:        MDP
States:      84856004 (1 initial)
Transitions: 147200984
Choices:     84988757

Transition matrix: 289469 nodes (8 terminal), 147200984 minterms, vars: 57r/57c/13nd

Prob0A: 227 iterations in 161.29 seconds (average 0.710515, setup 0.00)
