PRISM
=====

Version: 4.5.dev
Date: Tue Jan 28 18:44:13 GMT 2020
Hostname: cca-lg04-049.cs.bham.ac.uk
Memory limits: cudd=1g, java(heap)=910.5m
Command line: prism /home/students/tjw625/work/FYP/prism-benchmarks/models/dtmcs/brp/brp.pm -const 'N=32,MAX=3' -fixdl /home/students/tjw625/work/FYP/prism-benchmarks/models/dtmcs/brp/p2.pctl -mainlog 'logs/lu-dtmc-logs/brp.pm.const.N=32,MAX=3.fixdl.p2.pctl.log'

Parsing model file "/home/students/tjw625/work/FYP/prism-benchmarks/models/dtmcs/brp/brp.pm"...

Type:        DTMC
Modules:     sender receiver checker channelK channelL 
Variables:   s srep nrtr i bs s_ab fs ls r rrep fr lr br r_ab recv T k l 

Parsing properties file "/home/students/tjw625/work/FYP/prism-benchmarks/models/dtmcs/brp/p2.pctl"...

1 property:
(1) "p2": P=? [ F s=5&srep=2 ]

---------------------------------------------------------------------

Model checking: "p2": P=? [ F s=5&srep=2 ]
Model constants: N=32,MAX=3

Building model...
Model constants: N=32,MAX=3

Computing reachable states...

Reachability (BFS): 203 iterations in 0.07 seconds (average 0.000325, setup 0.00)

Time for model construction: 0.237 seconds.

Warning: Deadlocks detected and fixed in 68 states

Type:        DTMC
States:      1766 (1 initial)
Transitions: 2307

Transition matrix: 2269 nodes (6 terminal), 2307 minterms, vars: 33r/33c

Prob0: 198 iterations in 0.04 seconds (average 0.000202, setup 0.00)

Prob1: 11 iterations in 0.00 seconds (average 0.000273, setup 0.00)

yes = 7, no = 357, maybe = 1402

Computing remaining probabilities...
Engine: Hybrid

Building hybrid MTBDD matrix... [levels=33, nodes=2177] [102.0 KB]
Adding explicit sparse matrices... [levels=33, num=1, compact] [9.4 KB]
Creating vector for diagonals... [dist=1, compact] [3.5 KB]
Creating vector for RHS... [dist=2, compact] [3.5 KB]
Allocating iteration vectors... [2 x 13.8 KB]
TOTAL: [145.9 KB]

Starting iterations...

Jacobi: 227 iterations in 0.00 seconds (average 0.000009, setup 0.00)

Value in the initial state: 7.885953612499826E-7

Time for model checking: 0.06 seconds.

Result: 7.885953612499826E-7 (value in the initial state)

---------------------------------------------------------------------

Note: There was 1 warning during computation.

