PRISM
=====

Version: 4.5.dev
Date: Tue Jan 28 18:44:46 GMT 2020
Hostname: cca-lg04-049.cs.bham.ac.uk
Memory limits: cudd=1g, java(heap)=910.5m
Command line: prism /home/students/tjw625/work/FYP/prism-benchmarks/models/dtmcs/brp/brp.pm -const 'N=64,MAX=5' -fixdl /home/students/tjw625/work/FYP/prism-benchmarks/models/dtmcs/brp/p4.pctl -mainlog 'logs/lu-dtmc-logs/brp.pm.const.N=64,MAX=5.fixdl.p4.pctl.log'

Parsing model file "/home/students/tjw625/work/FYP/prism-benchmarks/models/dtmcs/brp/brp.pm"...

Type:        DTMC
Modules:     sender receiver checker channelK channelL 
Variables:   s srep nrtr i bs s_ab fs ls r rrep fr lr br r_ab recv T k l 

Parsing properties file "/home/students/tjw625/work/FYP/prism-benchmarks/models/dtmcs/brp/p4.pctl"...

1 property:
(1) "p4": P=? [ F !(srep=0)&!recv ]

---------------------------------------------------------------------

Model checking: "p4": P=? [ F !(srep=0)&!recv ]
Model constants: N=64,MAX=5

Building model...
Model constants: N=64,MAX=5

Computing reachable states...

Reachability (BFS): 399 iterations in 0.12 seconds (average 0.000296, setup 0.00)

Time for model construction: 0.3 seconds.

Warning: Deadlocks detected and fixed in 134 states

Type:        DTMC
States:      5192 (1 initial)
Transitions: 6915

Transition matrix: 2410 nodes (6 terminal), 6915 minterms, vars: 35r/35c

Prob0: 15 iterations in 0.00 seconds (average 0.000200, setup 0.00)

Prob1: 3 iterations in 0.00 seconds (average 0.000333, setup 0.00)

yes = 5, no = 5175, maybe = 12

Computing remaining probabilities...
Engine: Hybrid

Building hybrid MTBDD matrix... [levels=35, nodes=286] [13.4 KB]
Adding explicit sparse matrices... [levels=35, num=1, compact] [5.2 KB]
Creating vector for diagonals... [dist=1, compact] [10.1 KB]
Creating vector for RHS... [dist=2, compact] [10.2 KB]
Allocating iteration vectors... [2 x 40.6 KB]
TOTAL: [120.0 KB]

Starting iterations...

Jacobi: 13 iterations in 0.00 seconds (average 0.000000, setup 0.00)

Value in the initial state: 6.400000000000001E-11

Time for model checking: 0.02 seconds.

Result: 6.400000000000001E-11 (value in the initial state)

---------------------------------------------------------------------

Note: There was 1 warning during computation.

