PRISM
=====

Version: 4.5.dev
Date: Tue Jan 28 18:44:02 GMT 2020
Hostname: cca-lg04-049.cs.bham.ac.uk
Memory limits: cudd=1g, java(heap)=910.5m
Command line: prism /home/students/tjw625/work/FYP/prism-benchmarks/models/dtmcs/brp/brp.pm -const 'N=64,MAX=5' -fixdl /home/students/tjw625/work/FYP/prism-benchmarks/models/dtmcs/brp/p1.pctl -mainlog 'logs/lu-dtmc-logs/brp.pm.const.N=64,MAX=5.fixdl.p1.pctl.log'

Parsing model file "/home/students/tjw625/work/FYP/prism-benchmarks/models/dtmcs/brp/brp.pm"...

Type:        DTMC
Modules:     sender receiver checker channelK channelL 
Variables:   s srep nrtr i bs s_ab fs ls r rrep fr lr br r_ab recv T k l 

Parsing properties file "/home/students/tjw625/work/FYP/prism-benchmarks/models/dtmcs/brp/p1.pctl"...

1 property:
(1) "p1": P=? [ F s=5 ]

---------------------------------------------------------------------

Model checking: "p1": P=? [ F s=5 ]
Model constants: N=64,MAX=5

Building model...
Model constants: N=64,MAX=5

Computing reachable states...

Reachability (BFS): 399 iterations in 0.12 seconds (average 0.000301, setup 0.00)

Time for model construction: 0.273 seconds.

Warning: Deadlocks detected and fixed in 134 states

Type:        DTMC
States:      5192 (1 initial)
Transitions: 6915

Transition matrix: 2410 nodes (6 terminal), 6915 minterms, vars: 35r/35c

Prob0: 17 iterations in 0.01 seconds (average 0.000471, setup 0.00)

Prob1: 385 iterations in 0.09 seconds (average 0.000223, setup 0.00)

yes = 448, no = 274, maybe = 4470

Computing remaining probabilities...
Engine: Hybrid

Building hybrid MTBDD matrix... [levels=35, nodes=2289] [107.3 KB]
Adding explicit sparse matrices... [levels=35, num=1, compact] [29.3 KB]
Creating vector for diagonals... [dist=1, compact] [10.1 KB]
Creating vector for RHS... [dist=2, compact] [10.2 KB]
Allocating iteration vectors... [2 x 40.6 KB]
TOTAL: [238.0 KB]

Starting iterations...

Jacobi: 425 iterations in 0.01 seconds (average 0.000028, setup 0.00)

Value in the initial state: 4.4820549554973446E-8

Time for model checking: 0.122 seconds.

Result: 4.4820549554973446E-8 (value in the initial state)

---------------------------------------------------------------------

Note: There was 1 warning during computation.

