PRISM
=====

Version: 4.5.dev
Date: Tue Jan 28 18:43:45 GMT 2020
Hostname: cca-lg04-049.cs.bham.ac.uk
Memory limits: cudd=1g, java(heap)=910.5m
Command line: prism /home/students/tjw625/work/FYP/prism-benchmarks/models/dtmcs/brp/brp.pm -const 'N=16,MAX=3' -fixdl /home/students/tjw625/work/FYP/prism-benchmarks/models/dtmcs/brp/p1.pctl -mainlog 'logs/lu-dtmc-logs/brp.pm.const.N=16,MAX=3.fixdl.p1.pctl.log'

Parsing model file "/home/students/tjw625/work/FYP/prism-benchmarks/models/dtmcs/brp/brp.pm"...

Type:        DTMC
Modules:     sender receiver checker channelK channelL 
Variables:   s srep nrtr i bs s_ab fs ls r rrep fr lr br r_ab recv T k l 

Parsing properties file "/home/students/tjw625/work/FYP/prism-benchmarks/models/dtmcs/brp/p1.pctl"...

1 property:
(1) "p1": P=? [ F s=5 ]

---------------------------------------------------------------------

Model checking: "p1": P=? [ F s=5 ]
Model constants: N=16,MAX=3

Building model...
Model constants: N=16,MAX=3

Computing reachable states...

Reachability (BFS): 107 iterations in 0.04 seconds (average 0.000393, setup 0.00)

Time for model construction: 0.173 seconds.

Warning: Deadlocks detected and fixed in 36 states

Type:        DTMC
States:      886 (1 initial)
Transitions: 1155

Transition matrix: 2179 nodes (6 terminal), 1155 minterms, vars: 32r/32c

Prob0: 13 iterations in 0.03 seconds (average 0.002154, setup 0.00)

Prob1: 97 iterations in 0.04 seconds (average 0.000361, setup 0.00)

yes = 112, no = 76, maybe = 698

Computing remaining probabilities...
Engine: Hybrid

Building hybrid MTBDD matrix... [levels=32, nodes=2099] [98.4 KB]
Adding explicit sparse matrices... [levels=32, num=1, compact] [4.7 KB]
Creating vector for diagonals... [dist=1, compact] [1.7 KB]
Creating vector for RHS... [dist=2, compact] [1.7 KB]
Allocating iteration vectors... [2 x 6.9 KB]
TOTAL: [120.4 KB]

Starting iterations...

Jacobi: 121 iterations in 0.00 seconds (average 0.000008, setup 0.00)

Value in the initial state: 1.2617754561386714E-5

Time for model checking: 0.072 seconds.

Result: 1.2617754561386714E-5 (value in the initial state)

---------------------------------------------------------------------

Note: There was 1 warning during computation.

