PRISM
=====

Version: 4.5.dev
Date: Tue Jan 28 18:44:08 GMT 2020
Hostname: cca-lg04-049.cs.bham.ac.uk
Memory limits: cudd=1g, java(heap)=910.5m
Command line: prism /home/students/tjw625/work/FYP/prism-benchmarks/models/dtmcs/brp/brp.pm -const 'N=16,MAX=4' -fixdl /home/students/tjw625/work/FYP/prism-benchmarks/models/dtmcs/brp/p2.pctl -mainlog 'logs/lu-dtmc-logs/brp.pm.const.N=16,MAX=4.fixdl.p2.pctl.log'

Parsing model file "/home/students/tjw625/work/FYP/prism-benchmarks/models/dtmcs/brp/brp.pm"...

Type:        DTMC
Modules:     sender receiver checker channelK channelL 
Variables:   s srep nrtr i bs s_ab fs ls r rrep fr lr br r_ab recv T k l 

Parsing properties file "/home/students/tjw625/work/FYP/prism-benchmarks/models/dtmcs/brp/p2.pctl"...

1 property:
(1) "p2": P=? [ F s=5&srep=2 ]

---------------------------------------------------------------------

Model checking: "p2": P=? [ F s=5&srep=2 ]
Model constants: N=16,MAX=4

Building model...
Model constants: N=16,MAX=4

Computing reachable states...

Reachability (BFS): 109 iterations in 0.06 seconds (average 0.000505, setup 0.00)

Time for model construction: 0.226 seconds.

Warning: Deadlocks detected and fixed in 37 states

Type:        DTMC
States:      1095 (1 initial)
Transitions: 1443

Transition matrix: 2237 nodes (6 terminal), 1443 minterms, vars: 33r/33c

Prob0: 104 iterations in 0.02 seconds (average 0.000231, setup 0.00)

Prob1: 13 iterations in 0.00 seconds (average 0.000308, setup 0.00)

yes = 7, no = 184, maybe = 904

Computing remaining probabilities...
Engine: Hybrid

Building hybrid MTBDD matrix... [levels=33, nodes=2136] [100.1 KB]
Adding explicit sparse matrices... [levels=33, num=1, compact] [6.0 KB]
Creating vector for diagonals... [dist=1, compact] [2.1 KB]
Creating vector for RHS... [dist=2, compact] [2.2 KB]
Allocating iteration vectors... [2 x 8.6 KB]
TOTAL: [127.5 KB]

Starting iterations...

Jacobi: 129 iterations in 0.00 seconds (average 0.000008, setup 0.00)

Value in the initial state: 2.3500712435818907E-8

Time for model checking: 0.044 seconds.

Result: 2.3500712435818907E-8 (value in the initial state)

---------------------------------------------------------------------

Note: There was 1 warning during computation.

