PRISM
=====

Version: 4.5.dev
Date: Tue Jan 28 18:44:20 GMT 2020
Hostname: cca-lg04-049.cs.bham.ac.uk
Memory limits: cudd=1g, java(heap)=910.5m
Command line: prism /home/students/tjw625/work/FYP/prism-benchmarks/models/dtmcs/brp/brp.pm -const 'N=64,MAX=3' -fixdl /home/students/tjw625/work/FYP/prism-benchmarks/models/dtmcs/brp/p2.pctl -mainlog 'logs/lu-dtmc-logs/brp.pm.const.N=64,MAX=3.fixdl.p2.pctl.log'

Parsing model file "/home/students/tjw625/work/FYP/prism-benchmarks/models/dtmcs/brp/brp.pm"...

Type:        DTMC
Modules:     sender receiver checker channelK channelL 
Variables:   s srep nrtr i bs s_ab fs ls r rrep fr lr br r_ab recv T k l 

Parsing properties file "/home/students/tjw625/work/FYP/prism-benchmarks/models/dtmcs/brp/p2.pctl"...

1 property:
(1) "p2": P=? [ F s=5&srep=2 ]

---------------------------------------------------------------------

Model checking: "p2": P=? [ F s=5&srep=2 ]
Model constants: N=64,MAX=3

Building model...
Model constants: N=64,MAX=3

Computing reachable states...

Reachability (BFS): 395 iterations in 0.11 seconds (average 0.000289, setup 0.00)

Time for model construction: 0.294 seconds.

Warning: Deadlocks detected and fixed in 132 states

Type:        DTMC
States:      3526 (1 initial)
Transitions: 4611

Transition matrix: 2359 nodes (6 terminal), 4611 minterms, vars: 34r/34c

Prob0: 390 iterations in 0.07 seconds (average 0.000192, setup 0.00)

Prob1: 11 iterations in 0.00 seconds (average 0.000273, setup 0.00)

yes = 7, no = 709, maybe = 2810

Computing remaining probabilities...
Engine: Hybrid

Building hybrid MTBDD matrix... [levels=34, nodes=2255] [105.7 KB]
Adding explicit sparse matrices... [levels=34, num=1, compact] [18.7 KB]
Creating vector for diagonals... [dist=1, compact] [6.9 KB]
Creating vector for RHS... [dist=2, compact] [6.9 KB]
Allocating iteration vectors... [2 x 27.5 KB]
TOTAL: [193.3 KB]

Starting iterations...

Jacobi: 427 iterations in 0.01 seconds (average 0.000016, setup 0.00)

Value in the initial state: 7.885752919422312E-7

Time for model checking: 0.101 seconds.

Result: 7.885752919422312E-7 (value in the initial state)

---------------------------------------------------------------------

Note: There was 1 warning during computation.

