PRISM
=====

Version: 4.5.dev
Date: Tue Jan 28 18:49:33 GMT 2020
Hostname: cca-lg04-049.cs.bham.ac.uk
Memory limits: cudd=1g, java(heap)=910.5m
Command line: prism /home/students/tjw625/work/FYP/prism-benchmarks/models/dtmcs/egl/egl.pm -const 'N=15,L=2' /home/students/tjw625/work/FYP/prism-benchmarks/models/dtmcs/egl/unfairB.pctl -m -mainlog 'logs/lu-dtmc-logs/egl.pm.const.N=15,L=2.unfairB.pctl.m.log'

Parsing model file "/home/students/tjw625/work/FYP/prism-benchmarks/models/dtmcs/egl/egl.pm"...

Type:        DTMC
Modules:     counter partyA partyB 
Variables:   b n phase party b0 b20 b1 b21 b2 b22 b3 b23 b4 b24 b5 b25 b6 b26 b7 b27 b8 b28 b9 b29 b10 b30 b11 b31 b12 b32 b13 b33 b14 b34 b15 b35 b16 b36 b17 b37 b18 b38 b19 b39 a0 a20 a1 a21 a2 a22 a3 a23 a4 a24 a5 a25 a6 a26 a7 a27 a8 a28 a9 a29 a10 a30 a11 a31 a12 a32 a13 a33 a14 a34 a15 a35 a16 a36 a17 a37 a18 a38 a19 a39 

Parsing properties file "/home/students/tjw625/work/FYP/prism-benchmarks/models/dtmcs/egl/unfairB.pctl"...

1 property:
(1) "unfairB": P=? [ F !"knowB"&"knowA" ]

---------------------------------------------------------------------

Model checking: "unfairB": P=? [ F !"knowB"&"knowA" ]
Model constants: N=15,L=2

Building model...
Model constants: N=15,L=2

Warning: Guard for command 16 of module "partyA" is never satisfied.

Warning: Guard for command 17 of module "partyA" is never satisfied.

Warning: Guard for command 18 of module "partyA" is never satisfied.

Warning: Guard for command 19 of module "partyA" is never satisfied.

Warning: Guard for command 20 of module "partyA" is never satisfied.

Warning: Guard for command 36 of module "partyA" is never satisfied.

Warning: Guard for command 37 of module "partyA" is never satisfied.

Warning: Guard for command 38 of module "partyA" is never satisfied.

Warning: Guard for command 39 of module "partyA" is never satisfied.

Warning: Guard for command 40 of module "partyA" is never satisfied.

Warning: Guard for command 56 of module "partyA" is never satisfied.

Warning: Guard for command 57 of module "partyA" is never satisfied.

Warning: Guard for command 58 of module "partyA" is never satisfied.

Warning: Guard for command 59 of module "partyA" is never satisfied.

Warning: Guard for command 60 of module "partyA" is never satisfied.

Warning: Guard for command 16 of module "partyB" is never satisfied.

Warning: Guard for command 17 of module "partyB" is never satisfied.

Warning: Guard for command 18 of module "partyB" is never satisfied.

Warning: Guard for command 19 of module "partyB" is never satisfied.

Warning: Guard for command 20 of module "partyB" is never satisfied.

Warning: Guard for command 36 of module "partyB" is never satisfied.

Warning: Guard for command 37 of module "partyB" is never satisfied.

Warning: Guard for command 38 of module "partyB" is never satisfied.

Warning: Guard for command 39 of module "partyB" is never satisfied.

Warning: Guard for command 40 of module "partyB" is never satisfied.

Warning: Guard for command 56 of module "partyB" is never satisfied.

Warning: Guard for command 57 of module "partyB" is never satisfied.

Warning: Guard for command 58 of module "partyB" is never satisfied.

Warning: Guard for command 59 of module "partyB" is never satisfied.

Warning: Guard for command 60 of module "partyB" is never satisfied.

Computing reachable states...

Reachability (BFS): 151 iterations in 0.29 seconds (average 0.001901, setup 0.00)

Time for model construction: 0.63 seconds.

Type:        DTMC
States:      99857989630 (1 initial)
Transitions: 100931731453

Transition matrix: 32613 nodes (3 terminal), 100931731453 minterms, vars: 169r/169c

Prob0: 63 iterations in 0.24 seconds (average 0.003794, setup 0.00)

Prob1: 30 iterations in 0.20 seconds (average 0.006533, setup 0.00)

yes = 26306789348, no = 73551151131, maybe = 49151

Computing remaining probabilities...
Engine: MTBDD

Iteration matrix MTBDD... [nodes=8100] [158.2 Kb]
Diagonals MTBDD... [nodes=12537] [244.9 Kb]

Starting iterations...

Jacobi: 31 iterations in 0.11 seconds (average 0.003065, setup 0.01)

Value in the initial state: 0.4999847412109375

Time for model checking: 0.796 seconds.

Result: 0.4999847412109375 (value in the initial state)

---------------------------------------------------------------------

Note: There were 30 warnings during computation.

