PRISM
=====

Version: 4.5.dev
Date: Tue Jan 28 18:52:10 GMT 2020
Hostname: cca-lg04-049.cs.bham.ac.uk
Memory limits: cudd=1g, java(heap)=910.5m
Command line: prism /home/students/tjw625/work/FYP/prism-benchmarks/models/dtmcs/nand/nand.pm -const 'N=40,K=1' /home/students/tjw625/work/FYP/prism-benchmarks/models/dtmcs/nand/reliable.pctl -mainlog 'logs/lu-dtmc-logs/nand.pm.const.N=40,K=1.reliable.pctl.log'

Parsing model file "/home/students/tjw625/work/FYP/prism-benchmarks/models/dtmcs/nand/nand.pm"...

Type:        DTMC
Modules:     multiplex 
Variables:   u c s z zx zy x y 

Parsing properties file "/home/students/tjw625/work/FYP/prism-benchmarks/models/dtmcs/nand/reliable.pctl"...

1 property:
(1) "reliable": P=? [ F s=4&z/N<0.1 ]

---------------------------------------------------------------------

Model checking: "reliable": P=? [ F s=4&z/N<0.1 ]
Model constants: N=40,K=1

Building model...
Model constants: N=40,K=1

Computing reachable states...

Reachability (BFS): 482 iterations in 0.71 seconds (average 0.001471, setup 0.00)

Time for model construction: 0.993 seconds.

Type:        DTMC
States:      1004862 (1 initial)
Transitions: 1581422

Transition matrix: 49055 nodes (493 terminal), 1581422 minterms, vars: 31r/31c

Prob0: 482 iterations in 0.94 seconds (average 0.001961, setup 0.00)

Prob1: 337 iterations in 0.77 seconds (average 0.002282, setup 0.00)

yes = 141, no = 375263, maybe = 629458

Computing remaining probabilities...
Engine: Hybrid

Building hybrid MTBDD matrix... [levels=31, nodes=65892] [3.0 MB]
Adding explicit sparse matrices... [levels=15, num=332, compact] [622.6 KB]
Creating vector for diagonals... [dist=1, compact] [1.9 MB]
Creating vector for RHS... [dist=2, compact] [1.9 MB]
Allocating iteration vectors... [2 x 7.7 MB]
TOTAL: [22.8 MB]

Starting iterations...

Jacobi: 481 iterations in 3.60 seconds (average 0.005719, setup 0.85)

Value in the initial state: 0.2864873082856136

Time for model checking: 5.426 seconds.

Result: 0.2864873082856136 (value in the initial state)

