PRISM
=====

Version: 4.5.dev
Date: Tue Jan 28 18:54:28 GMT 2020
Hostname: cca-lg04-049.cs.bham.ac.uk
Memory limits: cudd=1g, java(heap)=910.5m
Command line: prism /home/students/tjw625/work/FYP/prism-benchmarks/models/dtmcs/nand/nand.pm -const 'N=60,K=2' /home/students/tjw625/work/FYP/prism-benchmarks/models/dtmcs/nand/reliable.pctl -mainlog 'logs/lu-dtmc-logs/nand.pm.const.N=60,K=2.reliable.pctl.log'

Parsing model file "/home/students/tjw625/work/FYP/prism-benchmarks/models/dtmcs/nand/nand.pm"...

Type:        DTMC
Modules:     multiplex 
Variables:   u c s z zx zy x y 

Parsing properties file "/home/students/tjw625/work/FYP/prism-benchmarks/models/dtmcs/nand/reliable.pctl"...

1 property:
(1) "reliable": P=? [ F s=4&z/N<0.1 ]

---------------------------------------------------------------------

Model checking: "reliable": P=? [ F s=4&z/N<0.1 ]
Model constants: N=60,K=2

Building model...
Model constants: N=60,K=2

Computing reachable states...

Reachability (BFS): 1202 iterations in 4.33 seconds (average 0.003600, setup 0.00)

Time for model construction: 4.922 seconds.

Type:        DTMC
States:      9420422 (1 initial)
Transitions: 14899892

Transition matrix: 97443 nodes (1103 terminal), 14899892 minterms, vars: 32r/32c

Prob0: 1202 iterations in 4.34 seconds (average 0.003612, setup 0.00)

Prob1: 985 iterations in 3.70 seconds (average 0.003758, setup 0.00)

yes = 547, no = 1757695, maybe = 7662180

Computing remaining probabilities...
Engine: Hybrid

Building hybrid MTBDD matrix... [levels=32, nodes=136727] [6.3 MB]
Adding explicit sparse matrices... [levels=14, num=365, compact] [769.2 KB]
Creating vector for diagonals... [dist=1, compact] [18.0 MB]
Creating vector for RHS... [dist=2, compact] [18.0 MB]
Allocating iteration vectors... [2 x 71.9 MB]
TOTAL: [186.7 MB]

Starting iterations...
Iteration 86: max relative diff=1.000000, 5.06 sec so far
Iteration 169: max relative diff=1.000000, 10.06 sec so far
Iteration 251: max relative diff=1.000000, 15.08 sec so far
Iteration 333: max relative diff=1.000000, 20.12 sec so far
Iteration 416: max relative diff=1.000000, 25.13 sec so far
Iteration 501: max relative diff=1.000000, 30.19 sec so far
Iteration 586: max relative diff=1.000000, 35.22 sec so far
Iteration 671: max relative diff=1.000000, 40.25 sec so far
Iteration 756: max relative diff=1.000000, 45.30 sec so far
Iteration 841: max relative diff=1.000000, 50.35 sec so far
Iteration 926: max relative diff=1.000000, 55.40 sec so far
Iteration 1011: max relative diff=1.000000, 60.45 sec so far
Iteration 1095: max relative diff=1.000000, 65.47 sec so far
Iteration 1178: max relative diff=1.000000, 70.47 sec so far

Jacobi: 1201 iterations in 75.85 seconds (average 0.059832, setup 4.00)

Value in the initial state: 0.5175335545542981

Time for model checking: 84.314 seconds.

Result: 0.5175335545542981 (value in the initial state)

