PRISM
=====

Version: 4.5.dev
Date: Tue Jan 28 18:52:17 GMT 2020
Hostname: cca-lg04-049.cs.bham.ac.uk
Memory limits: cudd=1g, java(heap)=910.5m
Command line: prism /home/students/tjw625/work/FYP/prism-benchmarks/models/dtmcs/nand/nand.pm -const 'N=40,K=2' /home/students/tjw625/work/FYP/prism-benchmarks/models/dtmcs/nand/reliable.pctl -mainlog 'logs/lu-dtmc-logs/nand.pm.const.N=40,K=2.reliable.pctl.log'

Parsing model file "/home/students/tjw625/work/FYP/prism-benchmarks/models/dtmcs/nand/nand.pm"...

Type:        DTMC
Modules:     multiplex 
Variables:   u c s z zx zy x y 

Parsing properties file "/home/students/tjw625/work/FYP/prism-benchmarks/models/dtmcs/nand/reliable.pctl"...

1 property:
(1) "reliable": P=? [ F s=4&z/N<0.1 ]

---------------------------------------------------------------------

Model checking: "reliable": P=? [ F s=4&z/N<0.1 ]
Model constants: N=40,K=2

Building model...
Model constants: N=40,K=2

Computing reachable states...

Reachability (BFS): 802 iterations in 1.47 seconds (average 0.001828, setup 0.00)

Time for model construction: 1.74 seconds.

Type:        DTMC
States:      2003082 (1 initial)
Transitions: 3150462

Transition matrix: 49064 nodes (493 terminal), 3150462 minterms, vars: 32r/32c

Prob0: 802 iterations in 1.61 seconds (average 0.002004, setup 0.00)

Prob1: 657 iterations in 1.34 seconds (average 0.002040, setup 0.00)

yes = 141, no = 375263, maybe = 1627678

Computing remaining probabilities...
Engine: Hybrid

Building hybrid MTBDD matrix... [levels=32, nodes=65906] [3.0 MB]
Adding explicit sparse matrices... [levels=15, num=332, compact] [622.6 KB]
Creating vector for diagonals... [dist=1, compact] [3.8 MB]
Creating vector for RHS... [dist=2, compact] [3.8 MB]
Allocating iteration vectors... [2 x 15.3 MB]
TOTAL: [41.8 MB]

Starting iterations...
Iteration 397: max relative diff=1.000000, 5.01 sec so far
Iteration 792: max relative diff=0.658171, 10.02 sec so far

Jacobi: 801 iterations in 11.01 seconds (average 0.012648, setup 0.88)

Value in the initial state: 0.48380547985177014

Time for model checking: 14.068 seconds.

Result: 0.48380547985177014 (value in the initial state)

