PRISM
=====

Version: 4.5.dev
Date: Mon Jan 27 17:54:34 GMT 2020
Hostname: cca-lg04-050.cs.bham.ac.uk
Memory limits: cudd=1g, java(heap)=910.5m
Command line: prism /home/students/tjw625/work/FYP/prism-benchmarks/models/mdps/consensus/coin2.nm -const K=2 /home/students/tjw625/work/FYP/prism-benchmarks/models/mdps/consensus/disagree.pctl -maxiters 100000 -mainlog logs/sound-mdp-logs/coin2.nm.const.K=2.disagree.pctl.maxiters.100000.log

Parsing model file "/home/students/tjw625/work/FYP/prism-benchmarks/models/mdps/consensus/coin2.nm"...

Type:        MDP
Modules:     process1 process2 
Variables:   counter pc1 coin1 pc2 coin2 

Parsing properties file "/home/students/tjw625/work/FYP/prism-benchmarks/models/mdps/consensus/disagree.pctl"...

1 property:
(1) "disagree": Pmax=? [ F "finished"&!"agree" ]

---------------------------------------------------------------------

Model checking: "disagree": Pmax=? [ F "finished"&!"agree" ]
Model constants: K=2

Building model...
Model constants: K=2

Computing reachable states...

Reachability (BFS): 37 iterations in 0.01 seconds (average 0.000135, setup 0.00)

Time for model construction: 0.133 seconds.

Type:        MDP
States:      272 (1 initial)
Transitions: 492
Choices:     400

Transition matrix: 365 nodes (3 terminal), 492 minterms, vars: 10r/10c/2nd

Prob0A: 39 iterations in 0.01 seconds (average 0.000282, setup 0.00)

Prob1E: 95 iterations in 0.01 seconds (average 0.000126, setup 0.00)

yes = 12, no = 30, maybe = 230

Computing remaining probabilities...
Engine: Hybrid

Building hybrid MTBDD matrices... [nm=2, levels=10, nodes=398] [18.7 KB]
Adding sparse bits... [levels=10-10, num=2, compact=2/2] [2.3 KB]
Creating vector for yes... [dist=2, compact] [0.5 KB]
Allocating iteration vectors... [3 x 2.1 KB]
TOTAL: [27.9 KB]

Starting iterations...

Iterative method: 525 iterations in 0.00 seconds (average 0.000008, setup 0.00)

Value in the initial state: 0.10833260973166493

Time for model checking: 0.052 seconds.

Result: 0.10833260973166493 (value in the initial state)

