PRISM
=====

Version: 4.5.dev
Date: Mon Jan 27 17:54:28 GMT 2020
Hostname: cca-lg04-050.cs.bham.ac.uk
Memory limits: cudd=1g, java(heap)=910.5m
Command line: prism /home/students/tjw625/work/FYP/prism-benchmarks/models/mdps/consensus/coin4.nm -const K=4 /home/students/tjw625/work/FYP/prism-benchmarks/models/mdps/consensus/c2.pctl -maxiters 100000 -mainlog logs/sound-mdp-logs/coin4.nm.const.K=4.c2.pctl.maxiters.100000.log

Parsing model file "/home/students/tjw625/work/FYP/prism-benchmarks/models/mdps/consensus/coin4.nm"...

Type:        MDP
Modules:     process1 process2 process3 process4 
Variables:   counter pc1 coin1 pc2 coin2 pc3 coin3 pc4 coin4 

Parsing properties file "/home/students/tjw625/work/FYP/prism-benchmarks/models/mdps/consensus/c2.pctl"...

1 property:
(1) "c2": Pmin=? [ F "finished"&"all_coins_equal_1" ]

---------------------------------------------------------------------

Model checking: "c2": Pmin=? [ F "finished"&"all_coins_equal_1" ]
Model constants: K=4

Building model...
Model constants: K=4

Computing reachable states...

Reachability (BFS): 195 iterations in 0.05 seconds (average 0.000241, setup 0.00)

Time for model construction: 0.187 seconds.

Type:        MDP
States:      43136 (1 initial)
Transitions: 144352
Choices:     115840

Transition matrix: 2336 nodes (3 terminal), 144352 minterms, vars: 18r/18c/4nd

Prob0E: 111 iterations in 0.07 seconds (average 0.000622, setup 0.00)

Prob1A: 96 iterations in 0.02 seconds (average 0.000240, setup 0.00)

yes = 455, no = 23292, maybe = 19389

Computing remaining probabilities...
Engine: Hybrid

Building hybrid MTBDD matrices... [nm=4, levels=18, nodes=3341] [156.6 KB]
Adding sparse bits... [levels=18-18, num=4, compact=4/4] [472.1 KB]
Creating vector for yes... [dist=2, compact] [84.3 KB]
Allocating iteration vectors... [3 x 337.0 KB]
TOTAL: [1.7 MB]

Starting iterations...

Iterative method: 6145 iterations in 3.67 seconds (average 0.000596, setup 0.01)

Value in the initial state: 0.40624450492695346

Time for model checking: 3.789 seconds.

Result: 0.40624450492695346 (value in the initial state)

