PRISM
=====

Version: 4.5.dev
Date: Mon Jan 27 17:54:58 GMT 2020
Hostname: cca-lg04-050.cs.bham.ac.uk
Memory limits: cudd=1g, java(heap)=910.5m
Command line: prism /home/students/tjw625/work/FYP/prism-benchmarks/models/mdps/csma/csma2_6.nm /home/students/tjw625/work/FYP/prism-benchmarks/models/mdps/csma/all_before_max.pctl -mainlog logs/sound-mdp-logs/csma2_6.nm.all_before_max.pctl.log

Parsing model file "/home/students/tjw625/work/FYP/prism-benchmarks/models/mdps/csma/csma2_6.nm"...

Type:        MDP
Modules:     bus station1 station2 
Variables:   b y1 y2 s1 x1 bc1 cd1 s2 x2 bc2 cd2 

Parsing properties file "/home/students/tjw625/work/FYP/prism-benchmarks/models/mdps/csma/all_before_max.pctl"...

1 property:
(1) "all_before_max": Pmax=? [ !"collision_max_backoff" U "all_delivered" ]

---------------------------------------------------------------------

Model checking: "all_before_max": Pmax=? [ !"collision_max_backoff" U "all_delivered" ]

Building model...

Computing reachable states...

Reachability (BFS): 107 iterations in 0.12 seconds (average 0.001159, setup 0.00)

Time for model construction: 0.351 seconds.

Type:        MDP
States:      66718 (1 initial)
Transitions: 93072
Choices:     66788

Transition matrix: 12384 nodes (8 terminal), 93072 minterms, vars: 40r/40c/9nd

Prob0A: 193 iterations in 0.50 seconds (average 0.002606, setup 0.00)

Prob1E: 1358 iterations in 6.10 seconds (average 0.004490, setup 0.00)

yes = 66053, no = 196, maybe = 469

Computing remaining probabilities...
Engine: Hybrid

Building hybrid MTBDD matrices... [nm=6, levels=40, nodes=7215] [338.2 KB]
Adding sparse bits... [levels=40-40, num=6, compact=6/6] [435.6 KB]
Creating vector for yes... [dist=2, compact] [130.3 KB]
Allocating iteration vectors... [3 x 521.2 KB]
TOTAL: [2.4 MB]

Starting iterations...

Iterative method: 131 iterations in 0.15 seconds (average 0.001076, setup 0.01)

Value in the initial state: 0.9999978949781507

Time for model checking: 6.775 seconds.

Result: 0.9999978949781507 (value in the initial state)

