PRISM
=====

Version: 4.5.dev
Date: Tue Jan 28 15:38:11 GMT 2020
Hostname: cca-lg04-049.cs.bham.ac.uk
Memory limits: cudd=1g, java(heap)=910.5m
Command line: prism /home/students/tjw625/work/FYP/prism-benchmarks/models/mdps/consensus/coin4.nm -const K=2 /home/students/tjw625/work/FYP/prism-benchmarks/models/mdps/consensus/c2.pctl -maxiters 100000 -mainlog logs/opti-mdp-logs/coin4.nm.const.K=2.c2.pctl.maxiters.100000.log

Parsing model file "/home/students/tjw625/work/FYP/prism-benchmarks/models/mdps/consensus/coin4.nm"...

Type:        MDP
Modules:     process1 process2 process3 process4 
Variables:   counter pc1 coin1 pc2 coin2 pc3 coin3 pc4 coin4 

Parsing properties file "/home/students/tjw625/work/FYP/prism-benchmarks/models/mdps/consensus/c2.pctl"...

1 property:
(1) "c2": Pmin=? [ F "finished"&"all_coins_equal_1" ]

---------------------------------------------------------------------

Model checking: "c2": Pmin=? [ F "finished"&"all_coins_equal_1" ]
Model constants: K=2

Building model...
Model constants: K=2

Computing reachable states...

Reachability (BFS): 99 iterations in 0.04 seconds (average 0.000384, setup 0.00)

Time for model construction: 0.212 seconds.

Type:        MDP
States:      22656 (1 initial)
Transitions: 75232
Choices:     60544

Transition matrix: 2288 nodes (3 terminal), 75232 minterms, vars: 17r/17c/4nd

Prob0E: 63 iterations in 0.03 seconds (average 0.000429, setup 0.00)

Prob1A: 48 iterations in 0.01 seconds (average 0.000292, setup 0.00)

yes = 455, no = 12796, maybe = 9405

Computing remaining probabilities...
Engine: Hybrid

Building hybrid MTBDD matrices... [nm=4, levels=17, nodes=3265] [153.0 KB]
Adding sparse bits... [levels=17-17, num=4, compact=4/4] [235.9 KB]
Creating vector for yes... [dist=2, compact] [44.3 KB]
Allocating iteration vectors... [3 x 177.0 KB]
TOTAL: [964.2 KB]

Starting iterations...

Iterative method: 1753 iterations in 0.55 seconds (average 0.000314, setup 0.00)

Value in the initial state: 0.3173765298712353

Time for model checking: 0.615 seconds.

Result: 0.3173765298712353 (value in the initial state)

