PRISM
=====

Version: 4.5.dev
Date: Tue Jan 28 15:38:04 GMT 2020
Hostname: cca-lg04-049.cs.bham.ac.uk
Memory limits: cudd=1g, java(heap)=910.5m
Command line: prism /home/students/tjw625/work/FYP/prism-benchmarks/models/mdps/consensus/coin2.nm -const K=2 /home/students/tjw625/work/FYP/prism-benchmarks/models/mdps/consensus/c2.pctl -maxiters 100000 -mainlog logs/opti-mdp-logs/coin2.nm.const.K=2.c2.pctl.maxiters.100000.log

Parsing model file "/home/students/tjw625/work/FYP/prism-benchmarks/models/mdps/consensus/coin2.nm"...

Type:        MDP
Modules:     process1 process2 
Variables:   counter pc1 coin1 pc2 coin2 

Parsing properties file "/home/students/tjw625/work/FYP/prism-benchmarks/models/mdps/consensus/c2.pctl"...

1 property:
(1) "c2": Pmin=? [ F "finished"&"all_coins_equal_1" ]

---------------------------------------------------------------------

Model checking: "c2": Pmin=? [ F "finished"&"all_coins_equal_1" ]
Model constants: K=2

Building model...
Model constants: K=2

Computing reachable states...

Reachability (BFS): 37 iterations in 0.01 seconds (average 0.000135, setup 0.00)

Time for model construction: 0.178 seconds.

Type:        MDP
States:      272 (1 initial)
Transitions: 492
Choices:     400

Transition matrix: 365 nodes (3 terminal), 492 minterms, vars: 10r/10c/2nd

Prob0E: 29 iterations in 0.01 seconds (average 0.000310, setup 0.00)

Prob1A: 23 iterations in 0.01 seconds (average 0.000217, setup 0.00)

yes = 15, no = 94, maybe = 163

Computing remaining probabilities...
Engine: Hybrid

Building hybrid MTBDD matrices... [nm=2, levels=10, nodes=360] [16.9 KB]
Adding sparse bits... [levels=10-10, num=2, compact=2/2] [1.9 KB]
Creating vector for yes... [dist=2, compact] [0.5 KB]
Allocating iteration vectors... [3 x 2.1 KB]
TOTAL: [25.7 KB]

Starting iterations...

Iterative method: 483 iterations in 0.01 seconds (average 0.000012, setup 0.00)

Value in the initial state: 0.38281081900641334

Time for model checking: 0.05 seconds.

Result: 0.38281081900641334 (value in the initial state)

