PRISM
=====

Version: 4.5.dev
Date: Tue Jan 28 15:38:52 GMT 2020
Hostname: cca-lg04-049.cs.bham.ac.uk
Memory limits: cudd=1g, java(heap)=910.5m
Command line: prism /home/students/tjw625/work/FYP/prism-benchmarks/models/mdps/csma/csma3_2.nm /home/students/tjw625/work/FYP/prism-benchmarks/models/mdps/csma/all_before_max.pctl -mainlog logs/opti-mdp-logs/csma3_2.nm.all_before_max.pctl.log

Parsing model file "/home/students/tjw625/work/FYP/prism-benchmarks/models/mdps/csma/csma3_2.nm"...

Type:        MDP
Modules:     bus station1 station2 station3 
Variables:   b y1 y2 s1 x1 bc1 cd1 s2 x2 bc2 cd2 s3 x3 bc3 cd3 

Parsing properties file "/home/students/tjw625/work/FYP/prism-benchmarks/models/mdps/csma/all_before_max.pctl"...

1 property:
(1) "all_before_max": Pmax=? [ !"collision_max_backoff" U "all_delivered" ]

---------------------------------------------------------------------

Model checking: "all_before_max": Pmax=? [ !"collision_max_backoff" U "all_delivered" ]

Building model...

Computing reachable states...

Reachability (BFS): 135 iterations in 0.18 seconds (average 0.001326, setup 0.00)

Time for model construction: 0.416 seconds.

Type:        MDP
States:      36850 (1 initial)
Transitions: 55862
Choices:     38456

Transition matrix: 12759 nodes (4 terminal), 55862 minterms, vars: 42r/42c/13nd

Prob0A: 127 iterations in 0.20 seconds (average 0.001543, setup 0.00)

Prob1E: 638 iterations in 1.70 seconds (average 0.002661, setup 0.00)

yes = 15307, no = 1136, maybe = 20407

Computing remaining probabilities...
Engine: Hybrid

Building hybrid MTBDD matrices... [nm=14, levels=42, nodes=20611] [966.1 KB]
Adding sparse bits... [levels=42-42, num=14, compact=14/14] [641.0 KB]
Creating vector for yes... [dist=2, compact] [72.0 KB]
Allocating iteration vectors... [3 x 287.9 KB]
TOTAL: [2.5 MB]

Starting iterations...

Iterative method: 84 iterations in 0.14 seconds (average 0.001369, setup 0.03)

Value in the initial state: 0.8596150364755129

Time for model checking: 2.056 seconds.

Result: 0.8596150364755129 (value in the initial state)

