PRISM
=====

Version: 4.5.dev
Date: Tue Jan 28 15:38:39 GMT 2020
Hostname: cca-lg04-049.cs.bham.ac.uk
Memory limits: cudd=1g, java(heap)=910.5m
Command line: prism /home/students/tjw625/work/FYP/prism-benchmarks/models/mdps/csma/csma2_2.nm /home/students/tjw625/work/FYP/prism-benchmarks/models/mdps/csma/all_before_max.pctl -mainlog logs/opti-mdp-logs/csma2_2.nm.all_before_max.pctl.log

Parsing model file "/home/students/tjw625/work/FYP/prism-benchmarks/models/mdps/csma/csma2_2.nm"...

Type:        MDP
Modules:     bus station1 station2 
Variables:   b y1 y2 s1 x1 bc1 cd1 s2 x2 bc2 cd2 

Parsing properties file "/home/students/tjw625/work/FYP/prism-benchmarks/models/mdps/csma/all_before_max.pctl"...

1 property:
(1) "all_before_max": Pmax=? [ !"collision_max_backoff" U "all_delivered" ]

---------------------------------------------------------------------

Model checking: "all_before_max": Pmax=? [ !"collision_max_backoff" U "all_delivered" ]

Building model...

Computing reachable states...

Reachability (BFS): 85 iterations in 0.02 seconds (average 0.000200, setup 0.00)

Time for model construction: 0.198 seconds.

Type:        MDP
States:      1038 (1 initial)
Transitions: 1282
Choices:     1054

Transition matrix: 2120 nodes (4 terminal), 1282 minterms, vars: 30r/30c/9nd

Prob0A: 82 iterations in 0.03 seconds (average 0.000341, setup 0.00)

Prob1E: 241 iterations in 0.06 seconds (average 0.000261, setup 0.00)

yes = 993, no = 16, maybe = 29

Computing remaining probabilities...
Engine: Hybrid

Building hybrid MTBDD matrices... [nm=6, levels=30, nodes=962] [45.1 KB]
Adding sparse bits... [levels=30-30, num=6, compact=6/6] [6.4 KB]
Creating vector for yes... [dist=2, compact] [2.0 KB]
Allocating iteration vectors... [3 x 8.1 KB]
TOTAL: [77.9 KB]

Starting iterations...

Iterative method: 15 iterations in 0.00 seconds (average 0.000000, setup 0.00)

Value in the initial state: 0.875

Time for model checking: 0.113 seconds.

Result: 0.875 (value in the initial state)

